2026-01-16 01:51:38.926 [main] INFO  com.sky.SkyApplication - Starting SkyApplication using Java 17.0.12 on Zsh with PID 16944 (D:\ZSH-ComputerScience\CangQiong\sky-take-out\sky-take-out\sky-server\target\classes started by asus in D:\ZSH-ComputerScience\CangQiong\sky-take-out\sky-take-out)
2026-01-16 01:51:38.929 [main] INFO  com.sky.SkyApplication - The following 1 profile is active: "dev"
2026-01-16 01:51:39.581 [main] INFO  o.s.d.r.config.RepositoryConfigurationDelegate - Multiple Spring Data modules found, entering strict repository configuration mode
2026-01-16 01:51:39.583 [main] INFO  o.s.d.r.config.RepositoryConfigurationDelegate - Bootstrapping Spring Data Redis repositories in DEFAULT mode.
2026-01-16 01:51:39.611 [main] INFO  o.s.d.r.config.RepositoryConfigurationDelegate - Finished Spring Data repository scanning in 16 ms. Found 0 Redis repository interfaces.
2026-01-16 01:51:40.196 [main] INFO  o.s.boot.web.embedded.tomcat.TomcatWebServer - Tomcat initialized with port(s): 8080 (http)
2026-01-16 01:51:40.197 [main] INFO  org.apache.catalina.core.AprLifecycleListener - Loaded Apache Tomcat Native library [1.3.1] using APR version [1.7.4].
2026-01-16 01:51:40.197 [main] INFO  org.apache.catalina.core.AprLifecycleListener - APR capabilities: IPv6 [true], sendfile [true], accept filters [false], random [true], UDS [true].
2026-01-16 01:51:40.197 [main] INFO  org.apache.catalina.core.AprLifecycleListener - APR/OpenSSL configuration: useAprConnector [false], useOpenSSL [true]
2026-01-16 01:51:40.201 [main] INFO  org.apache.catalina.core.AprLifecycleListener - OpenSSL successfully initialized [OpenSSL 3.0.14 4 Jun 2024]
2026-01-16 01:51:40.208 [main] INFO  org.apache.catalina.core.StandardService - Starting service [Tomcat]
2026-01-16 01:51:40.209 [main] INFO  org.apache.catalina.core.StandardEngine - Starting Servlet engine: [Apache Tomcat/9.0.65]
2026-01-16 01:51:40.326 [main] INFO  o.a.c.core.ContainerBase.[Tomcat].[localhost].[/] - Initializing Spring embedded WebApplicationContext
2026-01-16 01:51:40.326 [main] INFO  o.s.b.w.s.c.ServletWebServerApplicationContext - Root WebApplicationContext: initialization completed in 1356 ms
2026-01-16 01:51:40.393 [main] INFO  c.a.d.s.b.a.DruidDataSourceAutoConfigure - Init DruidDataSource
2026-01-16 01:51:40.500 [main] INFO  com.alibaba.druid.pool.DruidDataSource - {dataSource-1} inited
2026-01-16 01:51:40.544 [main] INFO  com.sky.config.MyBatisPlusConfig - 开始注册MyBatis-Plus的拦截器...
2026-01-16 01:51:40.649 [main] WARN  c.b.mybatisplus.core.injector.methods.Update - [com.sky.mapper.CategoryMapper.update] Has been loaded by XML or SqlProvider or Mybatis's Annotation, so ignoring this injection for [class com.baomidou.mybatisplus.core.injector.methods.Update]
2026-01-16 01:51:40.686 [main] WARN  c.b.mybatisplus.core.injector.methods.Update - [com.sky.mapper.DishMapper.update] Has been loaded by XML or SqlProvider or Mybatis's Annotation, so ignoring this injection for [class com.baomidou.mybatisplus.core.injector.methods.Update]
2026-01-16 01:51:40.706 [main] WARN  c.b.mybatisplus.core.injector.methods.Update - [com.sky.mapper.EmployeeMapper.update] Has been loaded by XML or SqlProvider or Mybatis's Annotation, so ignoring this injection for [class com.baomidou.mybatisplus.core.injector.methods.Update]
2026-01-16 01:51:40.736 [main] WARN  c.b.mybatisplus.core.injector.methods.Update - [com.sky.mapper.SetmealMapper.update] Has been loaded by XML or SqlProvider or Mybatis's Annotation, so ignoring this injection for [class com.baomidou.mybatisplus.core.injector.methods.Update]
2026-01-16 01:51:40.879 [main] INFO  com.sky.config.AliyunOssConfig - 开始创建阿里云OSS文件上传工具对象...
2026-01-16 01:51:41.013 [main] INFO  com.sky.config.RedisConfig - 开始创建Redis模板对象...
2026-01-16 01:51:41.320 [main] INFO  com.sky.config.WebMvcConfig - 开始注册自定义拦截器...
2026-01-16 01:51:41.391 [main] INFO  com.sky.config.WebMvcConfig - 准备生成管理端接口文档...
2026-01-16 01:51:41.395 [main] INFO  com.sky.config.WebMvcConfig - 准备生成用户端接口文档...
2026-01-16 01:51:41.426 [main] INFO  com.sky.config.WebMvcConfig - 扩展消息转换器...
2026-01-16 01:51:41.430 [main] INFO  com.sky.config.WebMvcConfig - 开始设置静态资源映射...
2026-01-16 01:51:41.805 [main] INFO  o.s.boot.web.embedded.tomcat.TomcatWebServer - Tomcat started on port(s): 8080 (http) with context path ''
2026-01-16 01:51:42.146 [main] INFO  com.sky.SkyApplication - Started SkyApplication in 3.566 seconds (JVM running for 4.044)
2026-01-16 01:51:42.148 [main] INFO  com.sky.SkyApplication - server starts ...
2026-01-16 01:51:49.163 [http-nio-8080-exec-1] INFO  o.a.c.core.ContainerBase.[Tomcat].[localhost].[/] - Initializing Spring DispatcherServlet 'dispatcherServlet'
2026-01-16 01:51:49.163 [http-nio-8080-exec-1] INFO  org.springframework.web.servlet.DispatcherServlet - Initializing Servlet 'dispatcherServlet'
2026-01-16 01:51:49.165 [http-nio-8080-exec-1] INFO  org.springframework.web.servlet.DispatcherServlet - Completed initialization in 2 ms
2026-01-16 01:51:49.179 [http-nio-8080-exec-1] INFO  com.sky.interceptor.JwtTokenInterceptor - jwt校验: eyJhbGciOiJIUzI1NiJ9.eyJlbXBJZCI6MSwiZXhwIjoxNzY5MjE1Mzc1fQ.mWVk4nDGX_eRLA96jVkAg0ukef2r3bRKvWY__7oXfhI
2026-01-16 01:51:49.179 [http-nio-8080-exec-2] INFO  com.sky.interceptor.JwtTokenInterceptor - jwt校验: eyJhbGciOiJIUzI1NiJ9.eyJlbXBJZCI6MSwiZXhwIjoxNzY5MjE1Mzc1fQ.mWVk4nDGX_eRLA96jVkAg0ukef2r3bRKvWY__7oXfhI
2026-01-16 01:51:49.224 [http-nio-8080-exec-1] INFO  com.sky.interceptor.JwtTokenAdminInterceptor - id=1的员工登入苍穹外卖管理端

2026-01-16 01:51:49.224 [http-nio-8080-exec-2] INFO  com.sky.interceptor.JwtTokenAdminInterceptor - id=1的员工登入苍穹外卖管理端

2026-01-16 01:51:49.245 [http-nio-8080-exec-2] INFO  com.sky.controller.admin.CategoryController - 分类分页查询，参数为：CategoryPageQueryDTO(page=1, pageSize=10, name=null, type=null)

2026-01-16 01:51:49.448 [http-nio-8080-exec-4] INFO  com.sky.websocket.WebSocketServer - 客户端6tjtzch6z8h与服务端建立连接
2026-01-16 01:51:49.510 [http-nio-8080-exec-2] DEBUG com.sky.mapper.CategoryMapper.selectList_mpCount - ==>  Preparing: SELECT COUNT(*) AS total FROM category WHERE deleted = 0
2026-01-16 01:51:49.532 [http-nio-8080-exec-2] DEBUG com.sky.mapper.CategoryMapper.selectList_mpCount - ==> Parameters: 
2026-01-16 01:51:49.559 [http-nio-8080-exec-2] DEBUG com.sky.mapper.CategoryMapper.selectList_mpCount - <==      Total: 1
2026-01-16 01:51:49.566 [http-nio-8080-exec-2] DEBUG com.sky.mapper.CategoryMapper.selectList - ==>  Preparing: SELECT id,type,name,sort,status,create_time,create_user,update_time,update_user,deleted FROM category WHERE deleted=0 ORDER BY sort ASC,create_time DESC LIMIT ?
2026-01-16 01:51:49.567 [http-nio-8080-exec-2] DEBUG com.sky.mapper.CategoryMapper.selectList - ==> Parameters: 10(Long)
2026-01-16 01:51:49.573 [http-nio-8080-exec-2] DEBUG com.sky.mapper.CategoryMapper.selectList - <==      Total: 10
2026-01-16 01:51:49.708 [http-nio-8080-exec-1] INFO  com.sky.controller.admin.ShopController - 管理端获取店铺营业状态为：营业中
2026-01-16 01:52:00.014 [scheduling-1] INFO  com.sky.task.OrderTask - 每分钟定时处理超时未付款的订单：2026-01-16T01:52:00.014810700
2026-01-16 01:52:00.024 [scheduling-1] DEBUG com.sky.mapper.OrderMapper.selectList - ==>  Preparing: SELECT id,number,status,user_id,address_book_id,order_time,checkout_time,pay_method,pay_status,amount,remark,user_name,phone,address,consignee,cancel_reason,rejection_reason,cancel_time,estimated_delivery_time,delivery_status,delivery_time,pack_amount,tableware_number,tableware_status FROM orders WHERE (status = ? AND order_time < ?)
2026-01-16 01:52:00.025 [scheduling-1] DEBUG com.sky.mapper.OrderMapper.selectList - ==> Parameters: 1(Integer), 2026-01-16T01:49:00.022907900(LocalDateTime)
2026-01-16 01:52:00.030 [scheduling-1] DEBUG com.sky.mapper.OrderMapper.selectList - <==      Total: 0
2026-01-16 01:52:03.924 [http-nio-8080-exec-5] INFO  com.sky.websocket.WebSocketServer - 客户端6tjtzch6z8h与服务端断开连接
2026-01-16 01:52:09.381 [SpringApplicationShutdownHook] INFO  com.alibaba.druid.pool.DruidDataSource - {dataSource-1} closing ...
2026-01-16 01:52:09.388 [SpringApplicationShutdownHook] INFO  com.alibaba.druid.pool.DruidDataSource - {dataSource-1} closed
