2026-01-16 17:36:49.140 [main] INFO  com.sky.SkyApplication - Starting SkyApplication using Java 17.0.12 on Zsh with PID 5396 (D:\ZSH-ComputerScience\CangQiong\sky-take-out\sky-take-out\sky-server\target\classes started by asus in D:\ZSH-ComputerScience\CangQiong\sky-take-out\sky-take-out)
2026-01-16 17:36:49.141 [main] INFO  com.sky.SkyApplication - The following 1 profile is active: "dev"
2026-01-16 17:36:49.820 [main] INFO  o.s.d.r.config.RepositoryConfigurationDelegate - Multiple Spring Data modules found, entering strict repository configuration mode
2026-01-16 17:36:49.822 [main] INFO  o.s.d.r.config.RepositoryConfigurationDelegate - Bootstrapping Spring Data Redis repositories in DEFAULT mode.
2026-01-16 17:36:49.847 [main] INFO  o.s.d.r.config.RepositoryConfigurationDelegate - Finished Spring Data repository scanning in 14 ms. Found 0 Redis repository interfaces.
2026-01-16 17:36:50.504 [main] INFO  o.s.boot.web.embedded.tomcat.TomcatWebServer - Tomcat initialized with port(s): 8080 (http)
2026-01-16 17:36:50.504 [main] INFO  org.apache.catalina.core.AprLifecycleListener - Loaded Apache Tomcat Native library [1.3.1] using APR version [1.7.4].
2026-01-16 17:36:50.505 [main] INFO  org.apache.catalina.core.AprLifecycleListener - APR capabilities: IPv6 [true], sendfile [true], accept filters [false], random [true], UDS [true].
2026-01-16 17:36:50.505 [main] INFO  org.apache.catalina.core.AprLifecycleListener - APR/OpenSSL configuration: useAprConnector [false], useOpenSSL [true]
2026-01-16 17:36:50.508 [main] INFO  org.apache.catalina.core.AprLifecycleListener - OpenSSL successfully initialized [OpenSSL 3.0.14 4 Jun 2024]
2026-01-16 17:36:50.517 [main] INFO  org.apache.catalina.core.StandardService - Starting service [Tomcat]
2026-01-16 17:36:50.517 [main] INFO  org.apache.catalina.core.StandardEngine - Starting Servlet engine: [Apache Tomcat/9.0.65]
2026-01-16 17:36:50.627 [main] INFO  o.a.c.core.ContainerBase.[Tomcat].[localhost].[/] - Initializing Spring embedded WebApplicationContext
2026-01-16 17:36:50.627 [main] INFO  o.s.b.w.s.c.ServletWebServerApplicationContext - Root WebApplicationContext: initialization completed in 1448 ms
2026-01-16 17:36:50.695 [main] INFO  c.a.d.s.b.a.DruidDataSourceAutoConfigure - Init DruidDataSource
2026-01-16 17:36:50.808 [main] INFO  com.alibaba.druid.pool.DruidDataSource - {dataSource-1} inited
2026-01-16 17:36:50.856 [main] INFO  com.sky.config.MyBatisPlusConfig - 开始注册MyBatis-Plus的拦截器...
2026-01-16 17:36:50.977 [main] WARN  c.b.mybatisplus.core.injector.methods.Update - [com.sky.mapper.CategoryMapper.update] Has been loaded by XML or SqlProvider or Mybatis's Annotation, so ignoring this injection for [class com.baomidou.mybatisplus.core.injector.methods.Update]
2026-01-16 17:36:51.023 [main] WARN  c.b.mybatisplus.core.injector.methods.Update - [com.sky.mapper.DishMapper.update] Has been loaded by XML or SqlProvider or Mybatis's Annotation, so ignoring this injection for [class com.baomidou.mybatisplus.core.injector.methods.Update]
2026-01-16 17:36:51.041 [main] WARN  c.b.mybatisplus.core.injector.methods.Update - [com.sky.mapper.EmployeeMapper.update] Has been loaded by XML or SqlProvider or Mybatis's Annotation, so ignoring this injection for [class com.baomidou.mybatisplus.core.injector.methods.Update]
2026-01-16 17:36:51.071 [main] WARN  c.b.mybatisplus.core.injector.methods.Update - [com.sky.mapper.SetmealMapper.update] Has been loaded by XML or SqlProvider or Mybatis's Annotation, so ignoring this injection for [class com.baomidou.mybatisplus.core.injector.methods.Update]
2026-01-16 17:36:51.213 [main] INFO  com.sky.config.AliyunOssConfig - 开始创建阿里云OSS文件上传工具对象...
2026-01-16 17:36:51.372 [main] INFO  com.sky.config.RedisConfig - 开始创建Redis模板对象...
2026-01-16 17:36:51.735 [main] INFO  com.sky.config.WebMvcConfig - 开始注册自定义拦截器...
2026-01-16 17:36:51.825 [main] INFO  com.sky.config.WebMvcConfig - 准备生成管理端接口文档...
2026-01-16 17:36:51.830 [main] INFO  com.sky.config.WebMvcConfig - 准备生成用户端接口文档...
2026-01-16 17:36:51.864 [main] INFO  com.sky.config.WebMvcConfig - 扩展消息转换器...
2026-01-16 17:36:51.870 [main] INFO  com.sky.config.WebMvcConfig - 开始设置静态资源映射...
2026-01-16 17:36:52.328 [main] INFO  o.s.boot.web.embedded.tomcat.TomcatWebServer - Tomcat started on port(s): 8080 (http) with context path ''
2026-01-16 17:36:52.731 [main] INFO  com.sky.SkyApplication - Started SkyApplication in 3.973 seconds (JVM running for 4.598)
2026-01-16 17:36:52.734 [main] INFO  com.sky.SkyApplication - server starts ...
2026-01-16 17:36:59.254 [http-nio-8080-exec-2] INFO  o.a.c.core.ContainerBase.[Tomcat].[localhost].[/] - Initializing Spring DispatcherServlet 'dispatcherServlet'
2026-01-16 17:36:59.254 [http-nio-8080-exec-2] INFO  org.springframework.web.servlet.DispatcherServlet - Initializing Servlet 'dispatcherServlet'
2026-01-16 17:36:59.255 [http-nio-8080-exec-2] INFO  org.springframework.web.servlet.DispatcherServlet - Completed initialization in 1 ms
2026-01-16 17:36:59.270 [http-nio-8080-exec-1] INFO  com.sky.interceptor.JwtTokenInterceptor - jwt校验: eyJhbGciOiJIUzI1NiJ9.eyJlbXBJZCI6MSwiZXhwIjoxNzY5MjcyMDAwfQ._bbClYFVQ9BDF2L5Vble2dvD9x4t1FtlcEzesGbshi4
2026-01-16 17:36:59.270 [http-nio-8080-exec-2] INFO  com.sky.interceptor.JwtTokenInterceptor - jwt校验: eyJhbGciOiJIUzI1NiJ9.eyJlbXBJZCI6MSwiZXhwIjoxNzY5MjcyMDAwfQ._bbClYFVQ9BDF2L5Vble2dvD9x4t1FtlcEzesGbshi4
2026-01-16 17:36:59.272 [http-nio-8080-exec-6] WARN  org.springframework.web.servlet.PageNotFound - No mapping for GET /admin/report/userStatistics
2026-01-16 17:36:59.330 [http-nio-8080-exec-4] WARN  org.springframework.web.servlet.PageNotFound - No mapping for GET /admin/report/ordersStatistics
2026-01-16 17:36:59.338 [http-nio-8080-exec-2] INFO  com.sky.interceptor.JwtTokenAdminInterceptor - id=1的员工登入苍穹外卖管理端

2026-01-16 17:36:59.338 [http-nio-8080-exec-1] INFO  com.sky.interceptor.JwtTokenAdminInterceptor - id=1的员工登入苍穹外卖管理端

2026-01-16 17:36:59.345 [http-nio-8080-exec-5] WARN  org.springframework.web.servlet.PageNotFound - No mapping for GET /admin/report/top10
2026-01-16 17:36:59.350 [http-nio-8080-exec-2] INFO  com.sky.controller.admin.ReportController - 统计2026-01-09到2026-01-15之间的营业额
2026-01-16 17:37:08.354 [scheduling-1] INFO  com.sky.task.OrderTask - 每分钟定时处理超时未付款的订单：2026-01-16T17:37:08.354883500
2026-01-16 17:37:10.250 [http-nio-8080-exec-3] INFO  com.sky.websocket.WebSocketServer - 客户端59knb65rfx4与服务端建立连接

2026-01-16 17:37:10.406 [scheduling-1] DEBUG com.sky.mapper.OrderMapper.selectList - ==>  Preparing: SELECT id,number,status,user_id,address_book_id,order_time,checkout_time,pay_method,pay_status,amount,remark,user_name,phone,address,consignee,cancel_reason,rejection_reason,cancel_time,estimated_delivery_time,delivery_status,delivery_time,pack_amount,tableware_number,tableware_status FROM orders WHERE (status = ? AND order_time < ?)
2026-01-16 17:37:10.406 [http-nio-8080-exec-2] DEBUG com.sky.mapper.OrderMapper.selectObjs - ==>  Preparing: SELECT sum(amount) as turnover FROM orders WHERE (status = ? AND delivery_time BETWEEN ? AND ?)
2026-01-16 17:37:10.427 [scheduling-1] DEBUG com.sky.mapper.OrderMapper.selectList - ==> Parameters: 1(Integer), 2026-01-16T17:34:10.232103500(LocalDateTime)
2026-01-16 17:37:10.427 [http-nio-8080-exec-2] DEBUG com.sky.mapper.OrderMapper.selectObjs - ==> Parameters: 5(Integer), 2026-01-09T00:00(LocalDateTime), 2026-01-09T23:59:59.999999999(LocalDateTime)
2026-01-16 17:37:10.453 [scheduling-1] DEBUG com.sky.mapper.OrderMapper.selectList - <==      Total: 0
2026-01-16 17:37:10.455 [http-nio-8080-exec-2] DEBUG com.sky.mapper.OrderMapper.selectObjs - <==      Total: 1
2026-01-16 17:37:21.237 [http-nio-8080-exec-2] DEBUG com.sky.mapper.OrderMapper.selectObjs - ==>  Preparing: SELECT sum(amount) as turnover FROM orders WHERE (status = ? AND delivery_time BETWEEN ? AND ?)
2026-01-16 17:37:21.241 [http-nio-8080-exec-2] DEBUG com.sky.mapper.OrderMapper.selectObjs - ==> Parameters: 5(Integer), 2026-01-10T00:00(LocalDateTime), 2026-01-10T23:59:59.999999999(LocalDateTime)
2026-01-16 17:37:21.243 [http-nio-8080-exec-2] DEBUG com.sky.mapper.OrderMapper.selectObjs - <==      Total: 1
2026-01-16 17:37:27.735 [http-nio-8080-exec-2] DEBUG com.sky.mapper.OrderMapper.selectObjs - ==>  Preparing: SELECT sum(amount) as turnover FROM orders WHERE (status = ? AND delivery_time BETWEEN ? AND ?)
2026-01-16 17:37:27.737 [http-nio-8080-exec-2] DEBUG com.sky.mapper.OrderMapper.selectObjs - ==> Parameters: 5(Integer), 2026-01-11T00:00(LocalDateTime), 2026-01-11T23:59:59.999999999(LocalDateTime)
2026-01-16 17:37:27.740 [http-nio-8080-exec-2] DEBUG com.sky.mapper.OrderMapper.selectObjs - <==      Total: 1
2026-01-16 17:37:27.743 [http-nio-8080-exec-2] DEBUG com.sky.mapper.OrderMapper.selectObjs - ==>  Preparing: SELECT sum(amount) as turnover FROM orders WHERE (status = ? AND delivery_time BETWEEN ? AND ?)
2026-01-16 17:37:27.745 [http-nio-8080-exec-2] DEBUG com.sky.mapper.OrderMapper.selectObjs - ==> Parameters: 5(Integer), 2026-01-12T00:00(LocalDateTime), 2026-01-12T23:59:59.999999999(LocalDateTime)
2026-01-16 17:37:27.748 [http-nio-8080-exec-2] DEBUG com.sky.mapper.OrderMapper.selectObjs - <==      Total: 1
2026-01-16 17:37:27.753 [http-nio-8080-exec-2] DEBUG com.sky.mapper.OrderMapper.selectObjs - ==>  Preparing: SELECT sum(amount) as turnover FROM orders WHERE (status = ? AND delivery_time BETWEEN ? AND ?)
2026-01-16 17:37:27.755 [http-nio-8080-exec-2] DEBUG com.sky.mapper.OrderMapper.selectObjs - ==> Parameters: 5(Integer), 2026-01-13T00:00(LocalDateTime), 2026-01-13T23:59:59.999999999(LocalDateTime)
2026-01-16 17:37:27.757 [http-nio-8080-exec-2] DEBUG com.sky.mapper.OrderMapper.selectObjs - <==      Total: 1
2026-01-16 17:37:27.761 [http-nio-8080-exec-2] DEBUG com.sky.mapper.OrderMapper.selectObjs - ==>  Preparing: SELECT sum(amount) as turnover FROM orders WHERE (status = ? AND delivery_time BETWEEN ? AND ?)
2026-01-16 17:37:27.762 [http-nio-8080-exec-2] DEBUG com.sky.mapper.OrderMapper.selectObjs - ==> Parameters: 5(Integer), 2026-01-14T00:00(LocalDateTime), 2026-01-14T23:59:59.999999999(LocalDateTime)
2026-01-16 17:37:27.764 [http-nio-8080-exec-2] DEBUG com.sky.mapper.OrderMapper.selectObjs - <==      Total: 1
2026-01-16 17:37:27.768 [http-nio-8080-exec-2] DEBUG com.sky.mapper.OrderMapper.selectObjs - ==>  Preparing: SELECT sum(amount) as turnover FROM orders WHERE (status = ? AND delivery_time BETWEEN ? AND ?)
2026-01-16 17:37:27.770 [http-nio-8080-exec-2] DEBUG com.sky.mapper.OrderMapper.selectObjs - ==> Parameters: 5(Integer), 2026-01-15T00:00(LocalDateTime), 2026-01-15T23:59:59.999999999(LocalDateTime)
2026-01-16 17:37:27.773 [http-nio-8080-exec-2] DEBUG com.sky.mapper.OrderMapper.selectObjs - <==      Total: 1
2026-01-16 17:37:51.466 [http-nio-8080-exec-7] INFO  com.sky.interceptor.JwtTokenInterceptor - jwt校验: eyJhbGciOiJIUzI1NiJ9.eyJlbXBJZCI6MSwiZXhwIjoxNzY5MjcyMDAwfQ._bbClYFVQ9BDF2L5Vble2dvD9x4t1FtlcEzesGbshi4
2026-01-16 17:37:51.467 [http-nio-8080-exec-9] WARN  org.springframework.web.servlet.PageNotFound - No mapping for GET /admin/report/ordersStatistics
2026-01-16 17:37:51.467 [http-nio-8080-exec-10] WARN  org.springframework.web.servlet.PageNotFound - No mapping for GET /admin/report/top10
2026-01-16 17:37:51.467 [http-nio-8080-exec-8] WARN  org.springframework.web.servlet.PageNotFound - No mapping for GET /admin/report/userStatistics
2026-01-16 17:37:54.020 [http-nio-8080-exec-7] INFO  com.sky.interceptor.JwtTokenAdminInterceptor - id=1的员工登入苍穹外卖管理端

2026-01-16 17:38:01.680 [scheduling-1] INFO  com.sky.task.OrderTask - 每分钟定时处理超时未付款的订单：2026-01-16T17:38:01.680908800
2026-01-16 17:38:02.257 [http-nio-8080-exec-6] INFO  com.sky.interceptor.JwtTokenInterceptor - jwt校验: eyJhbGciOiJIUzI1NiJ9.eyJlbXBJZCI6MSwiZXhwIjoxNzY5MjcyMDAwfQ._bbClYFVQ9BDF2L5Vble2dvD9x4t1FtlcEzesGbshi4
2026-01-16 17:38:02.258 [scheduling-1] DEBUG com.sky.mapper.OrderMapper.selectList - ==>  Preparing: SELECT id,number,status,user_id,address_book_id,order_time,checkout_time,pay_method,pay_status,amount,remark,user_name,phone,address,consignee,cancel_reason,rejection_reason,cancel_time,estimated_delivery_time,delivery_status,delivery_time,pack_amount,tableware_number,tableware_status FROM orders WHERE (status = ? AND order_time < ?)
2026-01-16 17:38:16.215 [http-nio-8080-exec-6] INFO  com.sky.interceptor.JwtTokenAdminInterceptor - id=1的员工登入苍穹外卖管理端

2026-01-16 17:38:16.216 [scheduling-1] DEBUG com.sky.mapper.OrderMapper.selectList - ==> Parameters: 1(Integer), 2026-01-16T17:35:01.682906800(LocalDateTime)
2026-01-16 17:38:16.218 [scheduling-1] DEBUG com.sky.mapper.OrderMapper.selectList - <==      Total: 0
2026-01-16 17:38:16.223 [http-nio-8080-exec-7] INFO  com.sky.controller.admin.OrderController - 订单分页查询，参数为：OrderPageQueryDTO(page=1, pageSize=10, number=null, phone=null, status=null, beginTime=null, endTime=null, userId=null)

2026-01-16 17:38:16.252 [http-nio-8080-exec-1] INFO  com.sky.controller.admin.ShopController - 管理端获取店铺营业状态为：营业中
2026-01-16 17:38:16.252 [http-nio-8080-exec-6] INFO  com.sky.controller.admin.ShopController - 管理端获取店铺营业状态为：营业中
2026-01-16 17:38:16.283 [http-nio-8080-exec-7] DEBUG com.sky.mapper.OrderMapper.pageQuery_mpCount - ==>  Preparing: SELECT COUNT(*) AS total FROM orders
2026-01-16 17:38:16.283 [http-nio-8080-exec-7] DEBUG com.sky.mapper.OrderMapper.pageQuery_mpCount - ==> Parameters: 
2026-01-16 17:38:16.286 [http-nio-8080-exec-7] DEBUG com.sky.mapper.OrderMapper.pageQuery_mpCount - <==      Total: 1
2026-01-16 17:38:16.290 [http-nio-8080-exec-7] DEBUG com.sky.mapper.OrderMapper.pageQuery - ==>  Preparing: select * from orders order by order_time desc LIMIT ?
2026-01-16 17:38:16.290 [http-nio-8080-exec-7] DEBUG com.sky.mapper.OrderMapper.pageQuery - ==> Parameters: 10(Long)
2026-01-16 17:38:16.297 [http-nio-8080-exec-7] DEBUG com.sky.mapper.OrderMapper.pageQuery - <==      Total: 10
2026-01-16 17:38:16.299 [http-nio-8080-exec-7] DEBUG com.sky.mapper.OrderDetailMapper.selectList - ==>  Preparing: SELECT id,name,order_id,dish_id,setmeal_id,dish_flavor,number,amount,image FROM order_detail WHERE (order_id = ?)
2026-01-16 17:38:16.299 [http-nio-8080-exec-7] DEBUG com.sky.mapper.OrderDetailMapper.selectList - ==> Parameters: 31(Long)
2026-01-16 17:38:16.300 [http-nio-8080-exec-7] DEBUG com.sky.mapper.OrderDetailMapper.selectList - <==      Total: 1
2026-01-16 17:38:16.301 [http-nio-8080-exec-7] DEBUG com.sky.mapper.OrderDetailMapper.selectList - ==>  Preparing: SELECT id,name,order_id,dish_id,setmeal_id,dish_flavor,number,amount,image FROM order_detail WHERE (order_id = ?)
2026-01-16 17:38:16.301 [http-nio-8080-exec-7] DEBUG com.sky.mapper.OrderDetailMapper.selectList - ==> Parameters: 31(Long)
2026-01-16 17:38:16.302 [http-nio-8080-exec-7] DEBUG com.sky.mapper.OrderDetailMapper.selectList - <==      Total: 1
2026-01-16 17:38:16.303 [http-nio-8080-exec-7] DEBUG com.sky.mapper.OrderDetailMapper.selectList - ==>  Preparing: SELECT id,name,order_id,dish_id,setmeal_id,dish_flavor,number,amount,image FROM order_detail WHERE (order_id = ?)
2026-01-16 17:38:16.304 [http-nio-8080-exec-7] DEBUG com.sky.mapper.OrderDetailMapper.selectList - ==> Parameters: 30(Long)
2026-01-16 17:38:16.305 [http-nio-8080-exec-7] DEBUG com.sky.mapper.OrderDetailMapper.selectList - <==      Total: 1
2026-01-16 17:38:16.305 [http-nio-8080-exec-7] DEBUG com.sky.mapper.OrderDetailMapper.selectList - ==>  Preparing: SELECT id,name,order_id,dish_id,setmeal_id,dish_flavor,number,amount,image FROM order_detail WHERE (order_id = ?)
2026-01-16 17:38:16.306 [http-nio-8080-exec-7] DEBUG com.sky.mapper.OrderDetailMapper.selectList - ==> Parameters: 30(Long)
2026-01-16 17:38:16.307 [http-nio-8080-exec-7] DEBUG com.sky.mapper.OrderDetailMapper.selectList - <==      Total: 1
2026-01-16 17:38:16.308 [http-nio-8080-exec-7] DEBUG com.sky.mapper.OrderDetailMapper.selectList - ==>  Preparing: SELECT id,name,order_id,dish_id,setmeal_id,dish_flavor,number,amount,image FROM order_detail WHERE (order_id = ?)
2026-01-16 17:38:16.309 [http-nio-8080-exec-7] DEBUG com.sky.mapper.OrderDetailMapper.selectList - ==> Parameters: 29(Long)
2026-01-16 17:38:16.312 [http-nio-8080-exec-7] DEBUG com.sky.mapper.OrderDetailMapper.selectList - <==      Total: 1
2026-01-16 17:38:16.314 [http-nio-8080-exec-7] DEBUG com.sky.mapper.OrderDetailMapper.selectList - ==>  Preparing: SELECT id,name,order_id,dish_id,setmeal_id,dish_flavor,number,amount,image FROM order_detail WHERE (order_id = ?)
2026-01-16 17:38:16.315 [http-nio-8080-exec-7] DEBUG com.sky.mapper.OrderDetailMapper.selectList - ==> Parameters: 29(Long)
2026-01-16 17:38:16.316 [http-nio-8080-exec-7] DEBUG com.sky.mapper.OrderDetailMapper.selectList - <==      Total: 1
2026-01-16 17:38:16.318 [http-nio-8080-exec-7] DEBUG com.sky.mapper.OrderDetailMapper.selectList - ==>  Preparing: SELECT id,name,order_id,dish_id,setmeal_id,dish_flavor,number,amount,image FROM order_detail WHERE (order_id = ?)
2026-01-16 17:38:16.318 [http-nio-8080-exec-7] DEBUG com.sky.mapper.OrderDetailMapper.selectList - ==> Parameters: 28(Long)
2026-01-16 17:38:16.319 [http-nio-8080-exec-7] DEBUG com.sky.mapper.OrderDetailMapper.selectList - <==      Total: 1
2026-01-16 17:38:16.320 [http-nio-8080-exec-7] DEBUG com.sky.mapper.OrderDetailMapper.selectList - ==>  Preparing: SELECT id,name,order_id,dish_id,setmeal_id,dish_flavor,number,amount,image FROM order_detail WHERE (order_id = ?)
2026-01-16 17:38:16.321 [http-nio-8080-exec-7] DEBUG com.sky.mapper.OrderDetailMapper.selectList - ==> Parameters: 28(Long)
2026-01-16 17:38:16.322 [http-nio-8080-exec-7] DEBUG com.sky.mapper.OrderDetailMapper.selectList - <==      Total: 1
2026-01-16 17:38:16.323 [http-nio-8080-exec-7] DEBUG com.sky.mapper.OrderDetailMapper.selectList - ==>  Preparing: SELECT id,name,order_id,dish_id,setmeal_id,dish_flavor,number,amount,image FROM order_detail WHERE (order_id = ?)
2026-01-16 17:38:16.323 [http-nio-8080-exec-7] DEBUG com.sky.mapper.OrderDetailMapper.selectList - ==> Parameters: 27(Long)
2026-01-16 17:38:16.323 [http-nio-8080-exec-7] DEBUG com.sky.mapper.OrderDetailMapper.selectList - <==      Total: 1
2026-01-16 17:38:16.324 [http-nio-8080-exec-7] DEBUG com.sky.mapper.OrderDetailMapper.selectList - ==>  Preparing: SELECT id,name,order_id,dish_id,setmeal_id,dish_flavor,number,amount,image FROM order_detail WHERE (order_id = ?)
2026-01-16 17:38:16.325 [http-nio-8080-exec-7] DEBUG com.sky.mapper.OrderDetailMapper.selectList - ==> Parameters: 27(Long)
2026-01-16 17:38:16.326 [http-nio-8080-exec-7] DEBUG com.sky.mapper.OrderDetailMapper.selectList - <==      Total: 1
2026-01-16 17:38:16.326 [http-nio-8080-exec-7] DEBUG com.sky.mapper.OrderDetailMapper.selectList - ==>  Preparing: SELECT id,name,order_id,dish_id,setmeal_id,dish_flavor,number,amount,image FROM order_detail WHERE (order_id = ?)
2026-01-16 17:38:16.327 [http-nio-8080-exec-7] DEBUG com.sky.mapper.OrderDetailMapper.selectList - ==> Parameters: 26(Long)
2026-01-16 17:38:16.328 [http-nio-8080-exec-7] DEBUG com.sky.mapper.OrderDetailMapper.selectList - <==      Total: 1
2026-01-16 17:38:16.329 [http-nio-8080-exec-7] DEBUG com.sky.mapper.OrderDetailMapper.selectList - ==>  Preparing: SELECT id,name,order_id,dish_id,setmeal_id,dish_flavor,number,amount,image FROM order_detail WHERE (order_id = ?)
2026-01-16 17:38:16.330 [http-nio-8080-exec-7] DEBUG com.sky.mapper.OrderDetailMapper.selectList - ==> Parameters: 26(Long)
2026-01-16 17:38:16.331 [http-nio-8080-exec-7] DEBUG com.sky.mapper.OrderDetailMapper.selectList - <==      Total: 1
2026-01-16 17:38:16.333 [http-nio-8080-exec-7] DEBUG com.sky.mapper.OrderDetailMapper.selectList - ==>  Preparing: SELECT id,name,order_id,dish_id,setmeal_id,dish_flavor,number,amount,image FROM order_detail WHERE (order_id = ?)
2026-01-16 17:38:16.333 [http-nio-8080-exec-7] DEBUG com.sky.mapper.OrderDetailMapper.selectList - ==> Parameters: 24(Long)
2026-01-16 17:38:16.334 [http-nio-8080-exec-7] DEBUG com.sky.mapper.OrderDetailMapper.selectList - <==      Total: 1
2026-01-16 17:38:16.335 [http-nio-8080-exec-7] DEBUG com.sky.mapper.OrderDetailMapper.selectList - ==>  Preparing: SELECT id,name,order_id,dish_id,setmeal_id,dish_flavor,number,amount,image FROM order_detail WHERE (order_id = ?)
2026-01-16 17:38:16.335 [http-nio-8080-exec-7] DEBUG com.sky.mapper.OrderDetailMapper.selectList - ==> Parameters: 24(Long)
2026-01-16 17:38:16.336 [http-nio-8080-exec-7] DEBUG com.sky.mapper.OrderDetailMapper.selectList - <==      Total: 1
2026-01-16 17:38:16.336 [http-nio-8080-exec-7] DEBUG com.sky.mapper.OrderDetailMapper.selectList - ==>  Preparing: SELECT id,name,order_id,dish_id,setmeal_id,dish_flavor,number,amount,image FROM order_detail WHERE (order_id = ?)
2026-01-16 17:38:16.337 [http-nio-8080-exec-7] DEBUG com.sky.mapper.OrderDetailMapper.selectList - ==> Parameters: 22(Long)
2026-01-16 17:38:16.338 [http-nio-8080-exec-7] DEBUG com.sky.mapper.OrderDetailMapper.selectList - <==      Total: 1
2026-01-16 17:38:16.338 [http-nio-8080-exec-7] DEBUG com.sky.mapper.OrderDetailMapper.selectList - ==>  Preparing: SELECT id,name,order_id,dish_id,setmeal_id,dish_flavor,number,amount,image FROM order_detail WHERE (order_id = ?)
2026-01-16 17:38:16.338 [http-nio-8080-exec-7] DEBUG com.sky.mapper.OrderDetailMapper.selectList - ==> Parameters: 22(Long)
2026-01-16 17:38:16.341 [http-nio-8080-exec-7] DEBUG com.sky.mapper.OrderDetailMapper.selectList - <==      Total: 1
2026-01-16 17:38:16.342 [http-nio-8080-exec-7] DEBUG com.sky.mapper.OrderDetailMapper.selectList - ==>  Preparing: SELECT id,name,order_id,dish_id,setmeal_id,dish_flavor,number,amount,image FROM order_detail WHERE (order_id = ?)
2026-01-16 17:38:16.342 [http-nio-8080-exec-7] DEBUG com.sky.mapper.OrderDetailMapper.selectList - ==> Parameters: 21(Long)
2026-01-16 17:38:16.344 [http-nio-8080-exec-7] DEBUG com.sky.mapper.OrderDetailMapper.selectList - <==      Total: 2
2026-01-16 17:38:16.345 [http-nio-8080-exec-7] DEBUG com.sky.mapper.OrderDetailMapper.selectList - ==>  Preparing: SELECT id,name,order_id,dish_id,setmeal_id,dish_flavor,number,amount,image FROM order_detail WHERE (order_id = ?)
2026-01-16 17:38:16.345 [http-nio-8080-exec-7] DEBUG com.sky.mapper.OrderDetailMapper.selectList - ==> Parameters: 21(Long)
2026-01-16 17:38:16.346 [http-nio-8080-exec-7] DEBUG com.sky.mapper.OrderDetailMapper.selectList - <==      Total: 2
2026-01-16 17:38:16.347 [http-nio-8080-exec-7] DEBUG com.sky.mapper.OrderDetailMapper.selectList - ==>  Preparing: SELECT id,name,order_id,dish_id,setmeal_id,dish_flavor,number,amount,image FROM order_detail WHERE (order_id = ?)
2026-01-16 17:38:16.347 [http-nio-8080-exec-7] DEBUG com.sky.mapper.OrderDetailMapper.selectList - ==> Parameters: 20(Long)
2026-01-16 17:38:16.348 [http-nio-8080-exec-7] DEBUG com.sky.mapper.OrderDetailMapper.selectList - <==      Total: 1
2026-01-16 17:38:16.349 [http-nio-8080-exec-7] DEBUG com.sky.mapper.OrderDetailMapper.selectList - ==>  Preparing: SELECT id,name,order_id,dish_id,setmeal_id,dish_flavor,number,amount,image FROM order_detail WHERE (order_id = ?)
2026-01-16 17:38:16.349 [http-nio-8080-exec-7] DEBUG com.sky.mapper.OrderDetailMapper.selectList - ==> Parameters: 20(Long)
2026-01-16 17:38:16.351 [http-nio-8080-exec-7] DEBUG com.sky.mapper.OrderDetailMapper.selectList - <==      Total: 1
2026-01-16 17:38:16.362 [http-nio-8080-exec-4] INFO  com.sky.interceptor.JwtTokenInterceptor - jwt校验: eyJhbGciOiJIUzI1NiJ9.eyJlbXBJZCI6MSwiZXhwIjoxNzY5MjcyMDAwfQ._bbClYFVQ9BDF2L5Vble2dvD9x4t1FtlcEzesGbshi4
2026-01-16 17:38:16.364 [http-nio-8080-exec-4] INFO  com.sky.interceptor.JwtTokenAdminInterceptor - id=1的员工登入苍穹外卖管理端

2026-01-16 17:38:16.364 [http-nio-8080-exec-4] INFO  com.sky.controller.admin.OrderController - 统计各个状态的订单数量
2026-01-16 17:38:16.365 [http-nio-8080-exec-4] DEBUG com.sky.mapper.OrderMapper.selectCount - ==>  Preparing: SELECT COUNT( * ) AS total FROM orders WHERE (status = ?)
2026-01-16 17:38:16.366 [http-nio-8080-exec-4] DEBUG com.sky.mapper.OrderMapper.selectCount - ==> Parameters: 2(Integer)
2026-01-16 17:38:16.367 [http-nio-8080-exec-4] DEBUG com.sky.mapper.OrderMapper.selectCount - <==      Total: 1
2026-01-16 17:38:16.367 [http-nio-8080-exec-4] DEBUG com.sky.mapper.OrderMapper.selectCount - ==>  Preparing: SELECT COUNT( * ) AS total FROM orders WHERE (status = ?)
2026-01-16 17:38:16.367 [http-nio-8080-exec-4] DEBUG com.sky.mapper.OrderMapper.selectCount - ==> Parameters: 3(Integer)
2026-01-16 17:38:16.367 [http-nio-8080-exec-4] DEBUG com.sky.mapper.OrderMapper.selectCount - <==      Total: 1
2026-01-16 17:38:16.368 [http-nio-8080-exec-4] DEBUG com.sky.mapper.OrderMapper.selectCount - ==>  Preparing: SELECT COUNT( * ) AS total FROM orders WHERE (status = ?)
2026-01-16 17:38:16.368 [http-nio-8080-exec-4] DEBUG com.sky.mapper.OrderMapper.selectCount - ==> Parameters: 4(Integer)
2026-01-16 17:38:16.369 [http-nio-8080-exec-4] DEBUG com.sky.mapper.OrderMapper.selectCount - <==      Total: 1
2026-01-16 17:38:19.362 [http-nio-8080-exec-5] INFO  com.sky.websocket.WebSocketServer - 客户端59knb65rfx4与服务端断开连接

2026-01-16 17:38:19.476 [http-nio-8080-exec-3] INFO  com.sky.interceptor.JwtTokenInterceptor - jwt校验: eyJhbGciOiJIUzI1NiJ9.eyJlbXBJZCI6MSwiZXhwIjoxNzY5MjcyMDAwfQ._bbClYFVQ9BDF2L5Vble2dvD9x4t1FtlcEzesGbshi4
2026-01-16 17:38:19.476 [http-nio-8080-exec-10] INFO  com.sky.interceptor.JwtTokenInterceptor - jwt校验: eyJhbGciOiJIUzI1NiJ9.eyJlbXBJZCI6MSwiZXhwIjoxNzY5MjcyMDAwfQ._bbClYFVQ9BDF2L5Vble2dvD9x4t1FtlcEzesGbshi4
2026-01-16 17:38:19.477 [http-nio-8080-exec-10] INFO  com.sky.interceptor.JwtTokenAdminInterceptor - id=1的员工登入苍穹外卖管理端

2026-01-16 17:38:19.477 [http-nio-8080-exec-9] WARN  org.springframework.web.servlet.PageNotFound - No mapping for GET /admin/report/userStatistics
2026-01-16 17:38:19.477 [http-nio-8080-exec-2] WARN  org.springframework.web.servlet.PageNotFound - No mapping for GET /admin/report/top10
2026-01-16 17:38:19.477 [http-nio-8080-exec-8] WARN  org.springframework.web.servlet.PageNotFound - No mapping for GET /admin/report/ordersStatistics
2026-01-16 17:38:19.477 [http-nio-8080-exec-3] INFO  com.sky.interceptor.JwtTokenAdminInterceptor - id=1的员工登入苍穹外卖管理端

2026-01-16 17:38:19.477 [http-nio-8080-exec-10] INFO  com.sky.controller.admin.ReportController - 统计2026-01-09到2026-01-15之间的营业额
2026-01-16 17:38:19.481 [http-nio-8080-exec-3] INFO  com.sky.controller.admin.ShopController - 管理端获取店铺营业状态为：营业中
2026-01-16 17:38:23.808 [http-nio-8080-exec-1] INFO  com.sky.websocket.WebSocketServer - 客户端wslo4cazikg与服务端建立连接

2026-01-16 17:38:23.810 [http-nio-8080-exec-10] DEBUG com.sky.mapper.OrderMapper.selectObjs - ==>  Preparing: SELECT sum(amount) as turnover FROM orders WHERE (status = ? AND delivery_time BETWEEN ? AND ?)
2026-01-16 17:38:23.810 [http-nio-8080-exec-10] DEBUG com.sky.mapper.OrderMapper.selectObjs - ==> Parameters: 5(Integer), 2026-01-09T00:00(LocalDateTime), 2026-01-09T23:59:59.999999999(LocalDateTime)
2026-01-16 17:38:23.811 [http-nio-8080-exec-10] DEBUG com.sky.mapper.OrderMapper.selectObjs - <==      Total: 1
2026-01-16 17:38:23.812 [http-nio-8080-exec-10] DEBUG com.sky.mapper.OrderMapper.selectObjs - ==>  Preparing: SELECT sum(amount) as turnover FROM orders WHERE (status = ? AND delivery_time BETWEEN ? AND ?)
2026-01-16 17:38:23.812 [http-nio-8080-exec-10] DEBUG com.sky.mapper.OrderMapper.selectObjs - ==> Parameters: 5(Integer), 2026-01-10T00:00(LocalDateTime), 2026-01-10T23:59:59.999999999(LocalDateTime)
2026-01-16 17:38:23.813 [http-nio-8080-exec-10] DEBUG com.sky.mapper.OrderMapper.selectObjs - <==      Total: 1
2026-01-16 17:38:23.816 [http-nio-8080-exec-10] DEBUG com.sky.mapper.OrderMapper.selectObjs - ==>  Preparing: SELECT sum(amount) as turnover FROM orders WHERE (status = ? AND delivery_time BETWEEN ? AND ?)
2026-01-16 17:38:23.816 [http-nio-8080-exec-10] DEBUG com.sky.mapper.OrderMapper.selectObjs - ==> Parameters: 5(Integer), 2026-01-11T00:00(LocalDateTime), 2026-01-11T23:59:59.999999999(LocalDateTime)
2026-01-16 17:38:23.817 [http-nio-8080-exec-10] DEBUG com.sky.mapper.OrderMapper.selectObjs - <==      Total: 1
2026-01-16 17:38:23.818 [http-nio-8080-exec-10] DEBUG com.sky.mapper.OrderMapper.selectObjs - ==>  Preparing: SELECT sum(amount) as turnover FROM orders WHERE (status = ? AND delivery_time BETWEEN ? AND ?)
2026-01-16 17:38:23.818 [http-nio-8080-exec-10] DEBUG com.sky.mapper.OrderMapper.selectObjs - ==> Parameters: 5(Integer), 2026-01-12T00:00(LocalDateTime), 2026-01-12T23:59:59.999999999(LocalDateTime)
2026-01-16 17:38:23.819 [http-nio-8080-exec-10] DEBUG com.sky.mapper.OrderMapper.selectObjs - <==      Total: 1
2026-01-16 17:38:23.820 [http-nio-8080-exec-10] DEBUG com.sky.mapper.OrderMapper.selectObjs - ==>  Preparing: SELECT sum(amount) as turnover FROM orders WHERE (status = ? AND delivery_time BETWEEN ? AND ?)
2026-01-16 17:38:23.820 [http-nio-8080-exec-10] DEBUG com.sky.mapper.OrderMapper.selectObjs - ==> Parameters: 5(Integer), 2026-01-13T00:00(LocalDateTime), 2026-01-13T23:59:59.999999999(LocalDateTime)
2026-01-16 17:38:23.820 [http-nio-8080-exec-10] DEBUG com.sky.mapper.OrderMapper.selectObjs - <==      Total: 1
2026-01-16 17:38:23.821 [http-nio-8080-exec-10] DEBUG com.sky.mapper.OrderMapper.selectObjs - ==>  Preparing: SELECT sum(amount) as turnover FROM orders WHERE (status = ? AND delivery_time BETWEEN ? AND ?)
2026-01-16 17:38:23.821 [http-nio-8080-exec-10] DEBUG com.sky.mapper.OrderMapper.selectObjs - ==> Parameters: 5(Integer), 2026-01-14T00:00(LocalDateTime), 2026-01-14T23:59:59.999999999(LocalDateTime)
2026-01-16 17:38:23.822 [http-nio-8080-exec-10] DEBUG com.sky.mapper.OrderMapper.selectObjs - <==      Total: 1
2026-01-16 17:38:23.823 [http-nio-8080-exec-10] DEBUG com.sky.mapper.OrderMapper.selectObjs - ==>  Preparing: SELECT sum(amount) as turnover FROM orders WHERE (status = ? AND delivery_time BETWEEN ? AND ?)
2026-01-16 17:38:23.823 [http-nio-8080-exec-10] DEBUG com.sky.mapper.OrderMapper.selectObjs - ==> Parameters: 5(Integer), 2026-01-15T00:00(LocalDateTime), 2026-01-15T23:59:59.999999999(LocalDateTime)
2026-01-16 17:38:23.824 [http-nio-8080-exec-10] DEBUG com.sky.mapper.OrderMapper.selectObjs - <==      Total: 1
2026-01-16 17:38:23.863 [SpringApplicationShutdownHook] INFO  com.sky.websocket.WebSocketServer - 客户端wslo4cazikg与服务端断开连接

2026-01-16 17:38:24.002 [SpringApplicationShutdownHook] INFO  com.alibaba.druid.pool.DruidDataSource - {dataSource-1} closing ...
2026-01-16 17:38:24.008 [SpringApplicationShutdownHook] INFO  com.alibaba.druid.pool.DruidDataSource - {dataSource-1} closed
