2026-01-16 17:52:00.015 [main] INFO  com.sky.SkyApplication - Starting SkyApplication using Java 17.0.12 on Zsh with PID 11188 (D:\ZSH-ComputerScience\CangQiong\sky-take-out\sky-take-out\sky-server\target\classes started by asus in D:\ZSH-ComputerScience\CangQiong\sky-take-out\sky-take-out)
2026-01-16 17:52:00.017 [main] INFO  com.sky.SkyApplication - The following 1 profile is active: "dev"
2026-01-16 17:52:00.643 [main] INFO  o.s.d.r.config.RepositoryConfigurationDelegate - Multiple Spring Data modules found, entering strict repository configuration mode
2026-01-16 17:52:00.645 [main] INFO  o.s.d.r.config.RepositoryConfigurationDelegate - Bootstrapping Spring Data Redis repositories in DEFAULT mode.
2026-01-16 17:52:00.671 [main] INFO  o.s.d.r.config.RepositoryConfigurationDelegate - Finished Spring Data repository scanning in 16 ms. Found 0 Redis repository interfaces.
2026-01-16 17:52:01.251 [main] INFO  o.s.boot.web.embedded.tomcat.TomcatWebServer - Tomcat initialized with port(s): 8080 (http)
2026-01-16 17:52:01.252 [main] INFO  org.apache.catalina.core.AprLifecycleListener - Loaded Apache Tomcat Native library [1.3.1] using APR version [1.7.4].
2026-01-16 17:52:01.252 [main] INFO  org.apache.catalina.core.AprLifecycleListener - APR capabilities: IPv6 [true], sendfile [true], accept filters [false], random [true], UDS [true].
2026-01-16 17:52:01.252 [main] INFO  org.apache.catalina.core.AprLifecycleListener - APR/OpenSSL configuration: useAprConnector [false], useOpenSSL [true]
2026-01-16 17:52:01.255 [main] INFO  org.apache.catalina.core.AprLifecycleListener - OpenSSL successfully initialized [OpenSSL 3.0.14 4 Jun 2024]
2026-01-16 17:52:01.262 [main] INFO  org.apache.catalina.core.StandardService - Starting service [Tomcat]
2026-01-16 17:52:01.262 [main] INFO  org.apache.catalina.core.StandardEngine - Starting Servlet engine: [Apache Tomcat/9.0.65]
2026-01-16 17:52:01.362 [main] INFO  o.a.c.core.ContainerBase.[Tomcat].[localhost].[/] - Initializing Spring embedded WebApplicationContext
2026-01-16 17:52:01.362 [main] INFO  o.s.b.w.s.c.ServletWebServerApplicationContext - Root WebApplicationContext: initialization completed in 1309 ms
2026-01-16 17:52:01.426 [main] INFO  c.a.d.s.b.a.DruidDataSourceAutoConfigure - Init DruidDataSource
2026-01-16 17:52:01.529 [main] INFO  com.alibaba.druid.pool.DruidDataSource - {dataSource-1} inited
2026-01-16 17:52:01.576 [main] INFO  com.sky.config.MyBatisPlusConfig - 开始注册MyBatis-Plus的拦截器...
2026-01-16 17:52:01.682 [main] WARN  c.b.mybatisplus.core.injector.methods.Update - [com.sky.mapper.CategoryMapper.update] Has been loaded by XML or SqlProvider or Mybatis's Annotation, so ignoring this injection for [class com.baomidou.mybatisplus.core.injector.methods.Update]
2026-01-16 17:52:01.720 [main] WARN  c.b.mybatisplus.core.injector.methods.Update - [com.sky.mapper.DishMapper.update] Has been loaded by XML or SqlProvider or Mybatis's Annotation, so ignoring this injection for [class com.baomidou.mybatisplus.core.injector.methods.Update]
2026-01-16 17:52:01.740 [main] WARN  c.b.mybatisplus.core.injector.methods.Update - [com.sky.mapper.EmployeeMapper.update] Has been loaded by XML or SqlProvider or Mybatis's Annotation, so ignoring this injection for [class com.baomidou.mybatisplus.core.injector.methods.Update]
2026-01-16 17:52:01.774 [main] WARN  c.b.mybatisplus.core.injector.methods.Update - [com.sky.mapper.SetmealMapper.update] Has been loaded by XML or SqlProvider or Mybatis's Annotation, so ignoring this injection for [class com.baomidou.mybatisplus.core.injector.methods.Update]
2026-01-16 17:52:01.905 [main] INFO  com.sky.config.AliyunOssConfig - 开始创建阿里云OSS文件上传工具对象...
2026-01-16 17:52:02.049 [main] INFO  com.sky.config.RedisConfig - 开始创建Redis模板对象...
2026-01-16 17:52:02.363 [main] INFO  com.sky.config.WebMvcConfig - 开始注册自定义拦截器...
2026-01-16 17:52:02.439 [main] INFO  com.sky.config.WebMvcConfig - 准备生成管理端接口文档...
2026-01-16 17:52:02.443 [main] INFO  com.sky.config.WebMvcConfig - 准备生成用户端接口文档...
2026-01-16 17:52:02.470 [main] INFO  com.sky.config.WebMvcConfig - 扩展消息转换器...
2026-01-16 17:52:02.474 [main] INFO  com.sky.config.WebMvcConfig - 开始设置静态资源映射...
2026-01-16 17:52:02.840 [main] INFO  o.s.boot.web.embedded.tomcat.TomcatWebServer - Tomcat started on port(s): 8080 (http) with context path ''
2026-01-16 17:52:03.189 [main] INFO  com.sky.SkyApplication - Started SkyApplication in 3.522 seconds (JVM running for 3.986)
2026-01-16 17:52:03.191 [main] INFO  com.sky.SkyApplication - server starts ...
2026-01-16 17:52:07.789 [http-nio-8080-exec-2] INFO  o.a.c.core.ContainerBase.[Tomcat].[localhost].[/] - Initializing Spring DispatcherServlet 'dispatcherServlet'
2026-01-16 17:52:07.789 [http-nio-8080-exec-2] INFO  org.springframework.web.servlet.DispatcherServlet - Initializing Servlet 'dispatcherServlet'
2026-01-16 17:52:07.790 [http-nio-8080-exec-2] INFO  org.springframework.web.servlet.DispatcherServlet - Completed initialization in 0 ms
2026-01-16 17:52:07.802 [http-nio-8080-exec-3] INFO  com.sky.interceptor.JwtTokenInterceptor - jwt校验: eyJhbGciOiJIUzI1NiJ9.eyJlbXBJZCI6MSwiZXhwIjoxNzY5MjcyMDAwfQ._bbClYFVQ9BDF2L5Vble2dvD9x4t1FtlcEzesGbshi4
2026-01-16 17:52:07.803 [http-nio-8080-exec-4] WARN  org.springframework.web.servlet.PageNotFound - No mapping for GET /admin/report/top10
2026-01-16 17:52:07.803 [http-nio-8080-exec-2] WARN  org.springframework.web.servlet.PageNotFound - No mapping for GET /admin/report/userStatistics
2026-01-16 17:52:07.803 [http-nio-8080-exec-1] WARN  org.springframework.web.servlet.PageNotFound - No mapping for GET /admin/report/ordersStatistics
2026-01-16 17:52:07.851 [http-nio-8080-exec-3] INFO  com.sky.interceptor.JwtTokenAdminInterceptor - id=1的员工登入苍穹外卖管理端

2026-01-16 17:52:07.858 [http-nio-8080-exec-3] INFO  com.sky.controller.admin.ReportController - 统计2026-01-09到2026-01-15之间的营业额
2026-01-16 17:52:08.009 [http-nio-8080-exec-3] DEBUG com.sky.mapper.OrderMapper.selectObjs - ==>  Preparing: SELECT sum(amount) as turnover FROM orders WHERE (status = ? AND delivery_time BETWEEN ? AND ?)
2026-01-16 17:52:08.036 [http-nio-8080-exec-3] DEBUG com.sky.mapper.OrderMapper.selectObjs - ==> Parameters: 5(Integer), 2026-01-09T00:00(LocalDateTime), 2026-01-09T23:59:59.999999999(LocalDateTime)
2026-01-16 17:52:08.055 [http-nio-8080-exec-3] DEBUG com.sky.mapper.OrderMapper.selectObjs - <==      Total: 1
2026-01-16 17:52:08.057 [http-nio-8080-exec-3] DEBUG com.sky.mapper.OrderMapper.selectObjs - ==>  Preparing: SELECT sum(amount) as turnover FROM orders WHERE (status = ? AND delivery_time BETWEEN ? AND ?)
2026-01-16 17:52:08.057 [http-nio-8080-exec-3] DEBUG com.sky.mapper.OrderMapper.selectObjs - ==> Parameters: 5(Integer), 2026-01-10T00:00(LocalDateTime), 2026-01-10T23:59:59.999999999(LocalDateTime)
2026-01-16 17:52:08.058 [http-nio-8080-exec-3] DEBUG com.sky.mapper.OrderMapper.selectObjs - <==      Total: 1
2026-01-16 17:52:08.059 [http-nio-8080-exec-3] DEBUG com.sky.mapper.OrderMapper.selectObjs - ==>  Preparing: SELECT sum(amount) as turnover FROM orders WHERE (status = ? AND delivery_time BETWEEN ? AND ?)
2026-01-16 17:52:08.060 [http-nio-8080-exec-3] DEBUG com.sky.mapper.OrderMapper.selectObjs - ==> Parameters: 5(Integer), 2026-01-11T00:00(LocalDateTime), 2026-01-11T23:59:59.999999999(LocalDateTime)
2026-01-16 17:52:08.061 [http-nio-8080-exec-3] DEBUG com.sky.mapper.OrderMapper.selectObjs - <==      Total: 1
2026-01-16 17:52:08.061 [http-nio-8080-exec-3] DEBUG com.sky.mapper.OrderMapper.selectObjs - ==>  Preparing: SELECT sum(amount) as turnover FROM orders WHERE (status = ? AND delivery_time BETWEEN ? AND ?)
2026-01-16 17:52:08.061 [http-nio-8080-exec-3] DEBUG com.sky.mapper.OrderMapper.selectObjs - ==> Parameters: 5(Integer), 2026-01-12T00:00(LocalDateTime), 2026-01-12T23:59:59.999999999(LocalDateTime)
2026-01-16 17:52:08.062 [http-nio-8080-exec-3] DEBUG com.sky.mapper.OrderMapper.selectObjs - <==      Total: 1
2026-01-16 17:52:08.063 [http-nio-8080-exec-3] DEBUG com.sky.mapper.OrderMapper.selectObjs - ==>  Preparing: SELECT sum(amount) as turnover FROM orders WHERE (status = ? AND delivery_time BETWEEN ? AND ?)
2026-01-16 17:52:08.063 [http-nio-8080-exec-3] DEBUG com.sky.mapper.OrderMapper.selectObjs - ==> Parameters: 5(Integer), 2026-01-13T00:00(LocalDateTime), 2026-01-13T23:59:59.999999999(LocalDateTime)
2026-01-16 17:52:08.064 [http-nio-8080-exec-3] DEBUG com.sky.mapper.OrderMapper.selectObjs - <==      Total: 1
2026-01-16 17:52:08.065 [http-nio-8080-exec-3] DEBUG com.sky.mapper.OrderMapper.selectObjs - ==>  Preparing: SELECT sum(amount) as turnover FROM orders WHERE (status = ? AND delivery_time BETWEEN ? AND ?)
2026-01-16 17:52:08.065 [http-nio-8080-exec-3] DEBUG com.sky.mapper.OrderMapper.selectObjs - ==> Parameters: 5(Integer), 2026-01-14T00:00(LocalDateTime), 2026-01-14T23:59:59.999999999(LocalDateTime)
2026-01-16 17:52:08.066 [http-nio-8080-exec-3] DEBUG com.sky.mapper.OrderMapper.selectObjs - <==      Total: 1
2026-01-16 17:52:08.066 [http-nio-8080-exec-3] DEBUG com.sky.mapper.OrderMapper.selectObjs - ==>  Preparing: SELECT sum(amount) as turnover FROM orders WHERE (status = ? AND delivery_time BETWEEN ? AND ?)
2026-01-16 17:52:08.067 [http-nio-8080-exec-3] DEBUG com.sky.mapper.OrderMapper.selectObjs - ==> Parameters: 5(Integer), 2026-01-15T00:00(LocalDateTime), 2026-01-15T23:59:59.999999999(LocalDateTime)
2026-01-16 17:52:08.068 [http-nio-8080-exec-3] DEBUG com.sky.mapper.OrderMapper.selectObjs - <==      Total: 1
2026-01-16 17:52:08.068 [http-nio-8080-exec-3] INFO  com.sky.controller.admin.ReportController - 营业额列表：,,,,,480.00,101.00
2026-01-16 17:52:12.058 [http-nio-8080-exec-6] INFO  com.sky.interceptor.JwtTokenInterceptor - jwt校验: eyJhbGciOiJIUzI1NiJ9.eyJlbXBJZCI6MSwiZXhwIjoxNzY5MjcyMDAwfQ._bbClYFVQ9BDF2L5Vble2dvD9x4t1FtlcEzesGbshi4
2026-01-16 17:52:12.058 [http-nio-8080-exec-5] WARN  org.springframework.web.servlet.PageNotFound - No mapping for GET /admin/report/top10
2026-01-16 17:52:12.058 [http-nio-8080-exec-8] WARN  org.springframework.web.servlet.PageNotFound - No mapping for GET /admin/report/ordersStatistics
2026-01-16 17:52:12.058 [http-nio-8080-exec-7] WARN  org.springframework.web.servlet.PageNotFound - No mapping for GET /admin/report/userStatistics
2026-01-16 17:52:12.058 [http-nio-8080-exec-6] INFO  com.sky.interceptor.JwtTokenAdminInterceptor - id=1的员工登入苍穹外卖管理端

2026-01-16 17:52:12.059 [http-nio-8080-exec-6] INFO  com.sky.controller.admin.ReportController - 统计2025-12-17到2026-01-15之间的营业额
2026-01-16 17:52:12.061 [http-nio-8080-exec-6] DEBUG com.sky.mapper.OrderMapper.selectObjs - ==>  Preparing: SELECT sum(amount) as turnover FROM orders WHERE (status = ? AND delivery_time BETWEEN ? AND ?)
2026-01-16 17:52:12.061 [http-nio-8080-exec-6] DEBUG com.sky.mapper.OrderMapper.selectObjs - ==> Parameters: 5(Integer), 2025-12-17T00:00(LocalDateTime), 2025-12-17T23:59:59.999999999(LocalDateTime)
2026-01-16 17:52:12.062 [http-nio-8080-exec-6] DEBUG com.sky.mapper.OrderMapper.selectObjs - <==      Total: 1
2026-01-16 17:52:12.063 [http-nio-8080-exec-6] DEBUG com.sky.mapper.OrderMapper.selectObjs - ==>  Preparing: SELECT sum(amount) as turnover FROM orders WHERE (status = ? AND delivery_time BETWEEN ? AND ?)
2026-01-16 17:52:12.064 [http-nio-8080-exec-6] DEBUG com.sky.mapper.OrderMapper.selectObjs - ==> Parameters: 5(Integer), 2025-12-18T00:00(LocalDateTime), 2025-12-18T23:59:59.999999999(LocalDateTime)
2026-01-16 17:52:12.065 [http-nio-8080-exec-6] DEBUG com.sky.mapper.OrderMapper.selectObjs - <==      Total: 1
2026-01-16 17:52:12.066 [http-nio-8080-exec-6] DEBUG com.sky.mapper.OrderMapper.selectObjs - ==>  Preparing: SELECT sum(amount) as turnover FROM orders WHERE (status = ? AND delivery_time BETWEEN ? AND ?)
2026-01-16 17:52:12.066 [http-nio-8080-exec-6] DEBUG com.sky.mapper.OrderMapper.selectObjs - ==> Parameters: 5(Integer), 2025-12-19T00:00(LocalDateTime), 2025-12-19T23:59:59.999999999(LocalDateTime)
2026-01-16 17:52:12.067 [http-nio-8080-exec-6] DEBUG com.sky.mapper.OrderMapper.selectObjs - <==      Total: 1
2026-01-16 17:52:12.068 [http-nio-8080-exec-6] DEBUG com.sky.mapper.OrderMapper.selectObjs - ==>  Preparing: SELECT sum(amount) as turnover FROM orders WHERE (status = ? AND delivery_time BETWEEN ? AND ?)
2026-01-16 17:52:12.068 [http-nio-8080-exec-6] DEBUG com.sky.mapper.OrderMapper.selectObjs - ==> Parameters: 5(Integer), 2025-12-20T00:00(LocalDateTime), 2025-12-20T23:59:59.999999999(LocalDateTime)
2026-01-16 17:52:12.069 [http-nio-8080-exec-6] DEBUG com.sky.mapper.OrderMapper.selectObjs - <==      Total: 1
2026-01-16 17:52:12.069 [http-nio-8080-exec-6] DEBUG com.sky.mapper.OrderMapper.selectObjs - ==>  Preparing: SELECT sum(amount) as turnover FROM orders WHERE (status = ? AND delivery_time BETWEEN ? AND ?)
2026-01-16 17:52:12.069 [http-nio-8080-exec-6] DEBUG com.sky.mapper.OrderMapper.selectObjs - ==> Parameters: 5(Integer), 2025-12-21T00:00(LocalDateTime), 2025-12-21T23:59:59.999999999(LocalDateTime)
2026-01-16 17:52:12.071 [http-nio-8080-exec-6] DEBUG com.sky.mapper.OrderMapper.selectObjs - <==      Total: 1
2026-01-16 17:52:12.071 [http-nio-8080-exec-6] DEBUG com.sky.mapper.OrderMapper.selectObjs - ==>  Preparing: SELECT sum(amount) as turnover FROM orders WHERE (status = ? AND delivery_time BETWEEN ? AND ?)
2026-01-16 17:52:12.072 [http-nio-8080-exec-6] DEBUG com.sky.mapper.OrderMapper.selectObjs - ==> Parameters: 5(Integer), 2025-12-22T00:00(LocalDateTime), 2025-12-22T23:59:59.999999999(LocalDateTime)
2026-01-16 17:52:12.072 [http-nio-8080-exec-6] DEBUG com.sky.mapper.OrderMapper.selectObjs - <==      Total: 1
2026-01-16 17:52:12.073 [http-nio-8080-exec-6] DEBUG com.sky.mapper.OrderMapper.selectObjs - ==>  Preparing: SELECT sum(amount) as turnover FROM orders WHERE (status = ? AND delivery_time BETWEEN ? AND ?)
2026-01-16 17:52:12.073 [http-nio-8080-exec-6] DEBUG com.sky.mapper.OrderMapper.selectObjs - ==> Parameters: 5(Integer), 2025-12-23T00:00(LocalDateTime), 2025-12-23T23:59:59.999999999(LocalDateTime)
2026-01-16 17:52:12.074 [http-nio-8080-exec-6] DEBUG com.sky.mapper.OrderMapper.selectObjs - <==      Total: 1
2026-01-16 17:52:12.075 [http-nio-8080-exec-6] DEBUG com.sky.mapper.OrderMapper.selectObjs - ==>  Preparing: SELECT sum(amount) as turnover FROM orders WHERE (status = ? AND delivery_time BETWEEN ? AND ?)
2026-01-16 17:52:12.075 [http-nio-8080-exec-6] DEBUG com.sky.mapper.OrderMapper.selectObjs - ==> Parameters: 5(Integer), 2025-12-24T00:00(LocalDateTime), 2025-12-24T23:59:59.999999999(LocalDateTime)
2026-01-16 17:52:12.076 [http-nio-8080-exec-6] DEBUG com.sky.mapper.OrderMapper.selectObjs - <==      Total: 1
2026-01-16 17:52:12.077 [http-nio-8080-exec-6] DEBUG com.sky.mapper.OrderMapper.selectObjs - ==>  Preparing: SELECT sum(amount) as turnover FROM orders WHERE (status = ? AND delivery_time BETWEEN ? AND ?)
2026-01-16 17:52:12.078 [http-nio-8080-exec-6] DEBUG com.sky.mapper.OrderMapper.selectObjs - ==> Parameters: 5(Integer), 2025-12-25T00:00(LocalDateTime), 2025-12-25T23:59:59.999999999(LocalDateTime)
2026-01-16 17:52:12.080 [http-nio-8080-exec-6] DEBUG com.sky.mapper.OrderMapper.selectObjs - <==      Total: 1
2026-01-16 17:52:12.081 [http-nio-8080-exec-6] DEBUG com.sky.mapper.OrderMapper.selectObjs - ==>  Preparing: SELECT sum(amount) as turnover FROM orders WHERE (status = ? AND delivery_time BETWEEN ? AND ?)
2026-01-16 17:52:12.081 [http-nio-8080-exec-6] DEBUG com.sky.mapper.OrderMapper.selectObjs - ==> Parameters: 5(Integer), 2025-12-26T00:00(LocalDateTime), 2025-12-26T23:59:59.999999999(LocalDateTime)
2026-01-16 17:52:12.081 [http-nio-8080-exec-6] DEBUG com.sky.mapper.OrderMapper.selectObjs - <==      Total: 1
2026-01-16 17:52:12.083 [http-nio-8080-exec-6] DEBUG com.sky.mapper.OrderMapper.selectObjs - ==>  Preparing: SELECT sum(amount) as turnover FROM orders WHERE (status = ? AND delivery_time BETWEEN ? AND ?)
2026-01-16 17:52:12.083 [http-nio-8080-exec-6] DEBUG com.sky.mapper.OrderMapper.selectObjs - ==> Parameters: 5(Integer), 2025-12-27T00:00(LocalDateTime), 2025-12-27T23:59:59.999999999(LocalDateTime)
2026-01-16 17:52:12.083 [http-nio-8080-exec-6] DEBUG com.sky.mapper.OrderMapper.selectObjs - <==      Total: 1
2026-01-16 17:52:12.083 [http-nio-8080-exec-6] DEBUG com.sky.mapper.OrderMapper.selectObjs - ==>  Preparing: SELECT sum(amount) as turnover FROM orders WHERE (status = ? AND delivery_time BETWEEN ? AND ?)
2026-01-16 17:52:12.084 [http-nio-8080-exec-6] DEBUG com.sky.mapper.OrderMapper.selectObjs - ==> Parameters: 5(Integer), 2025-12-28T00:00(LocalDateTime), 2025-12-28T23:59:59.999999999(LocalDateTime)
2026-01-16 17:52:12.084 [http-nio-8080-exec-6] DEBUG com.sky.mapper.OrderMapper.selectObjs - <==      Total: 1
2026-01-16 17:52:12.085 [http-nio-8080-exec-6] DEBUG com.sky.mapper.OrderMapper.selectObjs - ==>  Preparing: SELECT sum(amount) as turnover FROM orders WHERE (status = ? AND delivery_time BETWEEN ? AND ?)
2026-01-16 17:52:12.085 [http-nio-8080-exec-6] DEBUG com.sky.mapper.OrderMapper.selectObjs - ==> Parameters: 5(Integer), 2025-12-29T00:00(LocalDateTime), 2025-12-29T23:59:59.999999999(LocalDateTime)
2026-01-16 17:52:12.086 [http-nio-8080-exec-6] DEBUG com.sky.mapper.OrderMapper.selectObjs - <==      Total: 1
2026-01-16 17:52:12.086 [http-nio-8080-exec-6] DEBUG com.sky.mapper.OrderMapper.selectObjs - ==>  Preparing: SELECT sum(amount) as turnover FROM orders WHERE (status = ? AND delivery_time BETWEEN ? AND ?)
2026-01-16 17:52:12.086 [http-nio-8080-exec-6] DEBUG com.sky.mapper.OrderMapper.selectObjs - ==> Parameters: 5(Integer), 2025-12-30T00:00(LocalDateTime), 2025-12-30T23:59:59.999999999(LocalDateTime)
2026-01-16 17:52:12.088 [http-nio-8080-exec-6] DEBUG com.sky.mapper.OrderMapper.selectObjs - <==      Total: 1
2026-01-16 17:52:12.088 [http-nio-8080-exec-6] DEBUG com.sky.mapper.OrderMapper.selectObjs - ==>  Preparing: SELECT sum(amount) as turnover FROM orders WHERE (status = ? AND delivery_time BETWEEN ? AND ?)
2026-01-16 17:52:12.088 [http-nio-8080-exec-6] DEBUG com.sky.mapper.OrderMapper.selectObjs - ==> Parameters: 5(Integer), 2025-12-31T00:00(LocalDateTime), 2025-12-31T23:59:59.999999999(LocalDateTime)
2026-01-16 17:52:12.088 [http-nio-8080-exec-6] DEBUG com.sky.mapper.OrderMapper.selectObjs - <==      Total: 1
2026-01-16 17:52:12.089 [http-nio-8080-exec-6] DEBUG com.sky.mapper.OrderMapper.selectObjs - ==>  Preparing: SELECT sum(amount) as turnover FROM orders WHERE (status = ? AND delivery_time BETWEEN ? AND ?)
2026-01-16 17:52:12.089 [http-nio-8080-exec-6] DEBUG com.sky.mapper.OrderMapper.selectObjs - ==> Parameters: 5(Integer), 2026-01-01T00:00(LocalDateTime), 2026-01-01T23:59:59.999999999(LocalDateTime)
2026-01-16 17:52:12.091 [http-nio-8080-exec-6] DEBUG com.sky.mapper.OrderMapper.selectObjs - <==      Total: 1
2026-01-16 17:52:12.091 [http-nio-8080-exec-6] DEBUG com.sky.mapper.OrderMapper.selectObjs - ==>  Preparing: SELECT sum(amount) as turnover FROM orders WHERE (status = ? AND delivery_time BETWEEN ? AND ?)
2026-01-16 17:52:12.091 [http-nio-8080-exec-6] DEBUG com.sky.mapper.OrderMapper.selectObjs - ==> Parameters: 5(Integer), 2026-01-02T00:00(LocalDateTime), 2026-01-02T23:59:59.999999999(LocalDateTime)
2026-01-16 17:52:12.091 [http-nio-8080-exec-6] DEBUG com.sky.mapper.OrderMapper.selectObjs - <==      Total: 1
2026-01-16 17:52:12.092 [http-nio-8080-exec-6] DEBUG com.sky.mapper.OrderMapper.selectObjs - ==>  Preparing: SELECT sum(amount) as turnover FROM orders WHERE (status = ? AND delivery_time BETWEEN ? AND ?)
2026-01-16 17:52:12.092 [http-nio-8080-exec-6] DEBUG com.sky.mapper.OrderMapper.selectObjs - ==> Parameters: 5(Integer), 2026-01-03T00:00(LocalDateTime), 2026-01-03T23:59:59.999999999(LocalDateTime)
2026-01-16 17:52:12.092 [http-nio-8080-exec-6] DEBUG com.sky.mapper.OrderMapper.selectObjs - <==      Total: 1
2026-01-16 17:52:12.093 [http-nio-8080-exec-6] DEBUG com.sky.mapper.OrderMapper.selectObjs - ==>  Preparing: SELECT sum(amount) as turnover FROM orders WHERE (status = ? AND delivery_time BETWEEN ? AND ?)
2026-01-16 17:52:12.093 [http-nio-8080-exec-6] DEBUG com.sky.mapper.OrderMapper.selectObjs - ==> Parameters: 5(Integer), 2026-01-04T00:00(LocalDateTime), 2026-01-04T23:59:59.999999999(LocalDateTime)
2026-01-16 17:52:12.094 [http-nio-8080-exec-6] DEBUG com.sky.mapper.OrderMapper.selectObjs - <==      Total: 1
2026-01-16 17:52:12.094 [http-nio-8080-exec-6] DEBUG com.sky.mapper.OrderMapper.selectObjs - ==>  Preparing: SELECT sum(amount) as turnover FROM orders WHERE (status = ? AND delivery_time BETWEEN ? AND ?)
2026-01-16 17:52:12.094 [http-nio-8080-exec-6] DEBUG com.sky.mapper.OrderMapper.selectObjs - ==> Parameters: 5(Integer), 2026-01-05T00:00(LocalDateTime), 2026-01-05T23:59:59.999999999(LocalDateTime)
2026-01-16 17:52:12.095 [http-nio-8080-exec-6] DEBUG com.sky.mapper.OrderMapper.selectObjs - <==      Total: 1
2026-01-16 17:52:12.095 [http-nio-8080-exec-6] DEBUG com.sky.mapper.OrderMapper.selectObjs - ==>  Preparing: SELECT sum(amount) as turnover FROM orders WHERE (status = ? AND delivery_time BETWEEN ? AND ?)
2026-01-16 17:52:12.096 [http-nio-8080-exec-6] DEBUG com.sky.mapper.OrderMapper.selectObjs - ==> Parameters: 5(Integer), 2026-01-06T00:00(LocalDateTime), 2026-01-06T23:59:59.999999999(LocalDateTime)
2026-01-16 17:52:12.096 [http-nio-8080-exec-6] DEBUG com.sky.mapper.OrderMapper.selectObjs - <==      Total: 1
2026-01-16 17:52:12.097 [http-nio-8080-exec-6] DEBUG com.sky.mapper.OrderMapper.selectObjs - ==>  Preparing: SELECT sum(amount) as turnover FROM orders WHERE (status = ? AND delivery_time BETWEEN ? AND ?)
2026-01-16 17:52:12.097 [http-nio-8080-exec-6] DEBUG com.sky.mapper.OrderMapper.selectObjs - ==> Parameters: 5(Integer), 2026-01-07T00:00(LocalDateTime), 2026-01-07T23:59:59.999999999(LocalDateTime)
2026-01-16 17:52:12.098 [http-nio-8080-exec-6] DEBUG com.sky.mapper.OrderMapper.selectObjs - <==      Total: 1
2026-01-16 17:52:12.099 [http-nio-8080-exec-6] DEBUG com.sky.mapper.OrderMapper.selectObjs - ==>  Preparing: SELECT sum(amount) as turnover FROM orders WHERE (status = ? AND delivery_time BETWEEN ? AND ?)
2026-01-16 17:52:12.099 [http-nio-8080-exec-6] DEBUG com.sky.mapper.OrderMapper.selectObjs - ==> Parameters: 5(Integer), 2026-01-08T00:00(LocalDateTime), 2026-01-08T23:59:59.999999999(LocalDateTime)
2026-01-16 17:52:12.099 [http-nio-8080-exec-6] DEBUG com.sky.mapper.OrderMapper.selectObjs - <==      Total: 1
2026-01-16 17:52:12.101 [http-nio-8080-exec-6] DEBUG com.sky.mapper.OrderMapper.selectObjs - ==>  Preparing: SELECT sum(amount) as turnover FROM orders WHERE (status = ? AND delivery_time BETWEEN ? AND ?)
2026-01-16 17:52:12.101 [http-nio-8080-exec-6] DEBUG com.sky.mapper.OrderMapper.selectObjs - ==> Parameters: 5(Integer), 2026-01-09T00:00(LocalDateTime), 2026-01-09T23:59:59.999999999(LocalDateTime)
2026-01-16 17:52:12.102 [http-nio-8080-exec-6] DEBUG com.sky.mapper.OrderMapper.selectObjs - <==      Total: 1
2026-01-16 17:52:12.102 [http-nio-8080-exec-6] DEBUG com.sky.mapper.OrderMapper.selectObjs - ==>  Preparing: SELECT sum(amount) as turnover FROM orders WHERE (status = ? AND delivery_time BETWEEN ? AND ?)
2026-01-16 17:52:12.102 [http-nio-8080-exec-6] DEBUG com.sky.mapper.OrderMapper.selectObjs - ==> Parameters: 5(Integer), 2026-01-10T00:00(LocalDateTime), 2026-01-10T23:59:59.999999999(LocalDateTime)
2026-01-16 17:52:12.102 [http-nio-8080-exec-6] DEBUG com.sky.mapper.OrderMapper.selectObjs - <==      Total: 1
2026-01-16 17:52:12.103 [http-nio-8080-exec-6] DEBUG com.sky.mapper.OrderMapper.selectObjs - ==>  Preparing: SELECT sum(amount) as turnover FROM orders WHERE (status = ? AND delivery_time BETWEEN ? AND ?)
2026-01-16 17:52:12.103 [http-nio-8080-exec-6] DEBUG com.sky.mapper.OrderMapper.selectObjs - ==> Parameters: 5(Integer), 2026-01-11T00:00(LocalDateTime), 2026-01-11T23:59:59.999999999(LocalDateTime)
2026-01-16 17:52:12.103 [http-nio-8080-exec-6] DEBUG com.sky.mapper.OrderMapper.selectObjs - <==      Total: 1
2026-01-16 17:52:12.104 [http-nio-8080-exec-6] DEBUG com.sky.mapper.OrderMapper.selectObjs - ==>  Preparing: SELECT sum(amount) as turnover FROM orders WHERE (status = ? AND delivery_time BETWEEN ? AND ?)
2026-01-16 17:52:12.104 [http-nio-8080-exec-6] DEBUG com.sky.mapper.OrderMapper.selectObjs - ==> Parameters: 5(Integer), 2026-01-12T00:00(LocalDateTime), 2026-01-12T23:59:59.999999999(LocalDateTime)
2026-01-16 17:52:12.105 [http-nio-8080-exec-6] DEBUG com.sky.mapper.OrderMapper.selectObjs - <==      Total: 1
2026-01-16 17:52:12.105 [http-nio-8080-exec-6] DEBUG com.sky.mapper.OrderMapper.selectObjs - ==>  Preparing: SELECT sum(amount) as turnover FROM orders WHERE (status = ? AND delivery_time BETWEEN ? AND ?)
2026-01-16 17:52:12.105 [http-nio-8080-exec-6] DEBUG com.sky.mapper.OrderMapper.selectObjs - ==> Parameters: 5(Integer), 2026-01-13T00:00(LocalDateTime), 2026-01-13T23:59:59.999999999(LocalDateTime)
2026-01-16 17:52:12.106 [http-nio-8080-exec-6] DEBUG com.sky.mapper.OrderMapper.selectObjs - <==      Total: 1
2026-01-16 17:52:12.106 [http-nio-8080-exec-6] DEBUG com.sky.mapper.OrderMapper.selectObjs - ==>  Preparing: SELECT sum(amount) as turnover FROM orders WHERE (status = ? AND delivery_time BETWEEN ? AND ?)
2026-01-16 17:52:12.106 [http-nio-8080-exec-6] DEBUG com.sky.mapper.OrderMapper.selectObjs - ==> Parameters: 5(Integer), 2026-01-14T00:00(LocalDateTime), 2026-01-14T23:59:59.999999999(LocalDateTime)
2026-01-16 17:52:12.107 [http-nio-8080-exec-6] DEBUG com.sky.mapper.OrderMapper.selectObjs - <==      Total: 1
2026-01-16 17:52:12.107 [http-nio-8080-exec-6] DEBUG com.sky.mapper.OrderMapper.selectObjs - ==>  Preparing: SELECT sum(amount) as turnover FROM orders WHERE (status = ? AND delivery_time BETWEEN ? AND ?)
2026-01-16 17:52:12.107 [http-nio-8080-exec-6] DEBUG com.sky.mapper.OrderMapper.selectObjs - ==> Parameters: 5(Integer), 2026-01-15T00:00(LocalDateTime), 2026-01-15T23:59:59.999999999(LocalDateTime)
2026-01-16 17:52:12.108 [http-nio-8080-exec-6] DEBUG com.sky.mapper.OrderMapper.selectObjs - <==      Total: 1
2026-01-16 17:52:12.108 [http-nio-8080-exec-6] INFO  com.sky.controller.admin.ReportController - 营业额列表：,,,,,,,,,,,,,,,,,,,,,,,,,,,,480.00,101.00
2026-01-16 17:52:23.500 [SpringApplicationShutdownHook] INFO  com.alibaba.druid.pool.DruidDataSource - {dataSource-1} closing ...
2026-01-16 17:52:23.504 [SpringApplicationShutdownHook] INFO  com.alibaba.druid.pool.DruidDataSource - {dataSource-1} closed
