2026-01-16 17:52:45.814 [main] INFO  com.sky.SkyApplication - Starting SkyApplication using Java 17.0.12 on Zsh with PID 23320 (D:\ZSH-ComputerScience\CangQiong\sky-take-out\sky-take-out\sky-server\target\classes started by asus in D:\ZSH-ComputerScience\CangQiong\sky-take-out\sky-take-out)
2026-01-16 17:52:45.816 [main] INFO  com.sky.SkyApplication - The following 1 profile is active: "dev"
2026-01-16 17:52:46.436 [main] INFO  o.s.d.r.config.RepositoryConfigurationDelegate - Multiple Spring Data modules found, entering strict repository configuration mode
2026-01-16 17:52:46.438 [main] INFO  o.s.d.r.config.RepositoryConfigurationDelegate - Bootstrapping Spring Data Redis repositories in DEFAULT mode.
2026-01-16 17:52:46.466 [main] INFO  o.s.d.r.config.RepositoryConfigurationDelegate - Finished Spring Data repository scanning in 18 ms. Found 0 Redis repository interfaces.
2026-01-16 17:52:47.052 [main] INFO  o.s.boot.web.embedded.tomcat.TomcatWebServer - Tomcat initialized with port(s): 8080 (http)
2026-01-16 17:52:47.053 [main] INFO  org.apache.catalina.core.AprLifecycleListener - Loaded Apache Tomcat Native library [1.3.1] using APR version [1.7.4].
2026-01-16 17:52:47.053 [main] INFO  org.apache.catalina.core.AprLifecycleListener - APR capabilities: IPv6 [true], sendfile [true], accept filters [false], random [true], UDS [true].
2026-01-16 17:52:47.053 [main] INFO  org.apache.catalina.core.AprLifecycleListener - APR/OpenSSL configuration: useAprConnector [false], useOpenSSL [true]
2026-01-16 17:52:47.056 [main] INFO  org.apache.catalina.core.AprLifecycleListener - OpenSSL successfully initialized [OpenSSL 3.0.14 4 Jun 2024]
2026-01-16 17:52:47.063 [main] INFO  org.apache.catalina.core.StandardService - Starting service [Tomcat]
2026-01-16 17:52:47.063 [main] INFO  org.apache.catalina.core.StandardEngine - Starting Servlet engine: [Apache Tomcat/9.0.65]
2026-01-16 17:52:47.162 [main] INFO  o.a.c.core.ContainerBase.[Tomcat].[localhost].[/] - Initializing Spring embedded WebApplicationContext
2026-01-16 17:52:47.162 [main] INFO  o.s.b.w.s.c.ServletWebServerApplicationContext - Root WebApplicationContext: initialization completed in 1311 ms
2026-01-16 17:52:47.222 [main] INFO  c.a.d.s.b.a.DruidDataSourceAutoConfigure - Init DruidDataSource
2026-01-16 17:52:47.328 [main] INFO  com.alibaba.druid.pool.DruidDataSource - {dataSource-1} inited
2026-01-16 17:52:47.375 [main] INFO  com.sky.config.MyBatisPlusConfig - 开始注册MyBatis-Plus的拦截器...
2026-01-16 17:52:47.483 [main] WARN  c.b.mybatisplus.core.injector.methods.Update - [com.sky.mapper.CategoryMapper.update] Has been loaded by XML or SqlProvider or Mybatis's Annotation, so ignoring this injection for [class com.baomidou.mybatisplus.core.injector.methods.Update]
2026-01-16 17:52:47.519 [main] WARN  c.b.mybatisplus.core.injector.methods.Update - [com.sky.mapper.DishMapper.update] Has been loaded by XML or SqlProvider or Mybatis's Annotation, so ignoring this injection for [class com.baomidou.mybatisplus.core.injector.methods.Update]
2026-01-16 17:52:47.540 [main] WARN  c.b.mybatisplus.core.injector.methods.Update - [com.sky.mapper.EmployeeMapper.update] Has been loaded by XML or SqlProvider or Mybatis's Annotation, so ignoring this injection for [class com.baomidou.mybatisplus.core.injector.methods.Update]
2026-01-16 17:52:47.574 [main] WARN  c.b.mybatisplus.core.injector.methods.Update - [com.sky.mapper.SetmealMapper.update] Has been loaded by XML or SqlProvider or Mybatis's Annotation, so ignoring this injection for [class com.baomidou.mybatisplus.core.injector.methods.Update]
2026-01-16 17:52:47.708 [main] INFO  com.sky.config.AliyunOssConfig - 开始创建阿里云OSS文件上传工具对象...
2026-01-16 17:52:47.852 [main] INFO  com.sky.config.RedisConfig - 开始创建Redis模板对象...
2026-01-16 17:52:48.161 [main] INFO  com.sky.config.WebMvcConfig - 开始注册自定义拦截器...
2026-01-16 17:52:48.229 [main] INFO  com.sky.config.WebMvcConfig - 准备生成管理端接口文档...
2026-01-16 17:52:48.234 [main] INFO  com.sky.config.WebMvcConfig - 准备生成用户端接口文档...
2026-01-16 17:52:48.262 [main] INFO  com.sky.config.WebMvcConfig - 扩展消息转换器...
2026-01-16 17:52:48.270 [main] INFO  com.sky.config.WebMvcConfig - 开始设置静态资源映射...
2026-01-16 17:52:48.641 [main] INFO  o.s.boot.web.embedded.tomcat.TomcatWebServer - Tomcat started on port(s): 8080 (http) with context path ''
2026-01-16 17:52:48.986 [main] INFO  com.sky.SkyApplication - Started SkyApplication in 3.515 seconds (JVM running for 3.978)
2026-01-16 17:52:48.987 [main] INFO  com.sky.SkyApplication - server starts ...
2026-01-16 17:52:56.440 [http-nio-8080-exec-2] INFO  o.a.c.core.ContainerBase.[Tomcat].[localhost].[/] - Initializing Spring DispatcherServlet 'dispatcherServlet'
2026-01-16 17:52:56.440 [http-nio-8080-exec-2] INFO  org.springframework.web.servlet.DispatcherServlet - Initializing Servlet 'dispatcherServlet'
2026-01-16 17:52:56.442 [http-nio-8080-exec-2] INFO  org.springframework.web.servlet.DispatcherServlet - Completed initialization in 2 ms
2026-01-16 17:52:56.453 [http-nio-8080-exec-1] INFO  com.sky.interceptor.JwtTokenInterceptor - jwt校验: eyJhbGciOiJIUzI1NiJ9.eyJlbXBJZCI6MSwiZXhwIjoxNzY5MjcyMDAwfQ._bbClYFVQ9BDF2L5Vble2dvD9x4t1FtlcEzesGbshi4
2026-01-16 17:52:56.455 [http-nio-8080-exec-5] WARN  org.springframework.web.servlet.PageNotFound - No mapping for GET /admin/report/ordersStatistics
2026-01-16 17:52:56.455 [http-nio-8080-exec-10] WARN  org.springframework.web.servlet.PageNotFound - No mapping for GET /admin/report/userStatistics
2026-01-16 17:52:56.455 [http-nio-8080-exec-2] WARN  org.springframework.web.servlet.PageNotFound - No mapping for GET /admin/report/top10
2026-01-16 17:52:56.503 [http-nio-8080-exec-1] INFO  com.sky.interceptor.JwtTokenAdminInterceptor - id=1的员工登入苍穹外卖管理端

2026-01-16 17:52:56.510 [http-nio-8080-exec-1] INFO  com.sky.controller.admin.ReportController - 统计2026-01-09到2026-01-15之间的营业额
2026-01-16 17:52:56.656 [http-nio-8080-exec-1] DEBUG com.sky.mapper.OrderMapper.selectObjs - ==>  Preparing: SELECT sum(amount) as turnover FROM orders WHERE (status = ? AND delivery_time BETWEEN ? AND ?)
2026-01-16 17:52:56.683 [http-nio-8080-exec-1] DEBUG com.sky.mapper.OrderMapper.selectObjs - ==> Parameters: 5(Integer), 2026-01-09T00:00(LocalDateTime), 2026-01-09T23:59:59.999999999(LocalDateTime)
2026-01-16 17:52:56.700 [http-nio-8080-exec-1] DEBUG com.sky.mapper.OrderMapper.selectObjs - <==      Total: 1
2026-01-16 17:52:56.702 [http-nio-8080-exec-1] DEBUG com.sky.mapper.OrderMapper.selectObjs - ==>  Preparing: SELECT sum(amount) as turnover FROM orders WHERE (status = ? AND delivery_time BETWEEN ? AND ?)
2026-01-16 17:52:56.703 [http-nio-8080-exec-1] DEBUG com.sky.mapper.OrderMapper.selectObjs - ==> Parameters: 5(Integer), 2026-01-10T00:00(LocalDateTime), 2026-01-10T23:59:59.999999999(LocalDateTime)
2026-01-16 17:52:56.704 [http-nio-8080-exec-1] DEBUG com.sky.mapper.OrderMapper.selectObjs - <==      Total: 1
2026-01-16 17:52:56.705 [http-nio-8080-exec-1] DEBUG com.sky.mapper.OrderMapper.selectObjs - ==>  Preparing: SELECT sum(amount) as turnover FROM orders WHERE (status = ? AND delivery_time BETWEEN ? AND ?)
2026-01-16 17:52:56.705 [http-nio-8080-exec-1] DEBUG com.sky.mapper.OrderMapper.selectObjs - ==> Parameters: 5(Integer), 2026-01-11T00:00(LocalDateTime), 2026-01-11T23:59:59.999999999(LocalDateTime)
2026-01-16 17:52:56.706 [http-nio-8080-exec-1] DEBUG com.sky.mapper.OrderMapper.selectObjs - <==      Total: 1
2026-01-16 17:52:56.707 [http-nio-8080-exec-1] DEBUG com.sky.mapper.OrderMapper.selectObjs - ==>  Preparing: SELECT sum(amount) as turnover FROM orders WHERE (status = ? AND delivery_time BETWEEN ? AND ?)
2026-01-16 17:52:56.707 [http-nio-8080-exec-1] DEBUG com.sky.mapper.OrderMapper.selectObjs - ==> Parameters: 5(Integer), 2026-01-12T00:00(LocalDateTime), 2026-01-12T23:59:59.999999999(LocalDateTime)
2026-01-16 17:52:56.708 [http-nio-8080-exec-1] DEBUG com.sky.mapper.OrderMapper.selectObjs - <==      Total: 1
2026-01-16 17:52:56.709 [http-nio-8080-exec-1] DEBUG com.sky.mapper.OrderMapper.selectObjs - ==>  Preparing: SELECT sum(amount) as turnover FROM orders WHERE (status = ? AND delivery_time BETWEEN ? AND ?)
2026-01-16 17:52:56.709 [http-nio-8080-exec-1] DEBUG com.sky.mapper.OrderMapper.selectObjs - ==> Parameters: 5(Integer), 2026-01-13T00:00(LocalDateTime), 2026-01-13T23:59:59.999999999(LocalDateTime)
2026-01-16 17:52:56.710 [http-nio-8080-exec-1] DEBUG com.sky.mapper.OrderMapper.selectObjs - <==      Total: 1
2026-01-16 17:52:56.711 [http-nio-8080-exec-1] DEBUG com.sky.mapper.OrderMapper.selectObjs - ==>  Preparing: SELECT sum(amount) as turnover FROM orders WHERE (status = ? AND delivery_time BETWEEN ? AND ?)
2026-01-16 17:52:56.712 [http-nio-8080-exec-1] DEBUG com.sky.mapper.OrderMapper.selectObjs - ==> Parameters: 5(Integer), 2026-01-14T00:00(LocalDateTime), 2026-01-14T23:59:59.999999999(LocalDateTime)
2026-01-16 17:52:56.714 [http-nio-8080-exec-1] DEBUG com.sky.mapper.OrderMapper.selectObjs - <==      Total: 1
2026-01-16 17:52:56.715 [http-nio-8080-exec-1] DEBUG com.sky.mapper.OrderMapper.selectObjs - ==>  Preparing: SELECT sum(amount) as turnover FROM orders WHERE (status = ? AND delivery_time BETWEEN ? AND ?)
2026-01-16 17:52:56.715 [http-nio-8080-exec-1] DEBUG com.sky.mapper.OrderMapper.selectObjs - ==> Parameters: 5(Integer), 2026-01-15T00:00(LocalDateTime), 2026-01-15T23:59:59.999999999(LocalDateTime)
2026-01-16 17:52:56.716 [http-nio-8080-exec-1] DEBUG com.sky.mapper.OrderMapper.selectObjs - <==      Total: 1
2026-01-16 17:52:56.716 [http-nio-8080-exec-1] INFO  com.sky.controller.admin.ReportController - 营业额列表：,,,,,480.00,101.00
2026-01-16 17:52:57.588 [http-nio-8080-exec-3] INFO  com.sky.interceptor.JwtTokenInterceptor - jwt校验: eyJhbGciOiJIUzI1NiJ9.eyJlbXBJZCI6MSwiZXhwIjoxNzY5MjcyMDAwfQ._bbClYFVQ9BDF2L5Vble2dvD9x4t1FtlcEzesGbshi4
2026-01-16 17:52:57.588 [http-nio-8080-exec-6] WARN  org.springframework.web.servlet.PageNotFound - No mapping for GET /admin/report/userStatistics
2026-01-16 17:52:57.588 [http-nio-8080-exec-8] WARN  org.springframework.web.servlet.PageNotFound - No mapping for GET /admin/report/top10
2026-01-16 17:52:57.588 [http-nio-8080-exec-7] WARN  org.springframework.web.servlet.PageNotFound - No mapping for GET /admin/report/ordersStatistics
2026-01-16 17:52:57.588 [http-nio-8080-exec-3] INFO  com.sky.interceptor.JwtTokenAdminInterceptor - id=1的员工登入苍穹外卖管理端

2026-01-16 17:52:57.589 [http-nio-8080-exec-3] INFO  com.sky.controller.admin.ReportController - 统计2026-01-12到2026-01-18之间的营业额
2026-01-16 17:52:57.590 [http-nio-8080-exec-3] DEBUG com.sky.mapper.OrderMapper.selectObjs - ==>  Preparing: SELECT sum(amount) as turnover FROM orders WHERE (status = ? AND delivery_time BETWEEN ? AND ?)
2026-01-16 17:52:57.591 [http-nio-8080-exec-3] DEBUG com.sky.mapper.OrderMapper.selectObjs - ==> Parameters: 5(Integer), 2026-01-12T00:00(LocalDateTime), 2026-01-12T23:59:59.999999999(LocalDateTime)
2026-01-16 17:52:57.592 [http-nio-8080-exec-3] DEBUG com.sky.mapper.OrderMapper.selectObjs - <==      Total: 1
2026-01-16 17:52:57.593 [http-nio-8080-exec-3] DEBUG com.sky.mapper.OrderMapper.selectObjs - ==>  Preparing: SELECT sum(amount) as turnover FROM orders WHERE (status = ? AND delivery_time BETWEEN ? AND ?)
2026-01-16 17:52:57.593 [http-nio-8080-exec-3] DEBUG com.sky.mapper.OrderMapper.selectObjs - ==> Parameters: 5(Integer), 2026-01-13T00:00(LocalDateTime), 2026-01-13T23:59:59.999999999(LocalDateTime)
2026-01-16 17:52:57.594 [http-nio-8080-exec-3] DEBUG com.sky.mapper.OrderMapper.selectObjs - <==      Total: 1
2026-01-16 17:52:57.595 [http-nio-8080-exec-3] DEBUG com.sky.mapper.OrderMapper.selectObjs - ==>  Preparing: SELECT sum(amount) as turnover FROM orders WHERE (status = ? AND delivery_time BETWEEN ? AND ?)
2026-01-16 17:52:57.595 [http-nio-8080-exec-3] DEBUG com.sky.mapper.OrderMapper.selectObjs - ==> Parameters: 5(Integer), 2026-01-14T00:00(LocalDateTime), 2026-01-14T23:59:59.999999999(LocalDateTime)
2026-01-16 17:52:57.596 [http-nio-8080-exec-3] DEBUG com.sky.mapper.OrderMapper.selectObjs - <==      Total: 1
2026-01-16 17:52:57.596 [http-nio-8080-exec-3] DEBUG com.sky.mapper.OrderMapper.selectObjs - ==>  Preparing: SELECT sum(amount) as turnover FROM orders WHERE (status = ? AND delivery_time BETWEEN ? AND ?)
2026-01-16 17:52:57.596 [http-nio-8080-exec-3] DEBUG com.sky.mapper.OrderMapper.selectObjs - ==> Parameters: 5(Integer), 2026-01-15T00:00(LocalDateTime), 2026-01-15T23:59:59.999999999(LocalDateTime)
2026-01-16 17:52:57.597 [http-nio-8080-exec-3] DEBUG com.sky.mapper.OrderMapper.selectObjs - <==      Total: 1
2026-01-16 17:52:57.598 [http-nio-8080-exec-3] DEBUG com.sky.mapper.OrderMapper.selectObjs - ==>  Preparing: SELECT sum(amount) as turnover FROM orders WHERE (status = ? AND delivery_time BETWEEN ? AND ?)
2026-01-16 17:52:57.599 [http-nio-8080-exec-3] DEBUG com.sky.mapper.OrderMapper.selectObjs - ==> Parameters: 5(Integer), 2026-01-16T00:00(LocalDateTime), 2026-01-16T23:59:59.999999999(LocalDateTime)
2026-01-16 17:52:57.600 [http-nio-8080-exec-3] DEBUG com.sky.mapper.OrderMapper.selectObjs - <==      Total: 1
2026-01-16 17:52:57.600 [http-nio-8080-exec-3] DEBUG com.sky.mapper.OrderMapper.selectObjs - ==>  Preparing: SELECT sum(amount) as turnover FROM orders WHERE (status = ? AND delivery_time BETWEEN ? AND ?)
2026-01-16 17:52:57.600 [http-nio-8080-exec-3] DEBUG com.sky.mapper.OrderMapper.selectObjs - ==> Parameters: 5(Integer), 2026-01-17T00:00(LocalDateTime), 2026-01-17T23:59:59.999999999(LocalDateTime)
2026-01-16 17:52:57.602 [http-nio-8080-exec-3] DEBUG com.sky.mapper.OrderMapper.selectObjs - <==      Total: 1
2026-01-16 17:52:57.603 [http-nio-8080-exec-3] DEBUG com.sky.mapper.OrderMapper.selectObjs - ==>  Preparing: SELECT sum(amount) as turnover FROM orders WHERE (status = ? AND delivery_time BETWEEN ? AND ?)
2026-01-16 17:52:57.603 [http-nio-8080-exec-3] DEBUG com.sky.mapper.OrderMapper.selectObjs - ==> Parameters: 5(Integer), 2026-01-18T00:00(LocalDateTime), 2026-01-18T23:59:59.999999999(LocalDateTime)
2026-01-16 17:52:57.604 [http-nio-8080-exec-3] DEBUG com.sky.mapper.OrderMapper.selectObjs - <==      Total: 1
2026-01-16 17:52:57.604 [http-nio-8080-exec-3] INFO  com.sky.controller.admin.ReportController - 营业额列表：,,480.00,101.00,242.00,,
2026-01-16 17:52:58.891 [http-nio-8080-exec-9] INFO  com.sky.interceptor.JwtTokenInterceptor - jwt校验: eyJhbGciOiJIUzI1NiJ9.eyJlbXBJZCI6MSwiZXhwIjoxNzY5MjcyMDAwfQ._bbClYFVQ9BDF2L5Vble2dvD9x4t1FtlcEzesGbshi4
2026-01-16 17:52:58.891 [http-nio-8080-exec-10] WARN  org.springframework.web.servlet.PageNotFound - No mapping for GET /admin/report/userStatistics
2026-01-16 17:52:58.891 [http-nio-8080-exec-4] WARN  org.springframework.web.servlet.PageNotFound - No mapping for GET /admin/report/ordersStatistics
2026-01-16 17:52:58.891 [http-nio-8080-exec-5] WARN  org.springframework.web.servlet.PageNotFound - No mapping for GET /admin/report/top10
2026-01-16 17:52:58.891 [http-nio-8080-exec-9] INFO  com.sky.interceptor.JwtTokenAdminInterceptor - id=1的员工登入苍穹外卖管理端

2026-01-16 17:52:58.892 [http-nio-8080-exec-9] INFO  com.sky.controller.admin.ReportController - 统计2026-01-01到2026-01-31之间的营业额
2026-01-16 17:52:58.893 [http-nio-8080-exec-9] DEBUG com.sky.mapper.OrderMapper.selectObjs - ==>  Preparing: SELECT sum(amount) as turnover FROM orders WHERE (status = ? AND delivery_time BETWEEN ? AND ?)
2026-01-16 17:52:58.894 [http-nio-8080-exec-9] DEBUG com.sky.mapper.OrderMapper.selectObjs - ==> Parameters: 5(Integer), 2026-01-01T00:00(LocalDateTime), 2026-01-01T23:59:59.999999999(LocalDateTime)
2026-01-16 17:52:58.895 [http-nio-8080-exec-9] DEBUG com.sky.mapper.OrderMapper.selectObjs - <==      Total: 1
2026-01-16 17:52:58.897 [http-nio-8080-exec-9] DEBUG com.sky.mapper.OrderMapper.selectObjs - ==>  Preparing: SELECT sum(amount) as turnover FROM orders WHERE (status = ? AND delivery_time BETWEEN ? AND ?)
2026-01-16 17:52:58.898 [http-nio-8080-exec-9] DEBUG com.sky.mapper.OrderMapper.selectObjs - ==> Parameters: 5(Integer), 2026-01-02T00:00(LocalDateTime), 2026-01-02T23:59:59.999999999(LocalDateTime)
2026-01-16 17:52:58.900 [http-nio-8080-exec-9] DEBUG com.sky.mapper.OrderMapper.selectObjs - <==      Total: 1
2026-01-16 17:52:58.901 [http-nio-8080-exec-9] DEBUG com.sky.mapper.OrderMapper.selectObjs - ==>  Preparing: SELECT sum(amount) as turnover FROM orders WHERE (status = ? AND delivery_time BETWEEN ? AND ?)
2026-01-16 17:52:58.902 [http-nio-8080-exec-9] DEBUG com.sky.mapper.OrderMapper.selectObjs - ==> Parameters: 5(Integer), 2026-01-03T00:00(LocalDateTime), 2026-01-03T23:59:59.999999999(LocalDateTime)
2026-01-16 17:52:58.903 [http-nio-8080-exec-9] DEBUG com.sky.mapper.OrderMapper.selectObjs - <==      Total: 1
2026-01-16 17:52:58.903 [http-nio-8080-exec-9] DEBUG com.sky.mapper.OrderMapper.selectObjs - ==>  Preparing: SELECT sum(amount) as turnover FROM orders WHERE (status = ? AND delivery_time BETWEEN ? AND ?)
2026-01-16 17:52:58.904 [http-nio-8080-exec-9] DEBUG com.sky.mapper.OrderMapper.selectObjs - ==> Parameters: 5(Integer), 2026-01-04T00:00(LocalDateTime), 2026-01-04T23:59:59.999999999(LocalDateTime)
2026-01-16 17:52:58.904 [http-nio-8080-exec-9] DEBUG com.sky.mapper.OrderMapper.selectObjs - <==      Total: 1
2026-01-16 17:52:58.904 [http-nio-8080-exec-9] DEBUG com.sky.mapper.OrderMapper.selectObjs - ==>  Preparing: SELECT sum(amount) as turnover FROM orders WHERE (status = ? AND delivery_time BETWEEN ? AND ?)
2026-01-16 17:52:58.904 [http-nio-8080-exec-9] DEBUG com.sky.mapper.OrderMapper.selectObjs - ==> Parameters: 5(Integer), 2026-01-05T00:00(LocalDateTime), 2026-01-05T23:59:59.999999999(LocalDateTime)
2026-01-16 17:52:58.905 [http-nio-8080-exec-9] DEBUG com.sky.mapper.OrderMapper.selectObjs - <==      Total: 1
2026-01-16 17:52:58.906 [http-nio-8080-exec-9] DEBUG com.sky.mapper.OrderMapper.selectObjs - ==>  Preparing: SELECT sum(amount) as turnover FROM orders WHERE (status = ? AND delivery_time BETWEEN ? AND ?)
2026-01-16 17:52:58.906 [http-nio-8080-exec-9] DEBUG com.sky.mapper.OrderMapper.selectObjs - ==> Parameters: 5(Integer), 2026-01-06T00:00(LocalDateTime), 2026-01-06T23:59:59.999999999(LocalDateTime)
2026-01-16 17:52:58.906 [http-nio-8080-exec-9] DEBUG com.sky.mapper.OrderMapper.selectObjs - <==      Total: 1
2026-01-16 17:52:58.907 [http-nio-8080-exec-9] DEBUG com.sky.mapper.OrderMapper.selectObjs - ==>  Preparing: SELECT sum(amount) as turnover FROM orders WHERE (status = ? AND delivery_time BETWEEN ? AND ?)
2026-01-16 17:52:58.907 [http-nio-8080-exec-9] DEBUG com.sky.mapper.OrderMapper.selectObjs - ==> Parameters: 5(Integer), 2026-01-07T00:00(LocalDateTime), 2026-01-07T23:59:59.999999999(LocalDateTime)
2026-01-16 17:52:58.908 [http-nio-8080-exec-9] DEBUG com.sky.mapper.OrderMapper.selectObjs - <==      Total: 1
2026-01-16 17:52:58.909 [http-nio-8080-exec-9] DEBUG com.sky.mapper.OrderMapper.selectObjs - ==>  Preparing: SELECT sum(amount) as turnover FROM orders WHERE (status = ? AND delivery_time BETWEEN ? AND ?)
2026-01-16 17:52:58.909 [http-nio-8080-exec-9] DEBUG com.sky.mapper.OrderMapper.selectObjs - ==> Parameters: 5(Integer), 2026-01-08T00:00(LocalDateTime), 2026-01-08T23:59:59.999999999(LocalDateTime)
2026-01-16 17:52:58.910 [http-nio-8080-exec-9] DEBUG com.sky.mapper.OrderMapper.selectObjs - <==      Total: 1
2026-01-16 17:52:58.910 [http-nio-8080-exec-9] DEBUG com.sky.mapper.OrderMapper.selectObjs - ==>  Preparing: SELECT sum(amount) as turnover FROM orders WHERE (status = ? AND delivery_time BETWEEN ? AND ?)
2026-01-16 17:52:58.911 [http-nio-8080-exec-9] DEBUG com.sky.mapper.OrderMapper.selectObjs - ==> Parameters: 5(Integer), 2026-01-09T00:00(LocalDateTime), 2026-01-09T23:59:59.999999999(LocalDateTime)
2026-01-16 17:52:58.911 [http-nio-8080-exec-9] DEBUG com.sky.mapper.OrderMapper.selectObjs - <==      Total: 1
2026-01-16 17:52:58.912 [http-nio-8080-exec-9] DEBUG com.sky.mapper.OrderMapper.selectObjs - ==>  Preparing: SELECT sum(amount) as turnover FROM orders WHERE (status = ? AND delivery_time BETWEEN ? AND ?)
2026-01-16 17:52:58.912 [http-nio-8080-exec-9] DEBUG com.sky.mapper.OrderMapper.selectObjs - ==> Parameters: 5(Integer), 2026-01-10T00:00(LocalDateTime), 2026-01-10T23:59:59.999999999(LocalDateTime)
2026-01-16 17:52:58.912 [http-nio-8080-exec-9] DEBUG com.sky.mapper.OrderMapper.selectObjs - <==      Total: 1
2026-01-16 17:52:58.913 [http-nio-8080-exec-9] DEBUG com.sky.mapper.OrderMapper.selectObjs - ==>  Preparing: SELECT sum(amount) as turnover FROM orders WHERE (status = ? AND delivery_time BETWEEN ? AND ?)
2026-01-16 17:52:58.913 [http-nio-8080-exec-9] DEBUG com.sky.mapper.OrderMapper.selectObjs - ==> Parameters: 5(Integer), 2026-01-11T00:00(LocalDateTime), 2026-01-11T23:59:59.999999999(LocalDateTime)
2026-01-16 17:52:58.914 [http-nio-8080-exec-9] DEBUG com.sky.mapper.OrderMapper.selectObjs - <==      Total: 1
2026-01-16 17:52:58.914 [http-nio-8080-exec-9] DEBUG com.sky.mapper.OrderMapper.selectObjs - ==>  Preparing: SELECT sum(amount) as turnover FROM orders WHERE (status = ? AND delivery_time BETWEEN ? AND ?)
2026-01-16 17:52:58.914 [http-nio-8080-exec-9] DEBUG com.sky.mapper.OrderMapper.selectObjs - ==> Parameters: 5(Integer), 2026-01-12T00:00(LocalDateTime), 2026-01-12T23:59:59.999999999(LocalDateTime)
2026-01-16 17:52:58.915 [http-nio-8080-exec-9] DEBUG com.sky.mapper.OrderMapper.selectObjs - <==      Total: 1
2026-01-16 17:52:58.916 [http-nio-8080-exec-9] DEBUG com.sky.mapper.OrderMapper.selectObjs - ==>  Preparing: SELECT sum(amount) as turnover FROM orders WHERE (status = ? AND delivery_time BETWEEN ? AND ?)
2026-01-16 17:52:58.916 [http-nio-8080-exec-9] DEBUG com.sky.mapper.OrderMapper.selectObjs - ==> Parameters: 5(Integer), 2026-01-13T00:00(LocalDateTime), 2026-01-13T23:59:59.999999999(LocalDateTime)
2026-01-16 17:52:58.916 [http-nio-8080-exec-9] DEBUG com.sky.mapper.OrderMapper.selectObjs - <==      Total: 1
2026-01-16 17:52:58.916 [http-nio-8080-exec-9] DEBUG com.sky.mapper.OrderMapper.selectObjs - ==>  Preparing: SELECT sum(amount) as turnover FROM orders WHERE (status = ? AND delivery_time BETWEEN ? AND ?)
2026-01-16 17:52:58.918 [http-nio-8080-exec-9] DEBUG com.sky.mapper.OrderMapper.selectObjs - ==> Parameters: 5(Integer), 2026-01-14T00:00(LocalDateTime), 2026-01-14T23:59:59.999999999(LocalDateTime)
2026-01-16 17:52:58.918 [http-nio-8080-exec-9] DEBUG com.sky.mapper.OrderMapper.selectObjs - <==      Total: 1
2026-01-16 17:52:58.919 [http-nio-8080-exec-9] DEBUG com.sky.mapper.OrderMapper.selectObjs - ==>  Preparing: SELECT sum(amount) as turnover FROM orders WHERE (status = ? AND delivery_time BETWEEN ? AND ?)
2026-01-16 17:52:58.919 [http-nio-8080-exec-9] DEBUG com.sky.mapper.OrderMapper.selectObjs - ==> Parameters: 5(Integer), 2026-01-15T00:00(LocalDateTime), 2026-01-15T23:59:59.999999999(LocalDateTime)
2026-01-16 17:52:58.919 [http-nio-8080-exec-9] DEBUG com.sky.mapper.OrderMapper.selectObjs - <==      Total: 1
2026-01-16 17:52:58.920 [http-nio-8080-exec-9] DEBUG com.sky.mapper.OrderMapper.selectObjs - ==>  Preparing: SELECT sum(amount) as turnover FROM orders WHERE (status = ? AND delivery_time BETWEEN ? AND ?)
2026-01-16 17:52:58.920 [http-nio-8080-exec-9] DEBUG com.sky.mapper.OrderMapper.selectObjs - ==> Parameters: 5(Integer), 2026-01-16T00:00(LocalDateTime), 2026-01-16T23:59:59.999999999(LocalDateTime)
2026-01-16 17:52:58.921 [http-nio-8080-exec-9] DEBUG com.sky.mapper.OrderMapper.selectObjs - <==      Total: 1
2026-01-16 17:52:58.921 [http-nio-8080-exec-9] DEBUG com.sky.mapper.OrderMapper.selectObjs - ==>  Preparing: SELECT sum(amount) as turnover FROM orders WHERE (status = ? AND delivery_time BETWEEN ? AND ?)
2026-01-16 17:52:58.921 [http-nio-8080-exec-9] DEBUG com.sky.mapper.OrderMapper.selectObjs - ==> Parameters: 5(Integer), 2026-01-17T00:00(LocalDateTime), 2026-01-17T23:59:59.999999999(LocalDateTime)
2026-01-16 17:52:58.922 [http-nio-8080-exec-9] DEBUG com.sky.mapper.OrderMapper.selectObjs - <==      Total: 1
2026-01-16 17:52:58.922 [http-nio-8080-exec-9] DEBUG com.sky.mapper.OrderMapper.selectObjs - ==>  Preparing: SELECT sum(amount) as turnover FROM orders WHERE (status = ? AND delivery_time BETWEEN ? AND ?)
2026-01-16 17:52:58.922 [http-nio-8080-exec-9] DEBUG com.sky.mapper.OrderMapper.selectObjs - ==> Parameters: 5(Integer), 2026-01-18T00:00(LocalDateTime), 2026-01-18T23:59:59.999999999(LocalDateTime)
2026-01-16 17:52:58.923 [http-nio-8080-exec-9] DEBUG com.sky.mapper.OrderMapper.selectObjs - <==      Total: 1
2026-01-16 17:52:58.923 [http-nio-8080-exec-9] DEBUG com.sky.mapper.OrderMapper.selectObjs - ==>  Preparing: SELECT sum(amount) as turnover FROM orders WHERE (status = ? AND delivery_time BETWEEN ? AND ?)
2026-01-16 17:52:58.924 [http-nio-8080-exec-9] DEBUG com.sky.mapper.OrderMapper.selectObjs - ==> Parameters: 5(Integer), 2026-01-19T00:00(LocalDateTime), 2026-01-19T23:59:59.999999999(LocalDateTime)
2026-01-16 17:52:58.924 [http-nio-8080-exec-9] DEBUG com.sky.mapper.OrderMapper.selectObjs - <==      Total: 1
2026-01-16 17:52:58.924 [http-nio-8080-exec-9] DEBUG com.sky.mapper.OrderMapper.selectObjs - ==>  Preparing: SELECT sum(amount) as turnover FROM orders WHERE (status = ? AND delivery_time BETWEEN ? AND ?)
2026-01-16 17:52:58.925 [http-nio-8080-exec-9] DEBUG com.sky.mapper.OrderMapper.selectObjs - ==> Parameters: 5(Integer), 2026-01-20T00:00(LocalDateTime), 2026-01-20T23:59:59.999999999(LocalDateTime)
2026-01-16 17:52:58.925 [http-nio-8080-exec-9] DEBUG com.sky.mapper.OrderMapper.selectObjs - <==      Total: 1
2026-01-16 17:52:58.926 [http-nio-8080-exec-9] DEBUG com.sky.mapper.OrderMapper.selectObjs - ==>  Preparing: SELECT sum(amount) as turnover FROM orders WHERE (status = ? AND delivery_time BETWEEN ? AND ?)
2026-01-16 17:52:58.926 [http-nio-8080-exec-9] DEBUG com.sky.mapper.OrderMapper.selectObjs - ==> Parameters: 5(Integer), 2026-01-21T00:00(LocalDateTime), 2026-01-21T23:59:59.999999999(LocalDateTime)
2026-01-16 17:52:58.926 [http-nio-8080-exec-9] DEBUG com.sky.mapper.OrderMapper.selectObjs - <==      Total: 1
2026-01-16 17:52:58.927 [http-nio-8080-exec-9] DEBUG com.sky.mapper.OrderMapper.selectObjs - ==>  Preparing: SELECT sum(amount) as turnover FROM orders WHERE (status = ? AND delivery_time BETWEEN ? AND ?)
2026-01-16 17:52:58.927 [http-nio-8080-exec-9] DEBUG com.sky.mapper.OrderMapper.selectObjs - ==> Parameters: 5(Integer), 2026-01-22T00:00(LocalDateTime), 2026-01-22T23:59:59.999999999(LocalDateTime)
2026-01-16 17:52:58.927 [http-nio-8080-exec-9] DEBUG com.sky.mapper.OrderMapper.selectObjs - <==      Total: 1
2026-01-16 17:52:58.928 [http-nio-8080-exec-9] DEBUG com.sky.mapper.OrderMapper.selectObjs - ==>  Preparing: SELECT sum(amount) as turnover FROM orders WHERE (status = ? AND delivery_time BETWEEN ? AND ?)
2026-01-16 17:52:58.928 [http-nio-8080-exec-9] DEBUG com.sky.mapper.OrderMapper.selectObjs - ==> Parameters: 5(Integer), 2026-01-23T00:00(LocalDateTime), 2026-01-23T23:59:59.999999999(LocalDateTime)
2026-01-16 17:52:58.928 [http-nio-8080-exec-9] DEBUG com.sky.mapper.OrderMapper.selectObjs - <==      Total: 1
2026-01-16 17:52:58.929 [http-nio-8080-exec-9] DEBUG com.sky.mapper.OrderMapper.selectObjs - ==>  Preparing: SELECT sum(amount) as turnover FROM orders WHERE (status = ? AND delivery_time BETWEEN ? AND ?)
2026-01-16 17:52:58.929 [http-nio-8080-exec-9] DEBUG com.sky.mapper.OrderMapper.selectObjs - ==> Parameters: 5(Integer), 2026-01-24T00:00(LocalDateTime), 2026-01-24T23:59:59.999999999(LocalDateTime)
2026-01-16 17:52:58.930 [http-nio-8080-exec-9] DEBUG com.sky.mapper.OrderMapper.selectObjs - <==      Total: 1
2026-01-16 17:52:58.930 [http-nio-8080-exec-9] DEBUG com.sky.mapper.OrderMapper.selectObjs - ==>  Preparing: SELECT sum(amount) as turnover FROM orders WHERE (status = ? AND delivery_time BETWEEN ? AND ?)
2026-01-16 17:52:58.930 [http-nio-8080-exec-9] DEBUG com.sky.mapper.OrderMapper.selectObjs - ==> Parameters: 5(Integer), 2026-01-25T00:00(LocalDateTime), 2026-01-25T23:59:59.999999999(LocalDateTime)
2026-01-16 17:52:58.931 [http-nio-8080-exec-9] DEBUG com.sky.mapper.OrderMapper.selectObjs - <==      Total: 1
2026-01-16 17:52:58.932 [http-nio-8080-exec-9] DEBUG com.sky.mapper.OrderMapper.selectObjs - ==>  Preparing: SELECT sum(amount) as turnover FROM orders WHERE (status = ? AND delivery_time BETWEEN ? AND ?)
2026-01-16 17:52:58.932 [http-nio-8080-exec-9] DEBUG com.sky.mapper.OrderMapper.selectObjs - ==> Parameters: 5(Integer), 2026-01-26T00:00(LocalDateTime), 2026-01-26T23:59:59.999999999(LocalDateTime)
2026-01-16 17:52:58.933 [http-nio-8080-exec-9] DEBUG com.sky.mapper.OrderMapper.selectObjs - <==      Total: 1
2026-01-16 17:52:58.933 [http-nio-8080-exec-9] DEBUG com.sky.mapper.OrderMapper.selectObjs - ==>  Preparing: SELECT sum(amount) as turnover FROM orders WHERE (status = ? AND delivery_time BETWEEN ? AND ?)
2026-01-16 17:52:58.934 [http-nio-8080-exec-9] DEBUG com.sky.mapper.OrderMapper.selectObjs - ==> Parameters: 5(Integer), 2026-01-27T00:00(LocalDateTime), 2026-01-27T23:59:59.999999999(LocalDateTime)
2026-01-16 17:52:58.934 [http-nio-8080-exec-9] DEBUG com.sky.mapper.OrderMapper.selectObjs - <==      Total: 1
2026-01-16 17:52:58.934 [http-nio-8080-exec-9] DEBUG com.sky.mapper.OrderMapper.selectObjs - ==>  Preparing: SELECT sum(amount) as turnover FROM orders WHERE (status = ? AND delivery_time BETWEEN ? AND ?)
2026-01-16 17:52:58.935 [http-nio-8080-exec-9] DEBUG com.sky.mapper.OrderMapper.selectObjs - ==> Parameters: 5(Integer), 2026-01-28T00:00(LocalDateTime), 2026-01-28T23:59:59.999999999(LocalDateTime)
2026-01-16 17:52:58.935 [http-nio-8080-exec-9] DEBUG com.sky.mapper.OrderMapper.selectObjs - <==      Total: 1
2026-01-16 17:52:58.936 [http-nio-8080-exec-9] DEBUG com.sky.mapper.OrderMapper.selectObjs - ==>  Preparing: SELECT sum(amount) as turnover FROM orders WHERE (status = ? AND delivery_time BETWEEN ? AND ?)
2026-01-16 17:52:58.936 [http-nio-8080-exec-9] DEBUG com.sky.mapper.OrderMapper.selectObjs - ==> Parameters: 5(Integer), 2026-01-29T00:00(LocalDateTime), 2026-01-29T23:59:59.999999999(LocalDateTime)
2026-01-16 17:52:58.937 [http-nio-8080-exec-9] DEBUG com.sky.mapper.OrderMapper.selectObjs - <==      Total: 1
2026-01-16 17:52:58.937 [http-nio-8080-exec-9] DEBUG com.sky.mapper.OrderMapper.selectObjs - ==>  Preparing: SELECT sum(amount) as turnover FROM orders WHERE (status = ? AND delivery_time BETWEEN ? AND ?)
2026-01-16 17:52:58.937 [http-nio-8080-exec-9] DEBUG com.sky.mapper.OrderMapper.selectObjs - ==> Parameters: 5(Integer), 2026-01-30T00:00(LocalDateTime), 2026-01-30T23:59:59.999999999(LocalDateTime)
2026-01-16 17:52:58.938 [http-nio-8080-exec-9] DEBUG com.sky.mapper.OrderMapper.selectObjs - <==      Total: 1
2026-01-16 17:52:58.938 [http-nio-8080-exec-9] DEBUG com.sky.mapper.OrderMapper.selectObjs - ==>  Preparing: SELECT sum(amount) as turnover FROM orders WHERE (status = ? AND delivery_time BETWEEN ? AND ?)
2026-01-16 17:52:58.938 [http-nio-8080-exec-9] DEBUG com.sky.mapper.OrderMapper.selectObjs - ==> Parameters: 5(Integer), 2026-01-31T00:00(LocalDateTime), 2026-01-31T23:59:59.999999999(LocalDateTime)
2026-01-16 17:52:58.939 [http-nio-8080-exec-9] DEBUG com.sky.mapper.OrderMapper.selectObjs - <==      Total: 1
2026-01-16 17:52:58.939 [http-nio-8080-exec-9] INFO  com.sky.controller.admin.ReportController - 营业额列表：,,,,,,,,,,,,,480.00,101.00,242.00,,,,,,,,,,,,,,,
2026-01-16 17:53:00.005 [scheduling-1] INFO  com.sky.task.OrderTask - 每分钟定时处理超时未付款的订单：2026-01-16T17:53:00.005182500
2026-01-16 17:53:00.009 [scheduling-1] DEBUG com.sky.mapper.OrderMapper.selectList - ==>  Preparing: SELECT id,number,status,user_id,address_book_id,order_time,checkout_time,pay_method,pay_status,amount,remark,user_name,phone,address,consignee,cancel_reason,rejection_reason,cancel_time,estimated_delivery_time,delivery_status,delivery_time,pack_amount,tableware_number,tableware_status FROM orders WHERE (status = ? AND order_time < ?)
2026-01-16 17:53:00.009 [scheduling-1] DEBUG com.sky.mapper.OrderMapper.selectList - ==> Parameters: 1(Integer), 2026-01-16T17:50:00.005790100(LocalDateTime)
2026-01-16 17:53:00.011 [scheduling-1] DEBUG com.sky.mapper.OrderMapper.selectList - <==      Total: 0
2026-01-16 17:53:07.652 [SpringApplicationShutdownHook] INFO  com.alibaba.druid.pool.DruidDataSource - {dataSource-1} closing ...
2026-01-16 17:53:07.655 [SpringApplicationShutdownHook] INFO  com.alibaba.druid.pool.DruidDataSource - {dataSource-1} closed
