2026-01-16 17:58:32.662 [main] INFO  com.sky.SkyApplication - Starting SkyApplication using Java 17.0.12 on Zsh with PID 23008 (D:\ZSH-ComputerScience\CangQiong\sky-take-out\sky-take-out\sky-server\target\classes started by asus in D:\ZSH-ComputerScience\CangQiong\sky-take-out\sky-take-out)
2026-01-16 17:58:32.665 [main] INFO  com.sky.SkyApplication - The following 1 profile is active: "dev"
2026-01-16 17:58:33.280 [main] INFO  o.s.d.r.config.RepositoryConfigurationDelegate - Multiple Spring Data modules found, entering strict repository configuration mode
2026-01-16 17:58:33.282 [main] INFO  o.s.d.r.config.RepositoryConfigurationDelegate - Bootstrapping Spring Data Redis repositories in DEFAULT mode.
2026-01-16 17:58:33.314 [main] INFO  o.s.d.r.config.RepositoryConfigurationDelegate - Finished Spring Data repository scanning in 21 ms. Found 0 Redis repository interfaces.
2026-01-16 17:58:33.917 [main] INFO  o.s.boot.web.embedded.tomcat.TomcatWebServer - Tomcat initialized with port(s): 8080 (http)
2026-01-16 17:58:33.917 [main] INFO  org.apache.catalina.core.AprLifecycleListener - Loaded Apache Tomcat Native library [1.3.1] using APR version [1.7.4].
2026-01-16 17:58:33.918 [main] INFO  org.apache.catalina.core.AprLifecycleListener - APR capabilities: IPv6 [true], sendfile [true], accept filters [false], random [true], UDS [true].
2026-01-16 17:58:33.918 [main] INFO  org.apache.catalina.core.AprLifecycleListener - APR/OpenSSL configuration: useAprConnector [false], useOpenSSL [true]
2026-01-16 17:58:33.921 [main] INFO  org.apache.catalina.core.AprLifecycleListener - OpenSSL successfully initialized [OpenSSL 3.0.14 4 Jun 2024]
2026-01-16 17:58:33.928 [main] INFO  org.apache.catalina.core.StandardService - Starting service [Tomcat]
2026-01-16 17:58:33.928 [main] INFO  org.apache.catalina.core.StandardEngine - Starting Servlet engine: [Apache Tomcat/9.0.65]
2026-01-16 17:58:34.026 [main] INFO  o.a.c.core.ContainerBase.[Tomcat].[localhost].[/] - Initializing Spring embedded WebApplicationContext
2026-01-16 17:58:34.027 [main] INFO  o.s.b.w.s.c.ServletWebServerApplicationContext - Root WebApplicationContext: initialization completed in 1332 ms
2026-01-16 17:58:34.090 [main] INFO  c.a.d.s.b.a.DruidDataSourceAutoConfigure - Init DruidDataSource
2026-01-16 17:58:34.196 [main] INFO  com.alibaba.druid.pool.DruidDataSource - {dataSource-1} inited
2026-01-16 17:58:34.244 [main] INFO  com.sky.config.MyBatisPlusConfig - 开始注册MyBatis-Plus的拦截器...
2026-01-16 17:58:34.353 [main] WARN  c.b.mybatisplus.core.injector.methods.Update - [com.sky.mapper.CategoryMapper.update] Has been loaded by XML or SqlProvider or Mybatis's Annotation, so ignoring this injection for [class com.baomidou.mybatisplus.core.injector.methods.Update]
2026-01-16 17:58:34.390 [main] WARN  c.b.mybatisplus.core.injector.methods.Update - [com.sky.mapper.DishMapper.update] Has been loaded by XML or SqlProvider or Mybatis's Annotation, so ignoring this injection for [class com.baomidou.mybatisplus.core.injector.methods.Update]
2026-01-16 17:58:34.412 [main] WARN  c.b.mybatisplus.core.injector.methods.Update - [com.sky.mapper.EmployeeMapper.update] Has been loaded by XML or SqlProvider or Mybatis's Annotation, so ignoring this injection for [class com.baomidou.mybatisplus.core.injector.methods.Update]
2026-01-16 17:58:34.444 [main] WARN  c.b.mybatisplus.core.injector.methods.Update - [com.sky.mapper.SetmealMapper.update] Has been loaded by XML or SqlProvider or Mybatis's Annotation, so ignoring this injection for [class com.baomidou.mybatisplus.core.injector.methods.Update]
2026-01-16 17:58:34.576 [main] INFO  com.sky.config.AliyunOssConfig - 开始创建阿里云OSS文件上传工具对象...
2026-01-16 17:58:34.716 [main] INFO  com.sky.config.RedisConfig - 开始创建Redis模板对象...
2026-01-16 17:58:35.029 [main] INFO  com.sky.config.WebMvcConfig - 开始注册自定义拦截器...
2026-01-16 17:58:35.103 [main] INFO  com.sky.config.WebMvcConfig - 准备生成管理端接口文档...
2026-01-16 17:58:35.107 [main] INFO  com.sky.config.WebMvcConfig - 准备生成用户端接口文档...
2026-01-16 17:58:35.136 [main] INFO  com.sky.config.WebMvcConfig - 扩展消息转换器...
2026-01-16 17:58:35.144 [main] INFO  com.sky.config.WebMvcConfig - 开始设置静态资源映射...
2026-01-16 17:58:35.526 [main] INFO  o.s.boot.web.embedded.tomcat.TomcatWebServer - Tomcat started on port(s): 8080 (http) with context path ''
2026-01-16 17:58:35.883 [main] INFO  com.sky.SkyApplication - Started SkyApplication in 3.582 seconds (JVM running for 4.103)
2026-01-16 17:58:35.884 [main] INFO  com.sky.SkyApplication - server starts ...
2026-01-16 17:58:39.093 [http-nio-8080-exec-2] INFO  o.a.c.core.ContainerBase.[Tomcat].[localhost].[/] - Initializing Spring DispatcherServlet 'dispatcherServlet'
2026-01-16 17:58:39.094 [http-nio-8080-exec-2] INFO  org.springframework.web.servlet.DispatcherServlet - Initializing Servlet 'dispatcherServlet'
2026-01-16 17:58:39.095 [http-nio-8080-exec-2] INFO  org.springframework.web.servlet.DispatcherServlet - Completed initialization in 1 ms
2026-01-16 17:58:39.107 [http-nio-8080-exec-1] INFO  com.sky.interceptor.JwtTokenInterceptor - jwt校验: eyJhbGciOiJIUzI1NiJ9.eyJlbXBJZCI6MSwiZXhwIjoxNzY5MjcyMDAwfQ._bbClYFVQ9BDF2L5Vble2dvD9x4t1FtlcEzesGbshi4
2026-01-16 17:58:39.107 [http-nio-8080-exec-2] INFO  com.sky.interceptor.JwtTokenInterceptor - jwt校验: eyJhbGciOiJIUzI1NiJ9.eyJlbXBJZCI6MSwiZXhwIjoxNzY5MjcyMDAwfQ._bbClYFVQ9BDF2L5Vble2dvD9x4t1FtlcEzesGbshi4
2026-01-16 17:58:39.109 [http-nio-8080-exec-3] WARN  org.springframework.web.servlet.PageNotFound - No mapping for GET /admin/report/userStatistics
2026-01-16 17:58:39.158 [http-nio-8080-exec-4] WARN  org.springframework.web.servlet.PageNotFound - No mapping for GET /admin/report/ordersStatistics
2026-01-16 17:58:39.163 [http-nio-8080-exec-2] INFO  com.sky.interceptor.JwtTokenAdminInterceptor - id=1的员工登入苍穹外卖管理端

2026-01-16 17:58:39.163 [http-nio-8080-exec-1] INFO  com.sky.interceptor.JwtTokenAdminInterceptor - id=1的员工登入苍穹外卖管理端

2026-01-16 17:58:39.165 [http-nio-8080-exec-5] WARN  org.springframework.web.servlet.PageNotFound - No mapping for GET /admin/report/top10
2026-01-16 17:58:39.172 [http-nio-8080-exec-2] INFO  com.sky.controller.admin.ReportController - 统计2026-01-09到2026-01-15之间的营业额
2026-01-16 17:58:39.377 [http-nio-8080-exec-6] INFO  com.sky.websocket.WebSocketServer - 客户端ngteej3sa6t与服务端建立连接

2026-01-16 17:58:39.378 [http-nio-8080-exec-2] DEBUG com.sky.mapper.OrderMapper.selectObjs - ==>  Preparing: SELECT sum(amount) as turnover FROM orders WHERE (status = ? AND delivery_time BETWEEN ? AND ?)
2026-01-16 17:58:39.402 [http-nio-8080-exec-2] DEBUG com.sky.mapper.OrderMapper.selectObjs - ==> Parameters: 5(Integer), 2026-01-09T00:00(LocalDateTime), 2026-01-09T23:59:59.999999999(LocalDateTime)
2026-01-16 17:58:39.429 [http-nio-8080-exec-2] DEBUG com.sky.mapper.OrderMapper.selectObjs - <==      Total: 1
2026-01-16 17:58:39.432 [http-nio-8080-exec-2] DEBUG com.sky.mapper.OrderMapper.selectObjs - ==>  Preparing: SELECT sum(amount) as turnover FROM orders WHERE (status = ? AND delivery_time BETWEEN ? AND ?)
2026-01-16 17:58:39.432 [http-nio-8080-exec-2] DEBUG com.sky.mapper.OrderMapper.selectObjs - ==> Parameters: 5(Integer), 2026-01-10T00:00(LocalDateTime), 2026-01-10T23:59:59.999999999(LocalDateTime)
2026-01-16 17:58:39.433 [http-nio-8080-exec-2] DEBUG com.sky.mapper.OrderMapper.selectObjs - <==      Total: 1
2026-01-16 17:58:39.434 [http-nio-8080-exec-2] DEBUG com.sky.mapper.OrderMapper.selectObjs - ==>  Preparing: SELECT sum(amount) as turnover FROM orders WHERE (status = ? AND delivery_time BETWEEN ? AND ?)
2026-01-16 17:58:39.435 [http-nio-8080-exec-2] DEBUG com.sky.mapper.OrderMapper.selectObjs - ==> Parameters: 5(Integer), 2026-01-11T00:00(LocalDateTime), 2026-01-11T23:59:59.999999999(LocalDateTime)
2026-01-16 17:58:39.436 [http-nio-8080-exec-2] DEBUG com.sky.mapper.OrderMapper.selectObjs - <==      Total: 1
2026-01-16 17:58:39.437 [http-nio-8080-exec-2] DEBUG com.sky.mapper.OrderMapper.selectObjs - ==>  Preparing: SELECT sum(amount) as turnover FROM orders WHERE (status = ? AND delivery_time BETWEEN ? AND ?)
2026-01-16 17:58:39.438 [http-nio-8080-exec-2] DEBUG com.sky.mapper.OrderMapper.selectObjs - ==> Parameters: 5(Integer), 2026-01-12T00:00(LocalDateTime), 2026-01-12T23:59:59.999999999(LocalDateTime)
2026-01-16 17:58:39.438 [http-nio-8080-exec-2] DEBUG com.sky.mapper.OrderMapper.selectObjs - <==      Total: 1
2026-01-16 17:58:39.439 [http-nio-8080-exec-2] DEBUG com.sky.mapper.OrderMapper.selectObjs - ==>  Preparing: SELECT sum(amount) as turnover FROM orders WHERE (status = ? AND delivery_time BETWEEN ? AND ?)
2026-01-16 17:58:39.439 [http-nio-8080-exec-2] DEBUG com.sky.mapper.OrderMapper.selectObjs - ==> Parameters: 5(Integer), 2026-01-13T00:00(LocalDateTime), 2026-01-13T23:59:59.999999999(LocalDateTime)
2026-01-16 17:58:39.441 [http-nio-8080-exec-2] DEBUG com.sky.mapper.OrderMapper.selectObjs - <==      Total: 1
2026-01-16 17:58:39.442 [http-nio-8080-exec-2] DEBUG com.sky.mapper.OrderMapper.selectObjs - ==>  Preparing: SELECT sum(amount) as turnover FROM orders WHERE (status = ? AND delivery_time BETWEEN ? AND ?)
2026-01-16 17:58:39.442 [http-nio-8080-exec-2] DEBUG com.sky.mapper.OrderMapper.selectObjs - ==> Parameters: 5(Integer), 2026-01-14T00:00(LocalDateTime), 2026-01-14T23:59:59.999999999(LocalDateTime)
2026-01-16 17:58:39.443 [http-nio-8080-exec-2] DEBUG com.sky.mapper.OrderMapper.selectObjs - <==      Total: 1
2026-01-16 17:58:39.444 [http-nio-8080-exec-2] DEBUG com.sky.mapper.OrderMapper.selectObjs - ==>  Preparing: SELECT sum(amount) as turnover FROM orders WHERE (status = ? AND delivery_time BETWEEN ? AND ?)
2026-01-16 17:58:39.444 [http-nio-8080-exec-2] DEBUG com.sky.mapper.OrderMapper.selectObjs - ==> Parameters: 5(Integer), 2026-01-15T00:00(LocalDateTime), 2026-01-15T23:59:59.999999999(LocalDateTime)
2026-01-16 17:58:39.445 [http-nio-8080-exec-2] DEBUG com.sky.mapper.OrderMapper.selectObjs - <==      Total: 1
2026-01-16 17:58:39.445 [http-nio-8080-exec-2] INFO  com.sky.controller.admin.ReportController - 营业额列表：0.0,0.0,0.0,0.0,0.0,480.00,101.00
2026-01-16 17:58:39.554 [http-nio-8080-exec-1] INFO  com.sky.controller.admin.ShopController - 管理端获取店铺营业状态为：营业中
2026-01-16 17:58:42.051 [http-nio-8080-exec-7] INFO  com.sky.interceptor.JwtTokenInterceptor - jwt校验: eyJhbGciOiJIUzI1NiJ9.eyJlbXBJZCI6MSwiZXhwIjoxNzY5MjcyMDAwfQ._bbClYFVQ9BDF2L5Vble2dvD9x4t1FtlcEzesGbshi4
2026-01-16 17:58:42.051 [http-nio-8080-exec-9] WARN  org.springframework.web.servlet.PageNotFound - No mapping for GET /admin/report/top10
2026-01-16 17:58:42.051 [http-nio-8080-exec-8] WARN  org.springframework.web.servlet.PageNotFound - No mapping for GET /admin/report/userStatistics
2026-01-16 17:58:42.052 [http-nio-8080-exec-10] WARN  org.springframework.web.servlet.PageNotFound - No mapping for GET /admin/report/ordersStatistics
2026-01-16 17:58:42.052 [http-nio-8080-exec-7] INFO  com.sky.interceptor.JwtTokenAdminInterceptor - id=1的员工登入苍穹外卖管理端

2026-01-16 17:58:42.052 [http-nio-8080-exec-7] INFO  com.sky.controller.admin.ReportController - 统计2026-01-15到2026-01-15之间的营业额
2026-01-16 17:58:42.053 [http-nio-8080-exec-7] DEBUG com.sky.mapper.OrderMapper.selectObjs - ==>  Preparing: SELECT sum(amount) as turnover FROM orders WHERE (status = ? AND delivery_time BETWEEN ? AND ?)
2026-01-16 17:58:42.054 [http-nio-8080-exec-7] DEBUG com.sky.mapper.OrderMapper.selectObjs - ==> Parameters: 5(Integer), 2026-01-15T00:00(LocalDateTime), 2026-01-15T23:59:59.999999999(LocalDateTime)
2026-01-16 17:58:42.056 [http-nio-8080-exec-7] DEBUG com.sky.mapper.OrderMapper.selectObjs - <==      Total: 1
2026-01-16 17:58:42.056 [http-nio-8080-exec-7] INFO  com.sky.controller.admin.ReportController - 营业额列表：101.00
2026-01-16 17:58:43.609 [http-nio-8080-exec-3] INFO  com.sky.interceptor.JwtTokenInterceptor - jwt校验: eyJhbGciOiJIUzI1NiJ9.eyJlbXBJZCI6MSwiZXhwIjoxNzY5MjcyMDAwfQ._bbClYFVQ9BDF2L5Vble2dvD9x4t1FtlcEzesGbshi4
2026-01-16 17:58:43.609 [http-nio-8080-exec-4] WARN  org.springframework.web.servlet.PageNotFound - No mapping for GET /admin/report/userStatistics
2026-01-16 17:58:43.610 [http-nio-8080-exec-6] WARN  org.springframework.web.servlet.PageNotFound - No mapping for GET /admin/report/ordersStatistics
2026-01-16 17:58:43.610 [http-nio-8080-exec-5] WARN  org.springframework.web.servlet.PageNotFound - No mapping for GET /admin/report/top10
2026-01-16 17:58:43.610 [http-nio-8080-exec-3] INFO  com.sky.interceptor.JwtTokenAdminInterceptor - id=1的员工登入苍穹外卖管理端

2026-01-16 17:58:43.611 [http-nio-8080-exec-3] INFO  com.sky.controller.admin.ReportController - 统计2026-01-09到2026-01-15之间的营业额
2026-01-16 17:58:43.612 [http-nio-8080-exec-3] DEBUG com.sky.mapper.OrderMapper.selectObjs - ==>  Preparing: SELECT sum(amount) as turnover FROM orders WHERE (status = ? AND delivery_time BETWEEN ? AND ?)
2026-01-16 17:58:43.612 [http-nio-8080-exec-3] DEBUG com.sky.mapper.OrderMapper.selectObjs - ==> Parameters: 5(Integer), 2026-01-09T00:00(LocalDateTime), 2026-01-09T23:59:59.999999999(LocalDateTime)
2026-01-16 17:58:43.614 [http-nio-8080-exec-3] DEBUG com.sky.mapper.OrderMapper.selectObjs - <==      Total: 1
2026-01-16 17:58:43.615 [http-nio-8080-exec-3] DEBUG com.sky.mapper.OrderMapper.selectObjs - ==>  Preparing: SELECT sum(amount) as turnover FROM orders WHERE (status = ? AND delivery_time BETWEEN ? AND ?)
2026-01-16 17:58:43.615 [http-nio-8080-exec-3] DEBUG com.sky.mapper.OrderMapper.selectObjs - ==> Parameters: 5(Integer), 2026-01-10T00:00(LocalDateTime), 2026-01-10T23:59:59.999999999(LocalDateTime)
2026-01-16 17:58:43.617 [http-nio-8080-exec-3] DEBUG com.sky.mapper.OrderMapper.selectObjs - <==      Total: 1
2026-01-16 17:58:43.617 [http-nio-8080-exec-3] DEBUG com.sky.mapper.OrderMapper.selectObjs - ==>  Preparing: SELECT sum(amount) as turnover FROM orders WHERE (status = ? AND delivery_time BETWEEN ? AND ?)
2026-01-16 17:58:43.618 [http-nio-8080-exec-3] DEBUG com.sky.mapper.OrderMapper.selectObjs - ==> Parameters: 5(Integer), 2026-01-11T00:00(LocalDateTime), 2026-01-11T23:59:59.999999999(LocalDateTime)
2026-01-16 17:58:43.619 [http-nio-8080-exec-3] DEBUG com.sky.mapper.OrderMapper.selectObjs - <==      Total: 1
2026-01-16 17:58:43.620 [http-nio-8080-exec-3] DEBUG com.sky.mapper.OrderMapper.selectObjs - ==>  Preparing: SELECT sum(amount) as turnover FROM orders WHERE (status = ? AND delivery_time BETWEEN ? AND ?)
2026-01-16 17:58:43.620 [http-nio-8080-exec-3] DEBUG com.sky.mapper.OrderMapper.selectObjs - ==> Parameters: 5(Integer), 2026-01-12T00:00(LocalDateTime), 2026-01-12T23:59:59.999999999(LocalDateTime)
2026-01-16 17:58:43.621 [http-nio-8080-exec-3] DEBUG com.sky.mapper.OrderMapper.selectObjs - <==      Total: 1
2026-01-16 17:58:43.621 [http-nio-8080-exec-3] DEBUG com.sky.mapper.OrderMapper.selectObjs - ==>  Preparing: SELECT sum(amount) as turnover FROM orders WHERE (status = ? AND delivery_time BETWEEN ? AND ?)
2026-01-16 17:58:43.622 [http-nio-8080-exec-3] DEBUG com.sky.mapper.OrderMapper.selectObjs - ==> Parameters: 5(Integer), 2026-01-13T00:00(LocalDateTime), 2026-01-13T23:59:59.999999999(LocalDateTime)
2026-01-16 17:58:43.623 [http-nio-8080-exec-3] DEBUG com.sky.mapper.OrderMapper.selectObjs - <==      Total: 1
2026-01-16 17:58:43.623 [http-nio-8080-exec-3] DEBUG com.sky.mapper.OrderMapper.selectObjs - ==>  Preparing: SELECT sum(amount) as turnover FROM orders WHERE (status = ? AND delivery_time BETWEEN ? AND ?)
2026-01-16 17:58:43.623 [http-nio-8080-exec-3] DEBUG com.sky.mapper.OrderMapper.selectObjs - ==> Parameters: 5(Integer), 2026-01-14T00:00(LocalDateTime), 2026-01-14T23:59:59.999999999(LocalDateTime)
2026-01-16 17:58:43.624 [http-nio-8080-exec-3] DEBUG com.sky.mapper.OrderMapper.selectObjs - <==      Total: 1
2026-01-16 17:58:43.624 [http-nio-8080-exec-3] DEBUG com.sky.mapper.OrderMapper.selectObjs - ==>  Preparing: SELECT sum(amount) as turnover FROM orders WHERE (status = ? AND delivery_time BETWEEN ? AND ?)
2026-01-16 17:58:43.624 [http-nio-8080-exec-3] DEBUG com.sky.mapper.OrderMapper.selectObjs - ==> Parameters: 5(Integer), 2026-01-15T00:00(LocalDateTime), 2026-01-15T23:59:59.999999999(LocalDateTime)
2026-01-16 17:58:43.625 [http-nio-8080-exec-3] DEBUG com.sky.mapper.OrderMapper.selectObjs - <==      Total: 1
2026-01-16 17:58:43.625 [http-nio-8080-exec-3] INFO  com.sky.controller.admin.ReportController - 营业额列表：0.0,0.0,0.0,0.0,0.0,480.00,101.00
2026-01-16 17:58:44.817 [http-nio-8080-exec-2] INFO  com.sky.interceptor.JwtTokenInterceptor - jwt校验: eyJhbGciOiJIUzI1NiJ9.eyJlbXBJZCI6MSwiZXhwIjoxNzY5MjcyMDAwfQ._bbClYFVQ9BDF2L5Vble2dvD9x4t1FtlcEzesGbshi4
2026-01-16 17:58:44.817 [http-nio-8080-exec-8] WARN  org.springframework.web.servlet.PageNotFound - No mapping for GET /admin/report/top10
2026-01-16 17:58:44.817 [http-nio-8080-exec-1] WARN  org.springframework.web.servlet.PageNotFound - No mapping for GET /admin/report/ordersStatistics
2026-01-16 17:58:44.817 [http-nio-8080-exec-9] WARN  org.springframework.web.servlet.PageNotFound - No mapping for GET /admin/report/userStatistics
2026-01-16 17:58:44.818 [http-nio-8080-exec-2] INFO  com.sky.interceptor.JwtTokenAdminInterceptor - id=1的员工登入苍穹外卖管理端

2026-01-16 17:58:44.818 [http-nio-8080-exec-2] INFO  com.sky.controller.admin.ReportController - 统计2025-12-17到2026-01-15之间的营业额
2026-01-16 17:58:44.821 [http-nio-8080-exec-2] DEBUG com.sky.mapper.OrderMapper.selectObjs - ==>  Preparing: SELECT sum(amount) as turnover FROM orders WHERE (status = ? AND delivery_time BETWEEN ? AND ?)
2026-01-16 17:58:44.822 [http-nio-8080-exec-2] DEBUG com.sky.mapper.OrderMapper.selectObjs - ==> Parameters: 5(Integer), 2025-12-17T00:00(LocalDateTime), 2025-12-17T23:59:59.999999999(LocalDateTime)
2026-01-16 17:58:44.823 [http-nio-8080-exec-2] DEBUG com.sky.mapper.OrderMapper.selectObjs - <==      Total: 1
2026-01-16 17:58:44.825 [http-nio-8080-exec-2] DEBUG com.sky.mapper.OrderMapper.selectObjs - ==>  Preparing: SELECT sum(amount) as turnover FROM orders WHERE (status = ? AND delivery_time BETWEEN ? AND ?)
2026-01-16 17:58:44.825 [http-nio-8080-exec-2] DEBUG com.sky.mapper.OrderMapper.selectObjs - ==> Parameters: 5(Integer), 2025-12-18T00:00(LocalDateTime), 2025-12-18T23:59:59.999999999(LocalDateTime)
2026-01-16 17:58:44.826 [http-nio-8080-exec-2] DEBUG com.sky.mapper.OrderMapper.selectObjs - <==      Total: 1
2026-01-16 17:58:44.826 [http-nio-8080-exec-2] DEBUG com.sky.mapper.OrderMapper.selectObjs - ==>  Preparing: SELECT sum(amount) as turnover FROM orders WHERE (status = ? AND delivery_time BETWEEN ? AND ?)
2026-01-16 17:58:44.826 [http-nio-8080-exec-2] DEBUG com.sky.mapper.OrderMapper.selectObjs - ==> Parameters: 5(Integer), 2025-12-19T00:00(LocalDateTime), 2025-12-19T23:59:59.999999999(LocalDateTime)
2026-01-16 17:58:44.827 [http-nio-8080-exec-2] DEBUG com.sky.mapper.OrderMapper.selectObjs - <==      Total: 1
2026-01-16 17:58:44.827 [http-nio-8080-exec-2] DEBUG com.sky.mapper.OrderMapper.selectObjs - ==>  Preparing: SELECT sum(amount) as turnover FROM orders WHERE (status = ? AND delivery_time BETWEEN ? AND ?)
2026-01-16 17:58:44.827 [http-nio-8080-exec-2] DEBUG com.sky.mapper.OrderMapper.selectObjs - ==> Parameters: 5(Integer), 2025-12-20T00:00(LocalDateTime), 2025-12-20T23:59:59.999999999(LocalDateTime)
2026-01-16 17:58:44.828 [http-nio-8080-exec-2] DEBUG com.sky.mapper.OrderMapper.selectObjs - <==      Total: 1
2026-01-16 17:58:44.828 [http-nio-8080-exec-2] DEBUG com.sky.mapper.OrderMapper.selectObjs - ==>  Preparing: SELECT sum(amount) as turnover FROM orders WHERE (status = ? AND delivery_time BETWEEN ? AND ?)
2026-01-16 17:58:44.829 [http-nio-8080-exec-2] DEBUG com.sky.mapper.OrderMapper.selectObjs - ==> Parameters: 5(Integer), 2025-12-21T00:00(LocalDateTime), 2025-12-21T23:59:59.999999999(LocalDateTime)
2026-01-16 17:58:44.829 [http-nio-8080-exec-2] DEBUG com.sky.mapper.OrderMapper.selectObjs - <==      Total: 1
2026-01-16 17:58:44.830 [http-nio-8080-exec-2] DEBUG com.sky.mapper.OrderMapper.selectObjs - ==>  Preparing: SELECT sum(amount) as turnover FROM orders WHERE (status = ? AND delivery_time BETWEEN ? AND ?)
2026-01-16 17:58:44.830 [http-nio-8080-exec-2] DEBUG com.sky.mapper.OrderMapper.selectObjs - ==> Parameters: 5(Integer), 2025-12-22T00:00(LocalDateTime), 2025-12-22T23:59:59.999999999(LocalDateTime)
2026-01-16 17:58:44.830 [http-nio-8080-exec-2] DEBUG com.sky.mapper.OrderMapper.selectObjs - <==      Total: 1
2026-01-16 17:58:44.832 [http-nio-8080-exec-2] DEBUG com.sky.mapper.OrderMapper.selectObjs - ==>  Preparing: SELECT sum(amount) as turnover FROM orders WHERE (status = ? AND delivery_time BETWEEN ? AND ?)
2026-01-16 17:58:44.833 [http-nio-8080-exec-2] DEBUG com.sky.mapper.OrderMapper.selectObjs - ==> Parameters: 5(Integer), 2025-12-23T00:00(LocalDateTime), 2025-12-23T23:59:59.999999999(LocalDateTime)
2026-01-16 17:58:44.834 [http-nio-8080-exec-2] DEBUG com.sky.mapper.OrderMapper.selectObjs - <==      Total: 1
2026-01-16 17:58:44.834 [http-nio-8080-exec-2] DEBUG com.sky.mapper.OrderMapper.selectObjs - ==>  Preparing: SELECT sum(amount) as turnover FROM orders WHERE (status = ? AND delivery_time BETWEEN ? AND ?)
2026-01-16 17:58:44.835 [http-nio-8080-exec-2] DEBUG com.sky.mapper.OrderMapper.selectObjs - ==> Parameters: 5(Integer), 2025-12-24T00:00(LocalDateTime), 2025-12-24T23:59:59.999999999(LocalDateTime)
2026-01-16 17:58:44.835 [http-nio-8080-exec-2] DEBUG com.sky.mapper.OrderMapper.selectObjs - <==      Total: 1
2026-01-16 17:58:44.836 [http-nio-8080-exec-2] DEBUG com.sky.mapper.OrderMapper.selectObjs - ==>  Preparing: SELECT sum(amount) as turnover FROM orders WHERE (status = ? AND delivery_time BETWEEN ? AND ?)
2026-01-16 17:58:44.836 [http-nio-8080-exec-2] DEBUG com.sky.mapper.OrderMapper.selectObjs - ==> Parameters: 5(Integer), 2025-12-25T00:00(LocalDateTime), 2025-12-25T23:59:59.999999999(LocalDateTime)
2026-01-16 17:58:44.837 [http-nio-8080-exec-2] DEBUG com.sky.mapper.OrderMapper.selectObjs - <==      Total: 1
2026-01-16 17:58:44.837 [http-nio-8080-exec-2] DEBUG com.sky.mapper.OrderMapper.selectObjs - ==>  Preparing: SELECT sum(amount) as turnover FROM orders WHERE (status = ? AND delivery_time BETWEEN ? AND ?)
2026-01-16 17:58:44.837 [http-nio-8080-exec-2] DEBUG com.sky.mapper.OrderMapper.selectObjs - ==> Parameters: 5(Integer), 2025-12-26T00:00(LocalDateTime), 2025-12-26T23:59:59.999999999(LocalDateTime)
2026-01-16 17:58:44.838 [http-nio-8080-exec-2] DEBUG com.sky.mapper.OrderMapper.selectObjs - <==      Total: 1
2026-01-16 17:58:44.838 [http-nio-8080-exec-2] DEBUG com.sky.mapper.OrderMapper.selectObjs - ==>  Preparing: SELECT sum(amount) as turnover FROM orders WHERE (status = ? AND delivery_time BETWEEN ? AND ?)
2026-01-16 17:58:44.839 [http-nio-8080-exec-2] DEBUG com.sky.mapper.OrderMapper.selectObjs - ==> Parameters: 5(Integer), 2025-12-27T00:00(LocalDateTime), 2025-12-27T23:59:59.999999999(LocalDateTime)
2026-01-16 17:58:44.839 [http-nio-8080-exec-2] DEBUG com.sky.mapper.OrderMapper.selectObjs - <==      Total: 1
2026-01-16 17:58:44.840 [http-nio-8080-exec-2] DEBUG com.sky.mapper.OrderMapper.selectObjs - ==>  Preparing: SELECT sum(amount) as turnover FROM orders WHERE (status = ? AND delivery_time BETWEEN ? AND ?)
2026-01-16 17:58:44.840 [http-nio-8080-exec-2] DEBUG com.sky.mapper.OrderMapper.selectObjs - ==> Parameters: 5(Integer), 2025-12-28T00:00(LocalDateTime), 2025-12-28T23:59:59.999999999(LocalDateTime)
2026-01-16 17:58:44.841 [http-nio-8080-exec-2] DEBUG com.sky.mapper.OrderMapper.selectObjs - <==      Total: 1
2026-01-16 17:58:44.841 [http-nio-8080-exec-2] DEBUG com.sky.mapper.OrderMapper.selectObjs - ==>  Preparing: SELECT sum(amount) as turnover FROM orders WHERE (status = ? AND delivery_time BETWEEN ? AND ?)
2026-01-16 17:58:44.841 [http-nio-8080-exec-2] DEBUG com.sky.mapper.OrderMapper.selectObjs - ==> Parameters: 5(Integer), 2025-12-29T00:00(LocalDateTime), 2025-12-29T23:59:59.999999999(LocalDateTime)
2026-01-16 17:58:44.842 [http-nio-8080-exec-2] DEBUG com.sky.mapper.OrderMapper.selectObjs - <==      Total: 1
2026-01-16 17:58:44.842 [http-nio-8080-exec-2] DEBUG com.sky.mapper.OrderMapper.selectObjs - ==>  Preparing: SELECT sum(amount) as turnover FROM orders WHERE (status = ? AND delivery_time BETWEEN ? AND ?)
2026-01-16 17:58:44.842 [http-nio-8080-exec-2] DEBUG com.sky.mapper.OrderMapper.selectObjs - ==> Parameters: 5(Integer), 2025-12-30T00:00(LocalDateTime), 2025-12-30T23:59:59.999999999(LocalDateTime)
2026-01-16 17:58:44.843 [http-nio-8080-exec-2] DEBUG com.sky.mapper.OrderMapper.selectObjs - <==      Total: 1
2026-01-16 17:58:44.844 [http-nio-8080-exec-2] DEBUG com.sky.mapper.OrderMapper.selectObjs - ==>  Preparing: SELECT sum(amount) as turnover FROM orders WHERE (status = ? AND delivery_time BETWEEN ? AND ?)
2026-01-16 17:58:44.844 [http-nio-8080-exec-2] DEBUG com.sky.mapper.OrderMapper.selectObjs - ==> Parameters: 5(Integer), 2025-12-31T00:00(LocalDateTime), 2025-12-31T23:59:59.999999999(LocalDateTime)
2026-01-16 17:58:44.845 [http-nio-8080-exec-2] DEBUG com.sky.mapper.OrderMapper.selectObjs - <==      Total: 1
2026-01-16 17:58:44.845 [http-nio-8080-exec-2] DEBUG com.sky.mapper.OrderMapper.selectObjs - ==>  Preparing: SELECT sum(amount) as turnover FROM orders WHERE (status = ? AND delivery_time BETWEEN ? AND ?)
2026-01-16 17:58:44.845 [http-nio-8080-exec-2] DEBUG com.sky.mapper.OrderMapper.selectObjs - ==> Parameters: 5(Integer), 2026-01-01T00:00(LocalDateTime), 2026-01-01T23:59:59.999999999(LocalDateTime)
2026-01-16 17:58:44.846 [http-nio-8080-exec-2] DEBUG com.sky.mapper.OrderMapper.selectObjs - <==      Total: 1
2026-01-16 17:58:44.846 [http-nio-8080-exec-2] DEBUG com.sky.mapper.OrderMapper.selectObjs - ==>  Preparing: SELECT sum(amount) as turnover FROM orders WHERE (status = ? AND delivery_time BETWEEN ? AND ?)
2026-01-16 17:58:44.846 [http-nio-8080-exec-2] DEBUG com.sky.mapper.OrderMapper.selectObjs - ==> Parameters: 5(Integer), 2026-01-02T00:00(LocalDateTime), 2026-01-02T23:59:59.999999999(LocalDateTime)
2026-01-16 17:58:44.847 [http-nio-8080-exec-2] DEBUG com.sky.mapper.OrderMapper.selectObjs - <==      Total: 1
2026-01-16 17:58:44.848 [http-nio-8080-exec-2] DEBUG com.sky.mapper.OrderMapper.selectObjs - ==>  Preparing: SELECT sum(amount) as turnover FROM orders WHERE (status = ? AND delivery_time BETWEEN ? AND ?)
2026-01-16 17:58:44.848 [http-nio-8080-exec-2] DEBUG com.sky.mapper.OrderMapper.selectObjs - ==> Parameters: 5(Integer), 2026-01-03T00:00(LocalDateTime), 2026-01-03T23:59:59.999999999(LocalDateTime)
2026-01-16 17:58:44.849 [http-nio-8080-exec-2] DEBUG com.sky.mapper.OrderMapper.selectObjs - <==      Total: 1
2026-01-16 17:58:44.849 [http-nio-8080-exec-2] DEBUG com.sky.mapper.OrderMapper.selectObjs - ==>  Preparing: SELECT sum(amount) as turnover FROM orders WHERE (status = ? AND delivery_time BETWEEN ? AND ?)
2026-01-16 17:58:44.849 [http-nio-8080-exec-2] DEBUG com.sky.mapper.OrderMapper.selectObjs - ==> Parameters: 5(Integer), 2026-01-04T00:00(LocalDateTime), 2026-01-04T23:59:59.999999999(LocalDateTime)
2026-01-16 17:58:44.850 [http-nio-8080-exec-2] DEBUG com.sky.mapper.OrderMapper.selectObjs - <==      Total: 1
2026-01-16 17:58:44.850 [http-nio-8080-exec-2] DEBUG com.sky.mapper.OrderMapper.selectObjs - ==>  Preparing: SELECT sum(amount) as turnover FROM orders WHERE (status = ? AND delivery_time BETWEEN ? AND ?)
2026-01-16 17:58:44.850 [http-nio-8080-exec-2] DEBUG com.sky.mapper.OrderMapper.selectObjs - ==> Parameters: 5(Integer), 2026-01-05T00:00(LocalDateTime), 2026-01-05T23:59:59.999999999(LocalDateTime)
2026-01-16 17:58:44.851 [http-nio-8080-exec-2] DEBUG com.sky.mapper.OrderMapper.selectObjs - <==      Total: 1
2026-01-16 17:58:44.851 [http-nio-8080-exec-2] DEBUG com.sky.mapper.OrderMapper.selectObjs - ==>  Preparing: SELECT sum(amount) as turnover FROM orders WHERE (status = ? AND delivery_time BETWEEN ? AND ?)
2026-01-16 17:58:44.851 [http-nio-8080-exec-2] DEBUG com.sky.mapper.OrderMapper.selectObjs - ==> Parameters: 5(Integer), 2026-01-06T00:00(LocalDateTime), 2026-01-06T23:59:59.999999999(LocalDateTime)
2026-01-16 17:58:44.853 [http-nio-8080-exec-2] DEBUG com.sky.mapper.OrderMapper.selectObjs - <==      Total: 1
2026-01-16 17:58:44.853 [http-nio-8080-exec-2] DEBUG com.sky.mapper.OrderMapper.selectObjs - ==>  Preparing: SELECT sum(amount) as turnover FROM orders WHERE (status = ? AND delivery_time BETWEEN ? AND ?)
2026-01-16 17:58:44.853 [http-nio-8080-exec-2] DEBUG com.sky.mapper.OrderMapper.selectObjs - ==> Parameters: 5(Integer), 2026-01-07T00:00(LocalDateTime), 2026-01-07T23:59:59.999999999(LocalDateTime)
2026-01-16 17:58:44.854 [http-nio-8080-exec-2] DEBUG com.sky.mapper.OrderMapper.selectObjs - <==      Total: 1
2026-01-16 17:58:44.855 [http-nio-8080-exec-2] DEBUG com.sky.mapper.OrderMapper.selectObjs - ==>  Preparing: SELECT sum(amount) as turnover FROM orders WHERE (status = ? AND delivery_time BETWEEN ? AND ?)
2026-01-16 17:58:44.855 [http-nio-8080-exec-2] DEBUG com.sky.mapper.OrderMapper.selectObjs - ==> Parameters: 5(Integer), 2026-01-08T00:00(LocalDateTime), 2026-01-08T23:59:59.999999999(LocalDateTime)
2026-01-16 17:58:44.856 [http-nio-8080-exec-2] DEBUG com.sky.mapper.OrderMapper.selectObjs - <==      Total: 1
2026-01-16 17:58:44.856 [http-nio-8080-exec-2] DEBUG com.sky.mapper.OrderMapper.selectObjs - ==>  Preparing: SELECT sum(amount) as turnover FROM orders WHERE (status = ? AND delivery_time BETWEEN ? AND ?)
2026-01-16 17:58:44.856 [http-nio-8080-exec-2] DEBUG com.sky.mapper.OrderMapper.selectObjs - ==> Parameters: 5(Integer), 2026-01-09T00:00(LocalDateTime), 2026-01-09T23:59:59.999999999(LocalDateTime)
2026-01-16 17:58:44.857 [http-nio-8080-exec-2] DEBUG com.sky.mapper.OrderMapper.selectObjs - <==      Total: 1
2026-01-16 17:58:44.857 [http-nio-8080-exec-2] DEBUG com.sky.mapper.OrderMapper.selectObjs - ==>  Preparing: SELECT sum(amount) as turnover FROM orders WHERE (status = ? AND delivery_time BETWEEN ? AND ?)
2026-01-16 17:58:44.858 [http-nio-8080-exec-2] DEBUG com.sky.mapper.OrderMapper.selectObjs - ==> Parameters: 5(Integer), 2026-01-10T00:00(LocalDateTime), 2026-01-10T23:59:59.999999999(LocalDateTime)
2026-01-16 17:58:44.858 [http-nio-8080-exec-2] DEBUG com.sky.mapper.OrderMapper.selectObjs - <==      Total: 1
2026-01-16 17:58:44.859 [http-nio-8080-exec-2] DEBUG com.sky.mapper.OrderMapper.selectObjs - ==>  Preparing: SELECT sum(amount) as turnover FROM orders WHERE (status = ? AND delivery_time BETWEEN ? AND ?)
2026-01-16 17:58:44.859 [http-nio-8080-exec-2] DEBUG com.sky.mapper.OrderMapper.selectObjs - ==> Parameters: 5(Integer), 2026-01-11T00:00(LocalDateTime), 2026-01-11T23:59:59.999999999(LocalDateTime)
2026-01-16 17:58:44.860 [http-nio-8080-exec-2] DEBUG com.sky.mapper.OrderMapper.selectObjs - <==      Total: 1
2026-01-16 17:58:44.860 [http-nio-8080-exec-2] DEBUG com.sky.mapper.OrderMapper.selectObjs - ==>  Preparing: SELECT sum(amount) as turnover FROM orders WHERE (status = ? AND delivery_time BETWEEN ? AND ?)
2026-01-16 17:58:44.861 [http-nio-8080-exec-2] DEBUG com.sky.mapper.OrderMapper.selectObjs - ==> Parameters: 5(Integer), 2026-01-12T00:00(LocalDateTime), 2026-01-12T23:59:59.999999999(LocalDateTime)
2026-01-16 17:58:44.861 [http-nio-8080-exec-2] DEBUG com.sky.mapper.OrderMapper.selectObjs - <==      Total: 1
2026-01-16 17:58:44.862 [http-nio-8080-exec-2] DEBUG com.sky.mapper.OrderMapper.selectObjs - ==>  Preparing: SELECT sum(amount) as turnover FROM orders WHERE (status = ? AND delivery_time BETWEEN ? AND ?)
2026-01-16 17:58:44.862 [http-nio-8080-exec-2] DEBUG com.sky.mapper.OrderMapper.selectObjs - ==> Parameters: 5(Integer), 2026-01-13T00:00(LocalDateTime), 2026-01-13T23:59:59.999999999(LocalDateTime)
2026-01-16 17:58:44.863 [http-nio-8080-exec-2] DEBUG com.sky.mapper.OrderMapper.selectObjs - <==      Total: 1
2026-01-16 17:58:44.864 [http-nio-8080-exec-2] DEBUG com.sky.mapper.OrderMapper.selectObjs - ==>  Preparing: SELECT sum(amount) as turnover FROM orders WHERE (status = ? AND delivery_time BETWEEN ? AND ?)
2026-01-16 17:58:44.864 [http-nio-8080-exec-2] DEBUG com.sky.mapper.OrderMapper.selectObjs - ==> Parameters: 5(Integer), 2026-01-14T00:00(LocalDateTime), 2026-01-14T23:59:59.999999999(LocalDateTime)
2026-01-16 17:58:44.865 [http-nio-8080-exec-2] DEBUG com.sky.mapper.OrderMapper.selectObjs - <==      Total: 1
2026-01-16 17:58:44.867 [http-nio-8080-exec-2] DEBUG com.sky.mapper.OrderMapper.selectObjs - ==>  Preparing: SELECT sum(amount) as turnover FROM orders WHERE (status = ? AND delivery_time BETWEEN ? AND ?)
2026-01-16 17:58:44.868 [http-nio-8080-exec-2] DEBUG com.sky.mapper.OrderMapper.selectObjs - ==> Parameters: 5(Integer), 2026-01-15T00:00(LocalDateTime), 2026-01-15T23:59:59.999999999(LocalDateTime)
2026-01-16 17:58:44.869 [http-nio-8080-exec-2] DEBUG com.sky.mapper.OrderMapper.selectObjs - <==      Total: 1
2026-01-16 17:58:44.869 [http-nio-8080-exec-2] INFO  com.sky.controller.admin.ReportController - 营业额列表：0.0,0.0,0.0,0.0,0.0,0.0,0.0,0.0,0.0,0.0,0.0,0.0,0.0,0.0,0.0,0.0,0.0,0.0,0.0,0.0,0.0,0.0,0.0,0.0,0.0,0.0,0.0,0.0,480.00,101.00
2026-01-16 17:58:46.377 [http-nio-8080-exec-10] INFO  com.sky.interceptor.JwtTokenInterceptor - jwt校验: eyJhbGciOiJIUzI1NiJ9.eyJlbXBJZCI6MSwiZXhwIjoxNzY5MjcyMDAwfQ._bbClYFVQ9BDF2L5Vble2dvD9x4t1FtlcEzesGbshi4
2026-01-16 17:58:46.377 [http-nio-8080-exec-5] WARN  org.springframework.web.servlet.PageNotFound - No mapping for GET /admin/report/userStatistics
2026-01-16 17:58:46.377 [http-nio-8080-exec-7] WARN  org.springframework.web.servlet.PageNotFound - No mapping for GET /admin/report/ordersStatistics
2026-01-16 17:58:46.377 [http-nio-8080-exec-6] WARN  org.springframework.web.servlet.PageNotFound - No mapping for GET /admin/report/top10
2026-01-16 17:58:46.378 [http-nio-8080-exec-10] INFO  com.sky.interceptor.JwtTokenAdminInterceptor - id=1的员工登入苍穹外卖管理端

2026-01-16 17:58:46.379 [http-nio-8080-exec-10] INFO  com.sky.controller.admin.ReportController - 统计2026-01-12到2026-01-18之间的营业额
2026-01-16 17:58:46.379 [http-nio-8080-exec-10] DEBUG com.sky.mapper.OrderMapper.selectObjs - ==>  Preparing: SELECT sum(amount) as turnover FROM orders WHERE (status = ? AND delivery_time BETWEEN ? AND ?)
2026-01-16 17:58:46.380 [http-nio-8080-exec-10] DEBUG com.sky.mapper.OrderMapper.selectObjs - ==> Parameters: 5(Integer), 2026-01-12T00:00(LocalDateTime), 2026-01-12T23:59:59.999999999(LocalDateTime)
2026-01-16 17:58:46.380 [http-nio-8080-exec-10] DEBUG com.sky.mapper.OrderMapper.selectObjs - <==      Total: 1
2026-01-16 17:58:46.381 [http-nio-8080-exec-10] DEBUG com.sky.mapper.OrderMapper.selectObjs - ==>  Preparing: SELECT sum(amount) as turnover FROM orders WHERE (status = ? AND delivery_time BETWEEN ? AND ?)
2026-01-16 17:58:46.381 [http-nio-8080-exec-10] DEBUG com.sky.mapper.OrderMapper.selectObjs - ==> Parameters: 5(Integer), 2026-01-13T00:00(LocalDateTime), 2026-01-13T23:59:59.999999999(LocalDateTime)
2026-01-16 17:58:46.383 [http-nio-8080-exec-10] DEBUG com.sky.mapper.OrderMapper.selectObjs - <==      Total: 1
2026-01-16 17:58:46.383 [http-nio-8080-exec-10] DEBUG com.sky.mapper.OrderMapper.selectObjs - ==>  Preparing: SELECT sum(amount) as turnover FROM orders WHERE (status = ? AND delivery_time BETWEEN ? AND ?)
2026-01-16 17:58:46.383 [http-nio-8080-exec-10] DEBUG com.sky.mapper.OrderMapper.selectObjs - ==> Parameters: 5(Integer), 2026-01-14T00:00(LocalDateTime), 2026-01-14T23:59:59.999999999(LocalDateTime)
2026-01-16 17:58:46.384 [http-nio-8080-exec-10] DEBUG com.sky.mapper.OrderMapper.selectObjs - <==      Total: 1
2026-01-16 17:58:46.384 [http-nio-8080-exec-10] DEBUG com.sky.mapper.OrderMapper.selectObjs - ==>  Preparing: SELECT sum(amount) as turnover FROM orders WHERE (status = ? AND delivery_time BETWEEN ? AND ?)
2026-01-16 17:58:46.385 [http-nio-8080-exec-10] DEBUG com.sky.mapper.OrderMapper.selectObjs - ==> Parameters: 5(Integer), 2026-01-15T00:00(LocalDateTime), 2026-01-15T23:59:59.999999999(LocalDateTime)
2026-01-16 17:58:46.385 [http-nio-8080-exec-10] DEBUG com.sky.mapper.OrderMapper.selectObjs - <==      Total: 1
2026-01-16 17:58:46.386 [http-nio-8080-exec-10] DEBUG com.sky.mapper.OrderMapper.selectObjs - ==>  Preparing: SELECT sum(amount) as turnover FROM orders WHERE (status = ? AND delivery_time BETWEEN ? AND ?)
2026-01-16 17:58:46.386 [http-nio-8080-exec-10] DEBUG com.sky.mapper.OrderMapper.selectObjs - ==> Parameters: 5(Integer), 2026-01-16T00:00(LocalDateTime), 2026-01-16T23:59:59.999999999(LocalDateTime)
2026-01-16 17:58:46.387 [http-nio-8080-exec-10] DEBUG com.sky.mapper.OrderMapper.selectObjs - <==      Total: 1
2026-01-16 17:58:46.387 [http-nio-8080-exec-10] DEBUG com.sky.mapper.OrderMapper.selectObjs - ==>  Preparing: SELECT sum(amount) as turnover FROM orders WHERE (status = ? AND delivery_time BETWEEN ? AND ?)
2026-01-16 17:58:46.387 [http-nio-8080-exec-10] DEBUG com.sky.mapper.OrderMapper.selectObjs - ==> Parameters: 5(Integer), 2026-01-17T00:00(LocalDateTime), 2026-01-17T23:59:59.999999999(LocalDateTime)
2026-01-16 17:58:46.388 [http-nio-8080-exec-10] DEBUG com.sky.mapper.OrderMapper.selectObjs - <==      Total: 1
2026-01-16 17:58:46.388 [http-nio-8080-exec-10] DEBUG com.sky.mapper.OrderMapper.selectObjs - ==>  Preparing: SELECT sum(amount) as turnover FROM orders WHERE (status = ? AND delivery_time BETWEEN ? AND ?)
2026-01-16 17:58:46.388 [http-nio-8080-exec-10] DEBUG com.sky.mapper.OrderMapper.selectObjs - ==> Parameters: 5(Integer), 2026-01-18T00:00(LocalDateTime), 2026-01-18T23:59:59.999999999(LocalDateTime)
2026-01-16 17:58:46.389 [http-nio-8080-exec-10] DEBUG com.sky.mapper.OrderMapper.selectObjs - <==      Total: 1
2026-01-16 17:58:46.389 [http-nio-8080-exec-10] INFO  com.sky.controller.admin.ReportController - 营业额列表：0.0,0.0,480.00,101.00,242.00,0.0,0.0
2026-01-16 17:58:47.817 [http-nio-8080-exec-4] INFO  com.sky.interceptor.JwtTokenInterceptor - jwt校验: eyJhbGciOiJIUzI1NiJ9.eyJlbXBJZCI6MSwiZXhwIjoxNzY5MjcyMDAwfQ._bbClYFVQ9BDF2L5Vble2dvD9x4t1FtlcEzesGbshi4
2026-01-16 17:58:47.817 [http-nio-8080-exec-1] WARN  org.springframework.web.servlet.PageNotFound - No mapping for GET /admin/report/userStatistics
2026-01-16 17:58:47.817 [http-nio-8080-exec-3] WARN  org.springframework.web.servlet.PageNotFound - No mapping for GET /admin/report/top10
2026-01-16 17:58:47.817 [http-nio-8080-exec-8] WARN  org.springframework.web.servlet.PageNotFound - No mapping for GET /admin/report/ordersStatistics
2026-01-16 17:58:47.817 [http-nio-8080-exec-4] INFO  com.sky.interceptor.JwtTokenAdminInterceptor - id=1的员工登入苍穹外卖管理端

2026-01-16 17:58:47.818 [http-nio-8080-exec-4] INFO  com.sky.controller.admin.ReportController - 统计2026-01-01到2026-01-31之间的营业额
2026-01-16 17:58:47.820 [http-nio-8080-exec-4] DEBUG com.sky.mapper.OrderMapper.selectObjs - ==>  Preparing: SELECT sum(amount) as turnover FROM orders WHERE (status = ? AND delivery_time BETWEEN ? AND ?)
2026-01-16 17:58:47.820 [http-nio-8080-exec-4] DEBUG com.sky.mapper.OrderMapper.selectObjs - ==> Parameters: 5(Integer), 2026-01-01T00:00(LocalDateTime), 2026-01-01T23:59:59.999999999(LocalDateTime)
2026-01-16 17:58:47.820 [http-nio-8080-exec-4] DEBUG com.sky.mapper.OrderMapper.selectObjs - <==      Total: 1
2026-01-16 17:58:47.821 [http-nio-8080-exec-4] DEBUG com.sky.mapper.OrderMapper.selectObjs - ==>  Preparing: SELECT sum(amount) as turnover FROM orders WHERE (status = ? AND delivery_time BETWEEN ? AND ?)
2026-01-16 17:58:47.821 [http-nio-8080-exec-4] DEBUG com.sky.mapper.OrderMapper.selectObjs - ==> Parameters: 5(Integer), 2026-01-02T00:00(LocalDateTime), 2026-01-02T23:59:59.999999999(LocalDateTime)
2026-01-16 17:58:47.822 [http-nio-8080-exec-4] DEBUG com.sky.mapper.OrderMapper.selectObjs - <==      Total: 1
2026-01-16 17:58:47.822 [http-nio-8080-exec-4] DEBUG com.sky.mapper.OrderMapper.selectObjs - ==>  Preparing: SELECT sum(amount) as turnover FROM orders WHERE (status = ? AND delivery_time BETWEEN ? AND ?)
2026-01-16 17:58:47.822 [http-nio-8080-exec-4] DEBUG com.sky.mapper.OrderMapper.selectObjs - ==> Parameters: 5(Integer), 2026-01-03T00:00(LocalDateTime), 2026-01-03T23:59:59.999999999(LocalDateTime)
2026-01-16 17:58:47.824 [http-nio-8080-exec-4] DEBUG com.sky.mapper.OrderMapper.selectObjs - <==      Total: 1
2026-01-16 17:58:47.824 [http-nio-8080-exec-4] DEBUG com.sky.mapper.OrderMapper.selectObjs - ==>  Preparing: SELECT sum(amount) as turnover FROM orders WHERE (status = ? AND delivery_time BETWEEN ? AND ?)
2026-01-16 17:58:47.824 [http-nio-8080-exec-4] DEBUG com.sky.mapper.OrderMapper.selectObjs - ==> Parameters: 5(Integer), 2026-01-04T00:00(LocalDateTime), 2026-01-04T23:59:59.999999999(LocalDateTime)
2026-01-16 17:58:47.825 [http-nio-8080-exec-4] DEBUG com.sky.mapper.OrderMapper.selectObjs - <==      Total: 1
2026-01-16 17:58:47.825 [http-nio-8080-exec-4] DEBUG com.sky.mapper.OrderMapper.selectObjs - ==>  Preparing: SELECT sum(amount) as turnover FROM orders WHERE (status = ? AND delivery_time BETWEEN ? AND ?)
2026-01-16 17:58:47.825 [http-nio-8080-exec-4] DEBUG com.sky.mapper.OrderMapper.selectObjs - ==> Parameters: 5(Integer), 2026-01-05T00:00(LocalDateTime), 2026-01-05T23:59:59.999999999(LocalDateTime)
2026-01-16 17:58:47.826 [http-nio-8080-exec-4] DEBUG com.sky.mapper.OrderMapper.selectObjs - <==      Total: 1
2026-01-16 17:58:47.826 [http-nio-8080-exec-4] DEBUG com.sky.mapper.OrderMapper.selectObjs - ==>  Preparing: SELECT sum(amount) as turnover FROM orders WHERE (status = ? AND delivery_time BETWEEN ? AND ?)
2026-01-16 17:58:47.826 [http-nio-8080-exec-4] DEBUG com.sky.mapper.OrderMapper.selectObjs - ==> Parameters: 5(Integer), 2026-01-06T00:00(LocalDateTime), 2026-01-06T23:59:59.999999999(LocalDateTime)
2026-01-16 17:58:47.827 [http-nio-8080-exec-4] DEBUG com.sky.mapper.OrderMapper.selectObjs - <==      Total: 1
2026-01-16 17:58:47.827 [http-nio-8080-exec-4] DEBUG com.sky.mapper.OrderMapper.selectObjs - ==>  Preparing: SELECT sum(amount) as turnover FROM orders WHERE (status = ? AND delivery_time BETWEEN ? AND ?)
2026-01-16 17:58:47.827 [http-nio-8080-exec-4] DEBUG com.sky.mapper.OrderMapper.selectObjs - ==> Parameters: 5(Integer), 2026-01-07T00:00(LocalDateTime), 2026-01-07T23:59:59.999999999(LocalDateTime)
2026-01-16 17:58:47.828 [http-nio-8080-exec-4] DEBUG com.sky.mapper.OrderMapper.selectObjs - <==      Total: 1
2026-01-16 17:58:47.828 [http-nio-8080-exec-4] DEBUG com.sky.mapper.OrderMapper.selectObjs - ==>  Preparing: SELECT sum(amount) as turnover FROM orders WHERE (status = ? AND delivery_time BETWEEN ? AND ?)
2026-01-16 17:58:47.829 [http-nio-8080-exec-4] DEBUG com.sky.mapper.OrderMapper.selectObjs - ==> Parameters: 5(Integer), 2026-01-08T00:00(LocalDateTime), 2026-01-08T23:59:59.999999999(LocalDateTime)
2026-01-16 17:58:47.829 [http-nio-8080-exec-4] DEBUG com.sky.mapper.OrderMapper.selectObjs - <==      Total: 1
2026-01-16 17:58:47.830 [http-nio-8080-exec-4] DEBUG com.sky.mapper.OrderMapper.selectObjs - ==>  Preparing: SELECT sum(amount) as turnover FROM orders WHERE (status = ? AND delivery_time BETWEEN ? AND ?)
2026-01-16 17:58:47.830 [http-nio-8080-exec-4] DEBUG com.sky.mapper.OrderMapper.selectObjs - ==> Parameters: 5(Integer), 2026-01-09T00:00(LocalDateTime), 2026-01-09T23:59:59.999999999(LocalDateTime)
2026-01-16 17:58:47.831 [http-nio-8080-exec-4] DEBUG com.sky.mapper.OrderMapper.selectObjs - <==      Total: 1
2026-01-16 17:58:47.832 [http-nio-8080-exec-4] DEBUG com.sky.mapper.OrderMapper.selectObjs - ==>  Preparing: SELECT sum(amount) as turnover FROM orders WHERE (status = ? AND delivery_time BETWEEN ? AND ?)
2026-01-16 17:58:47.832 [http-nio-8080-exec-4] DEBUG com.sky.mapper.OrderMapper.selectObjs - ==> Parameters: 5(Integer), 2026-01-10T00:00(LocalDateTime), 2026-01-10T23:59:59.999999999(LocalDateTime)
2026-01-16 17:58:47.833 [http-nio-8080-exec-4] DEBUG com.sky.mapper.OrderMapper.selectObjs - <==      Total: 1
2026-01-16 17:58:47.833 [http-nio-8080-exec-4] DEBUG com.sky.mapper.OrderMapper.selectObjs - ==>  Preparing: SELECT sum(amount) as turnover FROM orders WHERE (status = ? AND delivery_time BETWEEN ? AND ?)
2026-01-16 17:58:47.834 [http-nio-8080-exec-4] DEBUG com.sky.mapper.OrderMapper.selectObjs - ==> Parameters: 5(Integer), 2026-01-11T00:00(LocalDateTime), 2026-01-11T23:59:59.999999999(LocalDateTime)
2026-01-16 17:58:47.834 [http-nio-8080-exec-4] DEBUG com.sky.mapper.OrderMapper.selectObjs - <==      Total: 1
2026-01-16 17:58:47.835 [http-nio-8080-exec-4] DEBUG com.sky.mapper.OrderMapper.selectObjs - ==>  Preparing: SELECT sum(amount) as turnover FROM orders WHERE (status = ? AND delivery_time BETWEEN ? AND ?)
2026-01-16 17:58:47.835 [http-nio-8080-exec-4] DEBUG com.sky.mapper.OrderMapper.selectObjs - ==> Parameters: 5(Integer), 2026-01-12T00:00(LocalDateTime), 2026-01-12T23:59:59.999999999(LocalDateTime)
2026-01-16 17:58:47.836 [http-nio-8080-exec-4] DEBUG com.sky.mapper.OrderMapper.selectObjs - <==      Total: 1
2026-01-16 17:58:47.836 [http-nio-8080-exec-4] DEBUG com.sky.mapper.OrderMapper.selectObjs - ==>  Preparing: SELECT sum(amount) as turnover FROM orders WHERE (status = ? AND delivery_time BETWEEN ? AND ?)
2026-01-16 17:58:47.836 [http-nio-8080-exec-4] DEBUG com.sky.mapper.OrderMapper.selectObjs - ==> Parameters: 5(Integer), 2026-01-13T00:00(LocalDateTime), 2026-01-13T23:59:59.999999999(LocalDateTime)
2026-01-16 17:58:47.837 [http-nio-8080-exec-4] DEBUG com.sky.mapper.OrderMapper.selectObjs - <==      Total: 1
2026-01-16 17:58:47.838 [http-nio-8080-exec-4] DEBUG com.sky.mapper.OrderMapper.selectObjs - ==>  Preparing: SELECT sum(amount) as turnover FROM orders WHERE (status = ? AND delivery_time BETWEEN ? AND ?)
2026-01-16 17:58:47.838 [http-nio-8080-exec-4] DEBUG com.sky.mapper.OrderMapper.selectObjs - ==> Parameters: 5(Integer), 2026-01-14T00:00(LocalDateTime), 2026-01-14T23:59:59.999999999(LocalDateTime)
2026-01-16 17:58:47.838 [http-nio-8080-exec-4] DEBUG com.sky.mapper.OrderMapper.selectObjs - <==      Total: 1
2026-01-16 17:58:47.839 [http-nio-8080-exec-4] DEBUG com.sky.mapper.OrderMapper.selectObjs - ==>  Preparing: SELECT sum(amount) as turnover FROM orders WHERE (status = ? AND delivery_time BETWEEN ? AND ?)
2026-01-16 17:58:47.839 [http-nio-8080-exec-4] DEBUG com.sky.mapper.OrderMapper.selectObjs - ==> Parameters: 5(Integer), 2026-01-15T00:00(LocalDateTime), 2026-01-15T23:59:59.999999999(LocalDateTime)
2026-01-16 17:58:47.840 [http-nio-8080-exec-4] DEBUG com.sky.mapper.OrderMapper.selectObjs - <==      Total: 1
2026-01-16 17:58:47.840 [http-nio-8080-exec-4] DEBUG com.sky.mapper.OrderMapper.selectObjs - ==>  Preparing: SELECT sum(amount) as turnover FROM orders WHERE (status = ? AND delivery_time BETWEEN ? AND ?)
2026-01-16 17:58:47.840 [http-nio-8080-exec-4] DEBUG com.sky.mapper.OrderMapper.selectObjs - ==> Parameters: 5(Integer), 2026-01-16T00:00(LocalDateTime), 2026-01-16T23:59:59.999999999(LocalDateTime)
2026-01-16 17:58:47.841 [http-nio-8080-exec-4] DEBUG com.sky.mapper.OrderMapper.selectObjs - <==      Total: 1
2026-01-16 17:58:47.841 [http-nio-8080-exec-4] DEBUG com.sky.mapper.OrderMapper.selectObjs - ==>  Preparing: SELECT sum(amount) as turnover FROM orders WHERE (status = ? AND delivery_time BETWEEN ? AND ?)
2026-01-16 17:58:47.841 [http-nio-8080-exec-4] DEBUG com.sky.mapper.OrderMapper.selectObjs - ==> Parameters: 5(Integer), 2026-01-17T00:00(LocalDateTime), 2026-01-17T23:59:59.999999999(LocalDateTime)
2026-01-16 17:58:47.842 [http-nio-8080-exec-4] DEBUG com.sky.mapper.OrderMapper.selectObjs - <==      Total: 1
2026-01-16 17:58:47.842 [http-nio-8080-exec-4] DEBUG com.sky.mapper.OrderMapper.selectObjs - ==>  Preparing: SELECT sum(amount) as turnover FROM orders WHERE (status = ? AND delivery_time BETWEEN ? AND ?)
2026-01-16 17:58:47.842 [http-nio-8080-exec-4] DEBUG com.sky.mapper.OrderMapper.selectObjs - ==> Parameters: 5(Integer), 2026-01-18T00:00(LocalDateTime), 2026-01-18T23:59:59.999999999(LocalDateTime)
2026-01-16 17:58:47.843 [http-nio-8080-exec-4] DEBUG com.sky.mapper.OrderMapper.selectObjs - <==      Total: 1
2026-01-16 17:58:47.843 [http-nio-8080-exec-4] DEBUG com.sky.mapper.OrderMapper.selectObjs - ==>  Preparing: SELECT sum(amount) as turnover FROM orders WHERE (status = ? AND delivery_time BETWEEN ? AND ?)
2026-01-16 17:58:47.843 [http-nio-8080-exec-4] DEBUG com.sky.mapper.OrderMapper.selectObjs - ==> Parameters: 5(Integer), 2026-01-19T00:00(LocalDateTime), 2026-01-19T23:59:59.999999999(LocalDateTime)
2026-01-16 17:58:47.843 [http-nio-8080-exec-4] DEBUG com.sky.mapper.OrderMapper.selectObjs - <==      Total: 1
2026-01-16 17:58:47.845 [http-nio-8080-exec-4] DEBUG com.sky.mapper.OrderMapper.selectObjs - ==>  Preparing: SELECT sum(amount) as turnover FROM orders WHERE (status = ? AND delivery_time BETWEEN ? AND ?)
2026-01-16 17:58:47.845 [http-nio-8080-exec-4] DEBUG com.sky.mapper.OrderMapper.selectObjs - ==> Parameters: 5(Integer), 2026-01-20T00:00(LocalDateTime), 2026-01-20T23:59:59.999999999(LocalDateTime)
2026-01-16 17:58:47.846 [http-nio-8080-exec-4] DEBUG com.sky.mapper.OrderMapper.selectObjs - <==      Total: 1
2026-01-16 17:58:47.846 [http-nio-8080-exec-4] DEBUG com.sky.mapper.OrderMapper.selectObjs - ==>  Preparing: SELECT sum(amount) as turnover FROM orders WHERE (status = ? AND delivery_time BETWEEN ? AND ?)
2026-01-16 17:58:47.846 [http-nio-8080-exec-4] DEBUG com.sky.mapper.OrderMapper.selectObjs - ==> Parameters: 5(Integer), 2026-01-21T00:00(LocalDateTime), 2026-01-21T23:59:59.999999999(LocalDateTime)
2026-01-16 17:58:47.847 [http-nio-8080-exec-4] DEBUG com.sky.mapper.OrderMapper.selectObjs - <==      Total: 1
2026-01-16 17:58:47.847 [http-nio-8080-exec-4] DEBUG com.sky.mapper.OrderMapper.selectObjs - ==>  Preparing: SELECT sum(amount) as turnover FROM orders WHERE (status = ? AND delivery_time BETWEEN ? AND ?)
2026-01-16 17:58:47.847 [http-nio-8080-exec-4] DEBUG com.sky.mapper.OrderMapper.selectObjs - ==> Parameters: 5(Integer), 2026-01-22T00:00(LocalDateTime), 2026-01-22T23:59:59.999999999(LocalDateTime)
2026-01-16 17:58:47.848 [http-nio-8080-exec-4] DEBUG com.sky.mapper.OrderMapper.selectObjs - <==      Total: 1
2026-01-16 17:58:47.848 [http-nio-8080-exec-4] DEBUG com.sky.mapper.OrderMapper.selectObjs - ==>  Preparing: SELECT sum(amount) as turnover FROM orders WHERE (status = ? AND delivery_time BETWEEN ? AND ?)
2026-01-16 17:58:47.849 [http-nio-8080-exec-4] DEBUG com.sky.mapper.OrderMapper.selectObjs - ==> Parameters: 5(Integer), 2026-01-23T00:00(LocalDateTime), 2026-01-23T23:59:59.999999999(LocalDateTime)
2026-01-16 17:58:47.849 [http-nio-8080-exec-4] DEBUG com.sky.mapper.OrderMapper.selectObjs - <==      Total: 1
2026-01-16 17:58:47.850 [http-nio-8080-exec-4] DEBUG com.sky.mapper.OrderMapper.selectObjs - ==>  Preparing: SELECT sum(amount) as turnover FROM orders WHERE (status = ? AND delivery_time BETWEEN ? AND ?)
2026-01-16 17:58:47.850 [http-nio-8080-exec-4] DEBUG com.sky.mapper.OrderMapper.selectObjs - ==> Parameters: 5(Integer), 2026-01-24T00:00(LocalDateTime), 2026-01-24T23:59:59.999999999(LocalDateTime)
2026-01-16 17:58:47.851 [http-nio-8080-exec-4] DEBUG com.sky.mapper.OrderMapper.selectObjs - <==      Total: 1
2026-01-16 17:58:47.851 [http-nio-8080-exec-4] DEBUG com.sky.mapper.OrderMapper.selectObjs - ==>  Preparing: SELECT sum(amount) as turnover FROM orders WHERE (status = ? AND delivery_time BETWEEN ? AND ?)
2026-01-16 17:58:47.851 [http-nio-8080-exec-4] DEBUG com.sky.mapper.OrderMapper.selectObjs - ==> Parameters: 5(Integer), 2026-01-25T00:00(LocalDateTime), 2026-01-25T23:59:59.999999999(LocalDateTime)
2026-01-16 17:58:47.852 [http-nio-8080-exec-4] DEBUG com.sky.mapper.OrderMapper.selectObjs - <==      Total: 1
2026-01-16 17:58:47.852 [http-nio-8080-exec-4] DEBUG com.sky.mapper.OrderMapper.selectObjs - ==>  Preparing: SELECT sum(amount) as turnover FROM orders WHERE (status = ? AND delivery_time BETWEEN ? AND ?)
2026-01-16 17:58:47.852 [http-nio-8080-exec-4] DEBUG com.sky.mapper.OrderMapper.selectObjs - ==> Parameters: 5(Integer), 2026-01-26T00:00(LocalDateTime), 2026-01-26T23:59:59.999999999(LocalDateTime)
2026-01-16 17:58:47.853 [http-nio-8080-exec-4] DEBUG com.sky.mapper.OrderMapper.selectObjs - <==      Total: 1
2026-01-16 17:58:47.853 [http-nio-8080-exec-4] DEBUG com.sky.mapper.OrderMapper.selectObjs - ==>  Preparing: SELECT sum(amount) as turnover FROM orders WHERE (status = ? AND delivery_time BETWEEN ? AND ?)
2026-01-16 17:58:47.853 [http-nio-8080-exec-4] DEBUG com.sky.mapper.OrderMapper.selectObjs - ==> Parameters: 5(Integer), 2026-01-27T00:00(LocalDateTime), 2026-01-27T23:59:59.999999999(LocalDateTime)
2026-01-16 17:58:47.854 [http-nio-8080-exec-4] DEBUG com.sky.mapper.OrderMapper.selectObjs - <==      Total: 1
2026-01-16 17:58:47.854 [http-nio-8080-exec-4] DEBUG com.sky.mapper.OrderMapper.selectObjs - ==>  Preparing: SELECT sum(amount) as turnover FROM orders WHERE (status = ? AND delivery_time BETWEEN ? AND ?)
2026-01-16 17:58:47.854 [http-nio-8080-exec-4] DEBUG com.sky.mapper.OrderMapper.selectObjs - ==> Parameters: 5(Integer), 2026-01-28T00:00(LocalDateTime), 2026-01-28T23:59:59.999999999(LocalDateTime)
2026-01-16 17:58:47.856 [http-nio-8080-exec-4] DEBUG com.sky.mapper.OrderMapper.selectObjs - <==      Total: 1
2026-01-16 17:58:47.856 [http-nio-8080-exec-4] DEBUG com.sky.mapper.OrderMapper.selectObjs - ==>  Preparing: SELECT sum(amount) as turnover FROM orders WHERE (status = ? AND delivery_time BETWEEN ? AND ?)
2026-01-16 17:58:47.856 [http-nio-8080-exec-4] DEBUG com.sky.mapper.OrderMapper.selectObjs - ==> Parameters: 5(Integer), 2026-01-29T00:00(LocalDateTime), 2026-01-29T23:59:59.999999999(LocalDateTime)
2026-01-16 17:58:47.857 [http-nio-8080-exec-4] DEBUG com.sky.mapper.OrderMapper.selectObjs - <==      Total: 1
2026-01-16 17:58:47.857 [http-nio-8080-exec-4] DEBUG com.sky.mapper.OrderMapper.selectObjs - ==>  Preparing: SELECT sum(amount) as turnover FROM orders WHERE (status = ? AND delivery_time BETWEEN ? AND ?)
2026-01-16 17:58:47.857 [http-nio-8080-exec-4] DEBUG com.sky.mapper.OrderMapper.selectObjs - ==> Parameters: 5(Integer), 2026-01-30T00:00(LocalDateTime), 2026-01-30T23:59:59.999999999(LocalDateTime)
2026-01-16 17:58:47.858 [http-nio-8080-exec-4] DEBUG com.sky.mapper.OrderMapper.selectObjs - <==      Total: 1
2026-01-16 17:58:47.858 [http-nio-8080-exec-4] DEBUG com.sky.mapper.OrderMapper.selectObjs - ==>  Preparing: SELECT sum(amount) as turnover FROM orders WHERE (status = ? AND delivery_time BETWEEN ? AND ?)
2026-01-16 17:58:47.858 [http-nio-8080-exec-4] DEBUG com.sky.mapper.OrderMapper.selectObjs - ==> Parameters: 5(Integer), 2026-01-31T00:00(LocalDateTime), 2026-01-31T23:59:59.999999999(LocalDateTime)
2026-01-16 17:58:47.859 [http-nio-8080-exec-4] DEBUG com.sky.mapper.OrderMapper.selectObjs - <==      Total: 1
2026-01-16 17:58:47.859 [http-nio-8080-exec-4] INFO  com.sky.controller.admin.ReportController - 营业额列表：0.0,0.0,0.0,0.0,0.0,0.0,0.0,0.0,0.0,0.0,0.0,0.0,0.0,480.00,101.00,242.00,0.0,0.0,0.0,0.0,0.0,0.0,0.0,0.0,0.0,0.0,0.0,0.0,0.0,0.0,0.0
2026-01-16 17:59:00.011 [scheduling-1] INFO  com.sky.task.OrderTask - 每分钟定时处理超时未付款的订单：2026-01-16T17:59:00.011809900
2026-01-16 17:59:00.016 [scheduling-1] DEBUG com.sky.mapper.OrderMapper.selectList - ==>  Preparing: SELECT id,number,status,user_id,address_book_id,order_time,checkout_time,pay_method,pay_status,amount,remark,user_name,phone,address,consignee,cancel_reason,rejection_reason,cancel_time,estimated_delivery_time,delivery_status,delivery_time,pack_amount,tableware_number,tableware_status FROM orders WHERE (status = ? AND order_time < ?)
2026-01-16 17:59:00.016 [scheduling-1] DEBUG com.sky.mapper.OrderMapper.selectList - ==> Parameters: 1(Integer), 2026-01-16T17:56:00.013324400(LocalDateTime)
2026-01-16 17:59:00.018 [scheduling-1] DEBUG com.sky.mapper.OrderMapper.selectList - <==      Total: 0
2026-01-16 17:59:11.468 [SpringApplicationShutdownHook] INFO  com.sky.websocket.WebSocketServer - 客户端ngteej3sa6t与服务端断开连接

2026-01-16 17:59:11.607 [SpringApplicationShutdownHook] INFO  com.alibaba.druid.pool.DruidDataSource - {dataSource-1} closing ...
2026-01-16 17:59:11.611 [SpringApplicationShutdownHook] INFO  com.alibaba.druid.pool.DruidDataSource - {dataSource-1} closed
