2026-01-16 17:59:16.769 [main] INFO  com.sky.SkyApplication - Starting SkyApplication using Java 17.0.12 on Zsh with PID 3256 (D:\ZSH-ComputerScience\CangQiong\sky-take-out\sky-take-out\sky-server\target\classes started by asus in D:\ZSH-ComputerScience\CangQiong\sky-take-out\sky-take-out)
2026-01-16 17:59:16.771 [main] INFO  com.sky.SkyApplication - The following 1 profile is active: "dev"
2026-01-16 17:59:17.394 [main] INFO  o.s.d.r.config.RepositoryConfigurationDelegate - Multiple Spring Data modules found, entering strict repository configuration mode
2026-01-16 17:59:17.396 [main] INFO  o.s.d.r.config.RepositoryConfigurationDelegate - Bootstrapping Spring Data Redis repositories in DEFAULT mode.
2026-01-16 17:59:17.421 [main] INFO  o.s.d.r.config.RepositoryConfigurationDelegate - Finished Spring Data repository scanning in 16 ms. Found 0 Redis repository interfaces.
2026-01-16 17:59:18.006 [main] INFO  o.s.boot.web.embedded.tomcat.TomcatWebServer - Tomcat initialized with port(s): 8080 (http)
2026-01-16 17:59:18.007 [main] INFO  org.apache.catalina.core.AprLifecycleListener - Loaded Apache Tomcat Native library [1.3.1] using APR version [1.7.4].
2026-01-16 17:59:18.007 [main] INFO  org.apache.catalina.core.AprLifecycleListener - APR capabilities: IPv6 [true], sendfile [true], accept filters [false], random [true], UDS [true].
2026-01-16 17:59:18.007 [main] INFO  org.apache.catalina.core.AprLifecycleListener - APR/OpenSSL configuration: useAprConnector [false], useOpenSSL [true]
2026-01-16 17:59:18.011 [main] INFO  org.apache.catalina.core.AprLifecycleListener - OpenSSL successfully initialized [OpenSSL 3.0.14 4 Jun 2024]
2026-01-16 17:59:18.018 [main] INFO  org.apache.catalina.core.StandardService - Starting service [Tomcat]
2026-01-16 17:59:18.019 [main] INFO  org.apache.catalina.core.StandardEngine - Starting Servlet engine: [Apache Tomcat/9.0.65]
2026-01-16 17:59:18.119 [main] INFO  o.a.c.core.ContainerBase.[Tomcat].[localhost].[/] - Initializing Spring embedded WebApplicationContext
2026-01-16 17:59:18.119 [main] INFO  o.s.b.w.s.c.ServletWebServerApplicationContext - Root WebApplicationContext: initialization completed in 1313 ms
2026-01-16 17:59:18.180 [main] INFO  c.a.d.s.b.a.DruidDataSourceAutoConfigure - Init DruidDataSource
2026-01-16 17:59:18.287 [main] INFO  com.alibaba.druid.pool.DruidDataSource - {dataSource-1} inited
2026-01-16 17:59:18.333 [main] INFO  com.sky.config.MyBatisPlusConfig - 开始注册MyBatis-Plus的拦截器...
2026-01-16 17:59:18.442 [main] WARN  c.b.mybatisplus.core.injector.methods.Update - [com.sky.mapper.CategoryMapper.update] Has been loaded by XML or SqlProvider or Mybatis's Annotation, so ignoring this injection for [class com.baomidou.mybatisplus.core.injector.methods.Update]
2026-01-16 17:59:18.480 [main] WARN  c.b.mybatisplus.core.injector.methods.Update - [com.sky.mapper.DishMapper.update] Has been loaded by XML or SqlProvider or Mybatis's Annotation, so ignoring this injection for [class com.baomidou.mybatisplus.core.injector.methods.Update]
2026-01-16 17:59:18.498 [main] WARN  c.b.mybatisplus.core.injector.methods.Update - [com.sky.mapper.EmployeeMapper.update] Has been loaded by XML or SqlProvider or Mybatis's Annotation, so ignoring this injection for [class com.baomidou.mybatisplus.core.injector.methods.Update]
2026-01-16 17:59:18.529 [main] WARN  c.b.mybatisplus.core.injector.methods.Update - [com.sky.mapper.SetmealMapper.update] Has been loaded by XML or SqlProvider or Mybatis's Annotation, so ignoring this injection for [class com.baomidou.mybatisplus.core.injector.methods.Update]
2026-01-16 17:59:18.659 [main] INFO  com.sky.config.AliyunOssConfig - 开始创建阿里云OSS文件上传工具对象...
2026-01-16 17:59:18.800 [main] INFO  com.sky.config.RedisConfig - 开始创建Redis模板对象...
2026-01-16 17:59:19.109 [main] INFO  com.sky.config.WebMvcConfig - 开始注册自定义拦截器...
2026-01-16 17:59:19.181 [main] INFO  com.sky.config.WebMvcConfig - 准备生成管理端接口文档...
2026-01-16 17:59:19.186 [main] INFO  com.sky.config.WebMvcConfig - 准备生成用户端接口文档...
2026-01-16 17:59:19.219 [main] INFO  com.sky.config.WebMvcConfig - 扩展消息转换器...
2026-01-16 17:59:19.223 [main] INFO  com.sky.config.WebMvcConfig - 开始设置静态资源映射...
2026-01-16 17:59:19.603 [main] INFO  o.s.boot.web.embedded.tomcat.TomcatWebServer - Tomcat started on port(s): 8080 (http) with context path ''
2026-01-16 17:59:19.944 [main] INFO  com.sky.SkyApplication - Started SkyApplication in 3.524 seconds (JVM running for 3.99)
2026-01-16 17:59:19.946 [main] INFO  com.sky.SkyApplication - server starts ...
2026-01-16 17:59:23.555 [http-nio-8080-exec-3] INFO  o.a.c.core.ContainerBase.[Tomcat].[localhost].[/] - Initializing Spring DispatcherServlet 'dispatcherServlet'
2026-01-16 17:59:23.556 [http-nio-8080-exec-3] INFO  org.springframework.web.servlet.DispatcherServlet - Initializing Servlet 'dispatcherServlet'
2026-01-16 17:59:23.556 [http-nio-8080-exec-3] INFO  org.springframework.web.servlet.DispatcherServlet - Completed initialization in 0 ms
2026-01-16 17:59:23.569 [http-nio-8080-exec-1] INFO  com.sky.interceptor.JwtTokenInterceptor - jwt校验: eyJhbGciOiJIUzI1NiJ9.eyJlbXBJZCI6MSwiZXhwIjoxNzY5MjcyMDAwfQ._bbClYFVQ9BDF2L5Vble2dvD9x4t1FtlcEzesGbshi4
2026-01-16 17:59:23.570 [http-nio-8080-exec-3] WARN  org.springframework.web.servlet.PageNotFound - No mapping for GET /admin/report/userStatistics
2026-01-16 17:59:23.570 [http-nio-8080-exec-4] WARN  org.springframework.web.servlet.PageNotFound - No mapping for GET /admin/report/top10
2026-01-16 17:59:23.570 [http-nio-8080-exec-2] WARN  org.springframework.web.servlet.PageNotFound - No mapping for GET /admin/report/ordersStatistics
2026-01-16 17:59:23.618 [http-nio-8080-exec-1] INFO  com.sky.interceptor.JwtTokenAdminInterceptor - id=1的员工登入苍穹外卖管理端

2026-01-16 17:59:23.626 [http-nio-8080-exec-1] INFO  com.sky.controller.admin.ReportController - 统计2026-01-09到2026-01-15之间的营业额
2026-01-16 17:59:23.792 [http-nio-8080-exec-1] DEBUG com.sky.mapper.OrderMapper.selectObjs - ==>  Preparing: SELECT sum(amount) as turnover FROM orders WHERE (status = ? AND delivery_time BETWEEN ? AND ?)
2026-01-16 17:59:23.821 [http-nio-8080-exec-1] DEBUG com.sky.mapper.OrderMapper.selectObjs - ==> Parameters: 5(Integer), 2026-01-09T00:00(LocalDateTime), 2026-01-09T23:59:59.999999999(LocalDateTime)
2026-01-16 17:59:23.840 [http-nio-8080-exec-1] DEBUG com.sky.mapper.OrderMapper.selectObjs - <==      Total: 1
2026-01-16 17:59:23.842 [http-nio-8080-exec-1] DEBUG com.sky.mapper.OrderMapper.selectObjs - ==>  Preparing: SELECT sum(amount) as turnover FROM orders WHERE (status = ? AND delivery_time BETWEEN ? AND ?)
2026-01-16 17:59:23.843 [http-nio-8080-exec-1] DEBUG com.sky.mapper.OrderMapper.selectObjs - ==> Parameters: 5(Integer), 2026-01-10T00:00(LocalDateTime), 2026-01-10T23:59:59.999999999(LocalDateTime)
2026-01-16 17:59:23.843 [http-nio-8080-exec-1] DEBUG com.sky.mapper.OrderMapper.selectObjs - <==      Total: 1
2026-01-16 17:59:23.845 [http-nio-8080-exec-1] DEBUG com.sky.mapper.OrderMapper.selectObjs - ==>  Preparing: SELECT sum(amount) as turnover FROM orders WHERE (status = ? AND delivery_time BETWEEN ? AND ?)
2026-01-16 17:59:23.845 [http-nio-8080-exec-1] DEBUG com.sky.mapper.OrderMapper.selectObjs - ==> Parameters: 5(Integer), 2026-01-11T00:00(LocalDateTime), 2026-01-11T23:59:59.999999999(LocalDateTime)
2026-01-16 17:59:23.846 [http-nio-8080-exec-1] DEBUG com.sky.mapper.OrderMapper.selectObjs - <==      Total: 1
2026-01-16 17:59:23.847 [http-nio-8080-exec-1] DEBUG com.sky.mapper.OrderMapper.selectObjs - ==>  Preparing: SELECT sum(amount) as turnover FROM orders WHERE (status = ? AND delivery_time BETWEEN ? AND ?)
2026-01-16 17:59:23.848 [http-nio-8080-exec-1] DEBUG com.sky.mapper.OrderMapper.selectObjs - ==> Parameters: 5(Integer), 2026-01-12T00:00(LocalDateTime), 2026-01-12T23:59:59.999999999(LocalDateTime)
2026-01-16 17:59:23.850 [http-nio-8080-exec-1] DEBUG com.sky.mapper.OrderMapper.selectObjs - <==      Total: 1
2026-01-16 17:59:23.851 [http-nio-8080-exec-1] DEBUG com.sky.mapper.OrderMapper.selectObjs - ==>  Preparing: SELECT sum(amount) as turnover FROM orders WHERE (status = ? AND delivery_time BETWEEN ? AND ?)
2026-01-16 17:59:23.851 [http-nio-8080-exec-1] DEBUG com.sky.mapper.OrderMapper.selectObjs - ==> Parameters: 5(Integer), 2026-01-13T00:00(LocalDateTime), 2026-01-13T23:59:59.999999999(LocalDateTime)
2026-01-16 17:59:23.853 [http-nio-8080-exec-1] DEBUG com.sky.mapper.OrderMapper.selectObjs - <==      Total: 1
2026-01-16 17:59:23.854 [http-nio-8080-exec-1] DEBUG com.sky.mapper.OrderMapper.selectObjs - ==>  Preparing: SELECT sum(amount) as turnover FROM orders WHERE (status = ? AND delivery_time BETWEEN ? AND ?)
2026-01-16 17:59:23.854 [http-nio-8080-exec-1] DEBUG com.sky.mapper.OrderMapper.selectObjs - ==> Parameters: 5(Integer), 2026-01-14T00:00(LocalDateTime), 2026-01-14T23:59:59.999999999(LocalDateTime)
2026-01-16 17:59:23.855 [http-nio-8080-exec-1] DEBUG com.sky.mapper.OrderMapper.selectObjs - <==      Total: 1
2026-01-16 17:59:23.856 [http-nio-8080-exec-1] DEBUG com.sky.mapper.OrderMapper.selectObjs - ==>  Preparing: SELECT sum(amount) as turnover FROM orders WHERE (status = ? AND delivery_time BETWEEN ? AND ?)
2026-01-16 17:59:23.856 [http-nio-8080-exec-1] DEBUG com.sky.mapper.OrderMapper.selectObjs - ==> Parameters: 5(Integer), 2026-01-15T00:00(LocalDateTime), 2026-01-15T23:59:59.999999999(LocalDateTime)
2026-01-16 17:59:23.857 [http-nio-8080-exec-1] DEBUG com.sky.mapper.OrderMapper.selectObjs - <==      Total: 1
2026-01-16 17:59:23.857 [http-nio-8080-exec-1] INFO  com.sky.controller.admin.ReportController - 营业额列表：0,0,0,0,0,480.00,101.00
2026-01-16 17:59:25.257 [http-nio-8080-exec-10] INFO  com.sky.interceptor.JwtTokenInterceptor - jwt校验: eyJhbGciOiJIUzI1NiJ9.eyJlbXBJZCI6MSwiZXhwIjoxNzY5MjcyMDAwfQ._bbClYFVQ9BDF2L5Vble2dvD9x4t1FtlcEzesGbshi4
2026-01-16 17:59:25.258 [http-nio-8080-exec-7] WARN  org.springframework.web.servlet.PageNotFound - No mapping for GET /admin/report/ordersStatistics
2026-01-16 17:59:25.258 [http-nio-8080-exec-8] WARN  org.springframework.web.servlet.PageNotFound - No mapping for GET /admin/report/top10
2026-01-16 17:59:25.258 [http-nio-8080-exec-6] WARN  org.springframework.web.servlet.PageNotFound - No mapping for GET /admin/report/userStatistics
2026-01-16 17:59:25.258 [http-nio-8080-exec-10] INFO  com.sky.interceptor.JwtTokenAdminInterceptor - id=1的员工登入苍穹外卖管理端

2026-01-16 17:59:25.258 [http-nio-8080-exec-10] INFO  com.sky.controller.admin.ReportController - 统计2026-01-15到2026-01-15之间的营业额
2026-01-16 17:59:25.260 [http-nio-8080-exec-10] DEBUG com.sky.mapper.OrderMapper.selectObjs - ==>  Preparing: SELECT sum(amount) as turnover FROM orders WHERE (status = ? AND delivery_time BETWEEN ? AND ?)
2026-01-16 17:59:25.260 [http-nio-8080-exec-10] DEBUG com.sky.mapper.OrderMapper.selectObjs - ==> Parameters: 5(Integer), 2026-01-15T00:00(LocalDateTime), 2026-01-15T23:59:59.999999999(LocalDateTime)
2026-01-16 17:59:25.262 [http-nio-8080-exec-10] DEBUG com.sky.mapper.OrderMapper.selectObjs - <==      Total: 1
2026-01-16 17:59:25.262 [http-nio-8080-exec-10] INFO  com.sky.controller.admin.ReportController - 营业额列表：101.00
2026-01-16 17:59:33.179 [SpringApplicationShutdownHook] INFO  com.alibaba.druid.pool.DruidDataSource - {dataSource-1} closing ...
2026-01-16 17:59:33.183 [SpringApplicationShutdownHook] INFO  com.alibaba.druid.pool.DruidDataSource - {dataSource-1} closed
