2026-01-16 18:52:29.362 [main] INFO  com.sky.SkyApplication - Starting SkyApplication using Java 17.0.12 on Zsh with PID 21492 (D:\ZSH-ComputerScience\CangQiong\sky-take-out\sky-take-out\sky-server\target\classes started by asus in D:\ZSH-ComputerScience\CangQiong\sky-take-out\sky-take-out)
2026-01-16 18:52:29.365 [main] INFO  com.sky.SkyApplication - The following 1 profile is active: "dev"
2026-01-16 18:52:30.095 [main] INFO  o.s.d.r.config.RepositoryConfigurationDelegate - Multiple Spring Data modules found, entering strict repository configuration mode
2026-01-16 18:52:30.097 [main] INFO  o.s.d.r.config.RepositoryConfigurationDelegate - Bootstrapping Spring Data Redis repositories in DEFAULT mode.
2026-01-16 18:52:30.122 [main] INFO  o.s.d.r.config.RepositoryConfigurationDelegate - Finished Spring Data repository scanning in 14 ms. Found 0 Redis repository interfaces.
2026-01-16 18:52:30.761 [main] INFO  o.s.boot.web.embedded.tomcat.TomcatWebServer - Tomcat initialized with port(s): 8080 (http)
2026-01-16 18:52:30.762 [main] INFO  org.apache.catalina.core.AprLifecycleListener - Loaded Apache Tomcat Native library [1.3.1] using APR version [1.7.4].
2026-01-16 18:52:30.762 [main] INFO  org.apache.catalina.core.AprLifecycleListener - APR capabilities: IPv6 [true], sendfile [true], accept filters [false], random [true], UDS [true].
2026-01-16 18:52:30.762 [main] INFO  org.apache.catalina.core.AprLifecycleListener - APR/OpenSSL configuration: useAprConnector [false], useOpenSSL [true]
2026-01-16 18:52:30.767 [main] INFO  org.apache.catalina.core.AprLifecycleListener - OpenSSL successfully initialized [OpenSSL 3.0.14 4 Jun 2024]
2026-01-16 18:52:30.775 [main] INFO  org.apache.catalina.core.StandardService - Starting service [Tomcat]
2026-01-16 18:52:30.775 [main] INFO  org.apache.catalina.core.StandardEngine - Starting Servlet engine: [Apache Tomcat/9.0.65]
2026-01-16 18:52:30.916 [main] INFO  o.a.c.core.ContainerBase.[Tomcat].[localhost].[/] - Initializing Spring embedded WebApplicationContext
2026-01-16 18:52:30.917 [main] INFO  o.s.b.w.s.c.ServletWebServerApplicationContext - Root WebApplicationContext: initialization completed in 1518 ms
2026-01-16 18:52:30.986 [main] INFO  c.a.d.s.b.a.DruidDataSourceAutoConfigure - Init DruidDataSource
2026-01-16 18:52:31.105 [main] INFO  com.alibaba.druid.pool.DruidDataSource - {dataSource-1} inited
2026-01-16 18:52:31.152 [main] INFO  com.sky.config.MyBatisPlusConfig - 开始注册MyBatis-Plus的拦截器...
2026-01-16 18:52:31.286 [main] WARN  c.b.mybatisplus.core.injector.methods.Update - [com.sky.mapper.CategoryMapper.update] Has been loaded by XML or SqlProvider or Mybatis's Annotation, so ignoring this injection for [class com.baomidou.mybatisplus.core.injector.methods.Update]
2026-01-16 18:52:31.323 [main] WARN  c.b.mybatisplus.core.injector.methods.Update - [com.sky.mapper.DishMapper.update] Has been loaded by XML or SqlProvider or Mybatis's Annotation, so ignoring this injection for [class com.baomidou.mybatisplus.core.injector.methods.Update]
2026-01-16 18:52:31.339 [main] WARN  c.b.mybatisplus.core.injector.methods.Update - [com.sky.mapper.EmployeeMapper.update] Has been loaded by XML or SqlProvider or Mybatis's Annotation, so ignoring this injection for [class com.baomidou.mybatisplus.core.injector.methods.Update]
2026-01-16 18:52:31.369 [main] WARN  c.b.mybatisplus.core.injector.methods.Update - [com.sky.mapper.SetmealMapper.update] Has been loaded by XML or SqlProvider or Mybatis's Annotation, so ignoring this injection for [class com.baomidou.mybatisplus.core.injector.methods.Update]
2026-01-16 18:52:31.507 [main] INFO  com.sky.config.AliyunOssConfig - 开始创建阿里云OSS文件上传工具对象...
2026-01-16 18:52:31.652 [main] INFO  com.sky.config.RedisConfig - 开始创建Redis模板对象...
2026-01-16 18:52:31.959 [main] INFO  com.sky.config.WebMvcConfig - 开始注册自定义拦截器...
2026-01-16 18:52:32.036 [main] INFO  com.sky.config.WebMvcConfig - 准备生成管理端接口文档...
2026-01-16 18:52:32.040 [main] INFO  com.sky.config.WebMvcConfig - 准备生成用户端接口文档...
2026-01-16 18:52:32.068 [main] INFO  com.sky.config.WebMvcConfig - 扩展消息转换器...
2026-01-16 18:52:32.073 [main] INFO  com.sky.config.WebMvcConfig - 开始设置静态资源映射...
2026-01-16 18:52:32.449 [main] INFO  o.s.boot.web.embedded.tomcat.TomcatWebServer - Tomcat started on port(s): 8080 (http) with context path ''
2026-01-16 18:52:32.808 [main] INFO  com.sky.SkyApplication - Started SkyApplication in 3.929 seconds (JVM running for 4.797)
2026-01-16 18:52:32.810 [main] INFO  com.sky.SkyApplication - server starts ...
2026-01-16 18:52:38.469 [http-nio-8080-exec-3] INFO  o.a.c.core.ContainerBase.[Tomcat].[localhost].[/] - Initializing Spring DispatcherServlet 'dispatcherServlet'
2026-01-16 18:52:38.469 [http-nio-8080-exec-3] INFO  org.springframework.web.servlet.DispatcherServlet - Initializing Servlet 'dispatcherServlet'
2026-01-16 18:52:38.470 [http-nio-8080-exec-3] INFO  org.springframework.web.servlet.DispatcherServlet - Completed initialization in 1 ms
2026-01-16 18:52:38.481 [http-nio-8080-exec-5] INFO  com.sky.interceptor.JwtTokenInterceptor - jwt校验: eyJhbGciOiJIUzI1NiJ9.eyJlbXBJZCI6MSwiZXhwIjoxNzY5Mjc3OTM2fQ.0lnZ-SAfU2YtU1q0ZYa1o3RKOD8wBDJ7WeXY5uskJe8
2026-01-16 18:52:38.481 [http-nio-8080-exec-4] INFO  com.sky.interceptor.JwtTokenInterceptor - jwt校验: eyJhbGciOiJIUzI1NiJ9.eyJlbXBJZCI6MSwiZXhwIjoxNzY5Mjc3OTM2fQ.0lnZ-SAfU2YtU1q0ZYa1o3RKOD8wBDJ7WeXY5uskJe8
2026-01-16 18:52:38.482 [http-nio-8080-exec-3] WARN  org.springframework.web.servlet.PageNotFound - No mapping for GET /admin/report/ordersStatistics
2026-01-16 18:52:38.482 [http-nio-8080-exec-1] WARN  org.springframework.web.servlet.PageNotFound - No mapping for GET /admin/report/top10
2026-01-16 18:52:38.530 [http-nio-8080-exec-5] INFO  com.sky.interceptor.JwtTokenAdminInterceptor - id=1的员工登入苍穹外卖管理端

2026-01-16 18:52:38.530 [http-nio-8080-exec-4] INFO  com.sky.interceptor.JwtTokenAdminInterceptor - id=1的员工登入苍穹外卖管理端

2026-01-16 18:52:38.538 [http-nio-8080-exec-5] INFO  com.sky.controller.admin.ReportController - 统计2026-01-12到2026-01-18之间的营业额
2026-01-16 18:52:38.538 [http-nio-8080-exec-4] INFO  com.sky.controller.admin.ReportController - 统计2026-01-12到2026-01-18之间的新增用户数和总用户数
2026-01-16 18:52:38.686 [http-nio-8080-exec-4] DEBUG com.sky.mapper.UserMapper.selectCount - ==>  Preparing: SELECT COUNT( * ) AS total FROM user WHERE (create_time BETWEEN ? AND ?)
2026-01-16 18:52:38.686 [http-nio-8080-exec-5] DEBUG com.sky.mapper.OrderMapper.selectObjs - ==>  Preparing: SELECT sum(amount) as turnover FROM orders WHERE (status = ? AND delivery_time BETWEEN ? AND ?)
2026-01-16 18:52:38.713 [http-nio-8080-exec-5] DEBUG com.sky.mapper.OrderMapper.selectObjs - ==> Parameters: 5(Integer), 2026-01-12T00:00(LocalDateTime), 2026-01-12T23:59:59.999999999(LocalDateTime)
2026-01-16 18:52:38.713 [http-nio-8080-exec-4] DEBUG com.sky.mapper.UserMapper.selectCount - ==> Parameters: 2026-01-12T00:00(LocalDateTime), 2026-01-12T23:59:59.999999999(LocalDateTime)
2026-01-16 18:52:38.734 [http-nio-8080-exec-4] DEBUG com.sky.mapper.UserMapper.selectCount - <==      Total: 1
2026-01-16 18:52:38.734 [http-nio-8080-exec-5] DEBUG com.sky.mapper.OrderMapper.selectObjs - <==      Total: 1
2026-01-16 18:52:38.737 [http-nio-8080-exec-4] DEBUG com.sky.mapper.UserMapper.selectCount - ==>  Preparing: SELECT COUNT( * ) AS total FROM user WHERE (create_time <= ?)
2026-01-16 18:52:38.737 [http-nio-8080-exec-5] DEBUG com.sky.mapper.OrderMapper.selectObjs - ==>  Preparing: SELECT sum(amount) as turnover FROM orders WHERE (status = ? AND delivery_time BETWEEN ? AND ?)
2026-01-16 18:52:38.737 [http-nio-8080-exec-4] DEBUG com.sky.mapper.UserMapper.selectCount - ==> Parameters: 2026-01-12T23:59:59.999999999(LocalDateTime)
2026-01-16 18:52:38.737 [http-nio-8080-exec-5] DEBUG com.sky.mapper.OrderMapper.selectObjs - ==> Parameters: 5(Integer), 2026-01-13T00:00(LocalDateTime), 2026-01-13T23:59:59.999999999(LocalDateTime)
2026-01-16 18:52:38.738 [http-nio-8080-exec-5] DEBUG com.sky.mapper.OrderMapper.selectObjs - <==      Total: 1
2026-01-16 18:52:38.738 [http-nio-8080-exec-4] DEBUG com.sky.mapper.UserMapper.selectCount - <==      Total: 1
2026-01-16 18:52:38.739 [http-nio-8080-exec-5] DEBUG com.sky.mapper.OrderMapper.selectObjs - ==>  Preparing: SELECT sum(amount) as turnover FROM orders WHERE (status = ? AND delivery_time BETWEEN ? AND ?)
2026-01-16 18:52:38.739 [http-nio-8080-exec-4] DEBUG com.sky.mapper.UserMapper.selectCount - ==>  Preparing: SELECT COUNT( * ) AS total FROM user WHERE (create_time BETWEEN ? AND ?)
2026-01-16 18:52:38.739 [http-nio-8080-exec-4] DEBUG com.sky.mapper.UserMapper.selectCount - ==> Parameters: 2026-01-13T00:00(LocalDateTime), 2026-01-13T23:59:59.999999999(LocalDateTime)
2026-01-16 18:52:38.739 [http-nio-8080-exec-5] DEBUG com.sky.mapper.OrderMapper.selectObjs - ==> Parameters: 5(Integer), 2026-01-14T00:00(LocalDateTime), 2026-01-14T23:59:59.999999999(LocalDateTime)
2026-01-16 18:52:38.740 [http-nio-8080-exec-4] DEBUG com.sky.mapper.UserMapper.selectCount - <==      Total: 1
2026-01-16 18:52:38.741 [http-nio-8080-exec-4] DEBUG com.sky.mapper.UserMapper.selectCount - ==>  Preparing: SELECT COUNT( * ) AS total FROM user WHERE (create_time <= ?)
2026-01-16 18:52:38.741 [http-nio-8080-exec-5] DEBUG com.sky.mapper.OrderMapper.selectObjs - <==      Total: 1
2026-01-16 18:52:38.741 [http-nio-8080-exec-4] DEBUG com.sky.mapper.UserMapper.selectCount - ==> Parameters: 2026-01-13T23:59:59.999999999(LocalDateTime)
2026-01-16 18:52:38.741 [http-nio-8080-exec-5] DEBUG com.sky.mapper.OrderMapper.selectObjs - ==>  Preparing: SELECT sum(amount) as turnover FROM orders WHERE (status = ? AND delivery_time BETWEEN ? AND ?)
2026-01-16 18:52:38.742 [http-nio-8080-exec-5] DEBUG com.sky.mapper.OrderMapper.selectObjs - ==> Parameters: 5(Integer), 2026-01-15T00:00(LocalDateTime), 2026-01-15T23:59:59.999999999(LocalDateTime)
2026-01-16 18:52:38.742 [http-nio-8080-exec-4] DEBUG com.sky.mapper.UserMapper.selectCount - <==      Total: 1
2026-01-16 18:52:38.743 [http-nio-8080-exec-5] DEBUG com.sky.mapper.OrderMapper.selectObjs - <==      Total: 1
2026-01-16 18:52:38.743 [http-nio-8080-exec-4] DEBUG com.sky.mapper.UserMapper.selectCount - ==>  Preparing: SELECT COUNT( * ) AS total FROM user WHERE (create_time BETWEEN ? AND ?)
2026-01-16 18:52:38.745 [http-nio-8080-exec-5] DEBUG com.sky.mapper.OrderMapper.selectObjs - ==>  Preparing: SELECT sum(amount) as turnover FROM orders WHERE (status = ? AND delivery_time BETWEEN ? AND ?)
2026-01-16 18:52:38.745 [http-nio-8080-exec-5] DEBUG com.sky.mapper.OrderMapper.selectObjs - ==> Parameters: 5(Integer), 2026-01-16T00:00(LocalDateTime), 2026-01-16T23:59:59.999999999(LocalDateTime)
2026-01-16 18:52:38.745 [http-nio-8080-exec-4] DEBUG com.sky.mapper.UserMapper.selectCount - ==> Parameters: 2026-01-14T00:00(LocalDateTime), 2026-01-14T23:59:59.999999999(LocalDateTime)
2026-01-16 18:52:38.745 [http-nio-8080-exec-4] DEBUG com.sky.mapper.UserMapper.selectCount - <==      Total: 1
2026-01-16 18:52:38.745 [http-nio-8080-exec-5] DEBUG com.sky.mapper.OrderMapper.selectObjs - <==      Total: 1
2026-01-16 18:52:38.746 [http-nio-8080-exec-5] DEBUG com.sky.mapper.OrderMapper.selectObjs - ==>  Preparing: SELECT sum(amount) as turnover FROM orders WHERE (status = ? AND delivery_time BETWEEN ? AND ?)
2026-01-16 18:52:38.746 [http-nio-8080-exec-4] DEBUG com.sky.mapper.UserMapper.selectCount - ==>  Preparing: SELECT COUNT( * ) AS total FROM user WHERE (create_time <= ?)
2026-01-16 18:52:38.746 [http-nio-8080-exec-4] DEBUG com.sky.mapper.UserMapper.selectCount - ==> Parameters: 2026-01-14T23:59:59.999999999(LocalDateTime)
2026-01-16 18:52:38.746 [http-nio-8080-exec-5] DEBUG com.sky.mapper.OrderMapper.selectObjs - ==> Parameters: 5(Integer), 2026-01-17T00:00(LocalDateTime), 2026-01-17T23:59:59.999999999(LocalDateTime)
2026-01-16 18:52:38.748 [http-nio-8080-exec-5] DEBUG com.sky.mapper.OrderMapper.selectObjs - <==      Total: 1
2026-01-16 18:52:38.748 [http-nio-8080-exec-4] DEBUG com.sky.mapper.UserMapper.selectCount - <==      Total: 1
2026-01-16 18:52:38.749 [http-nio-8080-exec-5] DEBUG com.sky.mapper.OrderMapper.selectObjs - ==>  Preparing: SELECT sum(amount) as turnover FROM orders WHERE (status = ? AND delivery_time BETWEEN ? AND ?)
2026-01-16 18:52:38.749 [http-nio-8080-exec-4] DEBUG com.sky.mapper.UserMapper.selectCount - ==>  Preparing: SELECT COUNT( * ) AS total FROM user WHERE (create_time BETWEEN ? AND ?)
2026-01-16 18:52:38.749 [http-nio-8080-exec-5] DEBUG com.sky.mapper.OrderMapper.selectObjs - ==> Parameters: 5(Integer), 2026-01-18T00:00(LocalDateTime), 2026-01-18T23:59:59.999999999(LocalDateTime)
2026-01-16 18:52:38.749 [http-nio-8080-exec-4] DEBUG com.sky.mapper.UserMapper.selectCount - ==> Parameters: 2026-01-15T00:00(LocalDateTime), 2026-01-15T23:59:59.999999999(LocalDateTime)
2026-01-16 18:52:38.750 [http-nio-8080-exec-4] DEBUG com.sky.mapper.UserMapper.selectCount - <==      Total: 1
2026-01-16 18:52:38.750 [http-nio-8080-exec-5] DEBUG com.sky.mapper.OrderMapper.selectObjs - <==      Total: 1
2026-01-16 18:52:38.750 [http-nio-8080-exec-5] INFO  com.sky.controller.admin.ReportController - 营业额列表：0,0,480.00,101.00,350.00,0,0
2026-01-16 18:52:38.751 [http-nio-8080-exec-4] DEBUG com.sky.mapper.UserMapper.selectCount - ==>  Preparing: SELECT COUNT( * ) AS total FROM user WHERE (create_time <= ?)
2026-01-16 18:52:38.751 [http-nio-8080-exec-4] DEBUG com.sky.mapper.UserMapper.selectCount - ==> Parameters: 2026-01-15T23:59:59.999999999(LocalDateTime)
2026-01-16 18:52:38.752 [http-nio-8080-exec-4] DEBUG com.sky.mapper.UserMapper.selectCount - <==      Total: 1
2026-01-16 18:52:38.753 [http-nio-8080-exec-4] DEBUG com.sky.mapper.UserMapper.selectCount - ==>  Preparing: SELECT COUNT( * ) AS total FROM user WHERE (create_time BETWEEN ? AND ?)
2026-01-16 18:52:38.754 [http-nio-8080-exec-4] DEBUG com.sky.mapper.UserMapper.selectCount - ==> Parameters: 2026-01-16T00:00(LocalDateTime), 2026-01-16T23:59:59.999999999(LocalDateTime)
2026-01-16 18:52:38.755 [http-nio-8080-exec-4] DEBUG com.sky.mapper.UserMapper.selectCount - <==      Total: 1
2026-01-16 18:52:38.756 [http-nio-8080-exec-4] DEBUG com.sky.mapper.UserMapper.selectCount - ==>  Preparing: SELECT COUNT( * ) AS total FROM user WHERE (create_time <= ?)
2026-01-16 18:52:38.756 [http-nio-8080-exec-4] DEBUG com.sky.mapper.UserMapper.selectCount - ==> Parameters: 2026-01-16T23:59:59.999999999(LocalDateTime)
2026-01-16 18:52:38.757 [http-nio-8080-exec-4] DEBUG com.sky.mapper.UserMapper.selectCount - <==      Total: 1
2026-01-16 18:52:38.759 [http-nio-8080-exec-4] DEBUG com.sky.mapper.UserMapper.selectCount - ==>  Preparing: SELECT COUNT( * ) AS total FROM user WHERE (create_time BETWEEN ? AND ?)
2026-01-16 18:52:38.759 [http-nio-8080-exec-4] DEBUG com.sky.mapper.UserMapper.selectCount - ==> Parameters: 2026-01-17T00:00(LocalDateTime), 2026-01-17T23:59:59.999999999(LocalDateTime)
2026-01-16 18:52:38.760 [http-nio-8080-exec-4] DEBUG com.sky.mapper.UserMapper.selectCount - <==      Total: 1
2026-01-16 18:52:38.761 [http-nio-8080-exec-4] DEBUG com.sky.mapper.UserMapper.selectCount - ==>  Preparing: SELECT COUNT( * ) AS total FROM user WHERE (create_time <= ?)
2026-01-16 18:52:38.761 [http-nio-8080-exec-4] DEBUG com.sky.mapper.UserMapper.selectCount - ==> Parameters: 2026-01-17T23:59:59.999999999(LocalDateTime)
2026-01-16 18:52:38.762 [http-nio-8080-exec-4] DEBUG com.sky.mapper.UserMapper.selectCount - <==      Total: 1
2026-01-16 18:52:38.763 [http-nio-8080-exec-4] DEBUG com.sky.mapper.UserMapper.selectCount - ==>  Preparing: SELECT COUNT( * ) AS total FROM user WHERE (create_time BETWEEN ? AND ?)
2026-01-16 18:52:38.764 [http-nio-8080-exec-4] DEBUG com.sky.mapper.UserMapper.selectCount - ==> Parameters: 2026-01-18T00:00(LocalDateTime), 2026-01-18T23:59:59.999999999(LocalDateTime)
2026-01-16 18:52:38.766 [http-nio-8080-exec-4] DEBUG com.sky.mapper.UserMapper.selectCount - <==      Total: 1
2026-01-16 18:52:38.767 [http-nio-8080-exec-4] DEBUG com.sky.mapper.UserMapper.selectCount - ==>  Preparing: SELECT COUNT( * ) AS total FROM user WHERE (create_time <= ?)
2026-01-16 18:52:38.767 [http-nio-8080-exec-4] DEBUG com.sky.mapper.UserMapper.selectCount - ==> Parameters: 2026-01-18T23:59:59.999999999(LocalDateTime)
2026-01-16 18:52:38.768 [http-nio-8080-exec-4] DEBUG com.sky.mapper.UserMapper.selectCount - <==      Total: 1
2026-01-16 18:52:45.289 [http-nio-8080-exec-2] INFO  com.sky.interceptor.JwtTokenInterceptor - jwt校验: eyJhbGciOiJIUzI1NiJ9.eyJlbXBJZCI6MSwiZXhwIjoxNzY5Mjc3OTM2fQ.0lnZ-SAfU2YtU1q0ZYa1o3RKOD8wBDJ7WeXY5uskJe8
2026-01-16 18:52:45.289 [http-nio-8080-exec-6] INFO  com.sky.interceptor.JwtTokenInterceptor - jwt校验: eyJhbGciOiJIUzI1NiJ9.eyJlbXBJZCI6MSwiZXhwIjoxNzY5Mjc3OTM2fQ.0lnZ-SAfU2YtU1q0ZYa1o3RKOD8wBDJ7WeXY5uskJe8
2026-01-16 18:52:45.289 [http-nio-8080-exec-7] WARN  org.springframework.web.servlet.PageNotFound - No mapping for GET /admin/report/ordersStatistics
2026-01-16 18:52:45.289 [http-nio-8080-exec-8] WARN  org.springframework.web.servlet.PageNotFound - No mapping for GET /admin/report/top10
2026-01-16 18:52:45.290 [http-nio-8080-exec-6] INFO  com.sky.interceptor.JwtTokenAdminInterceptor - id=1的员工登入苍穹外卖管理端

2026-01-16 18:52:45.290 [http-nio-8080-exec-2] INFO  com.sky.interceptor.JwtTokenAdminInterceptor - id=1的员工登入苍穹外卖管理端

2026-01-16 18:52:45.291 [http-nio-8080-exec-6] INFO  com.sky.controller.admin.ReportController - 统计2026-01-15到2026-01-15之间的新增用户数和总用户数
2026-01-16 18:52:45.291 [http-nio-8080-exec-2] INFO  com.sky.controller.admin.ReportController - 统计2026-01-15到2026-01-15之间的营业额
2026-01-16 18:52:45.291 [http-nio-8080-exec-6] DEBUG com.sky.mapper.UserMapper.selectCount - ==>  Preparing: SELECT COUNT( * ) AS total FROM user WHERE (create_time BETWEEN ? AND ?)
2026-01-16 18:52:45.291 [http-nio-8080-exec-2] DEBUG com.sky.mapper.OrderMapper.selectObjs - ==>  Preparing: SELECT sum(amount) as turnover FROM orders WHERE (status = ? AND delivery_time BETWEEN ? AND ?)
2026-01-16 18:52:45.292 [http-nio-8080-exec-6] DEBUG com.sky.mapper.UserMapper.selectCount - ==> Parameters: 2026-01-15T00:00(LocalDateTime), 2026-01-15T23:59:59.999999999(LocalDateTime)
2026-01-16 18:52:45.292 [http-nio-8080-exec-2] DEBUG com.sky.mapper.OrderMapper.selectObjs - ==> Parameters: 5(Integer), 2026-01-15T00:00(LocalDateTime), 2026-01-15T23:59:59.999999999(LocalDateTime)
2026-01-16 18:52:45.293 [http-nio-8080-exec-2] DEBUG com.sky.mapper.OrderMapper.selectObjs - <==      Total: 1
2026-01-16 18:52:45.293 [http-nio-8080-exec-6] DEBUG com.sky.mapper.UserMapper.selectCount - <==      Total: 1
2026-01-16 18:52:45.293 [http-nio-8080-exec-2] INFO  com.sky.controller.admin.ReportController - 营业额列表：101.00
2026-01-16 18:52:45.294 [http-nio-8080-exec-6] DEBUG com.sky.mapper.UserMapper.selectCount - ==>  Preparing: SELECT COUNT( * ) AS total FROM user WHERE (create_time <= ?)
2026-01-16 18:52:45.294 [http-nio-8080-exec-6] DEBUG com.sky.mapper.UserMapper.selectCount - ==> Parameters: 2026-01-15T23:59:59.999999999(LocalDateTime)
2026-01-16 18:52:45.295 [http-nio-8080-exec-6] DEBUG com.sky.mapper.UserMapper.selectCount - <==      Total: 1
2026-01-16 18:52:48.513 [http-nio-8080-exec-1] INFO  com.sky.interceptor.JwtTokenInterceptor - jwt校验: eyJhbGciOiJIUzI1NiJ9.eyJlbXBJZCI6MSwiZXhwIjoxNzY5Mjc3OTM2fQ.0lnZ-SAfU2YtU1q0ZYa1o3RKOD8wBDJ7WeXY5uskJe8
2026-01-16 18:52:48.513 [http-nio-8080-exec-9] INFO  com.sky.interceptor.JwtTokenInterceptor - jwt校验: eyJhbGciOiJIUzI1NiJ9.eyJlbXBJZCI6MSwiZXhwIjoxNzY5Mjc3OTM2fQ.0lnZ-SAfU2YtU1q0ZYa1o3RKOD8wBDJ7WeXY5uskJe8
2026-01-16 18:52:48.513 [http-nio-8080-exec-3] WARN  org.springframework.web.servlet.PageNotFound - No mapping for GET /admin/report/top10
2026-01-16 18:52:48.513 [http-nio-8080-exec-10] WARN  org.springframework.web.servlet.PageNotFound - No mapping for GET /admin/report/ordersStatistics
2026-01-16 18:52:48.514 [http-nio-8080-exec-1] INFO  com.sky.interceptor.JwtTokenAdminInterceptor - id=1的员工登入苍穹外卖管理端

2026-01-16 18:52:48.514 [http-nio-8080-exec-9] INFO  com.sky.interceptor.JwtTokenAdminInterceptor - id=1的员工登入苍穹外卖管理端

2026-01-16 18:52:48.514 [http-nio-8080-exec-9] INFO  com.sky.controller.admin.ReportController - 统计2026-01-12到2026-01-18之间的营业额
2026-01-16 18:52:48.514 [http-nio-8080-exec-1] INFO  com.sky.controller.admin.ReportController - 统计2026-01-12到2026-01-18之间的新增用户数和总用户数
2026-01-16 18:52:48.516 [http-nio-8080-exec-9] DEBUG com.sky.mapper.OrderMapper.selectObjs - ==>  Preparing: SELECT sum(amount) as turnover FROM orders WHERE (status = ? AND delivery_time BETWEEN ? AND ?)
2026-01-16 18:52:48.516 [http-nio-8080-exec-1] DEBUG com.sky.mapper.UserMapper.selectCount - ==>  Preparing: SELECT COUNT( * ) AS total FROM user WHERE (create_time BETWEEN ? AND ?)
2026-01-16 18:52:48.516 [http-nio-8080-exec-9] DEBUG com.sky.mapper.OrderMapper.selectObjs - ==> Parameters: 5(Integer), 2026-01-12T00:00(LocalDateTime), 2026-01-12T23:59:59.999999999(LocalDateTime)
2026-01-16 18:52:48.516 [http-nio-8080-exec-1] DEBUG com.sky.mapper.UserMapper.selectCount - ==> Parameters: 2026-01-12T00:00(LocalDateTime), 2026-01-12T23:59:59.999999999(LocalDateTime)
2026-01-16 18:52:48.517 [http-nio-8080-exec-9] DEBUG com.sky.mapper.OrderMapper.selectObjs - <==      Total: 1
2026-01-16 18:52:48.517 [http-nio-8080-exec-1] DEBUG com.sky.mapper.UserMapper.selectCount - <==      Total: 1
2026-01-16 18:52:48.518 [http-nio-8080-exec-9] DEBUG com.sky.mapper.OrderMapper.selectObjs - ==>  Preparing: SELECT sum(amount) as turnover FROM orders WHERE (status = ? AND delivery_time BETWEEN ? AND ?)
2026-01-16 18:52:48.518 [http-nio-8080-exec-1] DEBUG com.sky.mapper.UserMapper.selectCount - ==>  Preparing: SELECT COUNT( * ) AS total FROM user WHERE (create_time <= ?)
2026-01-16 18:52:48.518 [http-nio-8080-exec-1] DEBUG com.sky.mapper.UserMapper.selectCount - ==> Parameters: 2026-01-12T23:59:59.999999999(LocalDateTime)
2026-01-16 18:52:48.518 [http-nio-8080-exec-9] DEBUG com.sky.mapper.OrderMapper.selectObjs - ==> Parameters: 5(Integer), 2026-01-13T00:00(LocalDateTime), 2026-01-13T23:59:59.999999999(LocalDateTime)
2026-01-16 18:52:48.519 [http-nio-8080-exec-9] DEBUG com.sky.mapper.OrderMapper.selectObjs - <==      Total: 1
2026-01-16 18:52:48.519 [http-nio-8080-exec-1] DEBUG com.sky.mapper.UserMapper.selectCount - <==      Total: 1
2026-01-16 18:52:48.519 [http-nio-8080-exec-9] DEBUG com.sky.mapper.OrderMapper.selectObjs - ==>  Preparing: SELECT sum(amount) as turnover FROM orders WHERE (status = ? AND delivery_time BETWEEN ? AND ?)
2026-01-16 18:52:48.519 [http-nio-8080-exec-1] DEBUG com.sky.mapper.UserMapper.selectCount - ==>  Preparing: SELECT COUNT( * ) AS total FROM user WHERE (create_time BETWEEN ? AND ?)
2026-01-16 18:52:48.519 [http-nio-8080-exec-1] DEBUG com.sky.mapper.UserMapper.selectCount - ==> Parameters: 2026-01-13T00:00(LocalDateTime), 2026-01-13T23:59:59.999999999(LocalDateTime)
2026-01-16 18:52:48.519 [http-nio-8080-exec-9] DEBUG com.sky.mapper.OrderMapper.selectObjs - ==> Parameters: 5(Integer), 2026-01-14T00:00(LocalDateTime), 2026-01-14T23:59:59.999999999(LocalDateTime)
2026-01-16 18:52:48.520 [http-nio-8080-exec-9] DEBUG com.sky.mapper.OrderMapper.selectObjs - <==      Total: 1
2026-01-16 18:52:48.520 [http-nio-8080-exec-1] DEBUG com.sky.mapper.UserMapper.selectCount - <==      Total: 1
2026-01-16 18:52:48.520 [http-nio-8080-exec-1] DEBUG com.sky.mapper.UserMapper.selectCount - ==>  Preparing: SELECT COUNT( * ) AS total FROM user WHERE (create_time <= ?)
2026-01-16 18:52:48.521 [http-nio-8080-exec-9] DEBUG com.sky.mapper.OrderMapper.selectObjs - ==>  Preparing: SELECT sum(amount) as turnover FROM orders WHERE (status = ? AND delivery_time BETWEEN ? AND ?)
2026-01-16 18:52:48.521 [http-nio-8080-exec-1] DEBUG com.sky.mapper.UserMapper.selectCount - ==> Parameters: 2026-01-13T23:59:59.999999999(LocalDateTime)
2026-01-16 18:52:48.521 [http-nio-8080-exec-9] DEBUG com.sky.mapper.OrderMapper.selectObjs - ==> Parameters: 5(Integer), 2026-01-15T00:00(LocalDateTime), 2026-01-15T23:59:59.999999999(LocalDateTime)
2026-01-16 18:52:48.522 [http-nio-8080-exec-1] DEBUG com.sky.mapper.UserMapper.selectCount - <==      Total: 1
2026-01-16 18:52:48.522 [http-nio-8080-exec-9] DEBUG com.sky.mapper.OrderMapper.selectObjs - <==      Total: 1
2026-01-16 18:52:48.522 [http-nio-8080-exec-1] DEBUG com.sky.mapper.UserMapper.selectCount - ==>  Preparing: SELECT COUNT( * ) AS total FROM user WHERE (create_time BETWEEN ? AND ?)
2026-01-16 18:52:48.522 [http-nio-8080-exec-9] DEBUG com.sky.mapper.OrderMapper.selectObjs - ==>  Preparing: SELECT sum(amount) as turnover FROM orders WHERE (status = ? AND delivery_time BETWEEN ? AND ?)
2026-01-16 18:52:48.523 [http-nio-8080-exec-1] DEBUG com.sky.mapper.UserMapper.selectCount - ==> Parameters: 2026-01-14T00:00(LocalDateTime), 2026-01-14T23:59:59.999999999(LocalDateTime)
2026-01-16 18:52:48.523 [http-nio-8080-exec-9] DEBUG com.sky.mapper.OrderMapper.selectObjs - ==> Parameters: 5(Integer), 2026-01-16T00:00(LocalDateTime), 2026-01-16T23:59:59.999999999(LocalDateTime)
2026-01-16 18:52:48.523 [http-nio-8080-exec-1] DEBUG com.sky.mapper.UserMapper.selectCount - <==      Total: 1
2026-01-16 18:52:48.523 [http-nio-8080-exec-9] DEBUG com.sky.mapper.OrderMapper.selectObjs - <==      Total: 1
2026-01-16 18:52:48.524 [http-nio-8080-exec-1] DEBUG com.sky.mapper.UserMapper.selectCount - ==>  Preparing: SELECT COUNT( * ) AS total FROM user WHERE (create_time <= ?)
2026-01-16 18:52:48.524 [http-nio-8080-exec-9] DEBUG com.sky.mapper.OrderMapper.selectObjs - ==>  Preparing: SELECT sum(amount) as turnover FROM orders WHERE (status = ? AND delivery_time BETWEEN ? AND ?)
2026-01-16 18:52:48.524 [http-nio-8080-exec-1] DEBUG com.sky.mapper.UserMapper.selectCount - ==> Parameters: 2026-01-14T23:59:59.999999999(LocalDateTime)
2026-01-16 18:52:48.524 [http-nio-8080-exec-9] DEBUG com.sky.mapper.OrderMapper.selectObjs - ==> Parameters: 5(Integer), 2026-01-17T00:00(LocalDateTime), 2026-01-17T23:59:59.999999999(LocalDateTime)
2026-01-16 18:52:48.525 [http-nio-8080-exec-1] DEBUG com.sky.mapper.UserMapper.selectCount - <==      Total: 1
2026-01-16 18:52:48.525 [http-nio-8080-exec-9] DEBUG com.sky.mapper.OrderMapper.selectObjs - <==      Total: 1
2026-01-16 18:52:48.525 [http-nio-8080-exec-1] DEBUG com.sky.mapper.UserMapper.selectCount - ==>  Preparing: SELECT COUNT( * ) AS total FROM user WHERE (create_time BETWEEN ? AND ?)
2026-01-16 18:52:48.525 [http-nio-8080-exec-9] DEBUG com.sky.mapper.OrderMapper.selectObjs - ==>  Preparing: SELECT sum(amount) as turnover FROM orders WHERE (status = ? AND delivery_time BETWEEN ? AND ?)
2026-01-16 18:52:48.525 [http-nio-8080-exec-1] DEBUG com.sky.mapper.UserMapper.selectCount - ==> Parameters: 2026-01-15T00:00(LocalDateTime), 2026-01-15T23:59:59.999999999(LocalDateTime)
2026-01-16 18:52:48.525 [http-nio-8080-exec-9] DEBUG com.sky.mapper.OrderMapper.selectObjs - ==> Parameters: 5(Integer), 2026-01-18T00:00(LocalDateTime), 2026-01-18T23:59:59.999999999(LocalDateTime)
2026-01-16 18:52:48.526 [http-nio-8080-exec-1] DEBUG com.sky.mapper.UserMapper.selectCount - <==      Total: 1
2026-01-16 18:52:48.526 [http-nio-8080-exec-9] DEBUG com.sky.mapper.OrderMapper.selectObjs - <==      Total: 1
2026-01-16 18:52:48.526 [http-nio-8080-exec-9] INFO  com.sky.controller.admin.ReportController - 营业额列表：0,0,480.00,101.00,350.00,0,0
2026-01-16 18:52:48.526 [http-nio-8080-exec-1] DEBUG com.sky.mapper.UserMapper.selectCount - ==>  Preparing: SELECT COUNT( * ) AS total FROM user WHERE (create_time <= ?)
2026-01-16 18:52:48.527 [http-nio-8080-exec-1] DEBUG com.sky.mapper.UserMapper.selectCount - ==> Parameters: 2026-01-15T23:59:59.999999999(LocalDateTime)
2026-01-16 18:52:48.528 [http-nio-8080-exec-1] DEBUG com.sky.mapper.UserMapper.selectCount - <==      Total: 1
2026-01-16 18:52:48.529 [http-nio-8080-exec-1] DEBUG com.sky.mapper.UserMapper.selectCount - ==>  Preparing: SELECT COUNT( * ) AS total FROM user WHERE (create_time BETWEEN ? AND ?)
2026-01-16 18:52:48.529 [http-nio-8080-exec-1] DEBUG com.sky.mapper.UserMapper.selectCount - ==> Parameters: 2026-01-16T00:00(LocalDateTime), 2026-01-16T23:59:59.999999999(LocalDateTime)
2026-01-16 18:52:48.530 [http-nio-8080-exec-1] DEBUG com.sky.mapper.UserMapper.selectCount - <==      Total: 1
2026-01-16 18:52:48.530 [http-nio-8080-exec-1] DEBUG com.sky.mapper.UserMapper.selectCount - ==>  Preparing: SELECT COUNT( * ) AS total FROM user WHERE (create_time <= ?)
2026-01-16 18:52:48.531 [http-nio-8080-exec-1] DEBUG com.sky.mapper.UserMapper.selectCount - ==> Parameters: 2026-01-16T23:59:59.999999999(LocalDateTime)
2026-01-16 18:52:48.532 [http-nio-8080-exec-1] DEBUG com.sky.mapper.UserMapper.selectCount - <==      Total: 1
2026-01-16 18:52:48.533 [http-nio-8080-exec-1] DEBUG com.sky.mapper.UserMapper.selectCount - ==>  Preparing: SELECT COUNT( * ) AS total FROM user WHERE (create_time BETWEEN ? AND ?)
2026-01-16 18:52:48.533 [http-nio-8080-exec-1] DEBUG com.sky.mapper.UserMapper.selectCount - ==> Parameters: 2026-01-17T00:00(LocalDateTime), 2026-01-17T23:59:59.999999999(LocalDateTime)
2026-01-16 18:52:48.534 [http-nio-8080-exec-1] DEBUG com.sky.mapper.UserMapper.selectCount - <==      Total: 1
2026-01-16 18:52:48.535 [http-nio-8080-exec-1] DEBUG com.sky.mapper.UserMapper.selectCount - ==>  Preparing: SELECT COUNT( * ) AS total FROM user WHERE (create_time <= ?)
2026-01-16 18:52:48.536 [http-nio-8080-exec-1] DEBUG com.sky.mapper.UserMapper.selectCount - ==> Parameters: 2026-01-17T23:59:59.999999999(LocalDateTime)
2026-01-16 18:52:48.537 [http-nio-8080-exec-1] DEBUG com.sky.mapper.UserMapper.selectCount - <==      Total: 1
2026-01-16 18:52:48.538 [http-nio-8080-exec-1] DEBUG com.sky.mapper.UserMapper.selectCount - ==>  Preparing: SELECT COUNT( * ) AS total FROM user WHERE (create_time BETWEEN ? AND ?)
2026-01-16 18:52:48.538 [http-nio-8080-exec-1] DEBUG com.sky.mapper.UserMapper.selectCount - ==> Parameters: 2026-01-18T00:00(LocalDateTime), 2026-01-18T23:59:59.999999999(LocalDateTime)
2026-01-16 18:52:48.539 [http-nio-8080-exec-1] DEBUG com.sky.mapper.UserMapper.selectCount - <==      Total: 1
2026-01-16 18:52:48.540 [http-nio-8080-exec-1] DEBUG com.sky.mapper.UserMapper.selectCount - ==>  Preparing: SELECT COUNT( * ) AS total FROM user WHERE (create_time <= ?)
2026-01-16 18:52:48.541 [http-nio-8080-exec-1] DEBUG com.sky.mapper.UserMapper.selectCount - ==> Parameters: 2026-01-18T23:59:59.999999999(LocalDateTime)
2026-01-16 18:52:48.542 [http-nio-8080-exec-1] DEBUG com.sky.mapper.UserMapper.selectCount - <==      Total: 1
2026-01-16 18:52:51.976 [SpringApplicationShutdownHook] INFO  com.alibaba.druid.pool.DruidDataSource - {dataSource-1} closing ...
2026-01-16 18:52:51.980 [SpringApplicationShutdownHook] INFO  com.alibaba.druid.pool.DruidDataSource - {dataSource-1} closed
