2026-01-16 20:37:27.491 [main] INFO  com.sky.SkyApplication - Starting SkyApplication using Java 17.0.12 on Zsh with PID 19268 (D:\ZSH-ComputerScience\CangQiong\sky-take-out\sky-take-out\sky-server\target\classes started by asus in D:\ZSH-ComputerScience\CangQiong\sky-take-out\sky-take-out)
2026-01-16 20:37:27.493 [main] INFO  com.sky.SkyApplication - The following 1 profile is active: "dev"
2026-01-16 20:37:28.118 [main] INFO  o.s.d.r.config.RepositoryConfigurationDelegate - Multiple Spring Data modules found, entering strict repository configuration mode
2026-01-16 20:37:28.119 [main] INFO  o.s.d.r.config.RepositoryConfigurationDelegate - Bootstrapping Spring Data Redis repositories in DEFAULT mode.
2026-01-16 20:37:28.146 [main] INFO  o.s.d.r.config.RepositoryConfigurationDelegate - Finished Spring Data repository scanning in 14 ms. Found 0 Redis repository interfaces.
2026-01-16 20:37:28.729 [main] INFO  o.s.boot.web.embedded.tomcat.TomcatWebServer - Tomcat initialized with port(s): 8080 (http)
2026-01-16 20:37:28.729 [main] INFO  org.apache.catalina.core.AprLifecycleListener - Loaded Apache Tomcat Native library [1.3.1] using APR version [1.7.4].
2026-01-16 20:37:28.730 [main] INFO  org.apache.catalina.core.AprLifecycleListener - APR capabilities: IPv6 [true], sendfile [true], accept filters [false], random [true], UDS [true].
2026-01-16 20:37:28.730 [main] INFO  org.apache.catalina.core.AprLifecycleListener - APR/OpenSSL configuration: useAprConnector [false], useOpenSSL [true]
2026-01-16 20:37:28.734 [main] INFO  org.apache.catalina.core.AprLifecycleListener - OpenSSL successfully initialized [OpenSSL 3.0.14 4 Jun 2024]
2026-01-16 20:37:28.748 [main] INFO  org.apache.catalina.core.StandardService - Starting service [Tomcat]
2026-01-16 20:37:28.748 [main] INFO  org.apache.catalina.core.StandardEngine - Starting Servlet engine: [Apache Tomcat/9.0.65]
2026-01-16 20:37:28.844 [main] INFO  o.a.c.core.ContainerBase.[Tomcat].[localhost].[/] - Initializing Spring embedded WebApplicationContext
2026-01-16 20:37:28.844 [main] INFO  o.s.b.w.s.c.ServletWebServerApplicationContext - Root WebApplicationContext: initialization completed in 1318 ms
2026-01-16 20:37:28.905 [main] INFO  c.a.d.s.b.a.DruidDataSourceAutoConfigure - Init DruidDataSource
2026-01-16 20:37:29.007 [main] INFO  com.alibaba.druid.pool.DruidDataSource - {dataSource-1} inited
2026-01-16 20:37:29.054 [main] INFO  com.sky.config.MyBatisPlusConfig - 开始注册MyBatis-Plus的拦截器...
2026-01-16 20:37:29.162 [main] WARN  c.b.mybatisplus.core.injector.methods.Update - [com.sky.mapper.CategoryMapper.update] Has been loaded by XML or SqlProvider or Mybatis's Annotation, so ignoring this injection for [class com.baomidou.mybatisplus.core.injector.methods.Update]
2026-01-16 20:37:29.199 [main] WARN  c.b.mybatisplus.core.injector.methods.Update - [com.sky.mapper.DishMapper.update] Has been loaded by XML or SqlProvider or Mybatis's Annotation, so ignoring this injection for [class com.baomidou.mybatisplus.core.injector.methods.Update]
2026-01-16 20:37:29.219 [main] WARN  c.b.mybatisplus.core.injector.methods.Update - [com.sky.mapper.EmployeeMapper.update] Has been loaded by XML or SqlProvider or Mybatis's Annotation, so ignoring this injection for [class com.baomidou.mybatisplus.core.injector.methods.Update]
2026-01-16 20:37:29.252 [main] WARN  c.b.mybatisplus.core.injector.methods.Update - [com.sky.mapper.SetmealMapper.update] Has been loaded by XML or SqlProvider or Mybatis's Annotation, so ignoring this injection for [class com.baomidou.mybatisplus.core.injector.methods.Update]
2026-01-16 20:37:29.382 [main] INFO  com.sky.config.AliyunOssConfig - 开始创建阿里云OSS文件上传工具对象...
2026-01-16 20:37:29.524 [main] INFO  com.sky.config.RedisConfig - 开始创建Redis模板对象...
2026-01-16 20:37:29.836 [main] INFO  com.sky.config.WebMvcConfig - 开始注册自定义拦截器...
2026-01-16 20:37:29.910 [main] INFO  com.sky.config.WebMvcConfig - 准备生成管理端接口文档...
2026-01-16 20:37:29.914 [main] INFO  com.sky.config.WebMvcConfig - 准备生成用户端接口文档...
2026-01-16 20:37:29.941 [main] INFO  com.sky.config.WebMvcConfig - 扩展消息转换器...
2026-01-16 20:37:29.945 [main] INFO  com.sky.config.WebMvcConfig - 开始设置静态资源映射...
2026-01-16 20:37:30.336 [main] INFO  o.s.boot.web.embedded.tomcat.TomcatWebServer - Tomcat started on port(s): 8080 (http) with context path ''
2026-01-16 20:37:30.708 [main] INFO  com.sky.SkyApplication - Started SkyApplication in 3.611 seconds (JVM running for 4.144)
2026-01-16 20:37:30.710 [main] INFO  com.sky.SkyApplication - server starts ...
2026-01-16 20:37:35.828 [http-nio-8080-exec-1] INFO  o.a.c.core.ContainerBase.[Tomcat].[localhost].[/] - Initializing Spring DispatcherServlet 'dispatcherServlet'
2026-01-16 20:37:35.828 [http-nio-8080-exec-1] INFO  org.springframework.web.servlet.DispatcherServlet - Initializing Servlet 'dispatcherServlet'
2026-01-16 20:37:35.829 [http-nio-8080-exec-1] INFO  org.springframework.web.servlet.DispatcherServlet - Completed initialization in 1 ms
2026-01-16 20:37:35.840 [http-nio-8080-exec-1] INFO  com.sky.interceptor.JwtTokenInterceptor - jwt校验: eyJhbGciOiJIUzI1NiJ9.eyJlbXBJZCI6MSwiZXhwIjoxNzY5Mjc3OTM2fQ.0lnZ-SAfU2YtU1q0ZYa1o3RKOD8wBDJ7WeXY5uskJe8
2026-01-16 20:37:35.840 [http-nio-8080-exec-4] INFO  com.sky.interceptor.JwtTokenInterceptor - jwt校验: eyJhbGciOiJIUzI1NiJ9.eyJlbXBJZCI6MSwiZXhwIjoxNzY5Mjc3OTM2fQ.0lnZ-SAfU2YtU1q0ZYa1o3RKOD8wBDJ7WeXY5uskJe8
2026-01-16 20:37:35.840 [http-nio-8080-exec-2] INFO  com.sky.interceptor.JwtTokenInterceptor - jwt校验: eyJhbGciOiJIUzI1NiJ9.eyJlbXBJZCI6MSwiZXhwIjoxNzY5Mjc3OTM2fQ.0lnZ-SAfU2YtU1q0ZYa1o3RKOD8wBDJ7WeXY5uskJe8
2026-01-16 20:37:35.887 [http-nio-8080-exec-1] INFO  com.sky.interceptor.JwtTokenAdminInterceptor - id=1的员工登入苍穹外卖管理端

2026-01-16 20:37:35.887 [http-nio-8080-exec-2] INFO  com.sky.interceptor.JwtTokenAdminInterceptor - id=1的员工登入苍穹外卖管理端

2026-01-16 20:37:35.887 [http-nio-8080-exec-4] INFO  com.sky.interceptor.JwtTokenAdminInterceptor - id=1的员工登入苍穹外卖管理端

2026-01-16 20:37:35.906 [http-nio-8080-exec-4] INFO  com.sky.controller.admin.ReportController - 统计2026-01-09到2026-01-15之间的新增用户数和总用户数
2026-01-16 20:37:35.906 [http-nio-8080-exec-2] INFO  com.sky.controller.admin.ReportController - 统计2026-01-09到2026-01-15之间的营业额
2026-01-16 20:37:36.083 [http-nio-8080-exec-3] INFO  com.sky.interceptor.JwtTokenInterceptor - jwt校验: eyJhbGciOiJIUzI1NiJ9.eyJlbXBJZCI6MSwiZXhwIjoxNzY5Mjc3OTM2fQ.0lnZ-SAfU2YtU1q0ZYa1o3RKOD8wBDJ7WeXY5uskJe8
2026-01-16 20:37:36.083 [http-nio-8080-exec-3] INFO  com.sky.interceptor.JwtTokenAdminInterceptor - id=1的员工登入苍穹外卖管理端

2026-01-16 20:37:36.084 [http-nio-8080-exec-3] INFO  com.sky.controller.admin.ReportController - 统计2026-01-09到2026-01-15之间的订单
2026-01-16 20:37:36.085 [http-nio-8080-exec-6] WARN  org.springframework.web.servlet.PageNotFound - No mapping for GET /admin/report/top10
2026-01-16 20:37:36.111 [http-nio-8080-exec-5] INFO  com.sky.websocket.WebSocketServer - 客户端osqf829ifik与服务端建立连接

2026-01-16 20:37:36.123 [http-nio-8080-exec-2] DEBUG com.sky.mapper.OrderMapper.selectObjs - ==>  Preparing: SELECT sum(amount) as turnover FROM orders WHERE (status = ? AND delivery_time BETWEEN ? AND ?)
2026-01-16 20:37:36.123 [http-nio-8080-exec-4] DEBUG com.sky.mapper.UserMapper.selectCount - ==>  Preparing: SELECT COUNT( * ) AS total FROM user WHERE (create_time BETWEEN ? AND ?)
2026-01-16 20:37:36.123 [http-nio-8080-exec-3] DEBUG com.sky.mapper.OrderMapper.selectCount - ==>  Preparing: SELECT COUNT( * ) AS total FROM orders WHERE (status = ? AND order_time BETWEEN ? AND ?)
2026-01-16 20:37:36.147 [http-nio-8080-exec-2] DEBUG com.sky.mapper.OrderMapper.selectObjs - ==> Parameters: 5(Integer), 2026-01-09T00:00(LocalDateTime), 2026-01-09T23:59:59.999999999(LocalDateTime)
2026-01-16 20:37:36.147 [http-nio-8080-exec-3] DEBUG com.sky.mapper.OrderMapper.selectCount - ==> Parameters: 5(Integer), 2026-01-09T00:00(LocalDateTime), 2026-01-09T23:59:59.999999999(LocalDateTime)
2026-01-16 20:37:36.147 [http-nio-8080-exec-4] DEBUG com.sky.mapper.UserMapper.selectCount - ==> Parameters: 2026-01-09T00:00(LocalDateTime), 2026-01-09T23:59:59.999999999(LocalDateTime)
2026-01-16 20:37:36.173 [http-nio-8080-exec-2] DEBUG com.sky.mapper.OrderMapper.selectObjs - <==      Total: 1
2026-01-16 20:37:36.173 [http-nio-8080-exec-4] DEBUG com.sky.mapper.UserMapper.selectCount - <==      Total: 1
2026-01-16 20:37:36.173 [http-nio-8080-exec-3] DEBUG com.sky.mapper.OrderMapper.selectCount - <==      Total: 1
2026-01-16 20:37:36.176 [http-nio-8080-exec-4] DEBUG com.sky.mapper.UserMapper.selectCount - ==>  Preparing: SELECT COUNT( * ) AS total FROM user WHERE (create_time <= ?)
2026-01-16 20:37:36.176 [http-nio-8080-exec-3] DEBUG com.sky.mapper.OrderMapper.selectCount - ==>  Preparing: SELECT COUNT( * ) AS total FROM orders WHERE (order_time BETWEEN ? AND ?)
2026-01-16 20:37:36.176 [http-nio-8080-exec-2] DEBUG com.sky.mapper.OrderMapper.selectObjs - ==>  Preparing: SELECT sum(amount) as turnover FROM orders WHERE (status = ? AND delivery_time BETWEEN ? AND ?)
2026-01-16 20:37:36.176 [http-nio-8080-exec-4] DEBUG com.sky.mapper.UserMapper.selectCount - ==> Parameters: 2026-01-09T23:59:59.999999999(LocalDateTime)
2026-01-16 20:37:36.176 [http-nio-8080-exec-2] DEBUG com.sky.mapper.OrderMapper.selectObjs - ==> Parameters: 5(Integer), 2026-01-10T00:00(LocalDateTime), 2026-01-10T23:59:59.999999999(LocalDateTime)
2026-01-16 20:37:36.176 [http-nio-8080-exec-3] DEBUG com.sky.mapper.OrderMapper.selectCount - ==> Parameters: 2026-01-09T00:00(LocalDateTime), 2026-01-09T23:59:59.999999999(LocalDateTime)
2026-01-16 20:37:36.177 [http-nio-8080-exec-2] DEBUG com.sky.mapper.OrderMapper.selectObjs - <==      Total: 1
2026-01-16 20:37:36.177 [http-nio-8080-exec-4] DEBUG com.sky.mapper.UserMapper.selectCount - <==      Total: 1
2026-01-16 20:37:36.177 [http-nio-8080-exec-3] DEBUG com.sky.mapper.OrderMapper.selectCount - <==      Total: 1
2026-01-16 20:37:36.178 [http-nio-8080-exec-4] DEBUG com.sky.mapper.UserMapper.selectCount - ==>  Preparing: SELECT COUNT( * ) AS total FROM user WHERE (create_time BETWEEN ? AND ?)
2026-01-16 20:37:36.178 [http-nio-8080-exec-2] DEBUG com.sky.mapper.OrderMapper.selectObjs - ==>  Preparing: SELECT sum(amount) as turnover FROM orders WHERE (status = ? AND delivery_time BETWEEN ? AND ?)
2026-01-16 20:37:36.178 [http-nio-8080-exec-4] DEBUG com.sky.mapper.UserMapper.selectCount - ==> Parameters: 2026-01-10T00:00(LocalDateTime), 2026-01-10T23:59:59.999999999(LocalDateTime)
2026-01-16 20:37:36.178 [http-nio-8080-exec-3] DEBUG com.sky.mapper.OrderMapper.selectCount - ==>  Preparing: SELECT COUNT( * ) AS total FROM orders WHERE (status = ? AND order_time BETWEEN ? AND ?)
2026-01-16 20:37:36.178 [http-nio-8080-exec-3] DEBUG com.sky.mapper.OrderMapper.selectCount - ==> Parameters: 5(Integer), 2026-01-10T00:00(LocalDateTime), 2026-01-10T23:59:59.999999999(LocalDateTime)
2026-01-16 20:37:36.178 [http-nio-8080-exec-2] DEBUG com.sky.mapper.OrderMapper.selectObjs - ==> Parameters: 5(Integer), 2026-01-11T00:00(LocalDateTime), 2026-01-11T23:59:59.999999999(LocalDateTime)
2026-01-16 20:37:36.179 [http-nio-8080-exec-2] DEBUG com.sky.mapper.OrderMapper.selectObjs - <==      Total: 1
2026-01-16 20:37:36.179 [http-nio-8080-exec-3] DEBUG com.sky.mapper.OrderMapper.selectCount - <==      Total: 1
2026-01-16 20:37:36.179 [http-nio-8080-exec-4] DEBUG com.sky.mapper.UserMapper.selectCount - <==      Total: 1
2026-01-16 20:37:36.180 [http-nio-8080-exec-4] DEBUG com.sky.mapper.UserMapper.selectCount - ==>  Preparing: SELECT COUNT( * ) AS total FROM user WHERE (create_time <= ?)
2026-01-16 20:37:36.180 [http-nio-8080-exec-2] DEBUG com.sky.mapper.OrderMapper.selectObjs - ==>  Preparing: SELECT sum(amount) as turnover FROM orders WHERE (status = ? AND delivery_time BETWEEN ? AND ?)
2026-01-16 20:37:36.180 [http-nio-8080-exec-3] DEBUG com.sky.mapper.OrderMapper.selectCount - ==>  Preparing: SELECT COUNT( * ) AS total FROM orders WHERE (order_time BETWEEN ? AND ?)
2026-01-16 20:37:36.180 [http-nio-8080-exec-4] DEBUG com.sky.mapper.UserMapper.selectCount - ==> Parameters: 2026-01-10T23:59:59.999999999(LocalDateTime)
2026-01-16 20:37:36.180 [http-nio-8080-exec-2] DEBUG com.sky.mapper.OrderMapper.selectObjs - ==> Parameters: 5(Integer), 2026-01-12T00:00(LocalDateTime), 2026-01-12T23:59:59.999999999(LocalDateTime)
2026-01-16 20:37:36.180 [http-nio-8080-exec-3] DEBUG com.sky.mapper.OrderMapper.selectCount - ==> Parameters: 2026-01-10T00:00(LocalDateTime), 2026-01-10T23:59:59.999999999(LocalDateTime)
2026-01-16 20:37:36.182 [http-nio-8080-exec-3] DEBUG com.sky.mapper.OrderMapper.selectCount - <==      Total: 1
2026-01-16 20:37:36.182 [http-nio-8080-exec-2] DEBUG com.sky.mapper.OrderMapper.selectObjs - <==      Total: 1
2026-01-16 20:37:36.182 [http-nio-8080-exec-4] DEBUG com.sky.mapper.UserMapper.selectCount - <==      Total: 1
2026-01-16 20:37:36.183 [http-nio-8080-exec-4] DEBUG com.sky.mapper.UserMapper.selectCount - ==>  Preparing: SELECT COUNT( * ) AS total FROM user WHERE (create_time BETWEEN ? AND ?)
2026-01-16 20:37:36.183 [http-nio-8080-exec-3] DEBUG com.sky.mapper.OrderMapper.selectCount - ==>  Preparing: SELECT COUNT( * ) AS total FROM orders WHERE (status = ? AND order_time BETWEEN ? AND ?)
2026-01-16 20:37:36.183 [http-nio-8080-exec-2] DEBUG com.sky.mapper.OrderMapper.selectObjs - ==>  Preparing: SELECT sum(amount) as turnover FROM orders WHERE (status = ? AND delivery_time BETWEEN ? AND ?)
2026-01-16 20:37:36.183 [http-nio-8080-exec-4] DEBUG com.sky.mapper.UserMapper.selectCount - ==> Parameters: 2026-01-11T00:00(LocalDateTime), 2026-01-11T23:59:59.999999999(LocalDateTime)
2026-01-16 20:37:36.183 [http-nio-8080-exec-3] DEBUG com.sky.mapper.OrderMapper.selectCount - ==> Parameters: 5(Integer), 2026-01-11T00:00(LocalDateTime), 2026-01-11T23:59:59.999999999(LocalDateTime)
2026-01-16 20:37:36.183 [http-nio-8080-exec-2] DEBUG com.sky.mapper.OrderMapper.selectObjs - ==> Parameters: 5(Integer), 2026-01-13T00:00(LocalDateTime), 2026-01-13T23:59:59.999999999(LocalDateTime)
2026-01-16 20:37:36.184 [http-nio-8080-exec-2] DEBUG com.sky.mapper.OrderMapper.selectObjs - <==      Total: 1
2026-01-16 20:37:36.184 [http-nio-8080-exec-4] DEBUG com.sky.mapper.UserMapper.selectCount - <==      Total: 1
2026-01-16 20:37:36.184 [http-nio-8080-exec-3] DEBUG com.sky.mapper.OrderMapper.selectCount - <==      Total: 1
2026-01-16 20:37:36.185 [http-nio-8080-exec-2] DEBUG com.sky.mapper.OrderMapper.selectObjs - ==>  Preparing: SELECT sum(amount) as turnover FROM orders WHERE (status = ? AND delivery_time BETWEEN ? AND ?)
2026-01-16 20:37:36.185 [http-nio-8080-exec-4] DEBUG com.sky.mapper.UserMapper.selectCount - ==>  Preparing: SELECT COUNT( * ) AS total FROM user WHERE (create_time <= ?)
2026-01-16 20:37:36.185 [http-nio-8080-exec-3] DEBUG com.sky.mapper.OrderMapper.selectCount - ==>  Preparing: SELECT COUNT( * ) AS total FROM orders WHERE (order_time BETWEEN ? AND ?)
2026-01-16 20:37:36.185 [http-nio-8080-exec-3] DEBUG com.sky.mapper.OrderMapper.selectCount - ==> Parameters: 2026-01-11T00:00(LocalDateTime), 2026-01-11T23:59:59.999999999(LocalDateTime)
2026-01-16 20:37:36.185 [http-nio-8080-exec-4] DEBUG com.sky.mapper.UserMapper.selectCount - ==> Parameters: 2026-01-11T23:59:59.999999999(LocalDateTime)
2026-01-16 20:37:36.186 [http-nio-8080-exec-2] DEBUG com.sky.mapper.OrderMapper.selectObjs - ==> Parameters: 5(Integer), 2026-01-14T00:00(LocalDateTime), 2026-01-14T23:59:59.999999999(LocalDateTime)
2026-01-16 20:37:36.186 [http-nio-8080-exec-4] DEBUG com.sky.mapper.UserMapper.selectCount - <==      Total: 1
2026-01-16 20:37:36.186 [http-nio-8080-exec-2] DEBUG com.sky.mapper.OrderMapper.selectObjs - <==      Total: 1
2026-01-16 20:37:36.187 [http-nio-8080-exec-3] DEBUG com.sky.mapper.OrderMapper.selectCount - <==      Total: 1
2026-01-16 20:37:36.187 [http-nio-8080-exec-2] DEBUG com.sky.mapper.OrderMapper.selectObjs - ==>  Preparing: SELECT sum(amount) as turnover FROM orders WHERE (status = ? AND delivery_time BETWEEN ? AND ?)
2026-01-16 20:37:36.187 [http-nio-8080-exec-4] DEBUG com.sky.mapper.UserMapper.selectCount - ==>  Preparing: SELECT COUNT( * ) AS total FROM user WHERE (create_time BETWEEN ? AND ?)
2026-01-16 20:37:36.187 [http-nio-8080-exec-3] DEBUG com.sky.mapper.OrderMapper.selectCount - ==>  Preparing: SELECT COUNT( * ) AS total FROM orders WHERE (status = ? AND order_time BETWEEN ? AND ?)
2026-01-16 20:37:36.188 [http-nio-8080-exec-2] DEBUG com.sky.mapper.OrderMapper.selectObjs - ==> Parameters: 5(Integer), 2026-01-15T00:00(LocalDateTime), 2026-01-15T23:59:59.999999999(LocalDateTime)
2026-01-16 20:37:36.188 [http-nio-8080-exec-3] DEBUG com.sky.mapper.OrderMapper.selectCount - ==> Parameters: 5(Integer), 2026-01-12T00:00(LocalDateTime), 2026-01-12T23:59:59.999999999(LocalDateTime)
2026-01-16 20:37:36.188 [http-nio-8080-exec-4] DEBUG com.sky.mapper.UserMapper.selectCount - ==> Parameters: 2026-01-12T00:00(LocalDateTime), 2026-01-12T23:59:59.999999999(LocalDateTime)
2026-01-16 20:37:36.189 [http-nio-8080-exec-2] DEBUG com.sky.mapper.OrderMapper.selectObjs - <==      Total: 1
2026-01-16 20:37:36.189 [http-nio-8080-exec-3] DEBUG com.sky.mapper.OrderMapper.selectCount - <==      Total: 1
2026-01-16 20:37:36.189 [http-nio-8080-exec-4] DEBUG com.sky.mapper.UserMapper.selectCount - <==      Total: 1
2026-01-16 20:37:36.189 [http-nio-8080-exec-2] INFO  com.sky.controller.admin.ReportController - 营业额列表：0,0,0,0,0,480.00,78.00
2026-01-16 20:37:36.189 [http-nio-8080-exec-3] DEBUG com.sky.mapper.OrderMapper.selectCount - ==>  Preparing: SELECT COUNT( * ) AS total FROM orders WHERE (order_time BETWEEN ? AND ?)
2026-01-16 20:37:36.190 [http-nio-8080-exec-3] DEBUG com.sky.mapper.OrderMapper.selectCount - ==> Parameters: 2026-01-12T00:00(LocalDateTime), 2026-01-12T23:59:59.999999999(LocalDateTime)
2026-01-16 20:37:36.190 [http-nio-8080-exec-4] DEBUG com.sky.mapper.UserMapper.selectCount - ==>  Preparing: SELECT COUNT( * ) AS total FROM user WHERE (create_time <= ?)
2026-01-16 20:37:36.190 [http-nio-8080-exec-4] DEBUG com.sky.mapper.UserMapper.selectCount - ==> Parameters: 2026-01-12T23:59:59.999999999(LocalDateTime)
2026-01-16 20:37:36.191 [http-nio-8080-exec-4] DEBUG com.sky.mapper.UserMapper.selectCount - <==      Total: 1
2026-01-16 20:37:36.191 [http-nio-8080-exec-3] DEBUG com.sky.mapper.OrderMapper.selectCount - <==      Total: 1
2026-01-16 20:37:36.191 [http-nio-8080-exec-4] DEBUG com.sky.mapper.UserMapper.selectCount - ==>  Preparing: SELECT COUNT( * ) AS total FROM user WHERE (create_time BETWEEN ? AND ?)
2026-01-16 20:37:36.191 [http-nio-8080-exec-3] DEBUG com.sky.mapper.OrderMapper.selectCount - ==>  Preparing: SELECT COUNT( * ) AS total FROM orders WHERE (status = ? AND order_time BETWEEN ? AND ?)
2026-01-16 20:37:36.191 [http-nio-8080-exec-4] DEBUG com.sky.mapper.UserMapper.selectCount - ==> Parameters: 2026-01-13T00:00(LocalDateTime), 2026-01-13T23:59:59.999999999(LocalDateTime)
2026-01-16 20:37:36.191 [http-nio-8080-exec-3] DEBUG com.sky.mapper.OrderMapper.selectCount - ==> Parameters: 5(Integer), 2026-01-13T00:00(LocalDateTime), 2026-01-13T23:59:59.999999999(LocalDateTime)
2026-01-16 20:37:36.192 [http-nio-8080-exec-3] DEBUG com.sky.mapper.OrderMapper.selectCount - <==      Total: 1
2026-01-16 20:37:36.192 [http-nio-8080-exec-4] DEBUG com.sky.mapper.UserMapper.selectCount - <==      Total: 1
2026-01-16 20:37:36.193 [http-nio-8080-exec-3] DEBUG com.sky.mapper.OrderMapper.selectCount - ==>  Preparing: SELECT COUNT( * ) AS total FROM orders WHERE (order_time BETWEEN ? AND ?)
2026-01-16 20:37:36.193 [http-nio-8080-exec-4] DEBUG com.sky.mapper.UserMapper.selectCount - ==>  Preparing: SELECT COUNT( * ) AS total FROM user WHERE (create_time <= ?)
2026-01-16 20:37:36.193 [http-nio-8080-exec-4] DEBUG com.sky.mapper.UserMapper.selectCount - ==> Parameters: 2026-01-13T23:59:59.999999999(LocalDateTime)
2026-01-16 20:37:36.193 [http-nio-8080-exec-3] DEBUG com.sky.mapper.OrderMapper.selectCount - ==> Parameters: 2026-01-13T00:00(LocalDateTime), 2026-01-13T23:59:59.999999999(LocalDateTime)
2026-01-16 20:37:36.194 [http-nio-8080-exec-3] DEBUG com.sky.mapper.OrderMapper.selectCount - <==      Total: 1
2026-01-16 20:37:36.194 [http-nio-8080-exec-4] DEBUG com.sky.mapper.UserMapper.selectCount - <==      Total: 1
2026-01-16 20:37:36.195 [http-nio-8080-exec-4] DEBUG com.sky.mapper.UserMapper.selectCount - ==>  Preparing: SELECT COUNT( * ) AS total FROM user WHERE (create_time BETWEEN ? AND ?)
2026-01-16 20:37:36.195 [http-nio-8080-exec-3] DEBUG com.sky.mapper.OrderMapper.selectCount - ==>  Preparing: SELECT COUNT( * ) AS total FROM orders WHERE (status = ? AND order_time BETWEEN ? AND ?)
2026-01-16 20:37:36.195 [http-nio-8080-exec-4] DEBUG com.sky.mapper.UserMapper.selectCount - ==> Parameters: 2026-01-14T00:00(LocalDateTime), 2026-01-14T23:59:59.999999999(LocalDateTime)
2026-01-16 20:37:36.195 [http-nio-8080-exec-3] DEBUG com.sky.mapper.OrderMapper.selectCount - ==> Parameters: 5(Integer), 2026-01-14T00:00(LocalDateTime), 2026-01-14T23:59:59.999999999(LocalDateTime)
2026-01-16 20:37:36.196 [http-nio-8080-exec-3] DEBUG com.sky.mapper.OrderMapper.selectCount - <==      Total: 1
2026-01-16 20:37:36.196 [http-nio-8080-exec-4] DEBUG com.sky.mapper.UserMapper.selectCount - <==      Total: 1
2026-01-16 20:37:36.197 [http-nio-8080-exec-4] DEBUG com.sky.mapper.UserMapper.selectCount - ==>  Preparing: SELECT COUNT( * ) AS total FROM user WHERE (create_time <= ?)
2026-01-16 20:37:36.197 [http-nio-8080-exec-3] DEBUG com.sky.mapper.OrderMapper.selectCount - ==>  Preparing: SELECT COUNT( * ) AS total FROM orders WHERE (order_time BETWEEN ? AND ?)
2026-01-16 20:37:36.197 [http-nio-8080-exec-4] DEBUG com.sky.mapper.UserMapper.selectCount - ==> Parameters: 2026-01-14T23:59:59.999999999(LocalDateTime)
2026-01-16 20:37:36.197 [http-nio-8080-exec-3] DEBUG com.sky.mapper.OrderMapper.selectCount - ==> Parameters: 2026-01-14T00:00(LocalDateTime), 2026-01-14T23:59:59.999999999(LocalDateTime)
2026-01-16 20:37:36.198 [http-nio-8080-exec-4] DEBUG com.sky.mapper.UserMapper.selectCount - <==      Total: 1
2026-01-16 20:37:36.198 [http-nio-8080-exec-3] DEBUG com.sky.mapper.OrderMapper.selectCount - <==      Total: 1
2026-01-16 20:37:36.199 [http-nio-8080-exec-3] DEBUG com.sky.mapper.OrderMapper.selectCount - ==>  Preparing: SELECT COUNT( * ) AS total FROM orders WHERE (status = ? AND order_time BETWEEN ? AND ?)
2026-01-16 20:37:36.199 [http-nio-8080-exec-4] DEBUG com.sky.mapper.UserMapper.selectCount - ==>  Preparing: SELECT COUNT( * ) AS total FROM user WHERE (create_time BETWEEN ? AND ?)
2026-01-16 20:37:36.199 [http-nio-8080-exec-4] DEBUG com.sky.mapper.UserMapper.selectCount - ==> Parameters: 2026-01-15T00:00(LocalDateTime), 2026-01-15T23:59:59.999999999(LocalDateTime)
2026-01-16 20:37:36.199 [http-nio-8080-exec-3] DEBUG com.sky.mapper.OrderMapper.selectCount - ==> Parameters: 5(Integer), 2026-01-15T00:00(LocalDateTime), 2026-01-15T23:59:59.999999999(LocalDateTime)
2026-01-16 20:37:36.200 [http-nio-8080-exec-4] DEBUG com.sky.mapper.UserMapper.selectCount - <==      Total: 1
2026-01-16 20:37:36.200 [http-nio-8080-exec-3] DEBUG com.sky.mapper.OrderMapper.selectCount - <==      Total: 1
2026-01-16 20:37:36.200 [http-nio-8080-exec-4] DEBUG com.sky.mapper.UserMapper.selectCount - ==>  Preparing: SELECT COUNT( * ) AS total FROM user WHERE (create_time <= ?)
2026-01-16 20:37:36.200 [http-nio-8080-exec-3] DEBUG com.sky.mapper.OrderMapper.selectCount - ==>  Preparing: SELECT COUNT( * ) AS total FROM orders WHERE (order_time BETWEEN ? AND ?)
2026-01-16 20:37:36.200 [http-nio-8080-exec-4] DEBUG com.sky.mapper.UserMapper.selectCount - ==> Parameters: 2026-01-15T23:59:59.999999999(LocalDateTime)
2026-01-16 20:37:36.200 [http-nio-8080-exec-3] DEBUG com.sky.mapper.OrderMapper.selectCount - ==> Parameters: 2026-01-15T00:00(LocalDateTime), 2026-01-15T23:59:59.999999999(LocalDateTime)
2026-01-16 20:37:36.202 [http-nio-8080-exec-4] DEBUG com.sky.mapper.UserMapper.selectCount - <==      Total: 1
2026-01-16 20:37:36.202 [http-nio-8080-exec-3] DEBUG com.sky.mapper.OrderMapper.selectCount - <==      Total: 1
2026-01-16 20:37:36.295 [http-nio-8080-exec-1] INFO  com.sky.controller.admin.ShopController - 管理端获取店铺营业状态为：营业中
2026-01-16 20:37:38.834 [http-nio-8080-exec-7] INFO  com.sky.interceptor.JwtTokenInterceptor - jwt校验: eyJhbGciOiJIUzI1NiJ9.eyJlbXBJZCI6MSwiZXhwIjoxNzY5Mjc3OTM2fQ.0lnZ-SAfU2YtU1q0ZYa1o3RKOD8wBDJ7WeXY5uskJe8
2026-01-16 20:37:38.834 [http-nio-8080-exec-9] INFO  com.sky.interceptor.JwtTokenInterceptor - jwt校验: eyJhbGciOiJIUzI1NiJ9.eyJlbXBJZCI6MSwiZXhwIjoxNzY5Mjc3OTM2fQ.0lnZ-SAfU2YtU1q0ZYa1o3RKOD8wBDJ7WeXY5uskJe8
2026-01-16 20:37:38.834 [http-nio-8080-exec-8] INFO  com.sky.interceptor.JwtTokenInterceptor - jwt校验: eyJhbGciOiJIUzI1NiJ9.eyJlbXBJZCI6MSwiZXhwIjoxNzY5Mjc3OTM2fQ.0lnZ-SAfU2YtU1q0ZYa1o3RKOD8wBDJ7WeXY5uskJe8
2026-01-16 20:37:38.836 [http-nio-8080-exec-10] WARN  org.springframework.web.servlet.PageNotFound - No mapping for GET /admin/report/top10
2026-01-16 20:37:38.836 [http-nio-8080-exec-9] INFO  com.sky.interceptor.JwtTokenAdminInterceptor - id=1的员工登入苍穹外卖管理端

2026-01-16 20:37:38.836 [http-nio-8080-exec-7] INFO  com.sky.interceptor.JwtTokenAdminInterceptor - id=1的员工登入苍穹外卖管理端

2026-01-16 20:37:38.836 [http-nio-8080-exec-8] INFO  com.sky.interceptor.JwtTokenAdminInterceptor - id=1的员工登入苍穹外卖管理端

2026-01-16 20:37:38.836 [http-nio-8080-exec-9] INFO  com.sky.controller.admin.ReportController - 统计2026-01-15到2026-01-15之间的订单
2026-01-16 20:37:38.836 [http-nio-8080-exec-8] INFO  com.sky.controller.admin.ReportController - 统计2026-01-15到2026-01-15之间的新增用户数和总用户数
2026-01-16 20:37:38.837 [http-nio-8080-exec-7] INFO  com.sky.controller.admin.ReportController - 统计2026-01-15到2026-01-15之间的营业额
2026-01-16 20:37:38.837 [http-nio-8080-exec-8] DEBUG com.sky.mapper.UserMapper.selectCount - ==>  Preparing: SELECT COUNT( * ) AS total FROM user WHERE (create_time BETWEEN ? AND ?)
2026-01-16 20:37:38.837 [http-nio-8080-exec-9] DEBUG com.sky.mapper.OrderMapper.selectCount - ==>  Preparing: SELECT COUNT( * ) AS total FROM orders WHERE (status = ? AND order_time BETWEEN ? AND ?)
2026-01-16 20:37:38.837 [http-nio-8080-exec-7] DEBUG com.sky.mapper.OrderMapper.selectObjs - ==>  Preparing: SELECT sum(amount) as turnover FROM orders WHERE (status = ? AND delivery_time BETWEEN ? AND ?)
2026-01-16 20:37:38.837 [http-nio-8080-exec-8] DEBUG com.sky.mapper.UserMapper.selectCount - ==> Parameters: 2026-01-15T00:00(LocalDateTime), 2026-01-15T23:59:59.999999999(LocalDateTime)
2026-01-16 20:37:38.837 [http-nio-8080-exec-9] DEBUG com.sky.mapper.OrderMapper.selectCount - ==> Parameters: 5(Integer), 2026-01-15T00:00(LocalDateTime), 2026-01-15T23:59:59.999999999(LocalDateTime)
2026-01-16 20:37:38.838 [http-nio-8080-exec-7] DEBUG com.sky.mapper.OrderMapper.selectObjs - ==> Parameters: 5(Integer), 2026-01-15T00:00(LocalDateTime), 2026-01-15T23:59:59.999999999(LocalDateTime)
2026-01-16 20:37:38.839 [http-nio-8080-exec-9] DEBUG com.sky.mapper.OrderMapper.selectCount - <==      Total: 1
2026-01-16 20:37:38.839 [http-nio-8080-exec-8] DEBUG com.sky.mapper.UserMapper.selectCount - <==      Total: 1
2026-01-16 20:37:38.839 [http-nio-8080-exec-7] DEBUG com.sky.mapper.OrderMapper.selectObjs - <==      Total: 1
2026-01-16 20:37:38.839 [http-nio-8080-exec-7] INFO  com.sky.controller.admin.ReportController - 营业额列表：78.00
2026-01-16 20:37:38.839 [http-nio-8080-exec-9] DEBUG com.sky.mapper.OrderMapper.selectCount - ==>  Preparing: SELECT COUNT( * ) AS total FROM orders WHERE (order_time BETWEEN ? AND ?)
2026-01-16 20:37:38.839 [http-nio-8080-exec-8] DEBUG com.sky.mapper.UserMapper.selectCount - ==>  Preparing: SELECT COUNT( * ) AS total FROM user WHERE (create_time <= ?)
2026-01-16 20:37:38.839 [http-nio-8080-exec-8] DEBUG com.sky.mapper.UserMapper.selectCount - ==> Parameters: 2026-01-15T23:59:59.999999999(LocalDateTime)
2026-01-16 20:37:38.839 [http-nio-8080-exec-9] DEBUG com.sky.mapper.OrderMapper.selectCount - ==> Parameters: 2026-01-15T00:00(LocalDateTime), 2026-01-15T23:59:59.999999999(LocalDateTime)
2026-01-16 20:37:38.840 [http-nio-8080-exec-8] DEBUG com.sky.mapper.UserMapper.selectCount - <==      Total: 1
2026-01-16 20:37:38.840 [http-nio-8080-exec-9] DEBUG com.sky.mapper.OrderMapper.selectCount - <==      Total: 1
2026-01-16 20:38:00.015 [scheduling-1] INFO  com.sky.task.OrderTask - 每分钟定时处理超时未付款的订单：2026-01-16T20:38:00.015780500
2026-01-16 20:38:00.017 [scheduling-1] DEBUG com.sky.mapper.OrderMapper.selectList - ==>  Preparing: SELECT id,number,status,user_id,address_book_id,order_time,checkout_time,pay_method,pay_status,amount,remark,user_name,phone,address,consignee,cancel_reason,rejection_reason,cancel_time,estimated_delivery_time,delivery_status,delivery_time,pack_amount,tableware_number,tableware_status FROM orders WHERE (status = ? AND order_time < ?)
2026-01-16 20:38:00.017 [scheduling-1] DEBUG com.sky.mapper.OrderMapper.selectList - ==> Parameters: 1(Integer), 2026-01-16T20:35:00.015780500(LocalDateTime)
2026-01-16 20:38:00.019 [scheduling-1] DEBUG com.sky.mapper.OrderMapper.selectList - <==      Total: 0
2026-01-16 20:38:24.481 [http-nio-8080-exec-5] INFO  com.sky.interceptor.JwtTokenInterceptor - jwt校验: eyJhbGciOiJIUzI1NiJ9.eyJlbXBJZCI6MSwiZXhwIjoxNzY5Mjc3OTM2fQ.0lnZ-SAfU2YtU1q0ZYa1o3RKOD8wBDJ7WeXY5uskJe8
2026-01-16 20:38:24.481 [http-nio-8080-exec-2] INFO  com.sky.interceptor.JwtTokenInterceptor - jwt校验: eyJhbGciOiJIUzI1NiJ9.eyJlbXBJZCI6MSwiZXhwIjoxNzY5Mjc3OTM2fQ.0lnZ-SAfU2YtU1q0ZYa1o3RKOD8wBDJ7WeXY5uskJe8
2026-01-16 20:38:24.481 [http-nio-8080-exec-6] INFO  com.sky.interceptor.JwtTokenInterceptor - jwt校验: eyJhbGciOiJIUzI1NiJ9.eyJlbXBJZCI6MSwiZXhwIjoxNzY5Mjc3OTM2fQ.0lnZ-SAfU2YtU1q0ZYa1o3RKOD8wBDJ7WeXY5uskJe8
2026-01-16 20:38:24.482 [http-nio-8080-exec-4] WARN  org.springframework.web.servlet.PageNotFound - No mapping for GET /admin/report/top10
2026-01-16 20:38:24.482 [http-nio-8080-exec-2] INFO  com.sky.interceptor.JwtTokenAdminInterceptor - id=1的员工登入苍穹外卖管理端

2026-01-16 20:38:24.482 [http-nio-8080-exec-5] INFO  com.sky.interceptor.JwtTokenAdminInterceptor - id=1的员工登入苍穹外卖管理端

2026-01-16 20:38:24.482 [http-nio-8080-exec-6] INFO  com.sky.interceptor.JwtTokenAdminInterceptor - id=1的员工登入苍穹外卖管理端

2026-01-16 20:38:24.482 [http-nio-8080-exec-2] INFO  com.sky.controller.admin.ReportController - 统计2026-01-09到2026-01-15之间的订单
2026-01-16 20:38:24.482 [http-nio-8080-exec-5] INFO  com.sky.controller.admin.ReportController - 统计2026-01-09到2026-01-15之间的营业额
2026-01-16 20:38:24.482 [http-nio-8080-exec-6] INFO  com.sky.controller.admin.ReportController - 统计2026-01-09到2026-01-15之间的新增用户数和总用户数
2026-01-16 20:38:24.483 [http-nio-8080-exec-5] DEBUG com.sky.mapper.OrderMapper.selectObjs - ==>  Preparing: SELECT sum(amount) as turnover FROM orders WHERE (status = ? AND delivery_time BETWEEN ? AND ?)
2026-01-16 20:38:24.483 [http-nio-8080-exec-2] DEBUG com.sky.mapper.OrderMapper.selectCount - ==>  Preparing: SELECT COUNT( * ) AS total FROM orders WHERE (status = ? AND order_time BETWEEN ? AND ?)
2026-01-16 20:38:24.483 [http-nio-8080-exec-6] DEBUG com.sky.mapper.UserMapper.selectCount - ==>  Preparing: SELECT COUNT( * ) AS total FROM user WHERE (create_time BETWEEN ? AND ?)
2026-01-16 20:38:24.484 [http-nio-8080-exec-5] DEBUG com.sky.mapper.OrderMapper.selectObjs - ==> Parameters: 5(Integer), 2026-01-09T00:00(LocalDateTime), 2026-01-09T23:59:59.999999999(LocalDateTime)
2026-01-16 20:38:24.484 [http-nio-8080-exec-6] DEBUG com.sky.mapper.UserMapper.selectCount - ==> Parameters: 2026-01-09T00:00(LocalDateTime), 2026-01-09T23:59:59.999999999(LocalDateTime)
2026-01-16 20:38:24.484 [http-nio-8080-exec-2] DEBUG com.sky.mapper.OrderMapper.selectCount - ==> Parameters: 5(Integer), 2026-01-09T00:00(LocalDateTime), 2026-01-09T23:59:59.999999999(LocalDateTime)
2026-01-16 20:38:24.485 [http-nio-8080-exec-2] DEBUG com.sky.mapper.OrderMapper.selectCount - <==      Total: 1
2026-01-16 20:38:24.485 [http-nio-8080-exec-6] DEBUG com.sky.mapper.UserMapper.selectCount - <==      Total: 1
2026-01-16 20:38:24.485 [http-nio-8080-exec-5] DEBUG com.sky.mapper.OrderMapper.selectObjs - <==      Total: 1
2026-01-16 20:38:24.485 [http-nio-8080-exec-2] DEBUG com.sky.mapper.OrderMapper.selectCount - ==>  Preparing: SELECT COUNT( * ) AS total FROM orders WHERE (order_time BETWEEN ? AND ?)
2026-01-16 20:38:24.485 [http-nio-8080-exec-6] DEBUG com.sky.mapper.UserMapper.selectCount - ==>  Preparing: SELECT COUNT( * ) AS total FROM user WHERE (create_time <= ?)
2026-01-16 20:38:24.485 [http-nio-8080-exec-5] DEBUG com.sky.mapper.OrderMapper.selectObjs - ==>  Preparing: SELECT sum(amount) as turnover FROM orders WHERE (status = ? AND delivery_time BETWEEN ? AND ?)
2026-01-16 20:38:24.486 [http-nio-8080-exec-6] DEBUG com.sky.mapper.UserMapper.selectCount - ==> Parameters: 2026-01-09T23:59:59.999999999(LocalDateTime)
2026-01-16 20:38:24.486 [http-nio-8080-exec-5] DEBUG com.sky.mapper.OrderMapper.selectObjs - ==> Parameters: 5(Integer), 2026-01-10T00:00(LocalDateTime), 2026-01-10T23:59:59.999999999(LocalDateTime)
2026-01-16 20:38:24.486 [http-nio-8080-exec-2] DEBUG com.sky.mapper.OrderMapper.selectCount - ==> Parameters: 2026-01-09T00:00(LocalDateTime), 2026-01-09T23:59:59.999999999(LocalDateTime)
2026-01-16 20:38:24.487 [http-nio-8080-exec-2] DEBUG com.sky.mapper.OrderMapper.selectCount - <==      Total: 1
2026-01-16 20:38:24.487 [http-nio-8080-exec-5] DEBUG com.sky.mapper.OrderMapper.selectObjs - <==      Total: 1
2026-01-16 20:38:24.487 [http-nio-8080-exec-6] DEBUG com.sky.mapper.UserMapper.selectCount - <==      Total: 1
2026-01-16 20:38:24.487 [http-nio-8080-exec-5] DEBUG com.sky.mapper.OrderMapper.selectObjs - ==>  Preparing: SELECT sum(amount) as turnover FROM orders WHERE (status = ? AND delivery_time BETWEEN ? AND ?)
2026-01-16 20:38:24.487 [http-nio-8080-exec-6] DEBUG com.sky.mapper.UserMapper.selectCount - ==>  Preparing: SELECT COUNT( * ) AS total FROM user WHERE (create_time BETWEEN ? AND ?)
2026-01-16 20:38:24.487 [http-nio-8080-exec-2] DEBUG com.sky.mapper.OrderMapper.selectCount - ==>  Preparing: SELECT COUNT( * ) AS total FROM orders WHERE (status = ? AND order_time BETWEEN ? AND ?)
2026-01-16 20:38:24.487 [http-nio-8080-exec-2] DEBUG com.sky.mapper.OrderMapper.selectCount - ==> Parameters: 5(Integer), 2026-01-10T00:00(LocalDateTime), 2026-01-10T23:59:59.999999999(LocalDateTime)
2026-01-16 20:38:24.487 [http-nio-8080-exec-6] DEBUG com.sky.mapper.UserMapper.selectCount - ==> Parameters: 2026-01-10T00:00(LocalDateTime), 2026-01-10T23:59:59.999999999(LocalDateTime)
2026-01-16 20:38:24.487 [http-nio-8080-exec-5] DEBUG com.sky.mapper.OrderMapper.selectObjs - ==> Parameters: 5(Integer), 2026-01-11T00:00(LocalDateTime), 2026-01-11T23:59:59.999999999(LocalDateTime)
2026-01-16 20:38:24.488 [http-nio-8080-exec-2] DEBUG com.sky.mapper.OrderMapper.selectCount - <==      Total: 1
2026-01-16 20:38:24.488 [http-nio-8080-exec-5] DEBUG com.sky.mapper.OrderMapper.selectObjs - <==      Total: 1
2026-01-16 20:38:24.488 [http-nio-8080-exec-6] DEBUG com.sky.mapper.UserMapper.selectCount - <==      Total: 1
2026-01-16 20:38:24.488 [http-nio-8080-exec-2] DEBUG com.sky.mapper.OrderMapper.selectCount - ==>  Preparing: SELECT COUNT( * ) AS total FROM orders WHERE (order_time BETWEEN ? AND ?)
2026-01-16 20:38:24.489 [http-nio-8080-exec-5] DEBUG com.sky.mapper.OrderMapper.selectObjs - ==>  Preparing: SELECT sum(amount) as turnover FROM orders WHERE (status = ? AND delivery_time BETWEEN ? AND ?)
2026-01-16 20:38:24.489 [http-nio-8080-exec-6] DEBUG com.sky.mapper.UserMapper.selectCount - ==>  Preparing: SELECT COUNT( * ) AS total FROM user WHERE (create_time <= ?)
2026-01-16 20:38:24.489 [http-nio-8080-exec-2] DEBUG com.sky.mapper.OrderMapper.selectCount - ==> Parameters: 2026-01-10T00:00(LocalDateTime), 2026-01-10T23:59:59.999999999(LocalDateTime)
2026-01-16 20:38:24.489 [http-nio-8080-exec-5] DEBUG com.sky.mapper.OrderMapper.selectObjs - ==> Parameters: 5(Integer), 2026-01-12T00:00(LocalDateTime), 2026-01-12T23:59:59.999999999(LocalDateTime)
2026-01-16 20:38:24.489 [http-nio-8080-exec-6] DEBUG com.sky.mapper.UserMapper.selectCount - ==> Parameters: 2026-01-10T23:59:59.999999999(LocalDateTime)
2026-01-16 20:38:24.489 [http-nio-8080-exec-6] DEBUG com.sky.mapper.UserMapper.selectCount - <==      Total: 1
2026-01-16 20:38:24.489 [http-nio-8080-exec-5] DEBUG com.sky.mapper.OrderMapper.selectObjs - <==      Total: 1
2026-01-16 20:38:24.489 [http-nio-8080-exec-2] DEBUG com.sky.mapper.OrderMapper.selectCount - <==      Total: 1
2026-01-16 20:38:24.490 [http-nio-8080-exec-6] DEBUG com.sky.mapper.UserMapper.selectCount - ==>  Preparing: SELECT COUNT( * ) AS total FROM user WHERE (create_time BETWEEN ? AND ?)
2026-01-16 20:38:24.490 [http-nio-8080-exec-5] DEBUG com.sky.mapper.OrderMapper.selectObjs - ==>  Preparing: SELECT sum(amount) as turnover FROM orders WHERE (status = ? AND delivery_time BETWEEN ? AND ?)
2026-01-16 20:38:24.490 [http-nio-8080-exec-6] DEBUG com.sky.mapper.UserMapper.selectCount - ==> Parameters: 2026-01-11T00:00(LocalDateTime), 2026-01-11T23:59:59.999999999(LocalDateTime)
2026-01-16 20:38:24.490 [http-nio-8080-exec-2] DEBUG com.sky.mapper.OrderMapper.selectCount - ==>  Preparing: SELECT COUNT( * ) AS total FROM orders WHERE (status = ? AND order_time BETWEEN ? AND ?)
2026-01-16 20:38:24.490 [http-nio-8080-exec-5] DEBUG com.sky.mapper.OrderMapper.selectObjs - ==> Parameters: 5(Integer), 2026-01-13T00:00(LocalDateTime), 2026-01-13T23:59:59.999999999(LocalDateTime)
2026-01-16 20:38:24.490 [http-nio-8080-exec-2] DEBUG com.sky.mapper.OrderMapper.selectCount - ==> Parameters: 5(Integer), 2026-01-11T00:00(LocalDateTime), 2026-01-11T23:59:59.999999999(LocalDateTime)
2026-01-16 20:38:24.490 [http-nio-8080-exec-5] DEBUG com.sky.mapper.OrderMapper.selectObjs - <==      Total: 1
2026-01-16 20:38:24.490 [http-nio-8080-exec-6] DEBUG com.sky.mapper.UserMapper.selectCount - <==      Total: 1
2026-01-16 20:38:24.491 [http-nio-8080-exec-2] DEBUG com.sky.mapper.OrderMapper.selectCount - <==      Total: 1
2026-01-16 20:38:24.491 [http-nio-8080-exec-6] DEBUG com.sky.mapper.UserMapper.selectCount - ==>  Preparing: SELECT COUNT( * ) AS total FROM user WHERE (create_time <= ?)
2026-01-16 20:38:24.491 [http-nio-8080-exec-5] DEBUG com.sky.mapper.OrderMapper.selectObjs - ==>  Preparing: SELECT sum(amount) as turnover FROM orders WHERE (status = ? AND delivery_time BETWEEN ? AND ?)
2026-01-16 20:38:24.491 [http-nio-8080-exec-2] DEBUG com.sky.mapper.OrderMapper.selectCount - ==>  Preparing: SELECT COUNT( * ) AS total FROM orders WHERE (order_time BETWEEN ? AND ?)
2026-01-16 20:38:24.492 [http-nio-8080-exec-2] DEBUG com.sky.mapper.OrderMapper.selectCount - ==> Parameters: 2026-01-11T00:00(LocalDateTime), 2026-01-11T23:59:59.999999999(LocalDateTime)
2026-01-16 20:38:24.492 [http-nio-8080-exec-6] DEBUG com.sky.mapper.UserMapper.selectCount - ==> Parameters: 2026-01-11T23:59:59.999999999(LocalDateTime)
2026-01-16 20:38:24.492 [http-nio-8080-exec-5] DEBUG com.sky.mapper.OrderMapper.selectObjs - ==> Parameters: 5(Integer), 2026-01-14T00:00(LocalDateTime), 2026-01-14T23:59:59.999999999(LocalDateTime)
2026-01-16 20:38:24.492 [http-nio-8080-exec-6] DEBUG com.sky.mapper.UserMapper.selectCount - <==      Total: 1
2026-01-16 20:38:24.492 [http-nio-8080-exec-2] DEBUG com.sky.mapper.OrderMapper.selectCount - <==      Total: 1
2026-01-16 20:38:24.492 [http-nio-8080-exec-5] DEBUG com.sky.mapper.OrderMapper.selectObjs - <==      Total: 1
2026-01-16 20:38:24.493 [http-nio-8080-exec-6] DEBUG com.sky.mapper.UserMapper.selectCount - ==>  Preparing: SELECT COUNT( * ) AS total FROM user WHERE (create_time BETWEEN ? AND ?)
2026-01-16 20:38:24.493 [http-nio-8080-exec-2] DEBUG com.sky.mapper.OrderMapper.selectCount - ==>  Preparing: SELECT COUNT( * ) AS total FROM orders WHERE (status = ? AND order_time BETWEEN ? AND ?)
2026-01-16 20:38:24.493 [http-nio-8080-exec-5] DEBUG com.sky.mapper.OrderMapper.selectObjs - ==>  Preparing: SELECT sum(amount) as turnover FROM orders WHERE (status = ? AND delivery_time BETWEEN ? AND ?)
2026-01-16 20:38:24.493 [http-nio-8080-exec-6] DEBUG com.sky.mapper.UserMapper.selectCount - ==> Parameters: 2026-01-12T00:00(LocalDateTime), 2026-01-12T23:59:59.999999999(LocalDateTime)
2026-01-16 20:38:24.493 [http-nio-8080-exec-2] DEBUG com.sky.mapper.OrderMapper.selectCount - ==> Parameters: 5(Integer), 2026-01-12T00:00(LocalDateTime), 2026-01-12T23:59:59.999999999(LocalDateTime)
2026-01-16 20:38:24.493 [http-nio-8080-exec-5] DEBUG com.sky.mapper.OrderMapper.selectObjs - ==> Parameters: 5(Integer), 2026-01-15T00:00(LocalDateTime), 2026-01-15T23:59:59.999999999(LocalDateTime)
2026-01-16 20:38:24.493 [http-nio-8080-exec-2] DEBUG com.sky.mapper.OrderMapper.selectCount - <==      Total: 1
2026-01-16 20:38:24.493 [http-nio-8080-exec-6] DEBUG com.sky.mapper.UserMapper.selectCount - <==      Total: 1
2026-01-16 20:38:24.493 [http-nio-8080-exec-5] DEBUG com.sky.mapper.OrderMapper.selectObjs - <==      Total: 1
2026-01-16 20:38:24.494 [http-nio-8080-exec-5] INFO  com.sky.controller.admin.ReportController - 营业额列表：0,0,0,0,0,480.00,78.00
2026-01-16 20:38:24.494 [http-nio-8080-exec-2] DEBUG com.sky.mapper.OrderMapper.selectCount - ==>  Preparing: SELECT COUNT( * ) AS total FROM orders WHERE (order_time BETWEEN ? AND ?)
2026-01-16 20:38:24.494 [http-nio-8080-exec-6] DEBUG com.sky.mapper.UserMapper.selectCount - ==>  Preparing: SELECT COUNT( * ) AS total FROM user WHERE (create_time <= ?)
2026-01-16 20:38:24.494 [http-nio-8080-exec-2] DEBUG com.sky.mapper.OrderMapper.selectCount - ==> Parameters: 2026-01-12T00:00(LocalDateTime), 2026-01-12T23:59:59.999999999(LocalDateTime)
2026-01-16 20:38:24.494 [http-nio-8080-exec-6] DEBUG com.sky.mapper.UserMapper.selectCount - ==> Parameters: 2026-01-12T23:59:59.999999999(LocalDateTime)
2026-01-16 20:38:24.495 [http-nio-8080-exec-6] DEBUG com.sky.mapper.UserMapper.selectCount - <==      Total: 1
2026-01-16 20:38:24.495 [http-nio-8080-exec-2] DEBUG com.sky.mapper.OrderMapper.selectCount - <==      Total: 1
2026-01-16 20:38:24.496 [http-nio-8080-exec-6] DEBUG com.sky.mapper.UserMapper.selectCount - ==>  Preparing: SELECT COUNT( * ) AS total FROM user WHERE (create_time BETWEEN ? AND ?)
2026-01-16 20:38:24.496 [http-nio-8080-exec-2] DEBUG com.sky.mapper.OrderMapper.selectCount - ==>  Preparing: SELECT COUNT( * ) AS total FROM orders WHERE (status = ? AND order_time BETWEEN ? AND ?)
2026-01-16 20:38:24.496 [http-nio-8080-exec-6] DEBUG com.sky.mapper.UserMapper.selectCount - ==> Parameters: 2026-01-13T00:00(LocalDateTime), 2026-01-13T23:59:59.999999999(LocalDateTime)
2026-01-16 20:38:24.496 [http-nio-8080-exec-2] DEBUG com.sky.mapper.OrderMapper.selectCount - ==> Parameters: 5(Integer), 2026-01-13T00:00(LocalDateTime), 2026-01-13T23:59:59.999999999(LocalDateTime)
2026-01-16 20:38:24.497 [http-nio-8080-exec-6] DEBUG com.sky.mapper.UserMapper.selectCount - <==      Total: 1
2026-01-16 20:38:24.497 [http-nio-8080-exec-2] DEBUG com.sky.mapper.OrderMapper.selectCount - <==      Total: 1
2026-01-16 20:38:24.498 [http-nio-8080-exec-6] DEBUG com.sky.mapper.UserMapper.selectCount - ==>  Preparing: SELECT COUNT( * ) AS total FROM user WHERE (create_time <= ?)
2026-01-16 20:38:24.498 [http-nio-8080-exec-2] DEBUG com.sky.mapper.OrderMapper.selectCount - ==>  Preparing: SELECT COUNT( * ) AS total FROM orders WHERE (order_time BETWEEN ? AND ?)
2026-01-16 20:38:24.498 [http-nio-8080-exec-2] DEBUG com.sky.mapper.OrderMapper.selectCount - ==> Parameters: 2026-01-13T00:00(LocalDateTime), 2026-01-13T23:59:59.999999999(LocalDateTime)
2026-01-16 20:38:24.498 [http-nio-8080-exec-6] DEBUG com.sky.mapper.UserMapper.selectCount - ==> Parameters: 2026-01-13T23:59:59.999999999(LocalDateTime)
2026-01-16 20:38:24.499 [http-nio-8080-exec-6] DEBUG com.sky.mapper.UserMapper.selectCount - <==      Total: 1
2026-01-16 20:38:24.499 [http-nio-8080-exec-2] DEBUG com.sky.mapper.OrderMapper.selectCount - <==      Total: 1
2026-01-16 20:38:24.499 [http-nio-8080-exec-2] DEBUG com.sky.mapper.OrderMapper.selectCount - ==>  Preparing: SELECT COUNT( * ) AS total FROM orders WHERE (status = ? AND order_time BETWEEN ? AND ?)
2026-01-16 20:38:24.499 [http-nio-8080-exec-6] DEBUG com.sky.mapper.UserMapper.selectCount - ==>  Preparing: SELECT COUNT( * ) AS total FROM user WHERE (create_time BETWEEN ? AND ?)
2026-01-16 20:38:24.500 [http-nio-8080-exec-2] DEBUG com.sky.mapper.OrderMapper.selectCount - ==> Parameters: 5(Integer), 2026-01-14T00:00(LocalDateTime), 2026-01-14T23:59:59.999999999(LocalDateTime)
2026-01-16 20:38:24.500 [http-nio-8080-exec-6] DEBUG com.sky.mapper.UserMapper.selectCount - ==> Parameters: 2026-01-14T00:00(LocalDateTime), 2026-01-14T23:59:59.999999999(LocalDateTime)
2026-01-16 20:38:24.500 [http-nio-8080-exec-6] DEBUG com.sky.mapper.UserMapper.selectCount - <==      Total: 1
2026-01-16 20:38:24.500 [http-nio-8080-exec-2] DEBUG com.sky.mapper.OrderMapper.selectCount - <==      Total: 1
2026-01-16 20:38:24.501 [http-nio-8080-exec-6] DEBUG com.sky.mapper.UserMapper.selectCount - ==>  Preparing: SELECT COUNT( * ) AS total FROM user WHERE (create_time <= ?)
2026-01-16 20:38:24.501 [http-nio-8080-exec-2] DEBUG com.sky.mapper.OrderMapper.selectCount - ==>  Preparing: SELECT COUNT( * ) AS total FROM orders WHERE (order_time BETWEEN ? AND ?)
2026-01-16 20:38:24.501 [http-nio-8080-exec-6] DEBUG com.sky.mapper.UserMapper.selectCount - ==> Parameters: 2026-01-14T23:59:59.999999999(LocalDateTime)
2026-01-16 20:38:24.501 [http-nio-8080-exec-2] DEBUG com.sky.mapper.OrderMapper.selectCount - ==> Parameters: 2026-01-14T00:00(LocalDateTime), 2026-01-14T23:59:59.999999999(LocalDateTime)
2026-01-16 20:38:24.501 [http-nio-8080-exec-6] DEBUG com.sky.mapper.UserMapper.selectCount - <==      Total: 1
2026-01-16 20:38:24.503 [http-nio-8080-exec-2] DEBUG com.sky.mapper.OrderMapper.selectCount - <==      Total: 1
2026-01-16 20:38:24.503 [http-nio-8080-exec-6] DEBUG com.sky.mapper.UserMapper.selectCount - ==>  Preparing: SELECT COUNT( * ) AS total FROM user WHERE (create_time BETWEEN ? AND ?)
2026-01-16 20:38:24.503 [http-nio-8080-exec-2] DEBUG com.sky.mapper.OrderMapper.selectCount - ==>  Preparing: SELECT COUNT( * ) AS total FROM orders WHERE (status = ? AND order_time BETWEEN ? AND ?)
2026-01-16 20:38:24.503 [http-nio-8080-exec-6] DEBUG com.sky.mapper.UserMapper.selectCount - ==> Parameters: 2026-01-15T00:00(LocalDateTime), 2026-01-15T23:59:59.999999999(LocalDateTime)
2026-01-16 20:38:24.503 [http-nio-8080-exec-2] DEBUG com.sky.mapper.OrderMapper.selectCount - ==> Parameters: 5(Integer), 2026-01-15T00:00(LocalDateTime), 2026-01-15T23:59:59.999999999(LocalDateTime)
2026-01-16 20:38:24.503 [http-nio-8080-exec-2] DEBUG com.sky.mapper.OrderMapper.selectCount - <==      Total: 1
2026-01-16 20:38:24.503 [http-nio-8080-exec-6] DEBUG com.sky.mapper.UserMapper.selectCount - <==      Total: 1
2026-01-16 20:38:24.503 [http-nio-8080-exec-6] DEBUG com.sky.mapper.UserMapper.selectCount - ==>  Preparing: SELECT COUNT( * ) AS total FROM user WHERE (create_time <= ?)
2026-01-16 20:38:24.503 [http-nio-8080-exec-2] DEBUG com.sky.mapper.OrderMapper.selectCount - ==>  Preparing: SELECT COUNT( * ) AS total FROM orders WHERE (order_time BETWEEN ? AND ?)
2026-01-16 20:38:24.504 [http-nio-8080-exec-2] DEBUG com.sky.mapper.OrderMapper.selectCount - ==> Parameters: 2026-01-15T00:00(LocalDateTime), 2026-01-15T23:59:59.999999999(LocalDateTime)
2026-01-16 20:38:24.504 [http-nio-8080-exec-6] DEBUG com.sky.mapper.UserMapper.selectCount - ==> Parameters: 2026-01-15T23:59:59.999999999(LocalDateTime)
2026-01-16 20:38:24.504 [http-nio-8080-exec-2] DEBUG com.sky.mapper.OrderMapper.selectCount - <==      Total: 1
2026-01-16 20:38:24.504 [http-nio-8080-exec-6] DEBUG com.sky.mapper.UserMapper.selectCount - <==      Total: 1
2026-01-16 20:38:34.367 [SpringApplicationShutdownHook] INFO  com.sky.websocket.WebSocketServer - 客户端osqf829ifik与服务端断开连接

2026-01-16 20:38:34.505 [SpringApplicationShutdownHook] INFO  com.alibaba.druid.pool.DruidDataSource - {dataSource-1} closing ...
2026-01-16 20:38:34.510 [SpringApplicationShutdownHook] INFO  com.alibaba.druid.pool.DruidDataSource - {dataSource-1} closed
