2026-01-17 00:24:25.366 [main] INFO  com.sky.SkyApplication - Starting SkyApplication using Java 17.0.12 on Zsh with PID 5960 (D:\ZSH-ComputerScience\CangQiong\sky-take-out\sky-take-out\sky-server\target\classes started by asus in D:\ZSH-ComputerScience\CangQiong\sky-take-out\sky-take-out)
2026-01-17 00:24:25.369 [main] INFO  com.sky.SkyApplication - The following 1 profile is active: "dev"
2026-01-17 00:24:26.003 [main] INFO  o.s.d.r.config.RepositoryConfigurationDelegate - Multiple Spring Data modules found, entering strict repository configuration mode
2026-01-17 00:24:26.005 [main] INFO  o.s.d.r.config.RepositoryConfigurationDelegate - Bootstrapping Spring Data Redis repositories in DEFAULT mode.
2026-01-17 00:24:26.035 [main] INFO  o.s.d.r.config.RepositoryConfigurationDelegate - Finished Spring Data repository scanning in 19 ms. Found 0 Redis repository interfaces.
2026-01-17 00:24:26.626 [main] INFO  o.s.boot.web.embedded.tomcat.TomcatWebServer - Tomcat initialized with port(s): 8080 (http)
2026-01-17 00:24:26.626 [main] INFO  org.apache.catalina.core.AprLifecycleListener - Loaded Apache Tomcat Native library [1.3.1] using APR version [1.7.4].
2026-01-17 00:24:26.626 [main] INFO  org.apache.catalina.core.AprLifecycleListener - APR capabilities: IPv6 [true], sendfile [true], accept filters [false], random [true], UDS [true].
2026-01-17 00:24:26.626 [main] INFO  org.apache.catalina.core.AprLifecycleListener - APR/OpenSSL configuration: useAprConnector [false], useOpenSSL [true]
2026-01-17 00:24:26.630 [main] INFO  org.apache.catalina.core.AprLifecycleListener - OpenSSL successfully initialized [OpenSSL 3.0.14 4 Jun 2024]
2026-01-17 00:24:26.637 [main] INFO  org.apache.catalina.core.StandardService - Starting service [Tomcat]
2026-01-17 00:24:26.637 [main] INFO  org.apache.catalina.core.StandardEngine - Starting Servlet engine: [Apache Tomcat/9.0.65]
2026-01-17 00:24:26.736 [main] INFO  o.a.c.core.ContainerBase.[Tomcat].[localhost].[/] - Initializing Spring embedded WebApplicationContext
2026-01-17 00:24:26.736 [main] INFO  o.s.b.w.s.c.ServletWebServerApplicationContext - Root WebApplicationContext: initialization completed in 1331 ms
2026-01-17 00:24:26.796 [main] INFO  c.a.d.s.b.a.DruidDataSourceAutoConfigure - Init DruidDataSource
2026-01-17 00:24:26.897 [main] INFO  com.alibaba.druid.pool.DruidDataSource - {dataSource-1} inited
2026-01-17 00:24:26.945 [main] INFO  com.sky.config.MyBatisPlusConfig - 开始注册MyBatis-Plus的拦截器...
2026-01-17 00:24:27.058 [main] WARN  c.b.mybatisplus.core.injector.methods.Update - [com.sky.mapper.CategoryMapper.update] Has been loaded by XML or SqlProvider or Mybatis's Annotation, so ignoring this injection for [class com.baomidou.mybatisplus.core.injector.methods.Update]
2026-01-17 00:24:27.094 [main] WARN  c.b.mybatisplus.core.injector.methods.Update - [com.sky.mapper.DishMapper.update] Has been loaded by XML or SqlProvider or Mybatis's Annotation, so ignoring this injection for [class com.baomidou.mybatisplus.core.injector.methods.Update]
2026-01-17 00:24:27.116 [main] WARN  c.b.mybatisplus.core.injector.methods.Update - [com.sky.mapper.EmployeeMapper.update] Has been loaded by XML or SqlProvider or Mybatis's Annotation, so ignoring this injection for [class com.baomidou.mybatisplus.core.injector.methods.Update]
2026-01-17 00:24:27.159 [main] WARN  c.b.mybatisplus.core.injector.methods.Update - [com.sky.mapper.SetmealMapper.update] Has been loaded by XML or SqlProvider or Mybatis's Annotation, so ignoring this injection for [class com.baomidou.mybatisplus.core.injector.methods.Update]
2026-01-17 00:24:27.292 [main] INFO  com.sky.config.AliyunOssConfig - 开始创建阿里云OSS文件上传工具对象...
2026-01-17 00:24:27.435 [main] INFO  com.sky.config.RedisConfig - 开始创建Redis模板对象...
2026-01-17 00:24:27.745 [main] INFO  com.sky.config.WebMvcConfig - 开始注册自定义拦截器...
2026-01-17 00:24:27.826 [main] INFO  com.sky.config.WebMvcConfig - 准备生成管理端接口文档...
2026-01-17 00:24:27.831 [main] INFO  com.sky.config.WebMvcConfig - 准备生成用户端接口文档...
2026-01-17 00:24:27.858 [main] INFO  com.sky.config.WebMvcConfig - 扩展消息转换器...
2026-01-17 00:24:27.863 [main] INFO  com.sky.config.WebMvcConfig - 开始设置静态资源映射...
2026-01-17 00:24:28.271 [main] INFO  o.s.boot.web.embedded.tomcat.TomcatWebServer - Tomcat started on port(s): 8080 (http) with context path ''
2026-01-17 00:24:28.678 [main] INFO  com.sky.SkyApplication - Started SkyApplication in 3.663 seconds (JVM running for 4.148)
2026-01-17 00:24:28.680 [main] INFO  com.sky.SkyApplication - server starts ...
2026-01-17 00:24:35.569 [http-nio-8080-exec-2] INFO  o.a.c.core.ContainerBase.[Tomcat].[localhost].[/] - Initializing Spring DispatcherServlet 'dispatcherServlet'
2026-01-17 00:24:35.569 [http-nio-8080-exec-2] INFO  org.springframework.web.servlet.DispatcherServlet - Initializing Servlet 'dispatcherServlet'
2026-01-17 00:24:35.570 [http-nio-8080-exec-2] INFO  org.springframework.web.servlet.DispatcherServlet - Completed initialization in 1 ms
2026-01-17 00:24:35.582 [http-nio-8080-exec-1] INFO  com.sky.interceptor.JwtTokenInterceptor - jwt校验: eyJhbGciOiJIUzI1NiJ9.eyJlbXBJZCI6MSwiZXhwIjoxNzY5Mjk5NTk3fQ.lC_KRGpvrV0yvjhvrTQer_gukpnDZgL12UYRux_jliQ
2026-01-17 00:24:35.582 [http-nio-8080-exec-2] INFO  com.sky.interceptor.JwtTokenInterceptor - jwt校验: eyJhbGciOiJIUzI1NiJ9.eyJlbXBJZCI6MSwiZXhwIjoxNzY5Mjk5NTk3fQ.lC_KRGpvrV0yvjhvrTQer_gukpnDZgL12UYRux_jliQ
2026-01-17 00:24:35.623 [http-nio-8080-exec-1] INFO  com.sky.interceptor.JwtTokenAdminInterceptor - id=1的员工登入苍穹外卖管理端

2026-01-17 00:24:35.623 [http-nio-8080-exec-2] INFO  com.sky.interceptor.JwtTokenAdminInterceptor - id=1的员工登入苍穹外卖管理端

2026-01-17 00:24:35.644 [http-nio-8080-exec-2] INFO  com.sky.controller.admin.OrderController - 订单分页查询，参数为：OrderPageQueryDTO(page=1, pageSize=10, number=null, phone=null, status=2, beginTime=null, endTime=null, userId=null)

2026-01-17 00:24:35.664 [http-nio-8080-exec-3] INFO  com.sky.interceptor.JwtTokenInterceptor - jwt校验: eyJhbGciOiJIUzI1NiJ9.eyJlbXBJZCI6MSwiZXhwIjoxNzY5Mjk5NTk3fQ.lC_KRGpvrV0yvjhvrTQer_gukpnDZgL12UYRux_jliQ
2026-01-17 00:24:35.665 [http-nio-8080-exec-3] INFO  com.sky.interceptor.JwtTokenAdminInterceptor - id=1的员工登入苍穹外卖管理端

2026-01-17 00:24:35.824 [http-nio-8080-exec-6] WARN  org.springframework.web.servlet.PageNotFound - No mapping for GET /admin/workspace/overviewOrders
2026-01-17 00:24:35.825 [http-nio-8080-exec-7] WARN  org.springframework.web.servlet.PageNotFound - No mapping for GET /admin/workspace/overviewSetmeals
2026-01-17 00:24:35.824 [http-nio-8080-exec-5] WARN  org.springframework.web.servlet.PageNotFound - No mapping for GET /admin/workspace/overviewDishes
2026-01-17 00:24:35.868 [http-nio-8080-exec-10] INFO  com.sky.websocket.WebSocketServer - 客户端6zal6ko3rvu与服务端建立连接

2026-01-17 00:24:35.872 [http-nio-8080-exec-2] DEBUG com.sky.mapper.OrderMapper.pageQuery_mpCount - ==>  Preparing: SELECT COUNT(*) AS total FROM orders WHERE status = ?
2026-01-17 00:24:35.872 [http-nio-8080-exec-3] DEBUG com.sky.mapper.OrderMapper.selectObjs - ==>  Preparing: SELECT sum(amount) as turnover FROM orders WHERE (status = ? AND delivery_time BETWEEN ? AND ?)
2026-01-17 00:24:35.898 [http-nio-8080-exec-3] DEBUG com.sky.mapper.OrderMapper.selectObjs - ==> Parameters: 5(Integer), 2026-01-17T00:00(LocalDateTime), 2026-01-17T23:59:59.999999999(LocalDateTime)
2026-01-17 00:24:35.898 [http-nio-8080-exec-2] DEBUG com.sky.mapper.OrderMapper.pageQuery_mpCount - ==> Parameters: 2(Integer)
2026-01-17 00:24:35.922 [http-nio-8080-exec-2] DEBUG com.sky.mapper.OrderMapper.pageQuery_mpCount - <==      Total: 1
2026-01-17 00:24:35.922 [http-nio-8080-exec-3] DEBUG com.sky.mapper.OrderMapper.selectObjs - <==      Total: 1
2026-01-17 00:24:35.927 [http-nio-8080-exec-3] DEBUG com.sky.mapper.OrderMapper.selectCount - ==>  Preparing: SELECT COUNT( * ) AS total FROM orders WHERE (status = ? AND order_time BETWEEN ? AND ?)
2026-01-17 00:24:35.928 [http-nio-8080-exec-3] DEBUG com.sky.mapper.OrderMapper.selectCount - ==> Parameters: 5(Integer), 2026-01-17T00:00(LocalDateTime), 2026-01-17T23:59:59.999999999(LocalDateTime)
2026-01-17 00:24:35.929 [http-nio-8080-exec-3] DEBUG com.sky.mapper.OrderMapper.selectCount - <==      Total: 1
2026-01-17 00:24:35.931 [http-nio-8080-exec-3] DEBUG com.sky.mapper.OrderMapper.selectCount - ==>  Preparing: SELECT COUNT( * ) AS total FROM orders WHERE (order_time BETWEEN ? AND ?)
2026-01-17 00:24:35.932 [http-nio-8080-exec-3] DEBUG com.sky.mapper.OrderMapper.selectCount - ==> Parameters: 2026-01-17T00:00(LocalDateTime), 2026-01-17T23:59:59.999999999(LocalDateTime)
2026-01-17 00:24:35.933 [http-nio-8080-exec-3] DEBUG com.sky.mapper.OrderMapper.selectCount - <==      Total: 1
2026-01-17 00:24:35.935 [http-nio-8080-exec-3] DEBUG com.sky.mapper.UserMapper.selectCount - ==>  Preparing: SELECT COUNT( * ) AS total FROM user WHERE (create_time BETWEEN ? AND ?)
2026-01-17 00:24:35.935 [http-nio-8080-exec-3] DEBUG com.sky.mapper.UserMapper.selectCount - ==> Parameters: 2026-01-17T00:00(LocalDateTime), 2026-01-17T23:59:59.999999999(LocalDateTime)
2026-01-17 00:24:35.936 [http-nio-8080-exec-3] DEBUG com.sky.mapper.UserMapper.selectCount - <==      Total: 1
2026-01-17 00:24:35.936 [http-nio-8080-exec-3] INFO  com.sky.controller.admin.WorkspaceController - 查询今日运营数据：BusinessDataVO(turnover=0.0, validOrderCount=0, orderCompletionRate=NaN, unitPrice=NaN, newUsers=0)
2026-01-17 00:24:35.944 [http-nio-8080-exec-8] INFO  com.sky.interceptor.JwtTokenInterceptor - jwt校验: eyJhbGciOiJIUzI1NiJ9.eyJlbXBJZCI6MSwiZXhwIjoxNzY5Mjk5NTk3fQ.lC_KRGpvrV0yvjhvrTQer_gukpnDZgL12UYRux_jliQ
2026-01-17 00:24:35.945 [http-nio-8080-exec-8] INFO  com.sky.interceptor.JwtTokenAdminInterceptor - id=1的员工登入苍穹外卖管理端

2026-01-17 00:24:35.945 [http-nio-8080-exec-8] INFO  com.sky.controller.admin.OrderController - 统计各个状态的订单数量
2026-01-17 00:24:35.946 [http-nio-8080-exec-8] DEBUG com.sky.mapper.OrderMapper.selectCount - ==>  Preparing: SELECT COUNT( * ) AS total FROM orders WHERE (status = ?)
2026-01-17 00:24:35.947 [http-nio-8080-exec-8] DEBUG com.sky.mapper.OrderMapper.selectCount - ==> Parameters: 2(Integer)
2026-01-17 00:24:35.948 [http-nio-8080-exec-8] DEBUG com.sky.mapper.OrderMapper.selectCount - <==      Total: 1
2026-01-17 00:24:35.949 [http-nio-8080-exec-8] DEBUG com.sky.mapper.OrderMapper.selectCount - ==>  Preparing: SELECT COUNT( * ) AS total FROM orders WHERE (status = ?)
2026-01-17 00:24:35.950 [http-nio-8080-exec-8] DEBUG com.sky.mapper.OrderMapper.selectCount - ==> Parameters: 3(Integer)
2026-01-17 00:24:35.950 [http-nio-8080-exec-8] DEBUG com.sky.mapper.OrderMapper.selectCount - <==      Total: 1
2026-01-17 00:24:35.951 [http-nio-8080-exec-8] DEBUG com.sky.mapper.OrderMapper.selectCount - ==>  Preparing: SELECT COUNT( * ) AS total FROM orders WHERE (status = ?)
2026-01-17 00:24:35.951 [http-nio-8080-exec-8] DEBUG com.sky.mapper.OrderMapper.selectCount - ==> Parameters: 4(Integer)
2026-01-17 00:24:35.952 [http-nio-8080-exec-8] DEBUG com.sky.mapper.OrderMapper.selectCount - <==      Total: 1
2026-01-17 00:24:36.052 [http-nio-8080-exec-1] INFO  com.sky.controller.admin.ShopController - 管理端获取店铺营业状态为：营业中
2026-01-17 00:24:46.248 [SpringApplicationShutdownHook] INFO  com.sky.websocket.WebSocketServer - 客户端6zal6ko3rvu与服务端断开连接

2026-01-17 00:24:46.386 [SpringApplicationShutdownHook] INFO  com.alibaba.druid.pool.DruidDataSource - {dataSource-1} closing ...
2026-01-17 00:24:46.390 [SpringApplicationShutdownHook] INFO  com.alibaba.druid.pool.DruidDataSource - {dataSource-1} closed
