2026-01-17 01:03:43.079 [main] INFO  com.sky.SkyApplication - Starting SkyApplication using Java 17.0.12 on Zsh with PID 14896 (D:\ZSH-ComputerScience\CangQiong\sky-take-out\sky-take-out\sky-server\target\classes started by asus in D:\ZSH-ComputerScience\CangQiong\sky-take-out\sky-take-out)
2026-01-17 01:03:43.081 [main] INFO  com.sky.SkyApplication - The following 1 profile is active: "dev"
2026-01-17 01:03:43.707 [main] INFO  o.s.d.r.config.RepositoryConfigurationDelegate - Multiple Spring Data modules found, entering strict repository configuration mode
2026-01-17 01:03:43.709 [main] INFO  o.s.d.r.config.RepositoryConfigurationDelegate - Bootstrapping Spring Data Redis repositories in DEFAULT mode.
2026-01-17 01:03:43.734 [main] INFO  o.s.d.r.config.RepositoryConfigurationDelegate - Finished Spring Data repository scanning in 15 ms. Found 0 Redis repository interfaces.
2026-01-17 01:03:44.317 [main] INFO  o.s.boot.web.embedded.tomcat.TomcatWebServer - Tomcat initialized with port(s): 8080 (http)
2026-01-17 01:03:44.317 [main] INFO  org.apache.catalina.core.AprLifecycleListener - Loaded Apache Tomcat Native library [1.3.1] using APR version [1.7.4].
2026-01-17 01:03:44.318 [main] INFO  org.apache.catalina.core.AprLifecycleListener - APR capabilities: IPv6 [true], sendfile [true], accept filters [false], random [true], UDS [true].
2026-01-17 01:03:44.318 [main] INFO  org.apache.catalina.core.AprLifecycleListener - APR/OpenSSL configuration: useAprConnector [false], useOpenSSL [true]
2026-01-17 01:03:44.321 [main] INFO  org.apache.catalina.core.AprLifecycleListener - OpenSSL successfully initialized [OpenSSL 3.0.14 4 Jun 2024]
2026-01-17 01:03:44.330 [main] INFO  org.apache.catalina.core.StandardService - Starting service [Tomcat]
2026-01-17 01:03:44.330 [main] INFO  org.apache.catalina.core.StandardEngine - Starting Servlet engine: [Apache Tomcat/9.0.65]
2026-01-17 01:03:44.428 [main] INFO  o.a.c.core.ContainerBase.[Tomcat].[localhost].[/] - Initializing Spring embedded WebApplicationContext
2026-01-17 01:03:44.429 [main] INFO  o.s.b.w.s.c.ServletWebServerApplicationContext - Root WebApplicationContext: initialization completed in 1311 ms
2026-01-17 01:03:44.490 [main] INFO  c.a.d.s.b.a.DruidDataSourceAutoConfigure - Init DruidDataSource
2026-01-17 01:03:44.594 [main] INFO  com.alibaba.druid.pool.DruidDataSource - {dataSource-1} inited
2026-01-17 01:03:44.641 [main] INFO  com.sky.config.MyBatisPlusConfig - 开始注册MyBatis-Plus的拦截器...
2026-01-17 01:03:44.749 [main] WARN  c.b.mybatisplus.core.injector.methods.Update - [com.sky.mapper.CategoryMapper.update] Has been loaded by XML or SqlProvider or Mybatis's Annotation, so ignoring this injection for [class com.baomidou.mybatisplus.core.injector.methods.Update]
2026-01-17 01:03:44.786 [main] WARN  c.b.mybatisplus.core.injector.methods.Update - [com.sky.mapper.DishMapper.update] Has been loaded by XML or SqlProvider or Mybatis's Annotation, so ignoring this injection for [class com.baomidou.mybatisplus.core.injector.methods.Update]
2026-01-17 01:03:44.802 [main] WARN  c.b.mybatisplus.core.injector.methods.Update - [com.sky.mapper.EmployeeMapper.update] Has been loaded by XML or SqlProvider or Mybatis's Annotation, so ignoring this injection for [class com.baomidou.mybatisplus.core.injector.methods.Update]
2026-01-17 01:03:44.848 [main] WARN  c.b.mybatisplus.core.injector.methods.Update - [com.sky.mapper.SetmealMapper.update] Has been loaded by XML or SqlProvider or Mybatis's Annotation, so ignoring this injection for [class com.baomidou.mybatisplus.core.injector.methods.Update]
2026-01-17 01:03:44.975 [main] INFO  com.sky.config.AliyunOssConfig - 开始创建阿里云OSS文件上传工具对象...
2026-01-17 01:03:45.120 [main] INFO  com.sky.config.RedisConfig - 开始创建Redis模板对象...
2026-01-17 01:03:45.420 [main] INFO  com.sky.config.WebMvcConfig - 开始注册自定义拦截器...
2026-01-17 01:03:45.491 [main] INFO  com.sky.config.WebMvcConfig - 准备生成管理端接口文档...
2026-01-17 01:03:45.495 [main] INFO  com.sky.config.WebMvcConfig - 准备生成用户端接口文档...
2026-01-17 01:03:45.521 [main] INFO  com.sky.config.WebMvcConfig - 扩展消息转换器...
2026-01-17 01:03:45.525 [main] INFO  com.sky.config.WebMvcConfig - 开始设置静态资源映射...
2026-01-17 01:03:45.912 [main] INFO  o.s.boot.web.embedded.tomcat.TomcatWebServer - Tomcat started on port(s): 8080 (http) with context path ''
2026-01-17 01:03:46.288 [main] INFO  com.sky.SkyApplication - Started SkyApplication in 3.56 seconds (JVM running for 4.024)
2026-01-17 01:03:46.290 [main] INFO  com.sky.SkyApplication - server starts ...
2026-01-17 01:03:49.983 [http-nio-8080-exec-4] INFO  o.a.c.core.ContainerBase.[Tomcat].[localhost].[/] - Initializing Spring DispatcherServlet 'dispatcherServlet'
2026-01-17 01:03:49.983 [http-nio-8080-exec-4] INFO  org.springframework.web.servlet.DispatcherServlet - Initializing Servlet 'dispatcherServlet'
2026-01-17 01:03:49.984 [http-nio-8080-exec-4] INFO  org.springframework.web.servlet.DispatcherServlet - Completed initialization in 1 ms
2026-01-17 01:03:49.998 [http-nio-8080-exec-2] INFO  com.sky.interceptor.JwtTokenInterceptor - jwt校验: eyJhbGciOiJIUzI1NiJ9.eyJlbXBJZCI6MSwiZXhwIjoxNzY5MzAwOTMyfQ.p5cPmVx_L3f_RQdfhzpCdIZGsB1J19gO3QIzIgArcYo
2026-01-17 01:03:49.998 [http-nio-8080-exec-1] INFO  com.sky.interceptor.JwtTokenInterceptor - jwt校验: eyJhbGciOiJIUzI1NiJ9.eyJlbXBJZCI6MSwiZXhwIjoxNzY5MzAwOTMyfQ.p5cPmVx_L3f_RQdfhzpCdIZGsB1J19gO3QIzIgArcYo
2026-01-17 01:03:49.998 [http-nio-8080-exec-4] INFO  com.sky.interceptor.JwtTokenInterceptor - jwt校验: eyJhbGciOiJIUzI1NiJ9.eyJlbXBJZCI6MSwiZXhwIjoxNzY5MzAwOTMyfQ.p5cPmVx_L3f_RQdfhzpCdIZGsB1J19gO3QIzIgArcYo
2026-01-17 01:03:49.998 [http-nio-8080-exec-5] INFO  com.sky.interceptor.JwtTokenInterceptor - jwt校验: eyJhbGciOiJIUzI1NiJ9.eyJlbXBJZCI6MSwiZXhwIjoxNzY5MzAwOTMyfQ.p5cPmVx_L3f_RQdfhzpCdIZGsB1J19gO3QIzIgArcYo
2026-01-17 01:03:49.999 [http-nio-8080-exec-7] WARN  org.springframework.web.servlet.PageNotFound - No mapping for GET /admin/workspace/overviewOrders
2026-01-17 01:03:50.045 [http-nio-8080-exec-6] INFO  com.sky.interceptor.JwtTokenInterceptor - jwt校验: eyJhbGciOiJIUzI1NiJ9.eyJlbXBJZCI6MSwiZXhwIjoxNzY5MzAwOTMyfQ.p5cPmVx_L3f_RQdfhzpCdIZGsB1J19gO3QIzIgArcYo
2026-01-17 01:03:50.050 [http-nio-8080-exec-5] INFO  com.sky.interceptor.JwtTokenAdminInterceptor - id=1的员工登入苍穹外卖管理端

2026-01-17 01:03:50.050 [http-nio-8080-exec-4] INFO  com.sky.interceptor.JwtTokenAdminInterceptor - id=1的员工登入苍穹外卖管理端

2026-01-17 01:03:50.050 [http-nio-8080-exec-6] INFO  com.sky.interceptor.JwtTokenAdminInterceptor - id=1的员工登入苍穹外卖管理端

2026-01-17 01:03:50.050 [http-nio-8080-exec-2] INFO  com.sky.interceptor.JwtTokenAdminInterceptor - id=1的员工登入苍穹外卖管理端

2026-01-17 01:03:50.050 [http-nio-8080-exec-1] INFO  com.sky.interceptor.JwtTokenAdminInterceptor - id=1的员工登入苍穹外卖管理端

2026-01-17 01:03:50.065 [http-nio-8080-exec-2] INFO  com.sky.controller.admin.OrderController - 订单分页查询，参数为：OrderPageQueryDTO(page=1, pageSize=10, number=null, phone=null, status=2, beginTime=null, endTime=null, userId=null)

2026-01-17 01:03:50.257 [http-nio-8080-exec-3] INFO  com.sky.websocket.WebSocketServer - 客户端k9uwf9tvrd8与服务端建立连接

2026-01-17 01:03:50.286 [http-nio-8080-exec-5] DEBUG com.sky.mapper.DishMapper.selectCount - ==>  Preparing: SELECT COUNT( * ) AS total FROM dish WHERE deleted=0 AND (status = ?)
2026-01-17 01:03:50.286 [http-nio-8080-exec-1] DEBUG com.sky.mapper.OrderMapper.selectObjs - ==>  Preparing: SELECT sum(amount) as turnover FROM orders WHERE (status = ? AND delivery_time BETWEEN ? AND ?)
2026-01-17 01:03:50.287 [http-nio-8080-exec-6] DEBUG com.sky.mapper.SetmealMapper.selectCount - ==>  Preparing: SELECT COUNT( * ) AS total FROM setmeal WHERE deleted=0 AND (status = ?)
2026-01-17 01:03:50.291 [http-nio-8080-exec-2] DEBUG com.sky.mapper.OrderMapper.pageQuery_mpCount - ==>  Preparing: SELECT COUNT(*) AS total FROM orders WHERE status = ?
2026-01-17 01:03:50.314 [http-nio-8080-exec-6] DEBUG com.sky.mapper.SetmealMapper.selectCount - ==> Parameters: 1(Integer)
2026-01-17 01:03:50.314 [http-nio-8080-exec-5] DEBUG com.sky.mapper.DishMapper.selectCount - ==> Parameters: 1(Integer)
2026-01-17 01:03:50.314 [http-nio-8080-exec-1] DEBUG com.sky.mapper.OrderMapper.selectObjs - ==> Parameters: 5(Integer), 2026-01-17T00:00(LocalDateTime), 2026-01-17T23:59:59.999999999(LocalDateTime)
2026-01-17 01:03:50.314 [http-nio-8080-exec-2] DEBUG com.sky.mapper.OrderMapper.pageQuery_mpCount - ==> Parameters: 2(Integer)
2026-01-17 01:03:50.340 [http-nio-8080-exec-1] DEBUG com.sky.mapper.OrderMapper.selectObjs - <==      Total: 1
2026-01-17 01:03:50.341 [http-nio-8080-exec-5] DEBUG com.sky.mapper.DishMapper.selectCount - <==      Total: 1
2026-01-17 01:03:50.341 [http-nio-8080-exec-6] DEBUG com.sky.mapper.SetmealMapper.selectCount - <==      Total: 1
2026-01-17 01:03:50.341 [http-nio-8080-exec-2] DEBUG com.sky.mapper.OrderMapper.pageQuery_mpCount - <==      Total: 1
2026-01-17 01:03:50.343 [http-nio-8080-exec-6] DEBUG com.sky.mapper.SetmealMapper.selectCount - ==>  Preparing: SELECT COUNT( * ) AS total FROM setmeal WHERE deleted=0 AND (status = ?)
2026-01-17 01:03:50.343 [http-nio-8080-exec-5] DEBUG com.sky.mapper.DishMapper.selectCount - ==>  Preparing: SELECT COUNT( * ) AS total FROM dish WHERE deleted=0 AND (status = ?)
2026-01-17 01:03:50.344 [http-nio-8080-exec-6] DEBUG com.sky.mapper.SetmealMapper.selectCount - ==> Parameters: 0(Integer)
2026-01-17 01:03:50.344 [http-nio-8080-exec-5] DEBUG com.sky.mapper.DishMapper.selectCount - ==> Parameters: 0(Integer)
2026-01-17 01:03:50.345 [http-nio-8080-exec-1] DEBUG com.sky.mapper.OrderMapper.selectCount - ==>  Preparing: SELECT COUNT( * ) AS total FROM orders WHERE (status = ? AND order_time BETWEEN ? AND ?)
2026-01-17 01:03:50.346 [http-nio-8080-exec-1] DEBUG com.sky.mapper.OrderMapper.selectCount - ==> Parameters: 5(Integer), 2026-01-17T00:00(LocalDateTime), 2026-01-17T23:59:59.999999999(LocalDateTime)
2026-01-17 01:03:50.346 [http-nio-8080-exec-6] DEBUG com.sky.mapper.SetmealMapper.selectCount - <==      Total: 1
2026-01-17 01:03:50.346 [http-nio-8080-exec-5] DEBUG com.sky.mapper.DishMapper.selectCount - <==      Total: 1
2026-01-17 01:03:50.347 [http-nio-8080-exec-6] INFO  com.sky.controller.admin.WorkspaceController - 套餐总览：起售5，停售0
2026-01-17 01:03:50.347 [http-nio-8080-exec-5] INFO  com.sky.controller.admin.WorkspaceController - 菜品总览：起售26，停售0
2026-01-17 01:03:50.347 [http-nio-8080-exec-1] DEBUG com.sky.mapper.OrderMapper.selectCount - <==      Total: 1
2026-01-17 01:03:50.348 [http-nio-8080-exec-1] DEBUG com.sky.mapper.OrderMapper.selectCount - ==>  Preparing: SELECT COUNT( * ) AS total FROM orders WHERE (order_time BETWEEN ? AND ?)
2026-01-17 01:03:50.348 [http-nio-8080-exec-1] DEBUG com.sky.mapper.OrderMapper.selectCount - ==> Parameters: 2026-01-17T00:00(LocalDateTime), 2026-01-17T23:59:59.999999999(LocalDateTime)
2026-01-17 01:03:50.349 [http-nio-8080-exec-1] DEBUG com.sky.mapper.OrderMapper.selectCount - <==      Total: 1
2026-01-17 01:03:50.351 [http-nio-8080-exec-1] DEBUG com.sky.mapper.UserMapper.selectCount - ==>  Preparing: SELECT COUNT( * ) AS total FROM user WHERE (create_time BETWEEN ? AND ?)
2026-01-17 01:03:50.351 [http-nio-8080-exec-1] DEBUG com.sky.mapper.UserMapper.selectCount - ==> Parameters: 2026-01-17T00:00(LocalDateTime), 2026-01-17T23:59:59.999999999(LocalDateTime)
2026-01-17 01:03:50.352 [http-nio-8080-exec-1] DEBUG com.sky.mapper.UserMapper.selectCount - <==      Total: 1
2026-01-17 01:03:50.352 [http-nio-8080-exec-1] INFO  com.sky.controller.admin.WorkspaceController - 查询今日运营数据：BusinessDataVO(turnover=296.0, validOrderCount=5, orderCompletionRate=0.8333333333333334, unitPrice=59.2, newUsers=0)
2026-01-17 01:03:50.363 [http-nio-8080-exec-8] INFO  com.sky.interceptor.JwtTokenInterceptor - jwt校验: eyJhbGciOiJIUzI1NiJ9.eyJlbXBJZCI6MSwiZXhwIjoxNzY5MzAwOTMyfQ.p5cPmVx_L3f_RQdfhzpCdIZGsB1J19gO3QIzIgArcYo
2026-01-17 01:03:50.364 [http-nio-8080-exec-8] INFO  com.sky.interceptor.JwtTokenAdminInterceptor - id=1的员工登入苍穹外卖管理端

2026-01-17 01:03:50.365 [http-nio-8080-exec-8] INFO  com.sky.controller.admin.OrderController - 统计各个状态的订单数量
2026-01-17 01:03:50.366 [http-nio-8080-exec-8] DEBUG com.sky.mapper.OrderMapper.selectCount - ==>  Preparing: SELECT COUNT( * ) AS total FROM orders WHERE (status = ?)
2026-01-17 01:03:50.366 [http-nio-8080-exec-8] DEBUG com.sky.mapper.OrderMapper.selectCount - ==> Parameters: 2(Integer)
2026-01-17 01:03:50.367 [http-nio-8080-exec-8] DEBUG com.sky.mapper.OrderMapper.selectCount - <==      Total: 1
2026-01-17 01:03:50.368 [http-nio-8080-exec-8] DEBUG com.sky.mapper.OrderMapper.selectCount - ==>  Preparing: SELECT COUNT( * ) AS total FROM orders WHERE (status = ?)
2026-01-17 01:03:50.368 [http-nio-8080-exec-8] DEBUG com.sky.mapper.OrderMapper.selectCount - ==> Parameters: 3(Integer)
2026-01-17 01:03:50.369 [http-nio-8080-exec-8] DEBUG com.sky.mapper.OrderMapper.selectCount - <==      Total: 1
2026-01-17 01:03:50.370 [http-nio-8080-exec-8] DEBUG com.sky.mapper.OrderMapper.selectCount - ==>  Preparing: SELECT COUNT( * ) AS total FROM orders WHERE (status = ?)
2026-01-17 01:03:50.370 [http-nio-8080-exec-8] DEBUG com.sky.mapper.OrderMapper.selectCount - ==> Parameters: 4(Integer)
2026-01-17 01:03:50.371 [http-nio-8080-exec-8] DEBUG com.sky.mapper.OrderMapper.selectCount - <==      Total: 1
2026-01-17 01:03:50.461 [http-nio-8080-exec-4] INFO  com.sky.controller.admin.ShopController - 管理端获取店铺营业状态为：营业中
2026-01-17 01:03:52.908 [http-nio-8080-exec-10] INFO  com.sky.interceptor.JwtTokenInterceptor - jwt校验: eyJhbGciOiJIUzI1NiJ9.eyJlbXBJZCI6MSwiZXhwIjoxNzY5MzAwOTMyfQ.p5cPmVx_L3f_RQdfhzpCdIZGsB1J19gO3QIzIgArcYo
2026-01-17 01:03:52.908 [http-nio-8080-exec-9] INFO  com.sky.interceptor.JwtTokenInterceptor - jwt校验: eyJhbGciOiJIUzI1NiJ9.eyJlbXBJZCI6MSwiZXhwIjoxNzY5MzAwOTMyfQ.p5cPmVx_L3f_RQdfhzpCdIZGsB1J19gO3QIzIgArcYo
2026-01-17 01:03:52.909 [http-nio-8080-exec-9] INFO  com.sky.interceptor.JwtTokenAdminInterceptor - id=1的员工登入苍穹外卖管理端

2026-01-17 01:03:52.909 [http-nio-8080-exec-10] INFO  com.sky.interceptor.JwtTokenAdminInterceptor - id=1的员工登入苍穹外卖管理端

2026-01-17 01:03:52.909 [http-nio-8080-exec-10] INFO  com.sky.controller.admin.CategoryController - 查询已启用的菜品分类
2026-01-17 01:03:52.913 [http-nio-8080-exec-9] INFO  com.sky.controller.admin.DishController - 菜品分页查询，参数为：DishPageQueryDTO(page=1, pageSize=10, name=null, categoryId=null, status=null)

2026-01-17 01:03:52.915 [http-nio-8080-exec-10] DEBUG com.sky.mapper.CategoryMapper.selectList - ==>  Preparing: SELECT id,type,name,sort,status,create_time,create_user,update_time,update_user,deleted FROM category WHERE deleted=0 AND (type = ? AND status = ?) ORDER BY sort ASC
2026-01-17 01:03:52.915 [http-nio-8080-exec-10] DEBUG com.sky.mapper.CategoryMapper.selectList - ==> Parameters: 1(Integer), 1(Integer)
2026-01-17 01:03:52.919 [http-nio-8080-exec-9] DEBUG com.sky.mapper.DishMapper.pageQuery_mpCount - ==>  Preparing: SELECT COUNT(*) AS total FROM dish d WHERE d.deleted = 0
2026-01-17 01:03:52.920 [http-nio-8080-exec-9] DEBUG com.sky.mapper.DishMapper.pageQuery_mpCount - ==> Parameters: 
2026-01-17 01:03:52.920 [http-nio-8080-exec-9] DEBUG com.sky.mapper.DishMapper.pageQuery_mpCount - <==      Total: 1
2026-01-17 01:03:52.921 [http-nio-8080-exec-10] DEBUG com.sky.mapper.CategoryMapper.selectList - <==      Total: 8
2026-01-17 01:03:52.923 [http-nio-8080-exec-9] DEBUG com.sky.mapper.DishMapper.pageQuery - ==>  Preparing: select d.*,c.name as categoryName from dish d left join category c on d.category_id = c.id WHERE d.deleted=0 order by d.create_time desc LIMIT ?
2026-01-17 01:03:52.924 [http-nio-8080-exec-9] DEBUG com.sky.mapper.DishMapper.pageQuery - ==> Parameters: 10(Long)
2026-01-17 01:03:52.928 [http-nio-8080-exec-9] DEBUG com.sky.mapper.DishMapper.pageQuery - <==      Total: 10
2026-01-17 01:03:58.823 [http-nio-8080-exec-7] INFO  com.sky.interceptor.JwtTokenInterceptor - jwt校验: eyJhbGciOiJIUzI1NiJ9.eyJlbXBJZCI6MSwiZXhwIjoxNzY5MzAwOTMyfQ.p5cPmVx_L3f_RQdfhzpCdIZGsB1J19gO3QIzIgArcYo
2026-01-17 01:03:58.824 [http-nio-8080-exec-7] INFO  com.sky.interceptor.JwtTokenAdminInterceptor - id=1的员工登入苍穹外卖管理端

2026-01-17 01:03:58.824 [http-nio-8080-exec-7] INFO  com.sky.controller.admin.DishController - 菜品分页查询，参数为：DishPageQueryDTO(page=2, pageSize=10, name=null, categoryId=null, status=null)

2026-01-17 01:03:58.827 [http-nio-8080-exec-7] DEBUG com.sky.mapper.DishMapper.pageQuery_mpCount - ==>  Preparing: SELECT COUNT(*) AS total FROM dish d WHERE d.deleted = 0
2026-01-17 01:03:58.827 [http-nio-8080-exec-7] DEBUG com.sky.mapper.DishMapper.pageQuery_mpCount - ==> Parameters: 
2026-01-17 01:03:58.829 [http-nio-8080-exec-7] DEBUG com.sky.mapper.DishMapper.pageQuery_mpCount - <==      Total: 1
2026-01-17 01:03:58.831 [http-nio-8080-exec-7] DEBUG com.sky.mapper.DishMapper.pageQuery - ==>  Preparing: select d.*,c.name as categoryName from dish d left join category c on d.category_id = c.id WHERE d.deleted=0 order by d.create_time desc LIMIT ?,?
2026-01-17 01:03:58.831 [http-nio-8080-exec-7] DEBUG com.sky.mapper.DishMapper.pageQuery - ==> Parameters: 10(Long), 10(Long)
2026-01-17 01:03:58.835 [http-nio-8080-exec-7] DEBUG com.sky.mapper.DishMapper.pageQuery - <==      Total: 10
2026-01-17 01:04:00.012 [scheduling-1] INFO  com.sky.task.OrderTask - 每分钟定时处理超时未付款的订单：2026-01-17T01:04:00.012965300
2026-01-17 01:04:00.015 [scheduling-1] DEBUG com.sky.mapper.OrderMapper.selectList - ==>  Preparing: SELECT id,number,status,user_id,address_book_id,order_time,checkout_time,pay_method,pay_status,amount,remark,user_name,phone,address,consignee,cancel_reason,rejection_reason,cancel_time,estimated_delivery_time,delivery_status,delivery_time,pack_amount,tableware_number,tableware_status FROM orders WHERE (status = ? AND order_time < ?)
2026-01-17 01:04:00.016 [scheduling-1] DEBUG com.sky.mapper.OrderMapper.selectList - ==> Parameters: 1(Integer), 2026-01-17T01:01:00.014132600(LocalDateTime)
2026-01-17 01:04:00.018 [scheduling-1] DEBUG com.sky.mapper.OrderMapper.selectList - <==      Total: 0
2026-01-17 01:04:09.039 [http-nio-8080-exec-3] INFO  com.sky.interceptor.JwtTokenInterceptor - jwt校验: eyJhbGciOiJIUzI1NiJ9.eyJlbXBJZCI6MSwiZXhwIjoxNzY5MzAwOTMyfQ.p5cPmVx_L3f_RQdfhzpCdIZGsB1J19gO3QIzIgArcYo
2026-01-17 01:04:09.040 [http-nio-8080-exec-3] INFO  com.sky.interceptor.JwtTokenAdminInterceptor - id=1的员工登入苍穹外卖管理端

2026-01-17 01:04:09.041 [http-nio-8080-exec-3] INFO  com.sky.controller.admin.DishController - 菜品分页查询，参数为：DishPageQueryDTO(page=3, pageSize=10, name=null, categoryId=null, status=null)

2026-01-17 01:04:09.043 [http-nio-8080-exec-3] DEBUG com.sky.mapper.DishMapper.pageQuery_mpCount - ==>  Preparing: SELECT COUNT(*) AS total FROM dish d WHERE d.deleted = 0
2026-01-17 01:04:09.043 [http-nio-8080-exec-3] DEBUG com.sky.mapper.DishMapper.pageQuery_mpCount - ==> Parameters: 
2026-01-17 01:04:09.044 [http-nio-8080-exec-3] DEBUG com.sky.mapper.DishMapper.pageQuery_mpCount - <==      Total: 1
2026-01-17 01:04:09.045 [http-nio-8080-exec-3] DEBUG com.sky.mapper.DishMapper.pageQuery - ==>  Preparing: select d.*,c.name as categoryName from dish d left join category c on d.category_id = c.id WHERE d.deleted=0 order by d.create_time desc LIMIT ?,?
2026-01-17 01:04:09.045 [http-nio-8080-exec-3] DEBUG com.sky.mapper.DishMapper.pageQuery - ==> Parameters: 20(Long), 10(Long)
2026-01-17 01:04:09.047 [http-nio-8080-exec-3] DEBUG com.sky.mapper.DishMapper.pageQuery - <==      Total: 6
2026-01-17 01:04:14.888 [http-nio-8080-exec-5] INFO  com.sky.interceptor.JwtTokenInterceptor - jwt校验: eyJhbGciOiJIUzI1NiJ9.eyJlbXBJZCI6MSwiZXhwIjoxNzY5MzAwOTMyfQ.p5cPmVx_L3f_RQdfhzpCdIZGsB1J19gO3QIzIgArcYo
2026-01-17 01:04:14.889 [http-nio-8080-exec-5] INFO  com.sky.interceptor.JwtTokenAdminInterceptor - id=1的员工登入苍穹外卖管理端

2026-01-17 01:04:14.890 [http-nio-8080-exec-5] INFO  com.sky.controller.admin.DishController - 准备停售id=52的菜品
2026-01-17 01:04:14.897 [http-nio-8080-exec-5] INFO  com.sky.aspect.AutoFillAspect - 开始对公共字段进行自动填充...
2026-01-17 01:04:14.900 [http-nio-8080-exec-5] DEBUG com.sky.mapper.DishMapper.update - ==>  Preparing: update dish SET status = ?, update_time = ?, update_user = ? where id = ?
2026-01-17 01:04:14.901 [http-nio-8080-exec-5] DEBUG com.sky.mapper.DishMapper.update - ==> Parameters: 0(Integer), 2026-01-17T01:04:14.898576700(LocalDateTime), 1(Long), 52(Long)
2026-01-17 01:04:14.906 [http-nio-8080-exec-5] DEBUG com.sky.mapper.DishMapper.update - <==    Updates: 1
2026-01-17 01:04:14.907 [http-nio-8080-exec-5] DEBUG com.sky.mapper.DishMapper.selectById - ==>  Preparing: SELECT id,name,category_id,price,image,description,status,create_time,create_user,update_time,update_user,deleted FROM dish WHERE id=? AND deleted=0
2026-01-17 01:04:14.907 [http-nio-8080-exec-5] DEBUG com.sky.mapper.DishMapper.selectById - ==> Parameters: 52(Long)
2026-01-17 01:04:14.908 [http-nio-8080-exec-5] DEBUG com.sky.mapper.DishMapper.selectById - <==      Total: 1
2026-01-17 01:04:14.942 [http-nio-8080-exec-6] INFO  com.sky.interceptor.JwtTokenInterceptor - jwt校验: eyJhbGciOiJIUzI1NiJ9.eyJlbXBJZCI6MSwiZXhwIjoxNzY5MzAwOTMyfQ.p5cPmVx_L3f_RQdfhzpCdIZGsB1J19gO3QIzIgArcYo
2026-01-17 01:04:14.943 [http-nio-8080-exec-6] INFO  com.sky.interceptor.JwtTokenAdminInterceptor - id=1的员工登入苍穹外卖管理端

2026-01-17 01:04:14.943 [http-nio-8080-exec-6] INFO  com.sky.controller.admin.DishController - 菜品分页查询，参数为：DishPageQueryDTO(page=3, pageSize=10, name=null, categoryId=null, status=null)

2026-01-17 01:04:14.945 [http-nio-8080-exec-6] DEBUG com.sky.mapper.DishMapper.pageQuery_mpCount - ==>  Preparing: SELECT COUNT(*) AS total FROM dish d WHERE d.deleted = 0
2026-01-17 01:04:14.945 [http-nio-8080-exec-6] DEBUG com.sky.mapper.DishMapper.pageQuery_mpCount - ==> Parameters: 
2026-01-17 01:04:14.946 [http-nio-8080-exec-6] DEBUG com.sky.mapper.DishMapper.pageQuery_mpCount - <==      Total: 1
2026-01-17 01:04:14.946 [http-nio-8080-exec-6] DEBUG com.sky.mapper.DishMapper.pageQuery - ==>  Preparing: select d.*,c.name as categoryName from dish d left join category c on d.category_id = c.id WHERE d.deleted=0 order by d.create_time desc LIMIT ?,?
2026-01-17 01:04:14.946 [http-nio-8080-exec-6] DEBUG com.sky.mapper.DishMapper.pageQuery - ==> Parameters: 20(Long), 10(Long)
2026-01-17 01:04:14.948 [http-nio-8080-exec-6] DEBUG com.sky.mapper.DishMapper.pageQuery - <==      Total: 6
2026-01-17 01:04:16.971 [http-nio-8080-exec-2] INFO  com.sky.interceptor.JwtTokenInterceptor - jwt校验: eyJhbGciOiJIUzI1NiJ9.eyJlbXBJZCI6MSwiZXhwIjoxNzY5MzAwOTMyfQ.p5cPmVx_L3f_RQdfhzpCdIZGsB1J19gO3QIzIgArcYo
2026-01-17 01:04:16.971 [http-nio-8080-exec-1] INFO  com.sky.interceptor.JwtTokenInterceptor - jwt校验: eyJhbGciOiJIUzI1NiJ9.eyJlbXBJZCI6MSwiZXhwIjoxNzY5MzAwOTMyfQ.p5cPmVx_L3f_RQdfhzpCdIZGsB1J19gO3QIzIgArcYo
2026-01-17 01:04:16.972 [http-nio-8080-exec-2] INFO  com.sky.interceptor.JwtTokenAdminInterceptor - id=1的员工登入苍穹外卖管理端

2026-01-17 01:04:16.972 [http-nio-8080-exec-1] INFO  com.sky.interceptor.JwtTokenAdminInterceptor - id=1的员工登入苍穹外卖管理端

2026-01-17 01:04:16.972 [http-nio-8080-exec-1] INFO  com.sky.controller.admin.CategoryController - 查询已启用的套餐分类
2026-01-17 01:04:16.972 [http-nio-8080-exec-1] DEBUG com.sky.mapper.CategoryMapper.selectList - ==>  Preparing: SELECT id,type,name,sort,status,create_time,create_user,update_time,update_user,deleted FROM category WHERE deleted=0 AND (type = ? AND status = ?) ORDER BY sort ASC
2026-01-17 01:04:16.974 [http-nio-8080-exec-1] DEBUG com.sky.mapper.CategoryMapper.selectList - ==> Parameters: 2(Integer), 1(Integer)
2026-01-17 01:04:16.975 [http-nio-8080-exec-1] DEBUG com.sky.mapper.CategoryMapper.selectList - <==      Total: 3
2026-01-17 01:04:16.977 [http-nio-8080-exec-2] INFO  com.sky.controller.admin.SetmealController - 套餐分页查询，参数为：SetmealPageQueryDTO(page=1, pageSize=10, name=null, categoryId=null, status=null)

2026-01-17 01:04:16.980 [http-nio-8080-exec-2] DEBUG com.sky.mapper.SetmealMapper.pageQuery_mpCount - ==>  Preparing: SELECT COUNT(*) AS total FROM setmeal s WHERE s.deleted = 0
2026-01-17 01:04:16.980 [http-nio-8080-exec-2] DEBUG com.sky.mapper.SetmealMapper.pageQuery_mpCount - ==> Parameters: 
2026-01-17 01:04:16.981 [http-nio-8080-exec-2] DEBUG com.sky.mapper.SetmealMapper.pageQuery_mpCount - <==      Total: 1
2026-01-17 01:04:16.981 [http-nio-8080-exec-2] DEBUG com.sky.mapper.SetmealMapper.pageQuery - ==>  Preparing: select s.*, c.name as categoryName from setmeal s left join category c on s.category_id = c.id WHERE s.deleted = 0 order by s.create_time desc LIMIT ?
2026-01-17 01:04:16.982 [http-nio-8080-exec-2] DEBUG com.sky.mapper.SetmealMapper.pageQuery - ==> Parameters: 10(Long)
2026-01-17 01:04:16.983 [http-nio-8080-exec-2] DEBUG com.sky.mapper.SetmealMapper.pageQuery - <==      Total: 5
2026-01-17 01:04:21.128 [http-nio-8080-exec-8] INFO  com.sky.interceptor.JwtTokenInterceptor - jwt校验: eyJhbGciOiJIUzI1NiJ9.eyJlbXBJZCI6MSwiZXhwIjoxNzY5MzAwOTMyfQ.p5cPmVx_L3f_RQdfhzpCdIZGsB1J19gO3QIzIgArcYo
2026-01-17 01:04:21.128 [http-nio-8080-exec-8] INFO  com.sky.interceptor.JwtTokenAdminInterceptor - id=1的员工登入苍穹外卖管理端

2026-01-17 01:04:21.132 [http-nio-8080-exec-8] INFO  com.sky.controller.admin.SetmealController - 准备停售id=34的套餐
2026-01-17 01:04:21.134 [http-nio-8080-exec-8] DEBUG com.sky.mapper.SetmealDishMapper.selectList - ==>  Preparing: SELECT id,setmeal_id,dish_id,name,price,copies FROM setmeal_dish WHERE (setmeal_id = ?) ORDER BY price DESC
2026-01-17 01:04:21.135 [http-nio-8080-exec-8] DEBUG com.sky.mapper.SetmealDishMapper.selectList - ==> Parameters: 34(Long)
2026-01-17 01:04:21.194 [http-nio-8080-exec-8] DEBUG com.sky.mapper.SetmealDishMapper.selectList - <==      Total: 2
2026-01-17 01:04:21.195 [http-nio-8080-exec-8] INFO  com.sky.aspect.AutoFillAspect - 开始对公共字段进行自动填充...
2026-01-17 01:04:21.196 [http-nio-8080-exec-8] DEBUG com.sky.mapper.SetmealMapper.update - ==>  Preparing: update setmeal SET status = ?, update_time = ?, update_user = ? where id = ?
2026-01-17 01:04:21.196 [http-nio-8080-exec-8] DEBUG com.sky.mapper.SetmealMapper.update - ==> Parameters: 0(Integer), 2026-01-17T01:04:21.195749500(LocalDateTime), 1(Long), 34(Long)
2026-01-17 01:04:21.199 [http-nio-8080-exec-8] DEBUG com.sky.mapper.SetmealMapper.update - <==    Updates: 1
2026-01-17 01:04:21.213 [http-nio-8080-exec-4] INFO  com.sky.interceptor.JwtTokenInterceptor - jwt校验: eyJhbGciOiJIUzI1NiJ9.eyJlbXBJZCI6MSwiZXhwIjoxNzY5MzAwOTMyfQ.p5cPmVx_L3f_RQdfhzpCdIZGsB1J19gO3QIzIgArcYo
2026-01-17 01:04:21.214 [http-nio-8080-exec-4] INFO  com.sky.interceptor.JwtTokenAdminInterceptor - id=1的员工登入苍穹外卖管理端

2026-01-17 01:04:21.214 [http-nio-8080-exec-4] INFO  com.sky.controller.admin.SetmealController - 套餐分页查询，参数为：SetmealPageQueryDTO(page=1, pageSize=10, name=null, categoryId=null, status=null)

2026-01-17 01:04:21.216 [http-nio-8080-exec-4] DEBUG com.sky.mapper.SetmealMapper.pageQuery_mpCount - ==>  Preparing: SELECT COUNT(*) AS total FROM setmeal s WHERE s.deleted = 0
2026-01-17 01:04:21.216 [http-nio-8080-exec-4] DEBUG com.sky.mapper.SetmealMapper.pageQuery_mpCount - ==> Parameters: 
2026-01-17 01:04:21.217 [http-nio-8080-exec-4] DEBUG com.sky.mapper.SetmealMapper.pageQuery_mpCount - <==      Total: 1
2026-01-17 01:04:21.217 [http-nio-8080-exec-4] DEBUG com.sky.mapper.SetmealMapper.pageQuery - ==>  Preparing: select s.*, c.name as categoryName from setmeal s left join category c on s.category_id = c.id WHERE s.deleted = 0 order by s.create_time desc LIMIT ?
2026-01-17 01:04:21.217 [http-nio-8080-exec-4] DEBUG com.sky.mapper.SetmealMapper.pageQuery - ==> Parameters: 10(Long)
2026-01-17 01:04:21.219 [http-nio-8080-exec-4] DEBUG com.sky.mapper.SetmealMapper.pageQuery - <==      Total: 5
2026-01-17 01:04:23.337 [http-nio-8080-exec-9] INFO  com.sky.interceptor.JwtTokenInterceptor - jwt校验: eyJhbGciOiJIUzI1NiJ9.eyJlbXBJZCI6MSwiZXhwIjoxNzY5MzAwOTMyfQ.p5cPmVx_L3f_RQdfhzpCdIZGsB1J19gO3QIzIgArcYo
2026-01-17 01:04:23.337 [http-nio-8080-exec-10] INFO  com.sky.interceptor.JwtTokenInterceptor - jwt校验: eyJhbGciOiJIUzI1NiJ9.eyJlbXBJZCI6MSwiZXhwIjoxNzY5MzAwOTMyfQ.p5cPmVx_L3f_RQdfhzpCdIZGsB1J19gO3QIzIgArcYo
2026-01-17 01:04:23.338 [http-nio-8080-exec-9] INFO  com.sky.interceptor.JwtTokenAdminInterceptor - id=1的员工登入苍穹外卖管理端

2026-01-17 01:04:23.338 [http-nio-8080-exec-10] INFO  com.sky.interceptor.JwtTokenAdminInterceptor - id=1的员工登入苍穹外卖管理端

2026-01-17 01:04:23.338 [http-nio-8080-exec-10] INFO  com.sky.controller.admin.OrderController - 订单分页查询，参数为：OrderPageQueryDTO(page=1, pageSize=10, number=null, phone=null, status=2, beginTime=null, endTime=null, userId=null)

2026-01-17 01:04:23.339 [http-nio-8080-exec-3] INFO  com.sky.interceptor.JwtTokenInterceptor - jwt校验: eyJhbGciOiJIUzI1NiJ9.eyJlbXBJZCI6MSwiZXhwIjoxNzY5MzAwOTMyfQ.p5cPmVx_L3f_RQdfhzpCdIZGsB1J19gO3QIzIgArcYo
2026-01-17 01:04:23.339 [http-nio-8080-exec-5] INFO  com.sky.interceptor.JwtTokenInterceptor - jwt校验: eyJhbGciOiJIUzI1NiJ9.eyJlbXBJZCI6MSwiZXhwIjoxNzY5MzAwOTMyfQ.p5cPmVx_L3f_RQdfhzpCdIZGsB1J19gO3QIzIgArcYo
2026-01-17 01:04:23.339 [http-nio-8080-exec-7] WARN  org.springframework.web.servlet.PageNotFound - No mapping for GET /admin/workspace/overviewOrders
2026-01-17 01:04:23.339 [http-nio-8080-exec-5] INFO  com.sky.interceptor.JwtTokenAdminInterceptor - id=1的员工登入苍穹外卖管理端

2026-01-17 01:04:23.339 [http-nio-8080-exec-3] INFO  com.sky.interceptor.JwtTokenAdminInterceptor - id=1的员工登入苍穹外卖管理端

2026-01-17 01:04:23.340 [http-nio-8080-exec-9] DEBUG com.sky.mapper.OrderMapper.selectObjs - ==>  Preparing: SELECT sum(amount) as turnover FROM orders WHERE (status = ? AND delivery_time BETWEEN ? AND ?)
2026-01-17 01:04:23.340 [http-nio-8080-exec-5] DEBUG com.sky.mapper.SetmealMapper.selectCount - ==>  Preparing: SELECT COUNT( * ) AS total FROM setmeal WHERE deleted=0 AND (status = ?)
2026-01-17 01:04:23.340 [http-nio-8080-exec-10] DEBUG com.sky.mapper.OrderMapper.pageQuery_mpCount - ==>  Preparing: SELECT COUNT(*) AS total FROM orders WHERE status = ?
2026-01-17 01:04:23.340 [http-nio-8080-exec-3] DEBUG com.sky.mapper.DishMapper.selectCount - ==>  Preparing: SELECT COUNT( * ) AS total FROM dish WHERE deleted=0 AND (status = ?)
2026-01-17 01:04:23.340 [http-nio-8080-exec-5] DEBUG com.sky.mapper.SetmealMapper.selectCount - ==> Parameters: 1(Integer)
2026-01-17 01:04:23.340 [http-nio-8080-exec-9] DEBUG com.sky.mapper.OrderMapper.selectObjs - ==> Parameters: 5(Integer), 2026-01-17T00:00(LocalDateTime), 2026-01-17T23:59:59.999999999(LocalDateTime)
2026-01-17 01:04:23.340 [http-nio-8080-exec-10] DEBUG com.sky.mapper.OrderMapper.pageQuery_mpCount - ==> Parameters: 2(Integer)
2026-01-17 01:04:23.340 [http-nio-8080-exec-3] DEBUG com.sky.mapper.DishMapper.selectCount - ==> Parameters: 1(Integer)
2026-01-17 01:04:23.341 [http-nio-8080-exec-10] DEBUG com.sky.mapper.OrderMapper.pageQuery_mpCount - <==      Total: 1
2026-01-17 01:04:23.341 [http-nio-8080-exec-3] DEBUG com.sky.mapper.DishMapper.selectCount - <==      Total: 1
2026-01-17 01:04:23.341 [http-nio-8080-exec-5] DEBUG com.sky.mapper.SetmealMapper.selectCount - <==      Total: 1
2026-01-17 01:04:23.341 [http-nio-8080-exec-9] DEBUG com.sky.mapper.OrderMapper.selectObjs - <==      Total: 1
2026-01-17 01:04:23.343 [http-nio-8080-exec-9] DEBUG com.sky.mapper.OrderMapper.selectCount - ==>  Preparing: SELECT COUNT( * ) AS total FROM orders WHERE (status = ? AND order_time BETWEEN ? AND ?)
2026-01-17 01:04:23.343 [http-nio-8080-exec-3] DEBUG com.sky.mapper.DishMapper.selectCount - ==>  Preparing: SELECT COUNT( * ) AS total FROM dish WHERE deleted=0 AND (status = ?)
2026-01-17 01:04:23.343 [http-nio-8080-exec-5] DEBUG com.sky.mapper.SetmealMapper.selectCount - ==>  Preparing: SELECT COUNT( * ) AS total FROM setmeal WHERE deleted=0 AND (status = ?)
2026-01-17 01:04:23.343 [http-nio-8080-exec-3] DEBUG com.sky.mapper.DishMapper.selectCount - ==> Parameters: 0(Integer)
2026-01-17 01:04:23.343 [http-nio-8080-exec-5] DEBUG com.sky.mapper.SetmealMapper.selectCount - ==> Parameters: 0(Integer)
2026-01-17 01:04:23.343 [http-nio-8080-exec-9] DEBUG com.sky.mapper.OrderMapper.selectCount - ==> Parameters: 5(Integer), 2026-01-17T00:00(LocalDateTime), 2026-01-17T23:59:59.999999999(LocalDateTime)
2026-01-17 01:04:23.344 [http-nio-8080-exec-5] DEBUG com.sky.mapper.SetmealMapper.selectCount - <==      Total: 1
2026-01-17 01:04:23.344 [http-nio-8080-exec-3] DEBUG com.sky.mapper.DishMapper.selectCount - <==      Total: 1
2026-01-17 01:04:23.344 [http-nio-8080-exec-9] DEBUG com.sky.mapper.OrderMapper.selectCount - <==      Total: 1
2026-01-17 01:04:23.344 [http-nio-8080-exec-5] INFO  com.sky.controller.admin.WorkspaceController - 套餐总览：起售4，停售1
2026-01-17 01:04:23.344 [http-nio-8080-exec-3] INFO  com.sky.controller.admin.WorkspaceController - 菜品总览：起售25，停售1
2026-01-17 01:04:23.345 [http-nio-8080-exec-9] DEBUG com.sky.mapper.OrderMapper.selectCount - ==>  Preparing: SELECT COUNT( * ) AS total FROM orders WHERE (order_time BETWEEN ? AND ?)
2026-01-17 01:04:23.345 [http-nio-8080-exec-9] DEBUG com.sky.mapper.OrderMapper.selectCount - ==> Parameters: 2026-01-17T00:00(LocalDateTime), 2026-01-17T23:59:59.999999999(LocalDateTime)
2026-01-17 01:04:23.347 [http-nio-8080-exec-9] DEBUG com.sky.mapper.OrderMapper.selectCount - <==      Total: 1
2026-01-17 01:04:23.348 [http-nio-8080-exec-9] DEBUG com.sky.mapper.UserMapper.selectCount - ==>  Preparing: SELECT COUNT( * ) AS total FROM user WHERE (create_time BETWEEN ? AND ?)
2026-01-17 01:04:23.348 [http-nio-8080-exec-9] DEBUG com.sky.mapper.UserMapper.selectCount - ==> Parameters: 2026-01-17T00:00(LocalDateTime), 2026-01-17T23:59:59.999999999(LocalDateTime)
2026-01-17 01:04:23.349 [http-nio-8080-exec-9] DEBUG com.sky.mapper.UserMapper.selectCount - <==      Total: 1
2026-01-17 01:04:23.349 [http-nio-8080-exec-9] INFO  com.sky.controller.admin.WorkspaceController - 查询今日运营数据：BusinessDataVO(turnover=296.0, validOrderCount=5, orderCompletionRate=0.8333333333333334, unitPrice=59.2, newUsers=0)
2026-01-17 01:04:23.350 [http-nio-8080-exec-6] INFO  com.sky.interceptor.JwtTokenInterceptor - jwt校验: eyJhbGciOiJIUzI1NiJ9.eyJlbXBJZCI6MSwiZXhwIjoxNzY5MzAwOTMyfQ.p5cPmVx_L3f_RQdfhzpCdIZGsB1J19gO3QIzIgArcYo
2026-01-17 01:04:23.350 [http-nio-8080-exec-6] INFO  com.sky.interceptor.JwtTokenAdminInterceptor - id=1的员工登入苍穹外卖管理端

2026-01-17 01:04:23.350 [http-nio-8080-exec-6] INFO  com.sky.controller.admin.OrderController - 统计各个状态的订单数量
2026-01-17 01:04:23.351 [http-nio-8080-exec-6] DEBUG com.sky.mapper.OrderMapper.selectCount - ==>  Preparing: SELECT COUNT( * ) AS total FROM orders WHERE (status = ?)
2026-01-17 01:04:23.351 [http-nio-8080-exec-6] DEBUG com.sky.mapper.OrderMapper.selectCount - ==> Parameters: 2(Integer)
2026-01-17 01:04:23.352 [http-nio-8080-exec-6] DEBUG com.sky.mapper.OrderMapper.selectCount - <==      Total: 1
2026-01-17 01:04:23.353 [http-nio-8080-exec-6] DEBUG com.sky.mapper.OrderMapper.selectCount - ==>  Preparing: SELECT COUNT( * ) AS total FROM orders WHERE (status = ?)
2026-01-17 01:04:23.353 [http-nio-8080-exec-6] DEBUG com.sky.mapper.OrderMapper.selectCount - ==> Parameters: 3(Integer)
2026-01-17 01:04:23.354 [http-nio-8080-exec-6] DEBUG com.sky.mapper.OrderMapper.selectCount - <==      Total: 1
2026-01-17 01:04:23.355 [http-nio-8080-exec-6] DEBUG com.sky.mapper.OrderMapper.selectCount - ==>  Preparing: SELECT COUNT( * ) AS total FROM orders WHERE (status = ?)
2026-01-17 01:04:23.355 [http-nio-8080-exec-6] DEBUG com.sky.mapper.OrderMapper.selectCount - ==> Parameters: 4(Integer)
2026-01-17 01:04:23.356 [http-nio-8080-exec-6] DEBUG com.sky.mapper.OrderMapper.selectCount - <==      Total: 1
2026-01-17 01:04:33.304 [http-nio-8080-exec-1] INFO  com.sky.interceptor.JwtTokenInterceptor - jwt校验: eyJhbGciOiJIUzI1NiJ9.eyJlbXBJZCI6MSwiZXhwIjoxNzY5MzAwOTMyfQ.p5cPmVx_L3f_RQdfhzpCdIZGsB1J19gO3QIzIgArcYo
2026-01-17 01:04:33.305 [http-nio-8080-exec-1] INFO  com.sky.interceptor.JwtTokenAdminInterceptor - id=1的员工登入苍穹外卖管理端

2026-01-17 01:04:33.306 [http-nio-8080-exec-1] INFO  com.sky.controller.admin.OrderController - 订单分页查询，参数为：OrderPageQueryDTO(page=1, pageSize=10, number=null, phone=null, status=3, beginTime=null, endTime=null, userId=null)

2026-01-17 01:04:33.308 [http-nio-8080-exec-1] DEBUG com.sky.mapper.OrderMapper.pageQuery_mpCount - ==>  Preparing: SELECT COUNT(*) AS total FROM orders WHERE status = ?
2026-01-17 01:04:33.308 [http-nio-8080-exec-1] DEBUG com.sky.mapper.OrderMapper.pageQuery_mpCount - ==> Parameters: 3(Integer)
2026-01-17 01:04:33.309 [http-nio-8080-exec-1] DEBUG com.sky.mapper.OrderMapper.pageQuery_mpCount - <==      Total: 1
2026-01-17 01:04:33.317 [http-nio-8080-exec-2] INFO  com.sky.interceptor.JwtTokenInterceptor - jwt校验: eyJhbGciOiJIUzI1NiJ9.eyJlbXBJZCI6MSwiZXhwIjoxNzY5MzAwOTMyfQ.p5cPmVx_L3f_RQdfhzpCdIZGsB1J19gO3QIzIgArcYo
2026-01-17 01:04:33.318 [http-nio-8080-exec-2] INFO  com.sky.interceptor.JwtTokenAdminInterceptor - id=1的员工登入苍穹外卖管理端

2026-01-17 01:04:33.318 [http-nio-8080-exec-2] INFO  com.sky.controller.admin.OrderController - 统计各个状态的订单数量
2026-01-17 01:04:33.319 [http-nio-8080-exec-2] DEBUG com.sky.mapper.OrderMapper.selectCount - ==>  Preparing: SELECT COUNT( * ) AS total FROM orders WHERE (status = ?)
2026-01-17 01:04:33.319 [http-nio-8080-exec-2] DEBUG com.sky.mapper.OrderMapper.selectCount - ==> Parameters: 2(Integer)
2026-01-17 01:04:33.320 [http-nio-8080-exec-2] DEBUG com.sky.mapper.OrderMapper.selectCount - <==      Total: 1
2026-01-17 01:04:33.321 [http-nio-8080-exec-2] DEBUG com.sky.mapper.OrderMapper.selectCount - ==>  Preparing: SELECT COUNT( * ) AS total FROM orders WHERE (status = ?)
2026-01-17 01:04:33.321 [http-nio-8080-exec-2] DEBUG com.sky.mapper.OrderMapper.selectCount - ==> Parameters: 3(Integer)
2026-01-17 01:04:33.321 [http-nio-8080-exec-2] DEBUG com.sky.mapper.OrderMapper.selectCount - <==      Total: 1
2026-01-17 01:04:33.322 [http-nio-8080-exec-2] DEBUG com.sky.mapper.OrderMapper.selectCount - ==>  Preparing: SELECT COUNT( * ) AS total FROM orders WHERE (status = ?)
2026-01-17 01:04:33.322 [http-nio-8080-exec-2] DEBUG com.sky.mapper.OrderMapper.selectCount - ==> Parameters: 4(Integer)
2026-01-17 01:04:33.323 [http-nio-8080-exec-2] DEBUG com.sky.mapper.OrderMapper.selectCount - <==      Total: 1
2026-01-17 01:04:33.893 [http-nio-8080-exec-8] INFO  com.sky.interceptor.JwtTokenInterceptor - jwt校验: eyJhbGciOiJIUzI1NiJ9.eyJlbXBJZCI6MSwiZXhwIjoxNzY5MzAwOTMyfQ.p5cPmVx_L3f_RQdfhzpCdIZGsB1J19gO3QIzIgArcYo
2026-01-17 01:04:33.893 [http-nio-8080-exec-8] INFO  com.sky.interceptor.JwtTokenAdminInterceptor - id=1的员工登入苍穹外卖管理端

2026-01-17 01:04:33.894 [http-nio-8080-exec-8] INFO  com.sky.controller.admin.OrderController - 订单分页查询，参数为：OrderPageQueryDTO(page=1, pageSize=10, number=null, phone=null, status=2, beginTime=null, endTime=null, userId=null)

2026-01-17 01:04:33.896 [http-nio-8080-exec-8] DEBUG com.sky.mapper.OrderMapper.pageQuery_mpCount - ==>  Preparing: SELECT COUNT(*) AS total FROM orders WHERE status = ?
2026-01-17 01:04:33.896 [http-nio-8080-exec-8] DEBUG com.sky.mapper.OrderMapper.pageQuery_mpCount - ==> Parameters: 2(Integer)
2026-01-17 01:04:33.897 [http-nio-8080-exec-8] DEBUG com.sky.mapper.OrderMapper.pageQuery_mpCount - <==      Total: 1
2026-01-17 01:04:33.923 [http-nio-8080-exec-4] INFO  com.sky.interceptor.JwtTokenInterceptor - jwt校验: eyJhbGciOiJIUzI1NiJ9.eyJlbXBJZCI6MSwiZXhwIjoxNzY5MzAwOTMyfQ.p5cPmVx_L3f_RQdfhzpCdIZGsB1J19gO3QIzIgArcYo
2026-01-17 01:04:33.924 [http-nio-8080-exec-4] INFO  com.sky.interceptor.JwtTokenAdminInterceptor - id=1的员工登入苍穹外卖管理端

2026-01-17 01:04:33.924 [http-nio-8080-exec-4] INFO  com.sky.controller.admin.OrderController - 统计各个状态的订单数量
2026-01-17 01:04:33.925 [http-nio-8080-exec-4] DEBUG com.sky.mapper.OrderMapper.selectCount - ==>  Preparing: SELECT COUNT( * ) AS total FROM orders WHERE (status = ?)
2026-01-17 01:04:33.925 [http-nio-8080-exec-4] DEBUG com.sky.mapper.OrderMapper.selectCount - ==> Parameters: 2(Integer)
2026-01-17 01:04:33.926 [http-nio-8080-exec-4] DEBUG com.sky.mapper.OrderMapper.selectCount - <==      Total: 1
2026-01-17 01:04:33.926 [http-nio-8080-exec-4] DEBUG com.sky.mapper.OrderMapper.selectCount - ==>  Preparing: SELECT COUNT( * ) AS total FROM orders WHERE (status = ?)
2026-01-17 01:04:33.927 [http-nio-8080-exec-4] DEBUG com.sky.mapper.OrderMapper.selectCount - ==> Parameters: 3(Integer)
2026-01-17 01:04:33.927 [http-nio-8080-exec-4] DEBUG com.sky.mapper.OrderMapper.selectCount - <==      Total: 1
2026-01-17 01:04:33.928 [http-nio-8080-exec-4] DEBUG com.sky.mapper.OrderMapper.selectCount - ==>  Preparing: SELECT COUNT( * ) AS total FROM orders WHERE (status = ?)
2026-01-17 01:04:33.928 [http-nio-8080-exec-4] DEBUG com.sky.mapper.OrderMapper.selectCount - ==> Parameters: 4(Integer)
2026-01-17 01:04:33.928 [http-nio-8080-exec-4] DEBUG com.sky.mapper.OrderMapper.selectCount - <==      Total: 1
2026-01-17 01:04:39.413 [SpringApplicationShutdownHook] INFO  com.sky.websocket.WebSocketServer - 客户端k9uwf9tvrd8与服务端断开连接

2026-01-17 01:04:39.551 [SpringApplicationShutdownHook] INFO  com.alibaba.druid.pool.DruidDataSource - {dataSource-1} closing ...
2026-01-17 01:04:39.556 [SpringApplicationShutdownHook] INFO  com.alibaba.druid.pool.DruidDataSource - {dataSource-1} closed
