2026-01-17 01:31:50.868 [main] INFO  com.sky.SkyApplication - Starting SkyApplication using Java 17.0.12 on Zsh with PID 19940 (D:\ZSH-ComputerScience\CangQiong\sky-take-out\sky-take-out\sky-server\target\classes started by asus in D:\ZSH-ComputerScience\CangQiong\sky-take-out\sky-take-out)
2026-01-17 01:31:50.870 [main] INFO  com.sky.SkyApplication - The following 1 profile is active: "dev"
2026-01-17 01:31:51.558 [main] INFO  o.s.d.r.config.RepositoryConfigurationDelegate - Multiple Spring Data modules found, entering strict repository configuration mode
2026-01-17 01:31:51.559 [main] INFO  o.s.d.r.config.RepositoryConfigurationDelegate - Bootstrapping Spring Data Redis repositories in DEFAULT mode.
2026-01-17 01:31:51.589 [main] INFO  o.s.d.r.config.RepositoryConfigurationDelegate - Finished Spring Data repository scanning in 17 ms. Found 0 Redis repository interfaces.
2026-01-17 01:31:52.256 [main] INFO  o.s.boot.web.embedded.tomcat.TomcatWebServer - Tomcat initialized with port(s): 8080 (http)
2026-01-17 01:31:52.257 [main] INFO  org.apache.catalina.core.AprLifecycleListener - Loaded Apache Tomcat Native library [1.3.1] using APR version [1.7.4].
2026-01-17 01:31:52.258 [main] INFO  org.apache.catalina.core.AprLifecycleListener - APR capabilities: IPv6 [true], sendfile [true], accept filters [false], random [true], UDS [true].
2026-01-17 01:31:52.258 [main] INFO  org.apache.catalina.core.AprLifecycleListener - APR/OpenSSL configuration: useAprConnector [false], useOpenSSL [true]
2026-01-17 01:31:52.261 [main] INFO  org.apache.catalina.core.AprLifecycleListener - OpenSSL successfully initialized [OpenSSL 3.0.14 4 Jun 2024]
2026-01-17 01:31:52.268 [main] INFO  org.apache.catalina.core.StandardService - Starting service [Tomcat]
2026-01-17 01:31:52.268 [main] INFO  org.apache.catalina.core.StandardEngine - Starting Servlet engine: [Apache Tomcat/9.0.65]
2026-01-17 01:31:52.366 [main] INFO  o.a.c.core.ContainerBase.[Tomcat].[localhost].[/] - Initializing Spring embedded WebApplicationContext
2026-01-17 01:31:52.366 [main] INFO  o.s.b.w.s.c.ServletWebServerApplicationContext - Root WebApplicationContext: initialization completed in 1459 ms
2026-01-17 01:31:52.428 [main] INFO  c.a.d.s.b.a.DruidDataSourceAutoConfigure - Init DruidDataSource
2026-01-17 01:31:52.532 [main] INFO  com.alibaba.druid.pool.DruidDataSource - {dataSource-1} inited
2026-01-17 01:31:52.578 [main] INFO  com.sky.config.MyBatisPlusConfig - 开始注册MyBatis-Plus的拦截器...
2026-01-17 01:31:52.689 [main] WARN  c.b.mybatisplus.core.injector.methods.Update - [com.sky.mapper.CategoryMapper.update] Has been loaded by XML or SqlProvider or Mybatis's Annotation, so ignoring this injection for [class com.baomidou.mybatisplus.core.injector.methods.Update]
2026-01-17 01:31:52.726 [main] WARN  c.b.mybatisplus.core.injector.methods.Update - [com.sky.mapper.DishMapper.update] Has been loaded by XML or SqlProvider or Mybatis's Annotation, so ignoring this injection for [class com.baomidou.mybatisplus.core.injector.methods.Update]
2026-01-17 01:31:52.747 [main] WARN  c.b.mybatisplus.core.injector.methods.Update - [com.sky.mapper.EmployeeMapper.update] Has been loaded by XML or SqlProvider or Mybatis's Annotation, so ignoring this injection for [class com.baomidou.mybatisplus.core.injector.methods.Update]
2026-01-17 01:31:52.790 [main] WARN  c.b.mybatisplus.core.injector.methods.Update - [com.sky.mapper.SetmealMapper.update] Has been loaded by XML or SqlProvider or Mybatis's Annotation, so ignoring this injection for [class com.baomidou.mybatisplus.core.injector.methods.Update]
2026-01-17 01:31:52.921 [main] INFO  com.sky.config.AliyunOssConfig - 开始创建阿里云OSS文件上传工具对象...
2026-01-17 01:31:53.064 [main] INFO  com.sky.config.RedisConfig - 开始创建Redis模板对象...
2026-01-17 01:31:53.393 [main] INFO  com.sky.config.WebMvcConfig - 开始注册自定义拦截器...
2026-01-17 01:31:53.480 [main] INFO  com.sky.config.WebMvcConfig - 准备生成管理端接口文档...
2026-01-17 01:31:53.484 [main] INFO  com.sky.config.WebMvcConfig - 准备生成用户端接口文档...
2026-01-17 01:31:53.511 [main] INFO  com.sky.config.WebMvcConfig - 扩展消息转换器...
2026-01-17 01:31:53.516 [main] INFO  com.sky.config.WebMvcConfig - 开始设置静态资源映射...
2026-01-17 01:31:53.889 [main] INFO  o.s.boot.web.embedded.tomcat.TomcatWebServer - Tomcat started on port(s): 8080 (http) with context path ''
2026-01-17 01:31:54.263 [main] INFO  com.sky.SkyApplication - Started SkyApplication in 3.753 seconds (JVM running for 4.238)
2026-01-17 01:31:54.265 [main] INFO  com.sky.SkyApplication - server starts ...
2026-01-17 01:31:58.290 [http-nio-8080-exec-1] INFO  o.a.c.core.ContainerBase.[Tomcat].[localhost].[/] - Initializing Spring DispatcherServlet 'dispatcherServlet'
2026-01-17 01:31:58.290 [http-nio-8080-exec-1] INFO  org.springframework.web.servlet.DispatcherServlet - Initializing Servlet 'dispatcherServlet'
2026-01-17 01:31:58.291 [http-nio-8080-exec-1] INFO  org.springframework.web.servlet.DispatcherServlet - Completed initialization in 1 ms
2026-01-17 01:31:58.306 [http-nio-8080-exec-1] INFO  com.sky.interceptor.JwtTokenInterceptor - jwt校验: eyJhbGciOiJIUzI1NiJ9.eyJlbXBJZCI6MSwiZXhwIjoxNzY5MzAwOTMyfQ.p5cPmVx_L3f_RQdfhzpCdIZGsB1J19gO3QIzIgArcYo
2026-01-17 01:31:58.306 [http-nio-8080-exec-2] INFO  com.sky.interceptor.JwtTokenInterceptor - jwt校验: eyJhbGciOiJIUzI1NiJ9.eyJlbXBJZCI6MSwiZXhwIjoxNzY5MzAwOTMyfQ.p5cPmVx_L3f_RQdfhzpCdIZGsB1J19gO3QIzIgArcYo
2026-01-17 01:31:58.306 [http-nio-8080-exec-4] INFO  com.sky.interceptor.JwtTokenInterceptor - jwt校验: eyJhbGciOiJIUzI1NiJ9.eyJlbXBJZCI6MSwiZXhwIjoxNzY5MzAwOTMyfQ.p5cPmVx_L3f_RQdfhzpCdIZGsB1J19gO3QIzIgArcYo
2026-01-17 01:31:58.358 [http-nio-8080-exec-1] INFO  com.sky.interceptor.JwtTokenAdminInterceptor - id=1的员工登入苍穹外卖管理端

2026-01-17 01:31:58.358 [http-nio-8080-exec-2] INFO  com.sky.interceptor.JwtTokenAdminInterceptor - id=1的员工登入苍穹外卖管理端

2026-01-17 01:31:58.358 [http-nio-8080-exec-4] INFO  com.sky.interceptor.JwtTokenAdminInterceptor - id=1的员工登入苍穹外卖管理端

2026-01-17 01:31:58.381 [http-nio-8080-exec-1] INFO  com.sky.controller.admin.OrderController - 订单分页查询，参数为：OrderPageQueryDTO(page=1, pageSize=10, number=null, phone=null, status=2, beginTime=null, endTime=null, userId=null)

2026-01-17 01:31:58.549 [http-nio-8080-exec-5] INFO  com.sky.interceptor.JwtTokenInterceptor - jwt校验: eyJhbGciOiJIUzI1NiJ9.eyJlbXBJZCI6MSwiZXhwIjoxNzY5MzAwOTMyfQ.p5cPmVx_L3f_RQdfhzpCdIZGsB1J19gO3QIzIgArcYo
2026-01-17 01:31:58.549 [http-nio-8080-exec-7] INFO  com.sky.interceptor.JwtTokenInterceptor - jwt校验: eyJhbGciOiJIUzI1NiJ9.eyJlbXBJZCI6MSwiZXhwIjoxNzY5MzAwOTMyfQ.p5cPmVx_L3f_RQdfhzpCdIZGsB1J19gO3QIzIgArcYo
2026-01-17 01:31:58.549 [http-nio-8080-exec-6] INFO  com.sky.interceptor.JwtTokenInterceptor - jwt校验: eyJhbGciOiJIUzI1NiJ9.eyJlbXBJZCI6MSwiZXhwIjoxNzY5MzAwOTMyfQ.p5cPmVx_L3f_RQdfhzpCdIZGsB1J19gO3QIzIgArcYo
2026-01-17 01:31:58.550 [http-nio-8080-exec-6] INFO  com.sky.interceptor.JwtTokenAdminInterceptor - id=1的员工登入苍穹外卖管理端

2026-01-17 01:31:58.550 [http-nio-8080-exec-7] INFO  com.sky.interceptor.JwtTokenAdminInterceptor - id=1的员工登入苍穹外卖管理端

2026-01-17 01:31:58.550 [http-nio-8080-exec-5] INFO  com.sky.interceptor.JwtTokenAdminInterceptor - id=1的员工登入苍穹外卖管理端

2026-01-17 01:31:58.592 [http-nio-8080-exec-3] INFO  com.sky.websocket.WebSocketServer - 客户端wtks5nuvyh与服务端建立连接

2026-01-17 01:31:58.598 [http-nio-8080-exec-2] DEBUG com.sky.mapper.OrderMapper.selectObjs - ==>  Preparing: SELECT sum(amount) as turnover FROM orders WHERE (status = ? AND delivery_time BETWEEN ? AND ?)
2026-01-17 01:31:58.598 [http-nio-8080-exec-6] DEBUG com.sky.mapper.OrderMapper.selectCount - ==>  Preparing: SELECT COUNT( * ) AS total FROM orders WHERE (status = ?)
2026-01-17 01:31:58.598 [http-nio-8080-exec-1] DEBUG com.sky.mapper.OrderMapper.pageQuery_mpCount - ==>  Preparing: SELECT COUNT(*) AS total FROM orders WHERE status = ?
2026-01-17 01:31:58.601 [http-nio-8080-exec-5] DEBUG com.sky.mapper.DishMapper.selectCount - ==>  Preparing: SELECT COUNT( * ) AS total FROM dish WHERE deleted=0 AND (status = ?)
2026-01-17 01:31:58.606 [http-nio-8080-exec-7] DEBUG com.sky.mapper.SetmealMapper.selectCount - ==>  Preparing: SELECT COUNT( * ) AS total FROM setmeal WHERE deleted=0 AND (status = ?)
2026-01-17 01:31:58.631 [http-nio-8080-exec-6] DEBUG com.sky.mapper.OrderMapper.selectCount - ==> Parameters: 2(Integer)
2026-01-17 01:31:58.631 [http-nio-8080-exec-5] DEBUG com.sky.mapper.DishMapper.selectCount - ==> Parameters: 1(Integer)
2026-01-17 01:31:58.631 [http-nio-8080-exec-1] DEBUG com.sky.mapper.OrderMapper.pageQuery_mpCount - ==> Parameters: 2(Integer)
2026-01-17 01:31:58.631 [http-nio-8080-exec-7] DEBUG com.sky.mapper.SetmealMapper.selectCount - ==> Parameters: 1(Integer)
2026-01-17 01:31:58.631 [http-nio-8080-exec-2] DEBUG com.sky.mapper.OrderMapper.selectObjs - ==> Parameters: 5(Integer), 2026-01-17T00:00(LocalDateTime), 2026-01-17T23:59:59.999999999(LocalDateTime)
2026-01-17 01:31:58.656 [http-nio-8080-exec-6] DEBUG com.sky.mapper.OrderMapper.selectCount - <==      Total: 1
2026-01-17 01:31:58.656 [http-nio-8080-exec-2] DEBUG com.sky.mapper.OrderMapper.selectObjs - <==      Total: 1
2026-01-17 01:31:58.656 [http-nio-8080-exec-1] DEBUG com.sky.mapper.OrderMapper.pageQuery_mpCount - <==      Total: 1
2026-01-17 01:31:58.656 [http-nio-8080-exec-7] DEBUG com.sky.mapper.SetmealMapper.selectCount - <==      Total: 1
2026-01-17 01:31:58.656 [http-nio-8080-exec-5] DEBUG com.sky.mapper.DishMapper.selectCount - <==      Total: 1
2026-01-17 01:31:58.659 [http-nio-8080-exec-6] DEBUG com.sky.mapper.OrderMapper.selectCount - ==>  Preparing: SELECT COUNT( * ) AS total FROM orders WHERE (status = ?)
2026-01-17 01:31:58.659 [http-nio-8080-exec-5] DEBUG com.sky.mapper.DishMapper.selectCount - ==>  Preparing: SELECT COUNT( * ) AS total FROM dish WHERE deleted=0 AND (status = ?)
2026-01-17 01:31:58.660 [http-nio-8080-exec-6] DEBUG com.sky.mapper.OrderMapper.selectCount - ==> Parameters: 3(Integer)
2026-01-17 01:31:58.660 [http-nio-8080-exec-7] DEBUG com.sky.mapper.SetmealMapper.selectCount - ==>  Preparing: SELECT COUNT( * ) AS total FROM setmeal WHERE deleted=0 AND (status = ?)
2026-01-17 01:31:58.660 [http-nio-8080-exec-5] DEBUG com.sky.mapper.DishMapper.selectCount - ==> Parameters: 0(Integer)
2026-01-17 01:31:58.660 [http-nio-8080-exec-7] DEBUG com.sky.mapper.SetmealMapper.selectCount - ==> Parameters: 0(Integer)
2026-01-17 01:31:58.661 [http-nio-8080-exec-6] DEBUG com.sky.mapper.OrderMapper.selectCount - <==      Total: 1
2026-01-17 01:31:58.661 [http-nio-8080-exec-2] DEBUG com.sky.mapper.OrderMapper.selectCount - ==>  Preparing: SELECT COUNT( * ) AS total FROM orders WHERE (status = ? AND order_time BETWEEN ? AND ?)
2026-01-17 01:31:58.661 [http-nio-8080-exec-5] DEBUG com.sky.mapper.DishMapper.selectCount - <==      Total: 1
2026-01-17 01:31:58.661 [http-nio-8080-exec-7] DEBUG com.sky.mapper.SetmealMapper.selectCount - <==      Total: 1
2026-01-17 01:31:58.661 [http-nio-8080-exec-2] DEBUG com.sky.mapper.OrderMapper.selectCount - ==> Parameters: 5(Integer), 2026-01-17T00:00(LocalDateTime), 2026-01-17T23:59:59.999999999(LocalDateTime)
2026-01-17 01:31:58.661 [http-nio-8080-exec-5] INFO  com.sky.controller.admin.WorkspaceController - 菜品总览：起售25，停售1
2026-01-17 01:31:58.661 [http-nio-8080-exec-7] INFO  com.sky.controller.admin.WorkspaceController - 套餐总览：起售4，停售1
2026-01-17 01:31:58.661 [http-nio-8080-exec-6] DEBUG com.sky.mapper.OrderMapper.selectCount - ==>  Preparing: SELECT COUNT( * ) AS total FROM orders WHERE (status = ?)
2026-01-17 01:31:58.663 [http-nio-8080-exec-6] DEBUG com.sky.mapper.OrderMapper.selectCount - ==> Parameters: 5(Integer)
2026-01-17 01:31:58.663 [http-nio-8080-exec-2] DEBUG com.sky.mapper.OrderMapper.selectCount - <==      Total: 1
2026-01-17 01:31:58.664 [http-nio-8080-exec-6] DEBUG com.sky.mapper.OrderMapper.selectCount - <==      Total: 1
2026-01-17 01:31:58.664 [http-nio-8080-exec-2] DEBUG com.sky.mapper.OrderMapper.selectCount - ==>  Preparing: SELECT COUNT( * ) AS total FROM orders WHERE (order_time BETWEEN ? AND ?)
2026-01-17 01:31:58.664 [http-nio-8080-exec-2] DEBUG com.sky.mapper.OrderMapper.selectCount - ==> Parameters: 2026-01-17T00:00(LocalDateTime), 2026-01-17T23:59:59.999999999(LocalDateTime)
2026-01-17 01:31:58.665 [http-nio-8080-exec-6] DEBUG com.sky.mapper.OrderMapper.selectCount - ==>  Preparing: SELECT COUNT( * ) AS total FROM orders WHERE (status = ?)
2026-01-17 01:31:58.665 [http-nio-8080-exec-6] DEBUG com.sky.mapper.OrderMapper.selectCount - ==> Parameters: 6(Integer)
2026-01-17 01:31:58.665 [http-nio-8080-exec-2] DEBUG com.sky.mapper.OrderMapper.selectCount - <==      Total: 1
2026-01-17 01:31:58.666 [http-nio-8080-exec-6] DEBUG com.sky.mapper.OrderMapper.selectCount - <==      Total: 1
2026-01-17 01:31:58.666 [http-nio-8080-exec-6] DEBUG com.sky.mapper.OrderMapper.selectCount - ==>  Preparing: SELECT COUNT( * ) AS total FROM orders
2026-01-17 01:31:58.666 [http-nio-8080-exec-6] DEBUG com.sky.mapper.OrderMapper.selectCount - ==> Parameters: 
2026-01-17 01:31:58.666 [http-nio-8080-exec-2] DEBUG com.sky.mapper.UserMapper.selectCount - ==>  Preparing: SELECT COUNT( * ) AS total FROM user WHERE (create_time BETWEEN ? AND ?)
2026-01-17 01:31:58.667 [http-nio-8080-exec-2] DEBUG com.sky.mapper.UserMapper.selectCount - ==> Parameters: 2026-01-17T00:00(LocalDateTime), 2026-01-17T23:59:59.999999999(LocalDateTime)
2026-01-17 01:31:58.668 [http-nio-8080-exec-6] DEBUG com.sky.mapper.OrderMapper.selectCount - <==      Total: 1
2026-01-17 01:31:58.668 [http-nio-8080-exec-6] INFO  com.sky.controller.admin.WorkspaceController - 查询订单管理数据：OrderOverViewVO(waitingOrders=0, deliveredOrders=0, completedOrders=23, cancelledOrders=3, allOrders=26)
2026-01-17 01:31:58.669 [http-nio-8080-exec-2] DEBUG com.sky.mapper.UserMapper.selectCount - <==      Total: 1
2026-01-17 01:31:58.669 [http-nio-8080-exec-2] INFO  com.sky.controller.admin.WorkspaceController - 查询今日运营数据：BusinessDataVO(turnover=296.0, validOrderCount=5, orderCompletionRate=0.8333333333333334, unitPrice=59.2, newUsers=0)
2026-01-17 01:31:58.699 [http-nio-8080-exec-8] INFO  com.sky.interceptor.JwtTokenInterceptor - jwt校验: eyJhbGciOiJIUzI1NiJ9.eyJlbXBJZCI6MSwiZXhwIjoxNzY5MzAwOTMyfQ.p5cPmVx_L3f_RQdfhzpCdIZGsB1J19gO3QIzIgArcYo
2026-01-17 01:31:58.700 [http-nio-8080-exec-8] INFO  com.sky.interceptor.JwtTokenAdminInterceptor - id=1的员工登入苍穹外卖管理端

2026-01-17 01:31:58.701 [http-nio-8080-exec-8] INFO  com.sky.controller.admin.OrderController - 统计各个状态的订单数量
2026-01-17 01:31:58.701 [http-nio-8080-exec-8] DEBUG com.sky.mapper.OrderMapper.selectCount - ==>  Preparing: SELECT COUNT( * ) AS total FROM orders WHERE (status = ?)
2026-01-17 01:31:58.702 [http-nio-8080-exec-8] DEBUG com.sky.mapper.OrderMapper.selectCount - ==> Parameters: 2(Integer)
2026-01-17 01:31:58.703 [http-nio-8080-exec-8] DEBUG com.sky.mapper.OrderMapper.selectCount - <==      Total: 1
2026-01-17 01:31:58.705 [http-nio-8080-exec-8] DEBUG com.sky.mapper.OrderMapper.selectCount - ==>  Preparing: SELECT COUNT( * ) AS total FROM orders WHERE (status = ?)
2026-01-17 01:31:58.706 [http-nio-8080-exec-8] DEBUG com.sky.mapper.OrderMapper.selectCount - ==> Parameters: 3(Integer)
2026-01-17 01:31:58.707 [http-nio-8080-exec-8] DEBUG com.sky.mapper.OrderMapper.selectCount - <==      Total: 1
2026-01-17 01:31:58.708 [http-nio-8080-exec-8] DEBUG com.sky.mapper.OrderMapper.selectCount - ==>  Preparing: SELECT COUNT( * ) AS total FROM orders WHERE (status = ?)
2026-01-17 01:31:58.709 [http-nio-8080-exec-8] DEBUG com.sky.mapper.OrderMapper.selectCount - ==> Parameters: 4(Integer)
2026-01-17 01:31:58.710 [http-nio-8080-exec-8] DEBUG com.sky.mapper.OrderMapper.selectCount - <==      Total: 1
2026-01-17 01:31:58.789 [http-nio-8080-exec-4] INFO  com.sky.controller.admin.ShopController - 管理端获取店铺营业状态为：营业中
2026-01-17 01:32:00.004 [scheduling-1] INFO  com.sky.task.OrderTask - 每分钟定时处理超时未付款的订单：2026-01-17T01:32:00.004703600
2026-01-17 01:32:00.008 [scheduling-1] DEBUG com.sky.mapper.OrderMapper.selectList - ==>  Preparing: SELECT id,number,status,user_id,address_book_id,order_time,checkout_time,pay_method,pay_status,amount,remark,user_name,phone,address,consignee,cancel_reason,rejection_reason,cancel_time,estimated_delivery_time,delivery_status,delivery_time,pack_amount,tableware_number,tableware_status FROM orders WHERE (status = ? AND order_time < ?)
2026-01-17 01:32:00.009 [scheduling-1] DEBUG com.sky.mapper.OrderMapper.selectList - ==> Parameters: 1(Integer), 2026-01-17T01:29:00.005590500(LocalDateTime)
2026-01-17 01:32:00.010 [scheduling-1] DEBUG com.sky.mapper.OrderMapper.selectList - <==      Total: 0
2026-01-17 01:32:01.370 [http-nio-8080-exec-3] INFO  com.sky.interceptor.JwtTokenInterceptor - jwt校验: eyJhbGciOiJIUzI1NiJ9.eyJlbXBJZCI6MSwiZXhwIjoxNzY5MzAwOTMyfQ.p5cPmVx_L3f_RQdfhzpCdIZGsB1J19gO3QIzIgArcYo
2026-01-17 01:32:01.370 [http-nio-8080-exec-10] INFO  com.sky.interceptor.JwtTokenInterceptor - jwt校验: eyJhbGciOiJIUzI1NiJ9.eyJlbXBJZCI6MSwiZXhwIjoxNzY5MzAwOTMyfQ.p5cPmVx_L3f_RQdfhzpCdIZGsB1J19gO3QIzIgArcYo
2026-01-17 01:32:01.370 [http-nio-8080-exec-9] INFO  com.sky.interceptor.JwtTokenInterceptor - jwt校验: eyJhbGciOiJIUzI1NiJ9.eyJlbXBJZCI6MSwiZXhwIjoxNzY5MzAwOTMyfQ.p5cPmVx_L3f_RQdfhzpCdIZGsB1J19gO3QIzIgArcYo
2026-01-17 01:32:01.370 [http-nio-8080-exec-6] INFO  com.sky.interceptor.JwtTokenInterceptor - jwt校验: eyJhbGciOiJIUzI1NiJ9.eyJlbXBJZCI6MSwiZXhwIjoxNzY5MzAwOTMyfQ.p5cPmVx_L3f_RQdfhzpCdIZGsB1J19gO3QIzIgArcYo
2026-01-17 01:32:01.371 [http-nio-8080-exec-3] INFO  com.sky.interceptor.JwtTokenAdminInterceptor - id=1的员工登入苍穹外卖管理端

2026-01-17 01:32:01.371 [http-nio-8080-exec-10] INFO  com.sky.interceptor.JwtTokenAdminInterceptor - id=1的员工登入苍穹外卖管理端

2026-01-17 01:32:01.371 [http-nio-8080-exec-6] INFO  com.sky.interceptor.JwtTokenAdminInterceptor - id=1的员工登入苍穹外卖管理端

2026-01-17 01:32:01.371 [http-nio-8080-exec-9] INFO  com.sky.interceptor.JwtTokenAdminInterceptor - id=1的员工登入苍穹外卖管理端

2026-01-17 01:32:01.375 [http-nio-8080-exec-9] INFO  com.sky.controller.admin.ReportController - 统计2026-01-10到2026-01-16之间的新增用户数和总用户数
2026-01-17 01:32:01.375 [http-nio-8080-exec-3] INFO  com.sky.controller.admin.ReportController - 统计2026-01-10到2026-01-16之间的订单
2026-01-17 01:32:01.375 [http-nio-8080-exec-6] INFO  com.sky.controller.admin.ReportController - 统计2026-01-10到2026-01-16之间的销量前十的商品
2026-01-17 01:32:01.375 [http-nio-8080-exec-10] INFO  com.sky.controller.admin.ReportController - 统计2026-01-10到2026-01-16之间的营业额
2026-01-17 01:32:01.375 [http-nio-8080-exec-6] DEBUG com.sky.mapper.OrderDetailMapper.getTop10Sales - ==>  Preparing: # Caution: 此处sum(od.number)的别名必须是number，否则无法封装到GoodsSalesDTO中 select od.name, sum(od.number) as number from order_detail od, orders o where od.order_id=o.id and o.status=5 and o.order_time between ? and ? group by od.name order by number desc limit 10
2026-01-17 01:32:01.375 [http-nio-8080-exec-9] DEBUG com.sky.mapper.UserMapper.selectCount - ==>  Preparing: SELECT COUNT( * ) AS total FROM user WHERE (create_time BETWEEN ? AND ?)
2026-01-17 01:32:01.375 [http-nio-8080-exec-3] DEBUG com.sky.mapper.OrderMapper.selectCount - ==>  Preparing: SELECT COUNT( * ) AS total FROM orders WHERE (status = ? AND order_time BETWEEN ? AND ?)
2026-01-17 01:32:01.375 [http-nio-8080-exec-6] DEBUG com.sky.mapper.OrderDetailMapper.getTop10Sales - ==> Parameters: 2026-01-10T00:00(LocalDateTime), 2026-01-16T23:59:59.999999999(LocalDateTime)
2026-01-17 01:32:01.376 [http-nio-8080-exec-9] DEBUG com.sky.mapper.UserMapper.selectCount - ==> Parameters: 2026-01-10T00:00(LocalDateTime), 2026-01-10T23:59:59.999999999(LocalDateTime)
2026-01-17 01:32:01.376 [http-nio-8080-exec-3] DEBUG com.sky.mapper.OrderMapper.selectCount - ==> Parameters: 5(Integer), 2026-01-10T00:00(LocalDateTime), 2026-01-10T23:59:59.999999999(LocalDateTime)
2026-01-17 01:32:01.377 [http-nio-8080-exec-3] DEBUG com.sky.mapper.OrderMapper.selectCount - <==      Total: 1
2026-01-17 01:32:01.377 [http-nio-8080-exec-9] DEBUG com.sky.mapper.UserMapper.selectCount - <==      Total: 1
2026-01-17 01:32:01.378 [http-nio-8080-exec-3] DEBUG com.sky.mapper.OrderMapper.selectCount - ==>  Preparing: SELECT COUNT( * ) AS total FROM orders WHERE (order_time BETWEEN ? AND ?)
2026-01-17 01:32:01.378 [http-nio-8080-exec-9] DEBUG com.sky.mapper.UserMapper.selectCount - ==>  Preparing: SELECT COUNT( * ) AS total FROM user WHERE (create_time <= ?)
2026-01-17 01:32:01.378 [http-nio-8080-exec-3] DEBUG com.sky.mapper.OrderMapper.selectCount - ==> Parameters: 2026-01-10T00:00(LocalDateTime), 2026-01-10T23:59:59.999999999(LocalDateTime)
2026-01-17 01:32:01.378 [http-nio-8080-exec-9] DEBUG com.sky.mapper.UserMapper.selectCount - ==> Parameters: 2026-01-10T23:59:59.999999999(LocalDateTime)
2026-01-17 01:32:01.378 [http-nio-8080-exec-3] DEBUG com.sky.mapper.OrderMapper.selectCount - <==      Total: 1
2026-01-17 01:32:01.378 [http-nio-8080-exec-9] DEBUG com.sky.mapper.UserMapper.selectCount - <==      Total: 1
2026-01-17 01:32:01.379 [http-nio-8080-exec-3] DEBUG com.sky.mapper.OrderMapper.selectCount - ==>  Preparing: SELECT COUNT( * ) AS total FROM orders WHERE (status = ? AND order_time BETWEEN ? AND ?)
2026-01-17 01:32:01.379 [http-nio-8080-exec-9] DEBUG com.sky.mapper.UserMapper.selectCount - ==>  Preparing: SELECT COUNT( * ) AS total FROM user WHERE (create_time BETWEEN ? AND ?)
2026-01-17 01:32:01.380 [http-nio-8080-exec-9] DEBUG com.sky.mapper.UserMapper.selectCount - ==> Parameters: 2026-01-11T00:00(LocalDateTime), 2026-01-11T23:59:59.999999999(LocalDateTime)
2026-01-17 01:32:01.380 [http-nio-8080-exec-6] DEBUG com.sky.mapper.OrderDetailMapper.getTop10Sales - <==      Total: 10
2026-01-17 01:32:01.380 [http-nio-8080-exec-3] DEBUG com.sky.mapper.OrderMapper.selectCount - ==> Parameters: 5(Integer), 2026-01-11T00:00(LocalDateTime), 2026-01-11T23:59:59.999999999(LocalDateTime)
2026-01-17 01:32:01.381 [http-nio-8080-exec-9] DEBUG com.sky.mapper.UserMapper.selectCount - <==      Total: 1
2026-01-17 01:32:01.381 [http-nio-8080-exec-3] DEBUG com.sky.mapper.OrderMapper.selectCount - <==      Total: 1
2026-01-17 01:32:01.382 [http-nio-8080-exec-9] DEBUG com.sky.mapper.UserMapper.selectCount - ==>  Preparing: SELECT COUNT( * ) AS total FROM user WHERE (create_time <= ?)
2026-01-17 01:32:01.382 [http-nio-8080-exec-10] DEBUG com.sky.mapper.OrderMapper.selectObjs - ==>  Preparing: SELECT sum(amount) as turnover FROM orders WHERE (status = ? AND delivery_time BETWEEN ? AND ?)
2026-01-17 01:32:01.382 [http-nio-8080-exec-3] DEBUG com.sky.mapper.OrderMapper.selectCount - ==>  Preparing: SELECT COUNT( * ) AS total FROM orders WHERE (order_time BETWEEN ? AND ?)
2026-01-17 01:32:01.382 [http-nio-8080-exec-3] DEBUG com.sky.mapper.OrderMapper.selectCount - ==> Parameters: 2026-01-11T00:00(LocalDateTime), 2026-01-11T23:59:59.999999999(LocalDateTime)
2026-01-17 01:32:01.382 [http-nio-8080-exec-10] DEBUG com.sky.mapper.OrderMapper.selectObjs - ==> Parameters: 5(Integer), 2026-01-10T00:00(LocalDateTime), 2026-01-10T23:59:59.999999999(LocalDateTime)
2026-01-17 01:32:01.382 [http-nio-8080-exec-9] DEBUG com.sky.mapper.UserMapper.selectCount - ==> Parameters: 2026-01-11T23:59:59.999999999(LocalDateTime)
2026-01-17 01:32:01.383 [http-nio-8080-exec-10] DEBUG com.sky.mapper.OrderMapper.selectObjs - <==      Total: 1
2026-01-17 01:32:01.383 [http-nio-8080-exec-9] DEBUG com.sky.mapper.UserMapper.selectCount - <==      Total: 1
2026-01-17 01:32:01.383 [http-nio-8080-exec-3] DEBUG com.sky.mapper.OrderMapper.selectCount - <==      Total: 1
2026-01-17 01:32:01.384 [http-nio-8080-exec-9] DEBUG com.sky.mapper.UserMapper.selectCount - ==>  Preparing: SELECT COUNT( * ) AS total FROM user WHERE (create_time BETWEEN ? AND ?)
2026-01-17 01:32:01.384 [http-nio-8080-exec-3] DEBUG com.sky.mapper.OrderMapper.selectCount - ==>  Preparing: SELECT COUNT( * ) AS total FROM orders WHERE (status = ? AND order_time BETWEEN ? AND ?)
2026-01-17 01:32:01.384 [http-nio-8080-exec-10] DEBUG com.sky.mapper.OrderMapper.selectObjs - ==>  Preparing: SELECT sum(amount) as turnover FROM orders WHERE (status = ? AND delivery_time BETWEEN ? AND ?)
2026-01-17 01:32:01.384 [http-nio-8080-exec-9] DEBUG com.sky.mapper.UserMapper.selectCount - ==> Parameters: 2026-01-12T00:00(LocalDateTime), 2026-01-12T23:59:59.999999999(LocalDateTime)
2026-01-17 01:32:01.384 [http-nio-8080-exec-3] DEBUG com.sky.mapper.OrderMapper.selectCount - ==> Parameters: 5(Integer), 2026-01-12T00:00(LocalDateTime), 2026-01-12T23:59:59.999999999(LocalDateTime)
2026-01-17 01:32:01.385 [http-nio-8080-exec-10] DEBUG com.sky.mapper.OrderMapper.selectObjs - ==> Parameters: 5(Integer), 2026-01-11T00:00(LocalDateTime), 2026-01-11T23:59:59.999999999(LocalDateTime)
2026-01-17 01:32:01.386 [http-nio-8080-exec-3] DEBUG com.sky.mapper.OrderMapper.selectCount - <==      Total: 1
2026-01-17 01:32:01.386 [http-nio-8080-exec-9] DEBUG com.sky.mapper.UserMapper.selectCount - <==      Total: 1
2026-01-17 01:32:01.386 [http-nio-8080-exec-10] DEBUG com.sky.mapper.OrderMapper.selectObjs - <==      Total: 1
2026-01-17 01:32:01.386 [http-nio-8080-exec-3] DEBUG com.sky.mapper.OrderMapper.selectCount - ==>  Preparing: SELECT COUNT( * ) AS total FROM orders WHERE (order_time BETWEEN ? AND ?)
2026-01-17 01:32:01.386 [http-nio-8080-exec-9] DEBUG com.sky.mapper.UserMapper.selectCount - ==>  Preparing: SELECT COUNT( * ) AS total FROM user WHERE (create_time <= ?)
2026-01-17 01:32:01.386 [http-nio-8080-exec-10] DEBUG com.sky.mapper.OrderMapper.selectObjs - ==>  Preparing: SELECT sum(amount) as turnover FROM orders WHERE (status = ? AND delivery_time BETWEEN ? AND ?)
2026-01-17 01:32:01.387 [http-nio-8080-exec-3] DEBUG com.sky.mapper.OrderMapper.selectCount - ==> Parameters: 2026-01-12T00:00(LocalDateTime), 2026-01-12T23:59:59.999999999(LocalDateTime)
2026-01-17 01:32:01.387 [http-nio-8080-exec-9] DEBUG com.sky.mapper.UserMapper.selectCount - ==> Parameters: 2026-01-12T23:59:59.999999999(LocalDateTime)
2026-01-17 01:32:01.387 [http-nio-8080-exec-10] DEBUG com.sky.mapper.OrderMapper.selectObjs - ==> Parameters: 5(Integer), 2026-01-12T00:00(LocalDateTime), 2026-01-12T23:59:59.999999999(LocalDateTime)
2026-01-17 01:32:01.387 [http-nio-8080-exec-3] DEBUG com.sky.mapper.OrderMapper.selectCount - <==      Total: 1
2026-01-17 01:32:01.387 [http-nio-8080-exec-10] DEBUG com.sky.mapper.OrderMapper.selectObjs - <==      Total: 1
2026-01-17 01:32:01.387 [http-nio-8080-exec-9] DEBUG com.sky.mapper.UserMapper.selectCount - <==      Total: 1
2026-01-17 01:32:01.388 [http-nio-8080-exec-3] DEBUG com.sky.mapper.OrderMapper.selectCount - ==>  Preparing: SELECT COUNT( * ) AS total FROM orders WHERE (status = ? AND order_time BETWEEN ? AND ?)
2026-01-17 01:32:01.388 [http-nio-8080-exec-10] DEBUG com.sky.mapper.OrderMapper.selectObjs - ==>  Preparing: SELECT sum(amount) as turnover FROM orders WHERE (status = ? AND delivery_time BETWEEN ? AND ?)
2026-01-17 01:32:01.388 [http-nio-8080-exec-9] DEBUG com.sky.mapper.UserMapper.selectCount - ==>  Preparing: SELECT COUNT( * ) AS total FROM user WHERE (create_time BETWEEN ? AND ?)
2026-01-17 01:32:01.388 [http-nio-8080-exec-9] DEBUG com.sky.mapper.UserMapper.selectCount - ==> Parameters: 2026-01-13T00:00(LocalDateTime), 2026-01-13T23:59:59.999999999(LocalDateTime)
2026-01-17 01:32:01.388 [http-nio-8080-exec-3] DEBUG com.sky.mapper.OrderMapper.selectCount - ==> Parameters: 5(Integer), 2026-01-13T00:00(LocalDateTime), 2026-01-13T23:59:59.999999999(LocalDateTime)
2026-01-17 01:32:01.388 [http-nio-8080-exec-10] DEBUG com.sky.mapper.OrderMapper.selectObjs - ==> Parameters: 5(Integer), 2026-01-13T00:00(LocalDateTime), 2026-01-13T23:59:59.999999999(LocalDateTime)
2026-01-17 01:32:01.389 [http-nio-8080-exec-9] DEBUG com.sky.mapper.UserMapper.selectCount - <==      Total: 1
2026-01-17 01:32:01.389 [http-nio-8080-exec-3] DEBUG com.sky.mapper.OrderMapper.selectCount - <==      Total: 1
2026-01-17 01:32:01.389 [http-nio-8080-exec-10] DEBUG com.sky.mapper.OrderMapper.selectObjs - <==      Total: 1
2026-01-17 01:32:01.390 [http-nio-8080-exec-3] DEBUG com.sky.mapper.OrderMapper.selectCount - ==>  Preparing: SELECT COUNT( * ) AS total FROM orders WHERE (order_time BETWEEN ? AND ?)
2026-01-17 01:32:01.390 [http-nio-8080-exec-10] DEBUG com.sky.mapper.OrderMapper.selectObjs - ==>  Preparing: SELECT sum(amount) as turnover FROM orders WHERE (status = ? AND delivery_time BETWEEN ? AND ?)
2026-01-17 01:32:01.390 [http-nio-8080-exec-9] DEBUG com.sky.mapper.UserMapper.selectCount - ==>  Preparing: SELECT COUNT( * ) AS total FROM user WHERE (create_time <= ?)
2026-01-17 01:32:01.390 [http-nio-8080-exec-9] DEBUG com.sky.mapper.UserMapper.selectCount - ==> Parameters: 2026-01-13T23:59:59.999999999(LocalDateTime)
2026-01-17 01:32:01.390 [http-nio-8080-exec-3] DEBUG com.sky.mapper.OrderMapper.selectCount - ==> Parameters: 2026-01-13T00:00(LocalDateTime), 2026-01-13T23:59:59.999999999(LocalDateTime)
2026-01-17 01:32:01.390 [http-nio-8080-exec-10] DEBUG com.sky.mapper.OrderMapper.selectObjs - ==> Parameters: 5(Integer), 2026-01-14T00:00(LocalDateTime), 2026-01-14T23:59:59.999999999(LocalDateTime)
2026-01-17 01:32:01.391 [http-nio-8080-exec-3] DEBUG com.sky.mapper.OrderMapper.selectCount - <==      Total: 1
2026-01-17 01:32:01.391 [http-nio-8080-exec-9] DEBUG com.sky.mapper.UserMapper.selectCount - <==      Total: 1
2026-01-17 01:32:01.391 [http-nio-8080-exec-10] DEBUG com.sky.mapper.OrderMapper.selectObjs - <==      Total: 1
2026-01-17 01:32:01.391 [http-nio-8080-exec-3] DEBUG com.sky.mapper.OrderMapper.selectCount - ==>  Preparing: SELECT COUNT( * ) AS total FROM orders WHERE (status = ? AND order_time BETWEEN ? AND ?)
2026-01-17 01:32:01.391 [http-nio-8080-exec-10] DEBUG com.sky.mapper.OrderMapper.selectObjs - ==>  Preparing: SELECT sum(amount) as turnover FROM orders WHERE (status = ? AND delivery_time BETWEEN ? AND ?)
2026-01-17 01:32:01.391 [http-nio-8080-exec-9] DEBUG com.sky.mapper.UserMapper.selectCount - ==>  Preparing: SELECT COUNT( * ) AS total FROM user WHERE (create_time BETWEEN ? AND ?)
2026-01-17 01:32:01.392 [http-nio-8080-exec-9] DEBUG com.sky.mapper.UserMapper.selectCount - ==> Parameters: 2026-01-14T00:00(LocalDateTime), 2026-01-14T23:59:59.999999999(LocalDateTime)
2026-01-17 01:32:01.392 [http-nio-8080-exec-3] DEBUG com.sky.mapper.OrderMapper.selectCount - ==> Parameters: 5(Integer), 2026-01-14T00:00(LocalDateTime), 2026-01-14T23:59:59.999999999(LocalDateTime)
2026-01-17 01:32:01.392 [http-nio-8080-exec-10] DEBUG com.sky.mapper.OrderMapper.selectObjs - ==> Parameters: 5(Integer), 2026-01-15T00:00(LocalDateTime), 2026-01-15T23:59:59.999999999(LocalDateTime)
2026-01-17 01:32:01.393 [http-nio-8080-exec-3] DEBUG com.sky.mapper.OrderMapper.selectCount - <==      Total: 1
2026-01-17 01:32:01.393 [http-nio-8080-exec-9] DEBUG com.sky.mapper.UserMapper.selectCount - <==      Total: 1
2026-01-17 01:32:01.393 [http-nio-8080-exec-10] DEBUG com.sky.mapper.OrderMapper.selectObjs - <==      Total: 1
2026-01-17 01:32:01.393 [http-nio-8080-exec-9] DEBUG com.sky.mapper.UserMapper.selectCount - ==>  Preparing: SELECT COUNT( * ) AS total FROM user WHERE (create_time <= ?)
2026-01-17 01:32:01.393 [http-nio-8080-exec-3] DEBUG com.sky.mapper.OrderMapper.selectCount - ==>  Preparing: SELECT COUNT( * ) AS total FROM orders WHERE (order_time BETWEEN ? AND ?)
2026-01-17 01:32:01.393 [http-nio-8080-exec-10] DEBUG com.sky.mapper.OrderMapper.selectObjs - ==>  Preparing: SELECT sum(amount) as turnover FROM orders WHERE (status = ? AND delivery_time BETWEEN ? AND ?)
2026-01-17 01:32:01.393 [http-nio-8080-exec-9] DEBUG com.sky.mapper.UserMapper.selectCount - ==> Parameters: 2026-01-14T23:59:59.999999999(LocalDateTime)
2026-01-17 01:32:01.393 [http-nio-8080-exec-3] DEBUG com.sky.mapper.OrderMapper.selectCount - ==> Parameters: 2026-01-14T00:00(LocalDateTime), 2026-01-14T23:59:59.999999999(LocalDateTime)
2026-01-17 01:32:01.394 [http-nio-8080-exec-10] DEBUG com.sky.mapper.OrderMapper.selectObjs - ==> Parameters: 5(Integer), 2026-01-16T00:00(LocalDateTime), 2026-01-16T23:59:59.999999999(LocalDateTime)
2026-01-17 01:32:01.395 [http-nio-8080-exec-9] DEBUG com.sky.mapper.UserMapper.selectCount - <==      Total: 1
2026-01-17 01:32:01.395 [http-nio-8080-exec-10] DEBUG com.sky.mapper.OrderMapper.selectObjs - <==      Total: 1
2026-01-17 01:32:01.395 [http-nio-8080-exec-3] DEBUG com.sky.mapper.OrderMapper.selectCount - <==      Total: 1
2026-01-17 01:32:01.395 [http-nio-8080-exec-10] INFO  com.sky.controller.admin.ReportController - 营业额列表：0.0,0.0,0.0,0.0,480.0,78.0,285.0
2026-01-17 01:32:01.395 [http-nio-8080-exec-9] DEBUG com.sky.mapper.UserMapper.selectCount - ==>  Preparing: SELECT COUNT( * ) AS total FROM user WHERE (create_time BETWEEN ? AND ?)
2026-01-17 01:32:01.395 [http-nio-8080-exec-3] DEBUG com.sky.mapper.OrderMapper.selectCount - ==>  Preparing: SELECT COUNT( * ) AS total FROM orders WHERE (status = ? AND order_time BETWEEN ? AND ?)
2026-01-17 01:32:01.395 [http-nio-8080-exec-3] DEBUG com.sky.mapper.OrderMapper.selectCount - ==> Parameters: 5(Integer), 2026-01-15T00:00(LocalDateTime), 2026-01-15T23:59:59.999999999(LocalDateTime)
2026-01-17 01:32:01.395 [http-nio-8080-exec-9] DEBUG com.sky.mapper.UserMapper.selectCount - ==> Parameters: 2026-01-15T00:00(LocalDateTime), 2026-01-15T23:59:59.999999999(LocalDateTime)
2026-01-17 01:32:01.396 [http-nio-8080-exec-3] DEBUG com.sky.mapper.OrderMapper.selectCount - <==      Total: 1
2026-01-17 01:32:01.396 [http-nio-8080-exec-9] DEBUG com.sky.mapper.UserMapper.selectCount - <==      Total: 1
2026-01-17 01:32:01.397 [http-nio-8080-exec-9] DEBUG com.sky.mapper.UserMapper.selectCount - ==>  Preparing: SELECT COUNT( * ) AS total FROM user WHERE (create_time <= ?)
2026-01-17 01:32:01.397 [http-nio-8080-exec-3] DEBUG com.sky.mapper.OrderMapper.selectCount - ==>  Preparing: SELECT COUNT( * ) AS total FROM orders WHERE (order_time BETWEEN ? AND ?)
2026-01-17 01:32:01.398 [http-nio-8080-exec-9] DEBUG com.sky.mapper.UserMapper.selectCount - ==> Parameters: 2026-01-15T23:59:59.999999999(LocalDateTime)
2026-01-17 01:32:01.398 [http-nio-8080-exec-3] DEBUG com.sky.mapper.OrderMapper.selectCount - ==> Parameters: 2026-01-15T00:00(LocalDateTime), 2026-01-15T23:59:59.999999999(LocalDateTime)
2026-01-17 01:32:01.400 [http-nio-8080-exec-3] DEBUG com.sky.mapper.OrderMapper.selectCount - <==      Total: 1
2026-01-17 01:32:01.400 [http-nio-8080-exec-9] DEBUG com.sky.mapper.UserMapper.selectCount - <==      Total: 1
2026-01-17 01:32:01.400 [http-nio-8080-exec-9] DEBUG com.sky.mapper.UserMapper.selectCount - ==>  Preparing: SELECT COUNT( * ) AS total FROM user WHERE (create_time BETWEEN ? AND ?)
2026-01-17 01:32:01.400 [http-nio-8080-exec-3] DEBUG com.sky.mapper.OrderMapper.selectCount - ==>  Preparing: SELECT COUNT( * ) AS total FROM orders WHERE (status = ? AND order_time BETWEEN ? AND ?)
2026-01-17 01:32:01.400 [http-nio-8080-exec-9] DEBUG com.sky.mapper.UserMapper.selectCount - ==> Parameters: 2026-01-16T00:00(LocalDateTime), 2026-01-16T23:59:59.999999999(LocalDateTime)
2026-01-17 01:32:01.400 [http-nio-8080-exec-3] DEBUG com.sky.mapper.OrderMapper.selectCount - ==> Parameters: 5(Integer), 2026-01-16T00:00(LocalDateTime), 2026-01-16T23:59:59.999999999(LocalDateTime)
2026-01-17 01:32:01.401 [http-nio-8080-exec-3] DEBUG com.sky.mapper.OrderMapper.selectCount - <==      Total: 1
2026-01-17 01:32:01.401 [http-nio-8080-exec-9] DEBUG com.sky.mapper.UserMapper.selectCount - <==      Total: 1
2026-01-17 01:32:01.402 [http-nio-8080-exec-9] DEBUG com.sky.mapper.UserMapper.selectCount - ==>  Preparing: SELECT COUNT( * ) AS total FROM user WHERE (create_time <= ?)
2026-01-17 01:32:01.402 [http-nio-8080-exec-3] DEBUG com.sky.mapper.OrderMapper.selectCount - ==>  Preparing: SELECT COUNT( * ) AS total FROM orders WHERE (order_time BETWEEN ? AND ?)
2026-01-17 01:32:01.402 [http-nio-8080-exec-9] DEBUG com.sky.mapper.UserMapper.selectCount - ==> Parameters: 2026-01-16T23:59:59.999999999(LocalDateTime)
2026-01-17 01:32:01.402 [http-nio-8080-exec-3] DEBUG com.sky.mapper.OrderMapper.selectCount - ==> Parameters: 2026-01-16T00:00(LocalDateTime), 2026-01-16T23:59:59.999999999(LocalDateTime)
2026-01-17 01:32:01.403 [http-nio-8080-exec-9] DEBUG com.sky.mapper.UserMapper.selectCount - <==      Total: 1
2026-01-17 01:32:01.403 [http-nio-8080-exec-3] DEBUG com.sky.mapper.OrderMapper.selectCount - <==      Total: 1
2026-01-17 01:32:02.770 [http-nio-8080-exec-7] INFO  com.sky.interceptor.JwtTokenInterceptor - jwt校验: eyJhbGciOiJIUzI1NiJ9.eyJlbXBJZCI6MSwiZXhwIjoxNzY5MzAwOTMyfQ.p5cPmVx_L3f_RQdfhzpCdIZGsB1J19gO3QIzIgArcYo
2026-01-17 01:32:02.771 [http-nio-8080-exec-7] INFO  com.sky.interceptor.JwtTokenAdminInterceptor - id=1的员工登入苍穹外卖管理端

2026-01-17 01:32:02.772 [http-nio-8080-exec-7] INFO  com.sky.controller.admin.OrderController - 订单分页查询，参数为：OrderPageQueryDTO(page=1, pageSize=10, number=null, phone=null, status=null, beginTime=null, endTime=null, userId=null)

2026-01-17 01:32:02.773 [http-nio-8080-exec-7] DEBUG com.sky.mapper.OrderMapper.pageQuery_mpCount - ==>  Preparing: SELECT COUNT(*) AS total FROM orders
2026-01-17 01:32:02.773 [http-nio-8080-exec-7] DEBUG com.sky.mapper.OrderMapper.pageQuery_mpCount - ==> Parameters: 
2026-01-17 01:32:02.775 [http-nio-8080-exec-7] DEBUG com.sky.mapper.OrderMapper.pageQuery_mpCount - <==      Total: 1
2026-01-17 01:32:02.779 [http-nio-8080-exec-7] DEBUG com.sky.mapper.OrderMapper.pageQuery - ==>  Preparing: select * from orders order by order_time desc LIMIT ?
2026-01-17 01:32:02.780 [http-nio-8080-exec-7] DEBUG com.sky.mapper.OrderMapper.pageQuery - ==> Parameters: 10(Long)
2026-01-17 01:32:02.786 [http-nio-8080-exec-7] DEBUG com.sky.mapper.OrderMapper.pageQuery - <==      Total: 10
2026-01-17 01:32:02.787 [http-nio-8080-exec-7] DEBUG com.sky.mapper.OrderDetailMapper.selectList - ==>  Preparing: SELECT id,name,order_id,dish_id,setmeal_id,dish_flavor,number,amount,image FROM order_detail WHERE (order_id = ?)
2026-01-17 01:32:02.787 [http-nio-8080-exec-7] DEBUG com.sky.mapper.OrderDetailMapper.selectList - ==> Parameters: 39(Long)
2026-01-17 01:32:02.788 [http-nio-8080-exec-7] DEBUG com.sky.mapper.OrderDetailMapper.selectList - <==      Total: 2
2026-01-17 01:32:02.789 [http-nio-8080-exec-7] DEBUG com.sky.mapper.OrderDetailMapper.selectList - ==>  Preparing: SELECT id,name,order_id,dish_id,setmeal_id,dish_flavor,number,amount,image FROM order_detail WHERE (order_id = ?)
2026-01-17 01:32:02.790 [http-nio-8080-exec-7] DEBUG com.sky.mapper.OrderDetailMapper.selectList - ==> Parameters: 39(Long)
2026-01-17 01:32:02.791 [http-nio-8080-exec-7] DEBUG com.sky.mapper.OrderDetailMapper.selectList - <==      Total: 2
2026-01-17 01:32:02.791 [http-nio-8080-exec-7] DEBUG com.sky.mapper.OrderDetailMapper.selectList - ==>  Preparing: SELECT id,name,order_id,dish_id,setmeal_id,dish_flavor,number,amount,image FROM order_detail WHERE (order_id = ?)
2026-01-17 01:32:02.791 [http-nio-8080-exec-7] DEBUG com.sky.mapper.OrderDetailMapper.selectList - ==> Parameters: 38(Long)
2026-01-17 01:32:02.792 [http-nio-8080-exec-7] DEBUG com.sky.mapper.OrderDetailMapper.selectList - <==      Total: 2
2026-01-17 01:32:02.793 [http-nio-8080-exec-7] DEBUG com.sky.mapper.OrderDetailMapper.selectList - ==>  Preparing: SELECT id,name,order_id,dish_id,setmeal_id,dish_flavor,number,amount,image FROM order_detail WHERE (order_id = ?)
2026-01-17 01:32:02.793 [http-nio-8080-exec-7] DEBUG com.sky.mapper.OrderDetailMapper.selectList - ==> Parameters: 38(Long)
2026-01-17 01:32:02.794 [http-nio-8080-exec-7] DEBUG com.sky.mapper.OrderDetailMapper.selectList - <==      Total: 2
2026-01-17 01:32:02.794 [http-nio-8080-exec-7] DEBUG com.sky.mapper.OrderDetailMapper.selectList - ==>  Preparing: SELECT id,name,order_id,dish_id,setmeal_id,dish_flavor,number,amount,image FROM order_detail WHERE (order_id = ?)
2026-01-17 01:32:02.795 [http-nio-8080-exec-7] DEBUG com.sky.mapper.OrderDetailMapper.selectList - ==> Parameters: 37(Long)
2026-01-17 01:32:02.796 [http-nio-8080-exec-7] DEBUG com.sky.mapper.OrderDetailMapper.selectList - <==      Total: 6
2026-01-17 01:32:02.797 [http-nio-8080-exec-7] DEBUG com.sky.mapper.OrderDetailMapper.selectList - ==>  Preparing: SELECT id,name,order_id,dish_id,setmeal_id,dish_flavor,number,amount,image FROM order_detail WHERE (order_id = ?)
2026-01-17 01:32:02.797 [http-nio-8080-exec-7] DEBUG com.sky.mapper.OrderDetailMapper.selectList - ==> Parameters: 37(Long)
2026-01-17 01:32:02.800 [http-nio-8080-exec-7] DEBUG com.sky.mapper.OrderDetailMapper.selectList - <==      Total: 6
2026-01-17 01:32:02.800 [http-nio-8080-exec-7] DEBUG com.sky.mapper.OrderDetailMapper.selectList - ==>  Preparing: SELECT id,name,order_id,dish_id,setmeal_id,dish_flavor,number,amount,image FROM order_detail WHERE (order_id = ?)
2026-01-17 01:32:02.801 [http-nio-8080-exec-7] DEBUG com.sky.mapper.OrderDetailMapper.selectList - ==> Parameters: 36(Long)
2026-01-17 01:32:02.802 [http-nio-8080-exec-7] DEBUG com.sky.mapper.OrderDetailMapper.selectList - <==      Total: 3
2026-01-17 01:32:02.803 [http-nio-8080-exec-7] DEBUG com.sky.mapper.OrderDetailMapper.selectList - ==>  Preparing: SELECT id,name,order_id,dish_id,setmeal_id,dish_flavor,number,amount,image FROM order_detail WHERE (order_id = ?)
2026-01-17 01:32:02.803 [http-nio-8080-exec-7] DEBUG com.sky.mapper.OrderDetailMapper.selectList - ==> Parameters: 36(Long)
2026-01-17 01:32:02.804 [http-nio-8080-exec-7] DEBUG com.sky.mapper.OrderDetailMapper.selectList - <==      Total: 3
2026-01-17 01:32:02.804 [http-nio-8080-exec-7] DEBUG com.sky.mapper.OrderDetailMapper.selectList - ==>  Preparing: SELECT id,name,order_id,dish_id,setmeal_id,dish_flavor,number,amount,image FROM order_detail WHERE (order_id = ?)
2026-01-17 01:32:02.804 [http-nio-8080-exec-7] DEBUG com.sky.mapper.OrderDetailMapper.selectList - ==> Parameters: 35(Long)
2026-01-17 01:32:02.805 [http-nio-8080-exec-7] DEBUG com.sky.mapper.OrderDetailMapper.selectList - <==      Total: 2
2026-01-17 01:32:02.806 [http-nio-8080-exec-7] DEBUG com.sky.mapper.OrderDetailMapper.selectList - ==>  Preparing: SELECT id,name,order_id,dish_id,setmeal_id,dish_flavor,number,amount,image FROM order_detail WHERE (order_id = ?)
2026-01-17 01:32:02.806 [http-nio-8080-exec-7] DEBUG com.sky.mapper.OrderDetailMapper.selectList - ==> Parameters: 35(Long)
2026-01-17 01:32:02.806 [http-nio-8080-exec-7] DEBUG com.sky.mapper.OrderDetailMapper.selectList - <==      Total: 2
2026-01-17 01:32:02.806 [http-nio-8080-exec-7] DEBUG com.sky.mapper.OrderDetailMapper.selectList - ==>  Preparing: SELECT id,name,order_id,dish_id,setmeal_id,dish_flavor,number,amount,image FROM order_detail WHERE (order_id = ?)
2026-01-17 01:32:02.806 [http-nio-8080-exec-7] DEBUG com.sky.mapper.OrderDetailMapper.selectList - ==> Parameters: 34(Long)
2026-01-17 01:32:02.808 [http-nio-8080-exec-7] DEBUG com.sky.mapper.OrderDetailMapper.selectList - <==      Total: 2
2026-01-17 01:32:02.809 [http-nio-8080-exec-7] DEBUG com.sky.mapper.OrderDetailMapper.selectList - ==>  Preparing: SELECT id,name,order_id,dish_id,setmeal_id,dish_flavor,number,amount,image FROM order_detail WHERE (order_id = ?)
2026-01-17 01:32:02.809 [http-nio-8080-exec-7] DEBUG com.sky.mapper.OrderDetailMapper.selectList - ==> Parameters: 34(Long)
2026-01-17 01:32:02.809 [http-nio-8080-exec-7] DEBUG com.sky.mapper.OrderDetailMapper.selectList - <==      Total: 2
2026-01-17 01:32:02.810 [http-nio-8080-exec-7] DEBUG com.sky.mapper.OrderDetailMapper.selectList - ==>  Preparing: SELECT id,name,order_id,dish_id,setmeal_id,dish_flavor,number,amount,image FROM order_detail WHERE (order_id = ?)
2026-01-17 01:32:02.810 [http-nio-8080-exec-7] DEBUG com.sky.mapper.OrderDetailMapper.selectList - ==> Parameters: 33(Long)
2026-01-17 01:32:02.811 [http-nio-8080-exec-7] DEBUG com.sky.mapper.OrderDetailMapper.selectList - <==      Total: 3
2026-01-17 01:32:02.811 [http-nio-8080-exec-7] DEBUG com.sky.mapper.OrderDetailMapper.selectList - ==>  Preparing: SELECT id,name,order_id,dish_id,setmeal_id,dish_flavor,number,amount,image FROM order_detail WHERE (order_id = ?)
2026-01-17 01:32:02.812 [http-nio-8080-exec-7] DEBUG com.sky.mapper.OrderDetailMapper.selectList - ==> Parameters: 33(Long)
2026-01-17 01:32:02.813 [http-nio-8080-exec-7] DEBUG com.sky.mapper.OrderDetailMapper.selectList - <==      Total: 3
2026-01-17 01:32:02.814 [http-nio-8080-exec-7] DEBUG com.sky.mapper.OrderDetailMapper.selectList - ==>  Preparing: SELECT id,name,order_id,dish_id,setmeal_id,dish_flavor,number,amount,image FROM order_detail WHERE (order_id = ?)
2026-01-17 01:32:02.815 [http-nio-8080-exec-7] DEBUG com.sky.mapper.OrderDetailMapper.selectList - ==> Parameters: 32(Long)
2026-01-17 01:32:02.816 [http-nio-8080-exec-7] DEBUG com.sky.mapper.OrderDetailMapper.selectList - <==      Total: 3
2026-01-17 01:32:02.817 [http-nio-8080-exec-7] DEBUG com.sky.mapper.OrderDetailMapper.selectList - ==>  Preparing: SELECT id,name,order_id,dish_id,setmeal_id,dish_flavor,number,amount,image FROM order_detail WHERE (order_id = ?)
2026-01-17 01:32:02.817 [http-nio-8080-exec-7] DEBUG com.sky.mapper.OrderDetailMapper.selectList - ==> Parameters: 32(Long)
2026-01-17 01:32:02.818 [http-nio-8080-exec-7] DEBUG com.sky.mapper.OrderDetailMapper.selectList - <==      Total: 3
2026-01-17 01:32:02.818 [http-nio-8080-exec-7] DEBUG com.sky.mapper.OrderDetailMapper.selectList - ==>  Preparing: SELECT id,name,order_id,dish_id,setmeal_id,dish_flavor,number,amount,image FROM order_detail WHERE (order_id = ?)
2026-01-17 01:32:02.818 [http-nio-8080-exec-7] DEBUG com.sky.mapper.OrderDetailMapper.selectList - ==> Parameters: 31(Long)
2026-01-17 01:32:02.819 [http-nio-8080-exec-7] DEBUG com.sky.mapper.OrderDetailMapper.selectList - <==      Total: 1
2026-01-17 01:32:02.820 [http-nio-8080-exec-7] DEBUG com.sky.mapper.OrderDetailMapper.selectList - ==>  Preparing: SELECT id,name,order_id,dish_id,setmeal_id,dish_flavor,number,amount,image FROM order_detail WHERE (order_id = ?)
2026-01-17 01:32:02.820 [http-nio-8080-exec-7] DEBUG com.sky.mapper.OrderDetailMapper.selectList - ==> Parameters: 31(Long)
2026-01-17 01:32:02.821 [http-nio-8080-exec-7] DEBUG com.sky.mapper.OrderDetailMapper.selectList - <==      Total: 1
2026-01-17 01:32:02.821 [http-nio-8080-exec-7] DEBUG com.sky.mapper.OrderDetailMapper.selectList - ==>  Preparing: SELECT id,name,order_id,dish_id,setmeal_id,dish_flavor,number,amount,image FROM order_detail WHERE (order_id = ?)
2026-01-17 01:32:02.821 [http-nio-8080-exec-7] DEBUG com.sky.mapper.OrderDetailMapper.selectList - ==> Parameters: 30(Long)
2026-01-17 01:32:02.822 [http-nio-8080-exec-7] DEBUG com.sky.mapper.OrderDetailMapper.selectList - <==      Total: 1
2026-01-17 01:32:02.822 [http-nio-8080-exec-7] DEBUG com.sky.mapper.OrderDetailMapper.selectList - ==>  Preparing: SELECT id,name,order_id,dish_id,setmeal_id,dish_flavor,number,amount,image FROM order_detail WHERE (order_id = ?)
2026-01-17 01:32:02.822 [http-nio-8080-exec-7] DEBUG com.sky.mapper.OrderDetailMapper.selectList - ==> Parameters: 30(Long)
2026-01-17 01:32:02.823 [http-nio-8080-exec-7] DEBUG com.sky.mapper.OrderDetailMapper.selectList - <==      Total: 1
2026-01-17 01:32:02.859 [http-nio-8080-exec-2] INFO  com.sky.interceptor.JwtTokenInterceptor - jwt校验: eyJhbGciOiJIUzI1NiJ9.eyJlbXBJZCI6MSwiZXhwIjoxNzY5MzAwOTMyfQ.p5cPmVx_L3f_RQdfhzpCdIZGsB1J19gO3QIzIgArcYo
2026-01-17 01:32:02.860 [http-nio-8080-exec-2] INFO  com.sky.interceptor.JwtTokenAdminInterceptor - id=1的员工登入苍穹外卖管理端

2026-01-17 01:32:02.860 [http-nio-8080-exec-2] INFO  com.sky.controller.admin.OrderController - 统计各个状态的订单数量
2026-01-17 01:32:02.861 [http-nio-8080-exec-2] DEBUG com.sky.mapper.OrderMapper.selectCount - ==>  Preparing: SELECT COUNT( * ) AS total FROM orders WHERE (status = ?)
2026-01-17 01:32:02.861 [http-nio-8080-exec-2] DEBUG com.sky.mapper.OrderMapper.selectCount - ==> Parameters: 2(Integer)
2026-01-17 01:32:02.863 [http-nio-8080-exec-2] DEBUG com.sky.mapper.OrderMapper.selectCount - <==      Total: 1
2026-01-17 01:32:02.863 [http-nio-8080-exec-2] DEBUG com.sky.mapper.OrderMapper.selectCount - ==>  Preparing: SELECT COUNT( * ) AS total FROM orders WHERE (status = ?)
2026-01-17 01:32:02.864 [http-nio-8080-exec-2] DEBUG com.sky.mapper.OrderMapper.selectCount - ==> Parameters: 3(Integer)
2026-01-17 01:32:02.865 [http-nio-8080-exec-2] DEBUG com.sky.mapper.OrderMapper.selectCount - <==      Total: 1
2026-01-17 01:32:02.865 [http-nio-8080-exec-2] DEBUG com.sky.mapper.OrderMapper.selectCount - ==>  Preparing: SELECT COUNT( * ) AS total FROM orders WHERE (status = ?)
2026-01-17 01:32:02.866 [http-nio-8080-exec-2] DEBUG com.sky.mapper.OrderMapper.selectCount - ==> Parameters: 4(Integer)
2026-01-17 01:32:02.866 [http-nio-8080-exec-2] DEBUG com.sky.mapper.OrderMapper.selectCount - <==      Total: 1
2026-01-17 01:32:04.005 [http-nio-8080-exec-1] INFO  com.sky.interceptor.JwtTokenInterceptor - jwt校验: eyJhbGciOiJIUzI1NiJ9.eyJlbXBJZCI6MSwiZXhwIjoxNzY5MzAwOTMyfQ.p5cPmVx_L3f_RQdfhzpCdIZGsB1J19gO3QIzIgArcYo
2026-01-17 01:32:04.005 [http-nio-8080-exec-5] INFO  com.sky.interceptor.JwtTokenInterceptor - jwt校验: eyJhbGciOiJIUzI1NiJ9.eyJlbXBJZCI6MSwiZXhwIjoxNzY5MzAwOTMyfQ.p5cPmVx_L3f_RQdfhzpCdIZGsB1J19gO3QIzIgArcYo
2026-01-17 01:32:04.005 [http-nio-8080-exec-1] INFO  com.sky.interceptor.JwtTokenAdminInterceptor - id=1的员工登入苍穹外卖管理端

2026-01-17 01:32:04.005 [http-nio-8080-exec-5] INFO  com.sky.interceptor.JwtTokenAdminInterceptor - id=1的员工登入苍穹外卖管理端

2026-01-17 01:32:04.006 [http-nio-8080-exec-1] INFO  com.sky.controller.admin.CategoryController - 查询已启用的套餐分类
2026-01-17 01:32:04.008 [http-nio-8080-exec-1] DEBUG com.sky.mapper.CategoryMapper.selectList - ==>  Preparing: SELECT id,type,name,sort,status,create_time,create_user,update_time,update_user,deleted FROM category WHERE deleted=0 AND (type = ? AND status = ?) ORDER BY sort ASC
2026-01-17 01:32:04.008 [http-nio-8080-exec-1] DEBUG com.sky.mapper.CategoryMapper.selectList - ==> Parameters: 2(Integer), 1(Integer)
2026-01-17 01:32:04.010 [http-nio-8080-exec-1] DEBUG com.sky.mapper.CategoryMapper.selectList - <==      Total: 3
2026-01-17 01:32:04.010 [http-nio-8080-exec-5] INFO  com.sky.controller.admin.SetmealController - 套餐分页查询，参数为：SetmealPageQueryDTO(page=1, pageSize=10, name=null, categoryId=null, status=null)

2026-01-17 01:32:04.015 [http-nio-8080-exec-5] DEBUG com.sky.mapper.SetmealMapper.pageQuery_mpCount - ==>  Preparing: SELECT COUNT(*) AS total FROM setmeal s WHERE s.deleted = 0
2026-01-17 01:32:04.015 [http-nio-8080-exec-5] DEBUG com.sky.mapper.SetmealMapper.pageQuery_mpCount - ==> Parameters: 
2026-01-17 01:32:04.016 [http-nio-8080-exec-5] DEBUG com.sky.mapper.SetmealMapper.pageQuery_mpCount - <==      Total: 1
2026-01-17 01:32:04.017 [http-nio-8080-exec-5] DEBUG com.sky.mapper.SetmealMapper.pageQuery - ==>  Preparing: select s.*, c.name as categoryName from setmeal s left join category c on s.category_id = c.id WHERE s.deleted = 0 order by s.create_time desc LIMIT ?
2026-01-17 01:32:04.017 [http-nio-8080-exec-5] DEBUG com.sky.mapper.SetmealMapper.pageQuery - ==> Parameters: 10(Long)
2026-01-17 01:32:04.018 [http-nio-8080-exec-5] DEBUG com.sky.mapper.SetmealMapper.pageQuery - <==      Total: 5
2026-01-17 01:32:05.671 [http-nio-8080-exec-4] INFO  com.sky.interceptor.JwtTokenInterceptor - jwt校验: eyJhbGciOiJIUzI1NiJ9.eyJlbXBJZCI6MSwiZXhwIjoxNzY5MzAwOTMyfQ.p5cPmVx_L3f_RQdfhzpCdIZGsB1J19gO3QIzIgArcYo
2026-01-17 01:32:05.671 [http-nio-8080-exec-8] INFO  com.sky.interceptor.JwtTokenInterceptor - jwt校验: eyJhbGciOiJIUzI1NiJ9.eyJlbXBJZCI6MSwiZXhwIjoxNzY5MzAwOTMyfQ.p5cPmVx_L3f_RQdfhzpCdIZGsB1J19gO3QIzIgArcYo
2026-01-17 01:32:05.672 [http-nio-8080-exec-4] INFO  com.sky.interceptor.JwtTokenAdminInterceptor - id=1的员工登入苍穹外卖管理端

2026-01-17 01:32:05.672 [http-nio-8080-exec-8] INFO  com.sky.interceptor.JwtTokenAdminInterceptor - id=1的员工登入苍穹外卖管理端

2026-01-17 01:32:05.672 [http-nio-8080-exec-4] INFO  com.sky.controller.admin.CategoryController - 查询已启用的菜品分类
2026-01-17 01:32:05.672 [http-nio-8080-exec-4] DEBUG com.sky.mapper.CategoryMapper.selectList - ==>  Preparing: SELECT id,type,name,sort,status,create_time,create_user,update_time,update_user,deleted FROM category WHERE deleted=0 AND (type = ? AND status = ?) ORDER BY sort ASC
2026-01-17 01:32:05.672 [http-nio-8080-exec-4] DEBUG com.sky.mapper.CategoryMapper.selectList - ==> Parameters: 1(Integer), 1(Integer)
2026-01-17 01:32:05.674 [http-nio-8080-exec-4] DEBUG com.sky.mapper.CategoryMapper.selectList - <==      Total: 8
2026-01-17 01:32:05.674 [http-nio-8080-exec-8] INFO  com.sky.controller.admin.DishController - 菜品分页查询，参数为：DishPageQueryDTO(page=1, pageSize=10, name=null, categoryId=null, status=null)

2026-01-17 01:32:05.677 [http-nio-8080-exec-8] DEBUG com.sky.mapper.DishMapper.pageQuery_mpCount - ==>  Preparing: SELECT COUNT(*) AS total FROM dish d WHERE d.deleted = 0
2026-01-17 01:32:05.677 [http-nio-8080-exec-8] DEBUG com.sky.mapper.DishMapper.pageQuery_mpCount - ==> Parameters: 
2026-01-17 01:32:05.678 [http-nio-8080-exec-8] DEBUG com.sky.mapper.DishMapper.pageQuery_mpCount - <==      Total: 1
2026-01-17 01:32:05.679 [http-nio-8080-exec-8] DEBUG com.sky.mapper.DishMapper.pageQuery - ==>  Preparing: select d.*,c.name as categoryName from dish d left join category c on d.category_id = c.id WHERE d.deleted=0 order by d.create_time desc LIMIT ?
2026-01-17 01:32:05.679 [http-nio-8080-exec-8] DEBUG com.sky.mapper.DishMapper.pageQuery - ==> Parameters: 10(Long)
2026-01-17 01:32:05.681 [http-nio-8080-exec-8] DEBUG com.sky.mapper.DishMapper.pageQuery - <==      Total: 10
2026-01-17 01:32:07.308 [http-nio-8080-exec-6] INFO  com.sky.interceptor.JwtTokenInterceptor - jwt校验: eyJhbGciOiJIUzI1NiJ9.eyJlbXBJZCI6MSwiZXhwIjoxNzY5MzAwOTMyfQ.p5cPmVx_L3f_RQdfhzpCdIZGsB1J19gO3QIzIgArcYo
2026-01-17 01:32:07.309 [http-nio-8080-exec-6] INFO  com.sky.interceptor.JwtTokenAdminInterceptor - id=1的员工登入苍穹外卖管理端

2026-01-17 01:32:07.312 [http-nio-8080-exec-6] INFO  com.sky.controller.admin.CategoryController - 分类分页查询，参数为：CategoryPageQueryDTO(page=1, pageSize=10, name=null, type=null)

2026-01-17 01:32:07.319 [http-nio-8080-exec-6] DEBUG com.sky.mapper.CategoryMapper.selectList_mpCount - ==>  Preparing: SELECT COUNT(*) AS total FROM category WHERE deleted = 0
2026-01-17 01:32:07.319 [http-nio-8080-exec-6] DEBUG com.sky.mapper.CategoryMapper.selectList_mpCount - ==> Parameters: 
2026-01-17 01:32:07.320 [http-nio-8080-exec-6] DEBUG com.sky.mapper.CategoryMapper.selectList_mpCount - <==      Total: 1
2026-01-17 01:32:07.320 [http-nio-8080-exec-6] DEBUG com.sky.mapper.CategoryMapper.selectList - ==>  Preparing: SELECT id,type,name,sort,status,create_time,create_user,update_time,update_user,deleted FROM category WHERE deleted=0 ORDER BY sort ASC,create_time DESC LIMIT ?
2026-01-17 01:32:07.320 [http-nio-8080-exec-6] DEBUG com.sky.mapper.CategoryMapper.selectList - ==> Parameters: 10(Long)
2026-01-17 01:32:07.323 [http-nio-8080-exec-6] DEBUG com.sky.mapper.CategoryMapper.selectList - <==      Total: 10
2026-01-17 01:32:08.490 [http-nio-8080-exec-10] INFO  com.sky.interceptor.JwtTokenInterceptor - jwt校验: eyJhbGciOiJIUzI1NiJ9.eyJlbXBJZCI6MSwiZXhwIjoxNzY5MzAwOTMyfQ.p5cPmVx_L3f_RQdfhzpCdIZGsB1J19gO3QIzIgArcYo
2026-01-17 01:32:08.490 [http-nio-8080-exec-10] INFO  com.sky.interceptor.JwtTokenAdminInterceptor - id=1的员工登入苍穹外卖管理端

2026-01-17 01:32:08.493 [http-nio-8080-exec-10] INFO  com.sky.controller.admin.EmployeeController - 员工分页查询，参数为：EmployeePageQueryDTO(name=null, page=1, pageSize=10)

2026-01-17 01:32:08.496 [http-nio-8080-exec-10] DEBUG com.sky.mapper.EmployeeMapper.selectList_mpCount - ==>  Preparing: SELECT COUNT(*) AS total FROM employee
2026-01-17 01:32:08.496 [http-nio-8080-exec-10] DEBUG com.sky.mapper.EmployeeMapper.selectList_mpCount - ==> Parameters: 
2026-01-17 01:32:08.500 [http-nio-8080-exec-10] DEBUG com.sky.mapper.EmployeeMapper.selectList_mpCount - <==      Total: 1
2026-01-17 01:32:08.500 [http-nio-8080-exec-10] DEBUG com.sky.mapper.EmployeeMapper.selectList - ==>  Preparing: SELECT id,username,name,password,phone,sex,id_number,status,create_time,create_user,update_time,update_user FROM employee ORDER BY create_time DESC LIMIT ?
2026-01-17 01:32:08.501 [http-nio-8080-exec-10] DEBUG com.sky.mapper.EmployeeMapper.selectList - ==> Parameters: 10(Long)
2026-01-17 01:32:08.502 [http-nio-8080-exec-10] DEBUG com.sky.mapper.EmployeeMapper.selectList - <==      Total: 10
2026-01-17 01:32:21.365 [SpringApplicationShutdownHook] INFO  com.sky.websocket.WebSocketServer - 客户端wtks5nuvyh与服务端断开连接

2026-01-17 01:32:21.499 [SpringApplicationShutdownHook] INFO  com.alibaba.druid.pool.DruidDataSource - {dataSource-1} closing ...
2026-01-17 01:32:21.504 [SpringApplicationShutdownHook] INFO  com.alibaba.druid.pool.DruidDataSource - {dataSource-1} closed
