2026-01-17 14:05:41.933 [main] INFO  com.sky.SkyApplication - Starting SkyApplication using Java 17.0.12 on Zsh with PID 22908 (D:\ZSH-ComputerScience\CangQiong\sky-take-out\sky-take-out\sky-server\target\classes started by asus in D:\ZSH-ComputerScience\CangQiong\sky-take-out\sky-take-out)
2026-01-17 14:05:41.936 [main] INFO  com.sky.SkyApplication - The following 1 profile is active: "dev"
2026-01-17 14:05:42.741 [main] INFO  o.s.d.r.config.RepositoryConfigurationDelegate - Multiple Spring Data modules found, entering strict repository configuration mode
2026-01-17 14:05:42.745 [main] INFO  o.s.d.r.config.RepositoryConfigurationDelegate - Bootstrapping Spring Data Redis repositories in DEFAULT mode.
2026-01-17 14:05:42.775 [main] INFO  o.s.d.r.config.RepositoryConfigurationDelegate - Finished Spring Data repository scanning in 14 ms. Found 0 Redis repository interfaces.
2026-01-17 14:05:43.548 [main] INFO  o.s.boot.web.embedded.tomcat.TomcatWebServer - Tomcat initialized with port(s): 8080 (http)
2026-01-17 14:05:43.548 [main] INFO  org.apache.catalina.core.AprLifecycleListener - Loaded Apache Tomcat Native library [1.3.1] using APR version [1.7.4].
2026-01-17 14:05:43.548 [main] INFO  org.apache.catalina.core.AprLifecycleListener - APR capabilities: IPv6 [true], sendfile [true], accept filters [false], random [true], UDS [true].
2026-01-17 14:05:43.548 [main] INFO  org.apache.catalina.core.AprLifecycleListener - APR/OpenSSL configuration: useAprConnector [false], useOpenSSL [true]
2026-01-17 14:05:43.563 [main] INFO  org.apache.catalina.core.AprLifecycleListener - OpenSSL successfully initialized [OpenSSL 3.0.14 4 Jun 2024]
2026-01-17 14:05:43.572 [main] INFO  org.apache.catalina.core.StandardService - Starting service [Tomcat]
2026-01-17 14:05:43.572 [main] INFO  org.apache.catalina.core.StandardEngine - Starting Servlet engine: [Apache Tomcat/9.0.65]
2026-01-17 14:05:43.683 [main] INFO  o.a.c.core.ContainerBase.[Tomcat].[localhost].[/] - Initializing Spring embedded WebApplicationContext
2026-01-17 14:05:43.685 [main] INFO  o.s.b.w.s.c.ServletWebServerApplicationContext - Root WebApplicationContext: initialization completed in 1707 ms
2026-01-17 14:05:43.756 [main] INFO  c.a.d.s.b.a.DruidDataSourceAutoConfigure - Init DruidDataSource
2026-01-17 14:05:43.900 [main] INFO  com.alibaba.druid.pool.DruidDataSource - {dataSource-1} inited
2026-01-17 14:05:43.948 [main] INFO  com.sky.config.MyBatisPlusConfig - 开始注册MyBatis-Plus的拦截器...
2026-01-17 14:05:44.105 [main] WARN  c.b.mybatisplus.core.injector.methods.Update - [com.sky.mapper.CategoryMapper.update] Has been loaded by XML or SqlProvider or Mybatis's Annotation, so ignoring this injection for [class com.baomidou.mybatisplus.core.injector.methods.Update]
2026-01-17 14:05:44.150 [main] WARN  c.b.mybatisplus.core.injector.methods.Update - [com.sky.mapper.DishMapper.update] Has been loaded by XML or SqlProvider or Mybatis's Annotation, so ignoring this injection for [class com.baomidou.mybatisplus.core.injector.methods.Update]
2026-01-17 14:05:44.167 [main] WARN  c.b.mybatisplus.core.injector.methods.Update - [com.sky.mapper.EmployeeMapper.update] Has been loaded by XML or SqlProvider or Mybatis's Annotation, so ignoring this injection for [class com.baomidou.mybatisplus.core.injector.methods.Update]
2026-01-17 14:05:44.208 [main] WARN  c.b.mybatisplus.core.injector.methods.Update - [com.sky.mapper.SetmealMapper.update] Has been loaded by XML or SqlProvider or Mybatis's Annotation, so ignoring this injection for [class com.baomidou.mybatisplus.core.injector.methods.Update]
2026-01-17 14:05:44.360 [main] INFO  com.sky.config.AliyunOssConfig - 开始创建阿里云OSS文件上传工具对象...
2026-01-17 14:05:44.563 [main] INFO  com.sky.config.RedisConfig - 开始创建Redis模板对象...
2026-01-17 14:05:44.906 [main] INFO  com.sky.config.WebMvcConfig - 开始注册自定义拦截器...
2026-01-17 14:05:44.985 [main] INFO  com.sky.config.WebMvcConfig - 准备生成管理端接口文档...
2026-01-17 14:05:44.989 [main] INFO  com.sky.config.WebMvcConfig - 准备生成用户端接口文档...
2026-01-17 14:05:45.019 [main] INFO  com.sky.config.WebMvcConfig - 扩展消息转换器...
2026-01-17 14:05:45.025 [main] INFO  com.sky.config.WebMvcConfig - 开始设置静态资源映射...
2026-01-17 14:05:45.454 [main] INFO  o.s.boot.web.embedded.tomcat.TomcatWebServer - Tomcat started on port(s): 8080 (http) with context path ''
2026-01-17 14:05:45.831 [main] INFO  com.sky.SkyApplication - Started SkyApplication in 4.344 seconds (JVM running for 4.975)
2026-01-17 14:05:45.833 [main] INFO  com.sky.SkyApplication - server starts ...
2026-01-17 14:06:00.008 [scheduling-1] INFO  com.sky.task.OrderTask - 每分钟定时处理超时未付款的订单：2026-01-17T14:06:00.008281400
2026-01-17 14:06:00.237 [scheduling-1] DEBUG com.sky.mapper.OrderMapper.selectList - ==>  Preparing: SELECT id,number,status,user_id,address_book_id,order_time,checkout_time,pay_method,pay_status,amount,remark,user_name,phone,address,consignee,cancel_reason,rejection_reason,cancel_time,estimated_delivery_time,delivery_status,delivery_time,pack_amount,tableware_number,tableware_status FROM orders WHERE (status = ? AND order_time < ?)
2026-01-17 14:06:00.266 [scheduling-1] DEBUG com.sky.mapper.OrderMapper.selectList - ==> Parameters: 1(Integer), 2026-01-17T14:03:00.020476600(LocalDateTime)
2026-01-17 14:06:00.321 [scheduling-1] DEBUG com.sky.mapper.OrderMapper.selectList - <==      Total: 0
2026-01-17 14:06:07.964 [http-nio-8080-exec-1] INFO  o.a.c.core.ContainerBase.[Tomcat].[localhost].[/] - Initializing Spring DispatcherServlet 'dispatcherServlet'
2026-01-17 14:06:07.965 [http-nio-8080-exec-1] INFO  org.springframework.web.servlet.DispatcherServlet - Initializing Servlet 'dispatcherServlet'
2026-01-17 14:06:07.966 [http-nio-8080-exec-1] INFO  org.springframework.web.servlet.DispatcherServlet - Completed initialization in 1 ms
2026-01-17 14:06:08.033 [http-nio-8080-exec-1] INFO  com.sky.controller.admin.EmployeeController - 员工登录：EmployeeLoginDTO(username=admin, password=123456)
2026-01-17 14:06:08.046 [http-nio-8080-exec-1] DEBUG com.sky.mapper.EmployeeMapper.selectList - ==>  Preparing: SELECT id,username,name,password,phone,sex,id_number,status,create_time,create_user,update_time,update_user FROM employee WHERE (username = ?)
2026-01-17 14:06:08.046 [http-nio-8080-exec-1] DEBUG com.sky.mapper.EmployeeMapper.selectList - ==> Parameters: admin(String)
2026-01-17 14:06:08.060 [http-nio-8080-exec-1] DEBUG com.sky.mapper.EmployeeMapper.selectList - <==      Total: 1
2026-01-17 14:06:08.198 [http-nio-8080-exec-2] INFO  com.sky.interceptor.JwtTokenInterceptor - jwt校验: eyJhbGciOiJIUzI1NiJ9.eyJlbXBJZCI6MSwiZXhwIjoxNzY5MzQ5OTY4fQ.f-vceF2oGUDzTxbD-Uni6a0QwIQ6e2yyARVS3sd-cFM
2026-01-17 14:06:08.199 [http-nio-8080-exec-3] INFO  com.sky.interceptor.JwtTokenInterceptor - jwt校验: eyJhbGciOiJIUzI1NiJ9.eyJlbXBJZCI6MSwiZXhwIjoxNzY5MzQ5OTY4fQ.f-vceF2oGUDzTxbD-Uni6a0QwIQ6e2yyARVS3sd-cFM
2026-01-17 14:06:08.199 [http-nio-8080-exec-4] INFO  com.sky.interceptor.JwtTokenInterceptor - jwt校验: eyJhbGciOiJIUzI1NiJ9.eyJlbXBJZCI6MSwiZXhwIjoxNzY5MzQ5OTY4fQ.f-vceF2oGUDzTxbD-Uni6a0QwIQ6e2yyARVS3sd-cFM
2026-01-17 14:06:08.202 [http-nio-8080-exec-5] INFO  com.sky.interceptor.JwtTokenInterceptor - jwt校验: eyJhbGciOiJIUzI1NiJ9.eyJlbXBJZCI6MSwiZXhwIjoxNzY5MzQ5OTY4fQ.f-vceF2oGUDzTxbD-Uni6a0QwIQ6e2yyARVS3sd-cFM
2026-01-17 14:06:08.202 [http-nio-8080-exec-6] INFO  com.sky.interceptor.JwtTokenInterceptor - jwt校验: eyJhbGciOiJIUzI1NiJ9.eyJlbXBJZCI6MSwiZXhwIjoxNzY5MzQ5OTY4fQ.f-vceF2oGUDzTxbD-Uni6a0QwIQ6e2yyARVS3sd-cFM
2026-01-17 14:06:08.217 [http-nio-8080-exec-5] INFO  com.sky.interceptor.JwtTokenAdminInterceptor - id=1的员工登入苍穹外卖管理端

2026-01-17 14:06:08.217 [http-nio-8080-exec-2] INFO  com.sky.interceptor.JwtTokenAdminInterceptor - id=1的员工登入苍穹外卖管理端

2026-01-17 14:06:08.217 [http-nio-8080-exec-3] INFO  com.sky.interceptor.JwtTokenAdminInterceptor - id=1的员工登入苍穹外卖管理端

2026-01-17 14:06:08.217 [http-nio-8080-exec-6] INFO  com.sky.interceptor.JwtTokenAdminInterceptor - id=1的员工登入苍穹外卖管理端

2026-01-17 14:06:08.217 [http-nio-8080-exec-4] INFO  com.sky.interceptor.JwtTokenAdminInterceptor - id=1的员工登入苍穹外卖管理端

2026-01-17 14:06:08.219 [http-nio-8080-exec-5] DEBUG com.sky.mapper.OrderMapper.selectCount - ==>  Preparing: SELECT COUNT( * ) AS total FROM orders WHERE (status = ?)
2026-01-17 14:06:08.219 [http-nio-8080-exec-5] DEBUG com.sky.mapper.OrderMapper.selectCount - ==> Parameters: 2(Integer)
2026-01-17 14:06:08.225 [http-nio-8080-exec-5] DEBUG com.sky.mapper.OrderMapper.selectCount - <==      Total: 1
2026-01-17 14:06:08.225 [http-nio-8080-exec-4] DEBUG com.sky.mapper.OrderMapper.selectObjs - ==>  Preparing: SELECT sum(amount) as turnover FROM orders WHERE (status = ? AND delivery_time BETWEEN ? AND ?)
2026-01-17 14:06:08.226 [http-nio-8080-exec-4] DEBUG com.sky.mapper.OrderMapper.selectObjs - ==> Parameters: 5(Integer), 2026-01-17T00:00(LocalDateTime), 2026-01-17T23:59:59.999999999(LocalDateTime)
2026-01-17 14:06:08.226 [http-nio-8080-exec-6] DEBUG com.sky.mapper.DishMapper.selectCount - ==>  Preparing: SELECT COUNT( * ) AS total FROM dish WHERE deleted=0 AND (status = ?)
2026-01-17 14:06:08.226 [http-nio-8080-exec-7] INFO  com.sky.interceptor.JwtTokenInterceptor - jwt校验: eyJhbGciOiJIUzI1NiJ9.eyJlbXBJZCI6MSwiZXhwIjoxNzY5MzQ5OTY4fQ.f-vceF2oGUDzTxbD-Uni6a0QwIQ6e2yyARVS3sd-cFM
2026-01-17 14:06:08.227 [http-nio-8080-exec-6] DEBUG com.sky.mapper.DishMapper.selectCount - ==> Parameters: 1(Integer)
2026-01-17 14:06:08.228 [http-nio-8080-exec-2] INFO  com.sky.controller.admin.OrderController - 订单分页查询，参数为：OrderPageQueryDTO(page=1, pageSize=10, number=null, phone=null, status=2, beginTime=null, endTime=null, userId=null)

2026-01-17 14:06:08.228 [http-nio-8080-exec-4] DEBUG com.sky.mapper.OrderMapper.selectObjs - <==      Total: 1
2026-01-17 14:06:08.228 [http-nio-8080-exec-7] INFO  com.sky.interceptor.JwtTokenAdminInterceptor - id=1的员工登入苍穹外卖管理端

2026-01-17 14:06:08.229 [http-nio-8080-exec-5] DEBUG com.sky.mapper.OrderMapper.selectCount - ==>  Preparing: SELECT COUNT( * ) AS total FROM orders WHERE (status = ?)
2026-01-17 14:06:08.230 [http-nio-8080-exec-5] DEBUG com.sky.mapper.OrderMapper.selectCount - ==> Parameters: 3(Integer)
2026-01-17 14:06:08.231 [http-nio-8080-exec-5] DEBUG com.sky.mapper.OrderMapper.selectCount - <==      Total: 1
2026-01-17 14:06:08.231 [http-nio-8080-exec-4] DEBUG com.sky.mapper.OrderMapper.selectCount - ==>  Preparing: SELECT COUNT( * ) AS total FROM orders WHERE (status = ? AND order_time BETWEEN ? AND ?)
2026-01-17 14:06:08.231 [http-nio-8080-exec-4] DEBUG com.sky.mapper.OrderMapper.selectCount - ==> Parameters: 5(Integer), 2026-01-17T00:00(LocalDateTime), 2026-01-17T23:59:59.999999999(LocalDateTime)
2026-01-17 14:06:08.232 [http-nio-8080-exec-4] DEBUG com.sky.mapper.OrderMapper.selectCount - <==      Total: 1
2026-01-17 14:06:08.233 [http-nio-8080-exec-5] DEBUG com.sky.mapper.OrderMapper.selectCount - ==>  Preparing: SELECT COUNT( * ) AS total FROM orders WHERE (status = ?)
2026-01-17 14:06:08.233 [http-nio-8080-exec-5] DEBUG com.sky.mapper.OrderMapper.selectCount - ==> Parameters: 5(Integer)
2026-01-17 14:06:08.233 [http-nio-8080-exec-6] DEBUG com.sky.mapper.DishMapper.selectCount - <==      Total: 1
2026-01-17 14:06:08.234 [http-nio-8080-exec-4] DEBUG com.sky.mapper.OrderMapper.selectCount - ==>  Preparing: SELECT COUNT( * ) AS total FROM orders WHERE (order_time BETWEEN ? AND ?)
2026-01-17 14:06:08.234 [http-nio-8080-exec-6] DEBUG com.sky.mapper.DishMapper.selectCount - ==>  Preparing: SELECT COUNT( * ) AS total FROM dish WHERE deleted=0 AND (status = ?)
2026-01-17 14:06:08.234 [http-nio-8080-exec-4] DEBUG com.sky.mapper.OrderMapper.selectCount - ==> Parameters: 2026-01-17T00:00(LocalDateTime), 2026-01-17T23:59:59.999999999(LocalDateTime)
2026-01-17 14:06:08.234 [http-nio-8080-exec-5] DEBUG com.sky.mapper.OrderMapper.selectCount - <==      Total: 1
2026-01-17 14:06:08.234 [http-nio-8080-exec-6] DEBUG com.sky.mapper.DishMapper.selectCount - ==> Parameters: 0(Integer)
2026-01-17 14:06:08.235 [http-nio-8080-exec-7] DEBUG com.sky.mapper.SetmealMapper.selectCount - ==>  Preparing: SELECT COUNT( * ) AS total FROM setmeal WHERE deleted=0 AND (status = ?)
2026-01-17 14:06:08.235 [http-nio-8080-exec-7] DEBUG com.sky.mapper.SetmealMapper.selectCount - ==> Parameters: 1(Integer)
2026-01-17 14:06:08.236 [http-nio-8080-exec-6] DEBUG com.sky.mapper.DishMapper.selectCount - <==      Total: 1
2026-01-17 14:06:08.236 [http-nio-8080-exec-4] DEBUG com.sky.mapper.OrderMapper.selectCount - <==      Total: 1
2026-01-17 14:06:08.236 [http-nio-8080-exec-5] DEBUG com.sky.mapper.OrderMapper.selectCount - ==>  Preparing: SELECT COUNT( * ) AS total FROM orders WHERE (status = ?)
2026-01-17 14:06:08.236 [http-nio-8080-exec-6] INFO  com.sky.controller.admin.WorkspaceController - 菜品总览：起售25，停售1
2026-01-17 14:06:08.236 [http-nio-8080-exec-5] DEBUG com.sky.mapper.OrderMapper.selectCount - ==> Parameters: 6(Integer)
2026-01-17 14:06:08.237 [http-nio-8080-exec-4] DEBUG com.sky.mapper.UserMapper.selectCount - ==>  Preparing: SELECT COUNT( * ) AS total FROM user WHERE (create_time BETWEEN ? AND ?)
2026-01-17 14:06:08.237 [http-nio-8080-exec-5] DEBUG com.sky.mapper.OrderMapper.selectCount - <==      Total: 1
2026-01-17 14:06:08.238 [http-nio-8080-exec-4] DEBUG com.sky.mapper.UserMapper.selectCount - ==> Parameters: 2026-01-17T00:00(LocalDateTime), 2026-01-17T23:59:59.999999999(LocalDateTime)
2026-01-17 14:06:08.238 [http-nio-8080-exec-5] DEBUG com.sky.mapper.OrderMapper.selectCount - ==>  Preparing: SELECT COUNT( * ) AS total FROM orders
2026-01-17 14:06:08.238 [http-nio-8080-exec-5] DEBUG com.sky.mapper.OrderMapper.selectCount - ==> Parameters: 
2026-01-17 14:06:08.240 [http-nio-8080-exec-7] DEBUG com.sky.mapper.SetmealMapper.selectCount - <==      Total: 1
2026-01-17 14:06:08.242 [http-nio-8080-exec-5] DEBUG com.sky.mapper.OrderMapper.selectCount - <==      Total: 1
2026-01-17 14:06:08.242 [http-nio-8080-exec-7] DEBUG com.sky.mapper.SetmealMapper.selectCount - ==>  Preparing: SELECT COUNT( * ) AS total FROM setmeal WHERE deleted=0 AND (status = ?)
2026-01-17 14:06:08.243 [http-nio-8080-exec-7] DEBUG com.sky.mapper.SetmealMapper.selectCount - ==> Parameters: 0(Integer)
2026-01-17 14:06:08.243 [http-nio-8080-exec-5] INFO  com.sky.controller.admin.WorkspaceController - 查询订单管理数据：OrderOverViewVO(waitingOrders=0, deliveredOrders=0, completedOrders=23, cancelledOrders=3, allOrders=26)
2026-01-17 14:06:08.244 [http-nio-8080-exec-7] DEBUG com.sky.mapper.SetmealMapper.selectCount - <==      Total: 1
2026-01-17 14:06:08.245 [http-nio-8080-exec-7] INFO  com.sky.controller.admin.WorkspaceController - 套餐总览：起售4，停售1
2026-01-17 14:06:08.245 [http-nio-8080-exec-4] DEBUG com.sky.mapper.UserMapper.selectCount - <==      Total: 1
2026-01-17 14:06:08.246 [http-nio-8080-exec-4] INFO  com.sky.controller.admin.WorkspaceController - 查询今日运营数据：BusinessDataVO(turnover=296.0, validOrderCount=5, orderCompletionRate=0.8333333333333334, unitPrice=59.2, newUsers=0)
2026-01-17 14:06:08.296 [http-nio-8080-exec-2] DEBUG com.sky.mapper.OrderMapper.pageQuery_mpCount - ==>  Preparing: SELECT COUNT(*) AS total FROM orders WHERE status = ?
2026-01-17 14:06:08.297 [http-nio-8080-exec-2] DEBUG com.sky.mapper.OrderMapper.pageQuery_mpCount - ==> Parameters: 2(Integer)
2026-01-17 14:06:08.299 [http-nio-8080-exec-2] DEBUG com.sky.mapper.OrderMapper.pageQuery_mpCount - <==      Total: 1
2026-01-17 14:06:08.308 [http-nio-8080-exec-8] INFO  com.sky.interceptor.JwtTokenInterceptor - jwt校验: eyJhbGciOiJIUzI1NiJ9.eyJlbXBJZCI6MSwiZXhwIjoxNzY5MzQ5OTY4fQ.f-vceF2oGUDzTxbD-Uni6a0QwIQ6e2yyARVS3sd-cFM
2026-01-17 14:06:08.309 [http-nio-8080-exec-8] INFO  com.sky.interceptor.JwtTokenAdminInterceptor - id=1的员工登入苍穹外卖管理端

2026-01-17 14:06:08.309 [http-nio-8080-exec-8] INFO  com.sky.controller.admin.OrderController - 统计各个状态的订单数量
2026-01-17 14:06:08.310 [http-nio-8080-exec-8] DEBUG com.sky.mapper.OrderMapper.selectCount - ==>  Preparing: SELECT COUNT( * ) AS total FROM orders WHERE (status = ?)
2026-01-17 14:06:08.311 [http-nio-8080-exec-8] DEBUG com.sky.mapper.OrderMapper.selectCount - ==> Parameters: 2(Integer)
2026-01-17 14:06:08.313 [http-nio-8080-exec-8] DEBUG com.sky.mapper.OrderMapper.selectCount - <==      Total: 1
2026-01-17 14:06:08.314 [http-nio-8080-exec-8] DEBUG com.sky.mapper.OrderMapper.selectCount - ==>  Preparing: SELECT COUNT( * ) AS total FROM orders WHERE (status = ?)
2026-01-17 14:06:08.314 [http-nio-8080-exec-8] DEBUG com.sky.mapper.OrderMapper.selectCount - ==> Parameters: 3(Integer)
2026-01-17 14:06:08.315 [http-nio-8080-exec-8] DEBUG com.sky.mapper.OrderMapper.selectCount - <==      Total: 1
2026-01-17 14:06:08.316 [http-nio-8080-exec-8] DEBUG com.sky.mapper.OrderMapper.selectCount - ==>  Preparing: SELECT COUNT( * ) AS total FROM orders WHERE (status = ?)
2026-01-17 14:06:08.316 [http-nio-8080-exec-8] DEBUG com.sky.mapper.OrderMapper.selectCount - ==> Parameters: 4(Integer)
2026-01-17 14:06:08.317 [http-nio-8080-exec-8] DEBUG com.sky.mapper.OrderMapper.selectCount - <==      Total: 1
2026-01-17 14:06:08.499 [http-nio-8080-exec-9] INFO  com.sky.websocket.WebSocketServer - 客户端nhf68db8eg与服务端建立连接

2026-01-17 14:06:08.657 [http-nio-8080-exec-3] INFO  com.sky.controller.admin.ShopController - 管理端获取店铺营业状态为：营业中
2026-01-17 14:06:37.902 [http-nio-8080-exec-10] WARN  o.s.w.s.m.support.DefaultHandlerExceptionResolver - Resolved [org.springframework.web.HttpRequestMethodNotSupportedException: Request method 'PUT' not supported]
2026-01-17 14:07:00.013 [scheduling-1] INFO  com.sky.task.OrderTask - 每分钟定时处理超时未付款的订单：2026-01-17T14:07:00.013891400
2026-01-17 14:07:00.014 [scheduling-1] DEBUG com.sky.mapper.OrderMapper.selectList - ==>  Preparing: SELECT id,number,status,user_id,address_book_id,order_time,checkout_time,pay_method,pay_status,amount,remark,user_name,phone,address,consignee,cancel_reason,rejection_reason,cancel_time,estimated_delivery_time,delivery_status,delivery_time,pack_amount,tableware_number,tableware_status FROM orders WHERE (status = ? AND order_time < ?)
2026-01-17 14:07:00.014 [scheduling-1] DEBUG com.sky.mapper.OrderMapper.selectList - ==> Parameters: 1(Integer), 2026-01-17T14:04:00.013891400(LocalDateTime)
2026-01-17 14:07:00.017 [scheduling-1] DEBUG com.sky.mapper.OrderMapper.selectList - <==      Total: 0
2026-01-17 14:07:17.271 [SpringApplicationShutdownHook] INFO  com.sky.websocket.WebSocketServer - 客户端nhf68db8eg与服务端断开连接

2026-01-17 14:07:17.406 [SpringApplicationShutdownHook] INFO  com.alibaba.druid.pool.DruidDataSource - {dataSource-1} closing ...
2026-01-17 14:07:17.409 [SpringApplicationShutdownHook] INFO  com.alibaba.druid.pool.DruidDataSource - {dataSource-1} closed
