2026-01-17 15:20:50.633 [main] INFO  com.sky.POITest - Starting POITest using Java 17.0.12 on Zsh with PID 9620 (started by asus in D:\ZSH-ComputerScience\CangQiong\sky-take-out\sky-take-out\sky-server)
2026-01-17 15:20:50.634 [main] INFO  com.sky.POITest - The following 1 profile is active: "dev"
2026-01-17 15:20:51.468 [main] INFO  o.s.d.r.config.RepositoryConfigurationDelegate - Multiple Spring Data modules found, entering strict repository configuration mode
2026-01-17 15:20:51.471 [main] INFO  o.s.d.r.config.RepositoryConfigurationDelegate - Bootstrapping Spring Data Redis repositories in DEFAULT mode.
2026-01-17 15:20:51.497 [main] INFO  o.s.d.r.config.RepositoryConfigurationDelegate - Finished Spring Data repository scanning in 14 ms. Found 0 Redis repository interfaces.
2026-01-17 15:20:52.547 [main] INFO  o.s.boot.web.embedded.tomcat.TomcatWebServer - Tomcat initialized with port(s): 0 (http)
2026-01-17 15:20:52.549 [main] INFO  org.apache.catalina.core.AprLifecycleListener - Loaded Apache Tomcat Native library [1.3.1] using APR version [1.7.4].
2026-01-17 15:20:52.549 [main] INFO  org.apache.catalina.core.AprLifecycleListener - APR capabilities: IPv6 [true], sendfile [true], accept filters [false], random [true], UDS [true].
2026-01-17 15:20:52.549 [main] INFO  org.apache.catalina.core.AprLifecycleListener - APR/OpenSSL configuration: useAprConnector [false], useOpenSSL [true]
2026-01-17 15:20:52.553 [main] INFO  org.apache.catalina.core.AprLifecycleListener - OpenSSL successfully initialized [OpenSSL 3.0.14 4 Jun 2024]
2026-01-17 15:20:52.564 [main] INFO  org.apache.catalina.core.StandardService - Starting service [Tomcat]
2026-01-17 15:20:52.564 [main] INFO  org.apache.catalina.core.StandardEngine - Starting Servlet engine: [Apache Tomcat/9.0.65]
2026-01-17 15:20:52.703 [main] INFO  o.a.c.core.ContainerBase.[Tomcat].[localhost].[/] - Initializing Spring embedded WebApplicationContext
2026-01-17 15:20:52.703 [main] INFO  o.s.b.w.s.c.ServletWebServerApplicationContext - Root WebApplicationContext: initialization completed in 2048 ms
2026-01-17 15:20:52.836 [main] INFO  c.a.d.s.b.a.DruidDataSourceAutoConfigure - Init DruidDataSource
2026-01-17 15:20:52.984 [main] INFO  com.alibaba.druid.pool.DruidDataSource - {dataSource-1} inited
2026-01-17 15:20:53.041 [main] INFO  com.sky.config.MyBatisPlusConfig - 开始注册MyBatis-Plus的拦截器...
2026-01-17 15:20:53.206 [main] WARN  c.b.mybatisplus.core.injector.methods.Update - [com.sky.mapper.CategoryMapper.update] Has been loaded by XML or SqlProvider or Mybatis's Annotation, so ignoring this injection for [class com.baomidou.mybatisplus.core.injector.methods.Update]
2026-01-17 15:20:53.270 [main] WARN  c.b.mybatisplus.core.injector.methods.Update - [com.sky.mapper.DishMapper.update] Has been loaded by XML or SqlProvider or Mybatis's Annotation, so ignoring this injection for [class com.baomidou.mybatisplus.core.injector.methods.Update]
2026-01-17 15:20:53.295 [main] WARN  c.b.mybatisplus.core.injector.methods.Update - [com.sky.mapper.EmployeeMapper.update] Has been loaded by XML or SqlProvider or Mybatis's Annotation, so ignoring this injection for [class com.baomidou.mybatisplus.core.injector.methods.Update]
2026-01-17 15:20:53.366 [main] WARN  c.b.mybatisplus.core.injector.methods.Update - [com.sky.mapper.SetmealMapper.update] Has been loaded by XML or SqlProvider or Mybatis's Annotation, so ignoring this injection for [class com.baomidou.mybatisplus.core.injector.methods.Update]
2026-01-17 15:20:53.568 [main] INFO  com.sky.config.AliyunOssConfig - 开始创建阿里云OSS文件上传工具对象...
2026-01-17 15:20:53.770 [main] INFO  com.sky.config.RedisConfig - 开始创建Redis模板对象...
2026-01-17 15:20:54.323 [main] INFO  com.sky.config.WebMvcConfig - 开始注册自定义拦截器...
2026-01-17 15:20:54.479 [main] INFO  com.sky.config.WebMvcConfig - 准备生成管理端接口文档...
2026-01-17 15:20:54.486 [main] INFO  com.sky.config.WebMvcConfig - 准备生成用户端接口文档...
2026-01-17 15:20:54.563 [main] INFO  com.sky.config.WebMvcConfig - 扩展消息转换器...
2026-01-17 15:20:54.578 [main] INFO  com.sky.config.WebMvcConfig - 开始设置静态资源映射...
2026-01-17 15:20:55.470 [main] INFO  o.s.boot.web.embedded.tomcat.TomcatWebServer - Tomcat started on port(s): 52238 (http) with context path ''
2026-01-17 15:20:56.010 [main] INFO  com.sky.POITest - Started POITest in 5.763 seconds (JVM running for 6.597)
2026-01-17 15:20:56.792 [SpringApplicationShutdownHook] INFO  com.alibaba.druid.pool.DruidDataSource - {dataSource-1} closing ...
2026-01-17 15:20:56.793 [SpringApplicationShutdownHook] INFO  com.alibaba.druid.pool.DruidDataSource - {dataSource-1} closed
