2026-01-18 17:17:08.956 [main] INFO  com.sky.SkyApplication - Starting SkyApplication using Java 17.0.12 on Zsh with PID 17844 (D:\ZSH-ComputerScience\CangQiong\sky-take-out\sky-take-out\sky-server\target\classes started by asus in D:\ZSH-ComputerScience\CangQiong\sky-take-out\sky-take-out)
2026-01-18 17:17:08.960 [main] INFO  com.sky.SkyApplication - The following 1 profile is active: "dev"
2026-01-18 17:17:09.989 [main] INFO  o.s.d.r.config.RepositoryConfigurationDelegate - Multiple Spring Data modules found, entering strict repository configuration mode
2026-01-18 17:17:09.992 [main] INFO  o.s.d.r.config.RepositoryConfigurationDelegate - Bootstrapping Spring Data Redis repositories in DEFAULT mode.
2026-01-18 17:17:10.025 [main] INFO  o.s.d.r.config.RepositoryConfigurationDelegate - Finished Spring Data repository scanning in 16 ms. Found 0 Redis repository interfaces.
2026-01-18 17:17:10.886 [main] INFO  o.s.boot.web.embedded.tomcat.TomcatWebServer - Tomcat initialized with port(s): 8080 (http)
2026-01-18 17:17:10.886 [main] INFO  org.apache.catalina.core.AprLifecycleListener - Loaded Apache Tomcat Native library [1.3.1] using APR version [1.7.4].
2026-01-18 17:17:10.887 [main] INFO  org.apache.catalina.core.AprLifecycleListener - APR capabilities: IPv6 [true], sendfile [true], accept filters [false], random [true], UDS [true].
2026-01-18 17:17:10.887 [main] INFO  org.apache.catalina.core.AprLifecycleListener - APR/OpenSSL configuration: useAprConnector [false], useOpenSSL [true]
2026-01-18 17:17:10.902 [main] INFO  org.apache.catalina.core.AprLifecycleListener - OpenSSL successfully initialized [OpenSSL 3.0.14 4 Jun 2024]
2026-01-18 17:17:10.911 [main] INFO  org.apache.catalina.core.StandardService - Starting service [Tomcat]
2026-01-18 17:17:10.911 [main] INFO  org.apache.catalina.core.StandardEngine - Starting Servlet engine: [Apache Tomcat/9.0.65]
2026-01-18 17:17:11.025 [main] INFO  o.a.c.core.ContainerBase.[Tomcat].[localhost].[/] - Initializing Spring embedded WebApplicationContext
2026-01-18 17:17:11.025 [main] INFO  o.s.b.w.s.c.ServletWebServerApplicationContext - Root WebApplicationContext: initialization completed in 2017 ms
2026-01-18 17:17:11.106 [main] INFO  c.a.d.s.b.a.DruidDataSourceAutoConfigure - Init DruidDataSource
2026-01-18 17:17:11.284 [main] INFO  com.alibaba.druid.pool.DruidDataSource - {dataSource-1} inited
2026-01-18 17:17:11.357 [main] INFO  com.sky.config.MyBatisPlusConfig - 开始注册MyBatis-Plus的拦截器...
2026-01-18 17:17:11.547 [main] WARN  c.b.mybatisplus.core.injector.methods.Update - [com.sky.mapper.CategoryMapper.update] Has been loaded by XML or SqlProvider or Mybatis's Annotation, so ignoring this injection for [class com.baomidou.mybatisplus.core.injector.methods.Update]
2026-01-18 17:17:11.609 [main] WARN  c.b.mybatisplus.core.injector.methods.Update - [com.sky.mapper.DishMapper.update] Has been loaded by XML or SqlProvider or Mybatis's Annotation, so ignoring this injection for [class com.baomidou.mybatisplus.core.injector.methods.Update]
2026-01-18 17:17:11.632 [main] WARN  c.b.mybatisplus.core.injector.methods.Update - [com.sky.mapper.EmployeeMapper.update] Has been loaded by XML or SqlProvider or Mybatis's Annotation, so ignoring this injection for [class com.baomidou.mybatisplus.core.injector.methods.Update]
2026-01-18 17:17:11.684 [main] WARN  c.b.mybatisplus.core.injector.methods.Update - [com.sky.mapper.SetmealMapper.update] Has been loaded by XML or SqlProvider or Mybatis's Annotation, so ignoring this injection for [class com.baomidou.mybatisplus.core.injector.methods.Update]
2026-01-18 17:17:11.852 [main] INFO  com.sky.config.AliyunOssConfig - 开始创建阿里云OSS文件上传工具对象...
2026-01-18 17:17:12.078 [main] INFO  com.sky.config.RedisConfig - 开始创建Redis模板对象...
2026-01-18 17:17:12.474 [main] INFO  com.sky.config.WebMvcConfig - 开始注册自定义拦截器...
2026-01-18 17:17:12.566 [main] INFO  com.sky.config.WebMvcConfig - 准备生成管理端接口文档...
2026-01-18 17:17:12.571 [main] INFO  com.sky.config.WebMvcConfig - 准备生成用户端接口文档...
2026-01-18 17:17:12.604 [main] INFO  com.sky.config.WebMvcConfig - 扩展消息转换器...
2026-01-18 17:17:12.612 [main] INFO  com.sky.config.WebMvcConfig - 开始设置静态资源映射...
2026-01-18 17:17:13.063 [main] INFO  o.s.boot.web.embedded.tomcat.TomcatWebServer - Tomcat started on port(s): 8080 (http) with context path ''
2026-01-18 17:17:13.514 [main] INFO  com.sky.SkyApplication - Started SkyApplication in 5.165 seconds (JVM running for 5.995)
2026-01-18 17:17:13.516 [main] INFO  com.sky.SkyApplication - server starts ...
2026-01-18 17:18:00.001 [scheduling-1] INFO  com.sky.task.OrderTask - 每分钟定时处理超时未付款的订单：2026-01-18T17:18:00.001821400
2026-01-18 17:18:00.209 [scheduling-1] DEBUG com.sky.mapper.OrderMapper.selectList - ==>  Preparing: SELECT id,number,status,user_id,address_book_id,order_time,checkout_time,pay_method,pay_status,amount,remark,user_name,phone,address,consignee,cancel_reason,rejection_reason,cancel_time,estimated_delivery_time,delivery_status,delivery_time,pack_amount,tableware_number,tableware_status FROM orders WHERE (status = ? AND order_time < ?)
2026-01-18 17:18:00.235 [scheduling-1] DEBUG com.sky.mapper.OrderMapper.selectList - ==> Parameters: 1(Integer), 2026-01-18T17:15:00.014697600(LocalDateTime)
2026-01-18 17:18:00.271 [scheduling-1] DEBUG com.sky.mapper.OrderMapper.selectList - <==      Total: 0
2026-01-18 17:18:02.094 [http-nio-8080-exec-1] INFO  o.a.c.core.ContainerBase.[Tomcat].[localhost].[/] - Initializing Spring DispatcherServlet 'dispatcherServlet'
2026-01-18 17:18:02.095 [http-nio-8080-exec-1] INFO  org.springframework.web.servlet.DispatcherServlet - Initializing Servlet 'dispatcherServlet'
2026-01-18 17:18:02.096 [http-nio-8080-exec-1] INFO  org.springframework.web.servlet.DispatcherServlet - Completed initialization in 1 ms
2026-01-18 17:18:02.175 [http-nio-8080-exec-1] INFO  com.sky.controller.admin.EmployeeController - 员工登录：EmployeeLoginDTO(username=admin, password=123456)
2026-01-18 17:18:02.180 [http-nio-8080-exec-1] DEBUG com.sky.mapper.EmployeeMapper.selectList - ==>  Preparing: SELECT id,username,name,password,phone,sex,id_number,status,create_time,create_user,update_time,update_user FROM employee WHERE (username = ?)
2026-01-18 17:18:02.181 [http-nio-8080-exec-1] DEBUG com.sky.mapper.EmployeeMapper.selectList - ==> Parameters: admin(String)
2026-01-18 17:18:02.190 [http-nio-8080-exec-1] DEBUG com.sky.mapper.EmployeeMapper.selectList - <==      Total: 1
2026-01-18 17:18:02.293 [http-nio-8080-exec-3] INFO  com.sky.interceptor.JwtTokenInterceptor - jwt校验: eyJhbGciOiJIUzI1NiJ9.eyJlbXBJZCI6MSwiZXhwIjoxNzY5NDQ3ODgyfQ.oqVXL3qHFrXQzYhF0a6p6wvvALaJJrtsVf0r0lXcbtI
2026-01-18 17:18:02.293 [http-nio-8080-exec-4] INFO  com.sky.interceptor.JwtTokenInterceptor - jwt校验: eyJhbGciOiJIUzI1NiJ9.eyJlbXBJZCI6MSwiZXhwIjoxNzY5NDQ3ODgyfQ.oqVXL3qHFrXQzYhF0a6p6wvvALaJJrtsVf0r0lXcbtI
2026-01-18 17:18:02.293 [http-nio-8080-exec-2] INFO  com.sky.interceptor.JwtTokenInterceptor - jwt校验: eyJhbGciOiJIUzI1NiJ9.eyJlbXBJZCI6MSwiZXhwIjoxNzY5NDQ3ODgyfQ.oqVXL3qHFrXQzYhF0a6p6wvvALaJJrtsVf0r0lXcbtI
2026-01-18 17:18:02.311 [http-nio-8080-exec-2] INFO  com.sky.interceptor.JwtTokenAdminInterceptor - id=1的员工登入苍穹外卖管理端

2026-01-18 17:18:02.311 [http-nio-8080-exec-3] INFO  com.sky.interceptor.JwtTokenAdminInterceptor - id=1的员工登入苍穹外卖管理端

2026-01-18 17:18:02.311 [http-nio-8080-exec-4] INFO  com.sky.interceptor.JwtTokenAdminInterceptor - id=1的员工登入苍穹外卖管理端

2026-01-18 17:18:02.316 [http-nio-8080-exec-4] DEBUG com.sky.mapper.OrderMapper.selectObjs - ==>  Preparing: SELECT sum(amount) as turnover FROM orders WHERE (status = ? AND delivery_time BETWEEN ? AND ?)
2026-01-18 17:18:02.316 [http-nio-8080-exec-4] DEBUG com.sky.mapper.OrderMapper.selectObjs - ==> Parameters: 5(Integer), 2026-01-18T00:00(LocalDateTime), 2026-01-18T23:59:59.999999999(LocalDateTime)
2026-01-18 17:18:02.321 [http-nio-8080-exec-4] DEBUG com.sky.mapper.OrderMapper.selectObjs - <==      Total: 1
2026-01-18 17:18:02.321 [http-nio-8080-exec-3] INFO  com.sky.controller.admin.OrderController - 订单分页查询，参数为：OrderPageQueryDTO(page=1, pageSize=10, number=null, phone=null, status=2, beginTime=null, endTime=null, userId=null)

2026-01-18 17:18:02.323 [http-nio-8080-exec-4] DEBUG com.sky.mapper.OrderMapper.selectCount - ==>  Preparing: SELECT COUNT( * ) AS total FROM orders WHERE (status = ? AND order_time BETWEEN ? AND ?)
2026-01-18 17:18:02.323 [http-nio-8080-exec-4] DEBUG com.sky.mapper.OrderMapper.selectCount - ==> Parameters: 5(Integer), 2026-01-18T00:00(LocalDateTime), 2026-01-18T23:59:59.999999999(LocalDateTime)
2026-01-18 17:18:02.326 [http-nio-8080-exec-4] DEBUG com.sky.mapper.OrderMapper.selectCount - <==      Total: 1
2026-01-18 17:18:02.327 [http-nio-8080-exec-4] DEBUG com.sky.mapper.OrderMapper.selectCount - ==>  Preparing: SELECT COUNT( * ) AS total FROM orders WHERE (order_time BETWEEN ? AND ?)
2026-01-18 17:18:02.327 [http-nio-8080-exec-4] DEBUG com.sky.mapper.OrderMapper.selectCount - ==> Parameters: 2026-01-18T00:00(LocalDateTime), 2026-01-18T23:59:59.999999999(LocalDateTime)
2026-01-18 17:18:02.330 [http-nio-8080-exec-4] DEBUG com.sky.mapper.OrderMapper.selectCount - <==      Total: 1
2026-01-18 17:18:02.332 [http-nio-8080-exec-4] DEBUG com.sky.mapper.UserMapper.selectCount - ==>  Preparing: SELECT COUNT( * ) AS total FROM user WHERE (create_time BETWEEN ? AND ?)
2026-01-18 17:18:02.333 [http-nio-8080-exec-4] DEBUG com.sky.mapper.UserMapper.selectCount - ==> Parameters: 2026-01-18T00:00(LocalDateTime), 2026-01-18T23:59:59.999999999(LocalDateTime)
2026-01-18 17:18:02.338 [http-nio-8080-exec-4] DEBUG com.sky.mapper.UserMapper.selectCount - <==      Total: 1
2026-01-18 17:18:02.338 [http-nio-8080-exec-4] INFO  com.sky.controller.admin.WorkspaceController - 查询今日运营数据：BusinessDataVO(turnover=0.0, validOrderCount=0, orderCompletionRate=NaN, unitPrice=NaN, newUsers=0)
2026-01-18 17:18:02.347 [http-nio-8080-exec-5] INFO  com.sky.interceptor.JwtTokenInterceptor - jwt校验: eyJhbGciOiJIUzI1NiJ9.eyJlbXBJZCI6MSwiZXhwIjoxNzY5NDQ3ODgyfQ.oqVXL3qHFrXQzYhF0a6p6wvvALaJJrtsVf0r0lXcbtI
2026-01-18 17:18:02.348 [http-nio-8080-exec-5] INFO  com.sky.interceptor.JwtTokenAdminInterceptor - id=1的员工登入苍穹外卖管理端

2026-01-18 17:18:02.351 [http-nio-8080-exec-5] DEBUG com.sky.mapper.OrderMapper.selectCount - ==>  Preparing: SELECT COUNT( * ) AS total FROM orders WHERE (status = ?)
2026-01-18 17:18:02.352 [http-nio-8080-exec-5] DEBUG com.sky.mapper.OrderMapper.selectCount - ==> Parameters: 2(Integer)
2026-01-18 17:18:02.352 [http-nio-8080-exec-5] DEBUG com.sky.mapper.OrderMapper.selectCount - <==      Total: 1
2026-01-18 17:18:02.354 [http-nio-8080-exec-5] DEBUG com.sky.mapper.OrderMapper.selectCount - ==>  Preparing: SELECT COUNT( * ) AS total FROM orders WHERE (status = ?)
2026-01-18 17:18:02.355 [http-nio-8080-exec-5] DEBUG com.sky.mapper.OrderMapper.selectCount - ==> Parameters: 3(Integer)
2026-01-18 17:18:02.356 [http-nio-8080-exec-5] DEBUG com.sky.mapper.OrderMapper.selectCount - <==      Total: 1
2026-01-18 17:18:02.357 [http-nio-8080-exec-5] DEBUG com.sky.mapper.OrderMapper.selectCount - ==>  Preparing: SELECT COUNT( * ) AS total FROM orders WHERE (status = ?)
2026-01-18 17:18:02.358 [http-nio-8080-exec-5] DEBUG com.sky.mapper.OrderMapper.selectCount - ==> Parameters: 5(Integer)
2026-01-18 17:18:02.359 [http-nio-8080-exec-5] DEBUG com.sky.mapper.OrderMapper.selectCount - <==      Total: 1
2026-01-18 17:18:02.361 [http-nio-8080-exec-5] DEBUG com.sky.mapper.OrderMapper.selectCount - ==>  Preparing: SELECT COUNT( * ) AS total FROM orders WHERE (status = ?)
2026-01-18 17:18:02.361 [http-nio-8080-exec-5] DEBUG com.sky.mapper.OrderMapper.selectCount - ==> Parameters: 6(Integer)
2026-01-18 17:18:02.362 [http-nio-8080-exec-5] DEBUG com.sky.mapper.OrderMapper.selectCount - <==      Total: 1
2026-01-18 17:18:02.363 [http-nio-8080-exec-5] DEBUG com.sky.mapper.OrderMapper.selectCount - ==>  Preparing: SELECT COUNT( * ) AS total FROM orders
2026-01-18 17:18:02.363 [http-nio-8080-exec-5] DEBUG com.sky.mapper.OrderMapper.selectCount - ==> Parameters: 
2026-01-18 17:18:02.366 [http-nio-8080-exec-5] DEBUG com.sky.mapper.OrderMapper.selectCount - <==      Total: 1
2026-01-18 17:18:02.367 [http-nio-8080-exec-5] INFO  com.sky.controller.admin.WorkspaceController - 查询订单管理数据：OrderOverViewVO(waitingOrders=0, deliveredOrders=0, completedOrders=23, cancelledOrders=3, allOrders=26)
2026-01-18 17:18:02.371 [http-nio-8080-exec-6] INFO  com.sky.interceptor.JwtTokenInterceptor - jwt校验: eyJhbGciOiJIUzI1NiJ9.eyJlbXBJZCI6MSwiZXhwIjoxNzY5NDQ3ODgyfQ.oqVXL3qHFrXQzYhF0a6p6wvvALaJJrtsVf0r0lXcbtI
2026-01-18 17:18:02.372 [http-nio-8080-exec-6] INFO  com.sky.interceptor.JwtTokenAdminInterceptor - id=1的员工登入苍穹外卖管理端

2026-01-18 17:18:02.378 [http-nio-8080-exec-6] DEBUG com.sky.mapper.DishMapper.selectCount - ==>  Preparing: SELECT COUNT( * ) AS total FROM dish WHERE deleted=0 AND (status = ?)
2026-01-18 17:18:02.378 [http-nio-8080-exec-6] DEBUG com.sky.mapper.DishMapper.selectCount - ==> Parameters: 1(Integer)
2026-01-18 17:18:02.383 [http-nio-8080-exec-6] DEBUG com.sky.mapper.DishMapper.selectCount - <==      Total: 1
2026-01-18 17:18:02.384 [http-nio-8080-exec-6] DEBUG com.sky.mapper.DishMapper.selectCount - ==>  Preparing: SELECT COUNT( * ) AS total FROM dish WHERE deleted=0 AND (status = ?)
2026-01-18 17:18:02.385 [http-nio-8080-exec-6] DEBUG com.sky.mapper.DishMapper.selectCount - ==> Parameters: 0(Integer)
2026-01-18 17:18:02.386 [http-nio-8080-exec-6] DEBUG com.sky.mapper.DishMapper.selectCount - <==      Total: 1
2026-01-18 17:18:02.386 [http-nio-8080-exec-6] INFO  com.sky.controller.admin.WorkspaceController - 菜品总览：起售25，停售1
2026-01-18 17:18:02.391 [http-nio-8080-exec-7] INFO  com.sky.interceptor.JwtTokenInterceptor - jwt校验: eyJhbGciOiJIUzI1NiJ9.eyJlbXBJZCI6MSwiZXhwIjoxNzY5NDQ3ODgyfQ.oqVXL3qHFrXQzYhF0a6p6wvvALaJJrtsVf0r0lXcbtI
2026-01-18 17:18:02.392 [http-nio-8080-exec-7] INFO  com.sky.interceptor.JwtTokenAdminInterceptor - id=1的员工登入苍穹外卖管理端

2026-01-18 17:18:02.397 [http-nio-8080-exec-7] DEBUG com.sky.mapper.SetmealMapper.selectCount - ==>  Preparing: SELECT COUNT( * ) AS total FROM setmeal WHERE deleted=0 AND (status = ?)
2026-01-18 17:18:02.398 [http-nio-8080-exec-7] DEBUG com.sky.mapper.SetmealMapper.selectCount - ==> Parameters: 1(Integer)
2026-01-18 17:18:02.402 [http-nio-8080-exec-7] DEBUG com.sky.mapper.SetmealMapper.selectCount - <==      Total: 1
2026-01-18 17:18:02.403 [http-nio-8080-exec-7] DEBUG com.sky.mapper.SetmealMapper.selectCount - ==>  Preparing: SELECT COUNT( * ) AS total FROM setmeal WHERE deleted=0 AND (status = ?)
2026-01-18 17:18:02.403 [http-nio-8080-exec-7] DEBUG com.sky.mapper.SetmealMapper.selectCount - ==> Parameters: 0(Integer)
2026-01-18 17:18:02.404 [http-nio-8080-exec-7] DEBUG com.sky.mapper.SetmealMapper.selectCount - <==      Total: 1
2026-01-18 17:18:02.405 [http-nio-8080-exec-7] INFO  com.sky.controller.admin.WorkspaceController - 套餐总览：起售4，停售1
2026-01-18 17:18:02.405 [http-nio-8080-exec-3] DEBUG com.sky.mapper.OrderMapper.pageQuery_mpCount - ==>  Preparing: SELECT COUNT(*) AS total FROM orders WHERE status = ?
2026-01-18 17:18:02.406 [http-nio-8080-exec-3] DEBUG com.sky.mapper.OrderMapper.pageQuery_mpCount - ==> Parameters: 2(Integer)
2026-01-18 17:18:02.408 [http-nio-8080-exec-3] DEBUG com.sky.mapper.OrderMapper.pageQuery_mpCount - <==      Total: 1
2026-01-18 17:18:02.418 [http-nio-8080-exec-8] INFO  com.sky.interceptor.JwtTokenInterceptor - jwt校验: eyJhbGciOiJIUzI1NiJ9.eyJlbXBJZCI6MSwiZXhwIjoxNzY5NDQ3ODgyfQ.oqVXL3qHFrXQzYhF0a6p6wvvALaJJrtsVf0r0lXcbtI
2026-01-18 17:18:02.419 [http-nio-8080-exec-8] INFO  com.sky.interceptor.JwtTokenAdminInterceptor - id=1的员工登入苍穹外卖管理端

2026-01-18 17:18:02.419 [http-nio-8080-exec-8] INFO  com.sky.controller.admin.OrderController - 统计各个状态的订单数量
2026-01-18 17:18:02.420 [http-nio-8080-exec-8] DEBUG com.sky.mapper.OrderMapper.selectCount - ==>  Preparing: SELECT COUNT( * ) AS total FROM orders WHERE (status = ?)
2026-01-18 17:18:02.420 [http-nio-8080-exec-8] DEBUG com.sky.mapper.OrderMapper.selectCount - ==> Parameters: 2(Integer)
2026-01-18 17:18:02.422 [http-nio-8080-exec-8] DEBUG com.sky.mapper.OrderMapper.selectCount - <==      Total: 1
2026-01-18 17:18:02.423 [http-nio-8080-exec-8] DEBUG com.sky.mapper.OrderMapper.selectCount - ==>  Preparing: SELECT COUNT( * ) AS total FROM orders WHERE (status = ?)
2026-01-18 17:18:02.423 [http-nio-8080-exec-8] DEBUG com.sky.mapper.OrderMapper.selectCount - ==> Parameters: 3(Integer)
2026-01-18 17:18:02.424 [http-nio-8080-exec-8] DEBUG com.sky.mapper.OrderMapper.selectCount - <==      Total: 1
2026-01-18 17:18:02.425 [http-nio-8080-exec-8] DEBUG com.sky.mapper.OrderMapper.selectCount - ==>  Preparing: SELECT COUNT( * ) AS total FROM orders WHERE (status = ?)
2026-01-18 17:18:02.425 [http-nio-8080-exec-8] DEBUG com.sky.mapper.OrderMapper.selectCount - ==> Parameters: 4(Integer)
2026-01-18 17:18:02.426 [http-nio-8080-exec-8] DEBUG com.sky.mapper.OrderMapper.selectCount - <==      Total: 1
2026-01-18 17:18:02.612 [http-nio-8080-exec-9] INFO  com.sky.websocket.WebSocketServer - 客户端0hz7obxfn52c与服务端建立连接

2026-01-18 17:18:02.794 [http-nio-8080-exec-2] INFO  com.sky.controller.admin.ShopController - 管理端获取店铺营业状态为：营业中
2026-01-18 17:18:09.761 [http-nio-8080-exec-1] INFO  com.sky.interceptor.JwtTokenInterceptor - jwt校验: eyJhbGciOiJIUzI1NiJ9.eyJlbXBJZCI6MSwiZXhwIjoxNzY5NDQ3ODgyfQ.oqVXL3qHFrXQzYhF0a6p6wvvALaJJrtsVf0r0lXcbtI
2026-01-18 17:18:09.761 [http-nio-8080-exec-10] INFO  com.sky.interceptor.JwtTokenInterceptor - jwt校验: eyJhbGciOiJIUzI1NiJ9.eyJlbXBJZCI6MSwiZXhwIjoxNzY5NDQ3ODgyfQ.oqVXL3qHFrXQzYhF0a6p6wvvALaJJrtsVf0r0lXcbtI
2026-01-18 17:18:09.762 [http-nio-8080-exec-10] INFO  com.sky.interceptor.JwtTokenAdminInterceptor - id=1的员工登入苍穹外卖管理端

2026-01-18 17:18:09.762 [http-nio-8080-exec-1] INFO  com.sky.interceptor.JwtTokenAdminInterceptor - id=1的员工登入苍穹外卖管理端

2026-01-18 17:18:09.763 [http-nio-8080-exec-1] INFO  com.sky.controller.admin.CategoryController - 查询已启用的菜品分类
2026-01-18 17:18:09.765 [http-nio-8080-exec-10] INFO  com.sky.controller.admin.DishController - 菜品分页查询，参数为：DishPageQueryDTO(page=1, pageSize=10, name=null, categoryId=null, status=null)

2026-01-18 17:18:09.766 [http-nio-8080-exec-1] DEBUG com.sky.mapper.CategoryMapper.selectList - ==>  Preparing: SELECT id,type,name,sort,status,create_time,create_user,update_time,update_user,deleted FROM category WHERE deleted=0 AND (type = ? AND status = ?) ORDER BY sort ASC
2026-01-18 17:18:09.767 [http-nio-8080-exec-1] DEBUG com.sky.mapper.CategoryMapper.selectList - ==> Parameters: 1(Integer), 1(Integer)
2026-01-18 17:18:09.777 [http-nio-8080-exec-1] DEBUG com.sky.mapper.CategoryMapper.selectList - <==      Total: 8
2026-01-18 17:18:09.777 [http-nio-8080-exec-10] DEBUG com.sky.mapper.DishMapper.pageQuery_mpCount - ==>  Preparing: SELECT COUNT(*) AS total FROM dish d WHERE d.deleted = 0
2026-01-18 17:18:09.777 [http-nio-8080-exec-10] DEBUG com.sky.mapper.DishMapper.pageQuery_mpCount - ==> Parameters: 
2026-01-18 17:18:09.779 [http-nio-8080-exec-10] DEBUG com.sky.mapper.DishMapper.pageQuery_mpCount - <==      Total: 1
2026-01-18 17:18:09.786 [http-nio-8080-exec-10] DEBUG com.sky.mapper.DishMapper.pageQuery - ==>  Preparing: select d.*,c.name as categoryName from dish d left join category c on d.category_id = c.id WHERE d.deleted=0 order by d.create_time desc LIMIT ?
2026-01-18 17:18:09.787 [http-nio-8080-exec-10] DEBUG com.sky.mapper.DishMapper.pageQuery - ==> Parameters: 10(Long)
2026-01-18 17:18:09.792 [http-nio-8080-exec-10] DEBUG com.sky.mapper.DishMapper.pageQuery - <==      Total: 10
2026-01-18 17:18:33.366 [http-nio-8080-exec-4] INFO  com.sky.websocket.WebSocketServer - 客户端0hz7obxfn52c与服务端断开连接

2026-01-18 17:18:36.228 [SpringApplicationShutdownHook] INFO  com.alibaba.druid.pool.DruidDataSource - {dataSource-1} closing ...
2026-01-18 17:18:36.230 [SpringApplicationShutdownHook] INFO  com.alibaba.druid.pool.DruidDataSource - {dataSource-1} closed
